Determining if the pthread_create exist failed with the following output:
Change Dir: /home/myr907/autoware.ai/build/pixel_cloud_fusion/CMakeFiles/CMakeTmp

Run Build Command:"/usr/bin/make" "cmTC_ec773/fast"
/usr/bin/make -f CMakeFiles/cmTC_ec773.dir/build.make CMakeFiles/cmTC_ec773.dir/build
make[1]: Entering directory '/home/myr907/autoware.ai/build/pixel_cloud_fusion/CMakeFiles/CMakeTmp'
Building C object CMakeFiles/cmTC_ec773.dir/CheckSymbolExists.c.o
/usr/bin/cc    -o CMakeFiles/cmTC_ec773.dir/CheckSymbolExists.c.o   -c /home/myr907/autoware.ai/build/pixel_cloud_fusion/CMakeFiles/CMakeTmp/CheckSymbolExists.c
Linking C executable cmTC_ec773
/usr/local/lib/python2.7/dist-packages/cmake/data/bin/cmake -E cmake_link_script CMakeFiles/cmTC_ec773.dir/link.txt --verbose=1
/usr/bin/cc      -rdynamic CMakeFiles/cmTC_ec773.dir/CheckSymbolExists.c.o  -o cmTC_ec773 
CMakeFiles/cmTC_ec773.dir/CheckSymbolExists.c.o: In function `main':
CheckSymbolExists.c:(.text+0x1b): undefined reference to `pthread_create'
collect2: error: ld returned 1 exit status
CMakeFiles/cmTC_ec773.dir/build.make:86: recipe for target 'cmTC_ec773' failed
make[1]: *** [cmTC_ec773] Error 1
make[1]: Leaving directory '/home/myr907/autoware.ai/build/pixel_cloud_fusion/CMakeFiles/CMakeTmp'
Makefile:121: recipe for target 'cmTC_ec773/fast' failed
make: *** [cmTC_ec773/fast] Error 2

File /home/myr907/autoware.ai/build/pixel_cloud_fusion/CMakeFiles/CMakeTmp/CheckSymbolExists.c:
/* */
#include <pthread.h>

int main(int argc, char** argv)
{
  (void)argv;
#ifndef pthread_create
  return ((int*)(&pthread_create))[argc];
#else
  (void)argc;
  return 0;
#endif
}

Determining if the function pthread_create exists in the pthreads failed with the following output:
Change Dir: /home/myr907/autoware.ai/build/pixel_cloud_fusion/CMakeFiles/CMakeTmp

Run Build Command:"/usr/bin/make" "cmTC_76f3e/fast"
/usr/bin/make -f CMakeFiles/cmTC_76f3e.dir/build.make CMakeFiles/cmTC_76f3e.dir/build
make[1]: Entering directory '/home/myr907/autoware.ai/build/pixel_cloud_fusion/CMakeFiles/CMakeTmp'
Building C object CMakeFiles/cmTC_76f3e.dir/CheckFunctionExists.c.o
/usr/bin/cc   -DCHECK_FUNCTION_EXISTS=pthread_create   -o CMakeFiles/cmTC_76f3e.dir/CheckFunctionExists.c.o   -c /usr/local/lib/python2.7/dist-packages/cmake/data/share/cmake-3.12/Modules/CheckFunctionExists.c
Linking C executable cmTC_76f3e
/usr/local/lib/python2.7/dist-packages/cmake/data/bin/cmake -E cmake_link_script CMakeFiles/cmTC_76f3e.dir/link.txt --verbose=1
/usr/bin/cc  -DCHECK_FUNCTION_EXISTS=pthread_create    -rdynamic CMakeFiles/cmTC_76f3e.dir/CheckFunctionExists.c.o  -o cmTC_76f3e -lpthreads 
/usr/bin/ld: cannot find -lpthreads
collect2: error: ld returned 1 exit status
CMakeFiles/cmTC_76f3e.dir/build.make:86: recipe for target 'cmTC_76f3e' failed
make[1]: *** [cmTC_76f3e] Error 1
make[1]: Leaving directory '/home/myr907/autoware.ai/build/pixel_cloud_fusion/CMakeFiles/CMakeTmp'
Makefile:121: recipe for target 'cmTC_76f3e/fast' failed
make: *** [cmTC_76f3e/fast] Error 2


