-- The C compiler identification is GNU 7.4.0
-- The CXX compiler identification is GNU 7.4.0
-- Check for working C compiler: /usr/bin/cc
-- Check for working C compiler: /usr/bin/cc -- works
-- Detecting C compiler ABI info
-- Detecting C compiler ABI info - done
-- Detecting C compile features
-- Detecting C compile features - done
-- Check for working CXX compiler: /usr/bin/c++
-- Check for working CXX compiler: /usr/bin/c++ -- works
-- Detecting CXX compiler ABI info
-- Detecting CXX compiler ABI info - done
-- Detecting CXX compile features
-- Detecting CXX compile features - done
-- CUDA compilation status: 1.
-- Using CATKIN_DEVEL_PREFIX: /home/muyangren907/autoware/autoware.ai/1.12.0_cuda/build/mqtt_socket/devel
-- Using CMAKE_PREFIX_PATH: /home/muyangren907/autoware/autoware.ai/1.12.0_cuda/install/tablet_socket_msgs;/home/muyangren907/autoware/autoware.ai/1.12.0_cuda/install/autoware_msgs;/home/muyangren907/autoware/autoware.ai/1.12.0_cuda/install/autoware_can_msgs;/home/muyangren907/autoware/autoware.ai/1.12.0_cuda/install/autoware_build_flags;/opt/ros/melodic
-- This workspace overlays: /home/muyangren907/autoware/autoware.ai/1.12.0_cuda/install/tablet_socket_msgs;/home/muyangren907/autoware/autoware.ai/1.12.0_cuda/install/autoware_msgs;/home/muyangren907/autoware/autoware.ai/1.12.0_cuda/install/autoware_can_msgs;/home/muyangren907/autoware/autoware.ai/1.12.0_cuda/install/autoware_build_flags;/opt/ros/melodic
-- Found PythonInterp: /usr/bin/python2 (found suitable version "2.7.15", minimum required is "2") 
-- Using PYTHON_EXECUTABLE: /usr/bin/python2
-- Using Debian Python package layout
-- Using empy: /usr/bin/empy
-- Using CATKIN_ENABLE_TESTING: ON
-- Call enable_testing()
-- Using CATKIN_TEST_RESULTS_DIR: /home/muyangren907/autoware/autoware.ai/1.12.0_cuda/build/mqtt_socket/test_results
-- Found gtest sources under '/usr/src/googletest': gtests will be built
-- Found gmock sources under '/usr/src/googletest': gmock will be built
-- Found PythonInterp: /usr/bin/python2 (found version "2.7.15") 
-- Looking for pthread.h
-- Looking for pthread.h - found
-- Looking for pthread_create
-- Looking for pthread_create - not found
-- Looking for pthread_create in pthreads
-- Looking for pthread_create in pthreads - not found
-- Looking for pthread_create in pthread
-- Looking for pthread_create in pthread - found
-- Found Threads: TRUE  
-- Using Python nosetests: /usr/local/bin/nosetests-2.7
-- catkin 0.7.19
-- BUILD_SHARED_LIBS is on
-- Using these message generators: gencpp;geneus;genlisp;gennodejs;genpy
-- Configuring done
-- Generating done
-- Build files have been written to: /home/muyangren907/autoware/autoware.ai/1.12.0_cuda/build/mqtt_socket
[35m[1mScanning dependencies of target jsk_recognition_msgs_generate_messages_cpp[0m
[  0%] Built target jsk_recognition_msgs_generate_messages_cpp
[35m[1mScanning dependencies of target jsk_footstep_msgs_generate_messages_lisp[0m
[  0%] Built target jsk_footstep_msgs_generate_messages_lisp
[35m[1mScanning dependencies of target jsk_footstep_msgs_generate_messages_nodejs[0m
[  0%] Built target jsk_footstep_msgs_generate_messages_nodejs
[35m[1mScanning dependencies of target actionlib_msgs_generate_messages_nodejs[0m
[  0%] Built target actionlib_msgs_generate_messages_nodejs
[35m[1mScanning dependencies of target actionlib_msgs_generate_messages_eus[0m
[  0%] Built target actionlib_msgs_generate_messages_eus
[35m[1mScanning dependencies of target autoware_can_msgs_generate_messages_nodejs[0m
[  0%] Built target autoware_can_msgs_generate_messages_nodejs
[35m[1mScanning dependencies of target autoware_msgs_generate_messages_py[0m
[  0%] Built target autoware_msgs_generate_messages_py
[35m[1mScanning dependencies of target actionlib_msgs_generate_messages_lisp[0m
[  0%] Built target actionlib_msgs_generate_messages_lisp
[35m[1mScanning dependencies of target sensor_msgs_generate_messages_lisp[0m
[  0%] Built target sensor_msgs_generate_messages_lisp
[35m[1mScanning dependencies of target autoware_can_msgs_generate_messages_lisp[0m
[  0%] Built target autoware_can_msgs_generate_messages_lisp
[35m[1mScanning dependencies of target autoware_can_msgs_generate_messages_eus[0m
[  0%] Built target autoware_can_msgs_generate_messages_eus
[35m[1mScanning dependencies of target rosgraph_msgs_generate_messages_py[0m
[  0%] Built target rosgraph_msgs_generate_messages_py
[35m[1mScanning dependencies of target rosgraph_msgs_generate_messages_nodejs[0m
[  0%] Built target rosgraph_msgs_generate_messages_nodejs
[35m[1mScanning dependencies of target roscpp_generate_messages_py[0m
[  0%] Built target roscpp_generate_messages_py
[35m[1mScanning dependencies of target roscpp_generate_messages_nodejs[0m
[  0%] Built target roscpp_generate_messages_nodejs
[35m[1mScanning dependencies of target sensor_msgs_generate_messages_cpp[0m
[  0%] Built target sensor_msgs_generate_messages_cpp
[35m[1mScanning dependencies of target geometry_msgs_generate_messages_nodejs[0m
[  0%] Built target geometry_msgs_generate_messages_nodejs
[35m[1mScanning dependencies of target jsk_footstep_msgs_generate_messages_eus[0m
[  0%] Built target jsk_footstep_msgs_generate_messages_eus
[35m[1mScanning dependencies of target jsk_footstep_msgs_generate_messages_py[0m
[  0%] Built target jsk_footstep_msgs_generate_messages_py
[35m[1mScanning dependencies of target actionlib_msgs_generate_messages_cpp[0m
[  0%] Built target actionlib_msgs_generate_messages_cpp
[35m[1mScanning dependencies of target std_msgs_generate_messages_cpp[0m
[  0%] Built target std_msgs_generate_messages_cpp
[35m[1mScanning dependencies of target jsk_recognition_msgs_generate_messages_eus[0m
[  0%] Built target jsk_recognition_msgs_generate_messages_eus
[35m[1mScanning dependencies of target sensor_msgs_generate_messages_eus[0m
[  0%] Built target sensor_msgs_generate_messages_eus
[35m[1mScanning dependencies of target pcl_msgs_generate_messages_eus[0m
[  0%] Built target pcl_msgs_generate_messages_eus
[35m[1mScanning dependencies of target autoware_msgs_generate_messages_lisp[0m
[  0%] Built target autoware_msgs_generate_messages_lisp
[35m[1mScanning dependencies of target rosgraph_msgs_generate_messages_cpp[0m
[  0%] Built target rosgraph_msgs_generate_messages_cpp
[35m[1mScanning dependencies of target pcl_msgs_generate_messages_cpp[0m
[  0%] Built target pcl_msgs_generate_messages_cpp
[35m[1mScanning dependencies of target rosgraph_msgs_generate_messages_eus[0m
[  0%] Built target rosgraph_msgs_generate_messages_eus
[35m[1mScanning dependencies of target rosgraph_msgs_generate_messages_lisp[0m
[  0%] Built target rosgraph_msgs_generate_messages_lisp
[35m[1mScanning dependencies of target autoware_can_msgs_generate_messages_py[0m
[  0%] Built target autoware_can_msgs_generate_messages_py
[35m[1mScanning dependencies of target std_msgs_generate_messages_eus[0m
[  0%] Built target std_msgs_generate_messages_eus
[35m[1mScanning dependencies of target pcl_msgs_generate_messages_lisp[0m
[  0%] Built target pcl_msgs_generate_messages_lisp
[35m[1mScanning dependencies of target autoware_msgs_generate_messages_eus[0m
[  0%] Built target autoware_msgs_generate_messages_eus
[35m[1mScanning dependencies of target std_msgs_generate_messages_lisp[0m
[  0%] Built target std_msgs_generate_messages_lisp
[35m[1mScanning dependencies of target autoware_msgs_generate_messages_nodejs[0m
[  0%] Built target autoware_msgs_generate_messages_nodejs
[35m[1mScanning dependencies of target pcl_msgs_generate_messages_nodejs[0m
[  0%] Built target pcl_msgs_generate_messages_nodejs
[35m[1mScanning dependencies of target jsk_footstep_msgs_generate_messages_cpp[0m
[  0%] Built target jsk_footstep_msgs_generate_messages_cpp
[35m[1mScanning dependencies of target geometry_msgs_generate_messages_lisp[0m
[  0%] Built target geometry_msgs_generate_messages_lisp
[35m[1mScanning dependencies of target roscpp_generate_messages_cpp[0m
[  0%] Built target roscpp_generate_messages_cpp
[35m[1mScanning dependencies of target roscpp_generate_messages_eus[0m
[  0%] Built target roscpp_generate_messages_eus
[35m[1mScanning dependencies of target roscpp_generate_messages_lisp[0m
[  0%] Built target roscpp_generate_messages_lisp
[35m[1mScanning dependencies of target autoware_can_msgs_generate_messages_cpp[0m
[  0%] Built target autoware_can_msgs_generate_messages_cpp
[35m[1mScanning dependencies of target std_msgs_generate_messages_nodejs[0m
[  0%] Built target std_msgs_generate_messages_nodejs
[35m[1mScanning dependencies of target geometry_msgs_generate_messages_py[0m
[  0%] Built target geometry_msgs_generate_messages_py
[35m[1mScanning dependencies of target jsk_recognition_msgs_generate_messages_lisp[0m
[  0%] Built target jsk_recognition_msgs_generate_messages_lisp
[35m[1mScanning dependencies of target pcl_msgs_generate_messages_py[0m
[  0%] Built target pcl_msgs_generate_messages_py
[35m[1mScanning dependencies of target autoware_msgs_generate_messages_cpp[0m
[  0%] Built target autoware_msgs_generate_messages_cpp
[35m[1mScanning dependencies of target sensor_msgs_generate_messages_py[0m
[  0%] Built target sensor_msgs_generate_messages_py
[35m[1mScanning dependencies of target jsk_recognition_msgs_generate_messages_py[0m
[  0%] Built target jsk_recognition_msgs_generate_messages_py
[35m[1mScanning dependencies of target jsk_recognition_msgs_generate_messages_nodejs[0m
[  0%] Built target jsk_recognition_msgs_generate_messages_nodejs
[35m[1mScanning dependencies of target std_msgs_generate_messages_py[0m
[  0%] Built target std_msgs_generate_messages_py
[35m[1mScanning dependencies of target actionlib_msgs_generate_messages_py[0m
[  0%] Built target actionlib_msgs_generate_messages_py
[35m[1mScanning dependencies of target geometry_msgs_generate_messages_eus[0m
[  0%] Built target geometry_msgs_generate_messages_eus
[35m[1mScanning dependencies of target geometry_msgs_generate_messages_cpp[0m
[  0%] Built target geometry_msgs_generate_messages_cpp
[35m[1mScanning dependencies of target sensor_msgs_generate_messages_nodejs[0m
[  0%] Built target sensor_msgs_generate_messages_nodejs
[35m[1mScanning dependencies of target mqtt_receiver[0m
[ 25%] [32mBuilding CXX object CMakeFiles/mqtt_receiver.dir/nodes/mqtt_receiver/mqtt_receiver.cpp.o[0m
[01m[K/home/muyangren907/autoware/autoware.ai/1.12.0_cuda/src/autoware/utilities/mqtt_socket/nodes/mqtt_receiver/mqtt_receiver.cpp:[m[K In constructor ‘[01m[KMqttReceiver::MqttReceiver()[m[K’:
[01m[K/home/muyangren907/autoware/autoware.ai/1.12.0_cuda/src/autoware/utilities/mqtt_socket/nodes/mqtt_receiver/mqtt_receiver.cpp:84:7:[m[K [01;35m[Kwarning: [m[Kvariable ‘[01m[Kret[m[K’ set but not used [[01;35m[K-Wunused-but-set-variable[m[K]
   int [01;35m[Kret[m[K = mosquitto_loop(mqtt_client, -1, 1);
       [01;35m[K^~~[m[K
[01m[K/home/muyangren907/autoware/autoware.ai/1.12.0_cuda/src/autoware/utilities/mqtt_socket/nodes/mqtt_receiver/mqtt_receiver.cpp:[m[K In destructor ‘[01m[KMqttReceiver::~MqttReceiver()[m[K’:
[01m[K/home/muyangren907/autoware/autoware.ai/1.12.0_cuda/src/autoware/utilities/mqtt_socket/nodes/mqtt_receiver/mqtt_receiver.cpp:90:7:[m[K [01;35m[Kwarning: [m[Kunused variable ‘[01m[Kret[m[K’ [[01;35m[K-Wunused-variable[m[K]
   int [01;35m[Kret[m[K = mosquitto_loop_stop(mqtt_client, 1);
       [01;35m[K^~~[m[K
[01m[K/home/muyangren907/autoware/autoware.ai/1.12.0_cuda/src/autoware/utilities/mqtt_socket/nodes/mqtt_receiver/mqtt_receiver.cpp:[m[K At global scope:
[01m[K/home/muyangren907/autoware/autoware.ai/1.12.0_cuda/src/autoware/utilities/mqtt_socket/nodes/mqtt_receiver/mqtt_receiver.cpp:95:83:[m[K [01;35m[Kwarning: [m[Kcannot declare member function ‘[01m[Kstatic void MqttReceiver::on_connect(mosquitto*, void*, int)[m[K’ to have static linkage [[01;35m[K-fpermissive[m[K]
 static void MqttReceiver::on_connect(struct mosquitto *mosq, void *obj, int result[01;35m[K)[m[K
                                                                                   [01;35m[K^[m[K
[01m[K/home/muyangren907/autoware/autoware.ai/1.12.0_cuda/src/autoware/utilities/mqtt_socket/nodes/mqtt_receiver/mqtt_receiver.cpp:101:82:[m[K [01;35m[Kwarning: [m[Kcannot declare member function ‘[01m[Kstatic void MqttReceiver::on_disconnect(mosquitto*, void*, int)[m[K’ to have static linkage [[01;35m[K-fpermissive[m[K]
 static void MqttReceiver::on_disconnect(struct mosquitto *mosq, void *obj, int rc[01;35m[K)[m[K
                                                                                  [01;35m[K^[m[K
[01m[K/home/muyangren907/autoware/autoware.ai/1.12.0_cuda/src/autoware/utilities/mqtt_socket/nodes/mqtt_receiver/mqtt_receiver.cpp:106:39:[m[K [01;35m[Kwarning: [m[Kcannot declare member function ‘[01m[Kstatic void MqttReceiver::load_config()[m[K’ to have static linkage [[01;35m[K-fpermissive[m[K]
 static void MqttReceiver::load_config([01;35m[K)[m[K
                                       [01;35m[K^[m[K
[01m[K/home/muyangren907/autoware/autoware.ai/1.12.0_cuda/src/autoware/utilities/mqtt_socket/nodes/mqtt_receiver/mqtt_receiver.cpp:133:112:[m[K [01;35m[Kwarning: [m[Kcannot declare member function ‘[01m[Kstatic void MqttReceiver::on_message(mosquitto*, void*, const mosquitto_message*)[m[K’ to have static linkage [[01;35m[K-fpermissive[m[K]
 static void MqttReceiver::on_message(struct mosquitto *mosq, void *obj, const struct mosquitto_message *message[01;35m[K)[m[K
                                                                                                                [01;35m[K^[m[K
[01m[K/home/muyangren907/autoware/autoware.ai/1.12.0_cuda/src/autoware/utilities/mqtt_socket/nodes/mqtt_receiver/mqtt_receiver.cpp:[m[K In static member function ‘[01m[Kstatic void MqttReceiver::on_message(mosquitto*, void*, const mosquitto_message*)[m[K’:
[01m[K/home/muyangren907/autoware/autoware.ai/1.12.0_cuda/src/autoware/utilities/mqtt_socket/nodes/mqtt_receiver/mqtt_receiver.cpp:149:36:[m[K [01;35m[Kwarning: [m[Kstatement will never be executed [[01;35m[K-Wswitch-unreachable[m[K]
         [01;35m[Kmsg.vehicle_cmd.lamp_cmd.l = 0[m[K;
         [01;35m[K~~~~~~~~~~~~~~~~~~~~~~~~~~~^~~[m[K
In file included from [01m[K/home/muyangren907/autoware/autoware.ai/1.12.0_cuda/src/autoware/utilities/mqtt_socket/nodes/mqtt_receiver/mqtt_receiver.cpp:41:0[m[K:
[01m[K/home/muyangren907/autoware/autoware.ai/1.12.0_cuda/src/autoware/utilities/mqtt_socket/include/mqtt_socket/mqtt_setting.hpp:[m[K At global scope:
[01m[K/home/muyangren907/autoware/autoware.ai/1.12.0_cuda/src/autoware/utilities/mqtt_socket/include/mqtt_socket/mqtt_setting.hpp:18:14:[m[K [01;35m[Kwarning: [m[K‘[01m[Kcaninfo_downsample[m[K’ defined but not used [[01;35m[K-Wunused-variable[m[K]
 static float [01;35m[Kcaninfo_downsample[m[K;
              [01;35m[K^~~~~~~~~~~~~~~~~~[m[K
[ 50%] [32m[1mLinking CXX executable devel/lib/mqtt_socket/mqtt_receiver[0m
[ 50%] Built target mqtt_receiver
[35m[1mScanning dependencies of target mqtt_sender[0m
[ 75%] [32mBuilding CXX object CMakeFiles/mqtt_sender.dir/nodes/mqtt_sender/mqtt_sender.cpp.o[0m
[01m[K/home/muyangren907/autoware/autoware.ai/1.12.0_cuda/src/autoware/utilities/mqtt_socket/nodes/mqtt_sender/mqtt_sender.cpp:143:37:[m[K [01;35m[Kwarning: [m[Kcannot declare member function ‘[01m[Kstatic void MqttSender::load_config()[m[K’ to have static linkage [[01;35m[K-fpermissive[m[K]
 static void MqttSender::load_config([01;35m[K)[m[K
                                     [01;35m[K^[m[K
[01m[K/home/muyangren907/autoware/autoware.ai/1.12.0_cuda/src/autoware/utilities/mqtt_socket/nodes/mqtt_sender/mqtt_sender.cpp:[m[K In member function ‘[01m[Kvoid MqttSender::targetVelocityArrayCallback(const Float64MultiArray&)[m[K’:
[01m[K/home/muyangren907/autoware/autoware.ai/1.12.0_cuda/src/autoware/utilities/mqtt_socket/nodes/mqtt_sender/mqtt_sender.cpp:176:20:[m[K [01;35m[Kwarning: [m[Kcomparison between signed and unsigned integer expressions [[01;35m[K-Wsign-compare[m[K]
   for(int i = 0; [01;35m[Ki < sizeof([m[Kmsg.data); i++) {
                  [01;35m[K~~^~~~~~~~~[m[K
[01m[K/home/muyangren907/autoware/autoware.ai/1.12.0_cuda/src/autoware/utilities/mqtt_socket/nodes/mqtt_sender/mqtt_sender.cpp:181:7:[m[K [01;35m[Kwarning: [m[Kunused variable ‘[01m[Kret[m[K’ [[01;35m[K-Wunused-variable[m[K]
   int [01;35m[Kret[m[K = mosquitto_publish(
       [01;35m[K^~~[m[K
[01m[K/home/muyangren907/autoware/autoware.ai/1.12.0_cuda/src/autoware/utilities/mqtt_socket/nodes/mqtt_sender/mqtt_sender.cpp:[m[K In member function ‘[01m[Kvoid MqttSender::twistCmdCallback(const TwistStamped&)[m[K’:
[01m[K/home/muyangren907/autoware/autoware.ai/1.12.0_cuda/src/autoware/utilities/mqtt_socket/nodes/mqtt_sender/mqtt_sender.cpp:201:7:[m[K [01;35m[Kwarning: [m[Kunused variable ‘[01m[Kret[m[K’ [[01;35m[K-Wunused-variable[m[K]
   int [01;35m[Kret[m[K = mosquitto_publish(
       [01;35m[K^~~[m[K
[01m[K/home/muyangren907/autoware/autoware.ai/1.12.0_cuda/src/autoware/utilities/mqtt_socket/nodes/mqtt_sender/mqtt_sender.cpp:[m[K In member function ‘[01m[Kvoid MqttSender::stateCallback(const String&)[m[K’:
[01m[K/home/muyangren907/autoware/autoware.ai/1.12.0_cuda/src/autoware/utilities/mqtt_socket/nodes/mqtt_sender/mqtt_sender.cpp:216:7:[m[K [01;35m[Kwarning: [m[Kunused variable ‘[01m[Kret[m[K’ [[01;35m[K-Wunused-variable[m[K]
   int [01;35m[Kret[m[K = mosquitto_publish(
       [01;35m[K^~~[m[K
[01m[K/home/muyangren907/autoware/autoware.ai/1.12.0_cuda/src/autoware/utilities/mqtt_socket/nodes/mqtt_sender/mqtt_sender.cpp:[m[K In member function ‘[01m[Kvoid MqttSender::currentPoseCallback(const PoseStamped&)[m[K’:
[01m[K/home/muyangren907/autoware/autoware.ai/1.12.0_cuda/src/autoware/utilities/mqtt_socket/nodes/mqtt_sender/mqtt_sender.cpp:240:7:[m[K [01;35m[Kwarning: [m[Kunused variable ‘[01m[Kret[m[K’ [[01;35m[K-Wunused-variable[m[K]
   int [01;35m[Kret[m[K = mosquitto_publish(
       [01;35m[K^~~[m[K
[01m[K/home/muyangren907/autoware/autoware.ai/1.12.0_cuda/src/autoware/utilities/mqtt_socket/nodes/mqtt_sender/mqtt_sender.cpp:[m[K In member function ‘[01m[Kvoid MqttSender::modeInfoCallback(const mode_info&)[m[K’:
[01m[K/home/muyangren907/autoware/autoware.ai/1.12.0_cuda/src/autoware/utilities/mqtt_socket/nodes/mqtt_sender/mqtt_sender.cpp:259:9:[m[K [01;35m[Kwarning: [m[Kunused variable ‘[01m[Kret[m[K’ [[01;35m[K-Wunused-variable[m[K]
     int [01;35m[Kret[m[K = mosquitto_publish(
         [01;35m[K^~~[m[K
[01m[K/home/muyangren907/autoware/autoware.ai/1.12.0_cuda/src/autoware/utilities/mqtt_socket/nodes/mqtt_sender/mqtt_sender.cpp:[m[K In member function ‘[01m[Kvoid MqttSender::canInfoCallback(const CANInfoConstPtr&)[m[K’:
[01m[K/home/muyangren907/autoware/autoware.ai/1.12.0_cuda/src/autoware/utilities/mqtt_socket/nodes/mqtt_sender/mqtt_sender.cpp:345:9:[m[K [01;35m[Kwarning: [m[Kunused variable ‘[01m[Kret[m[K’ [[01;35m[K-Wunused-variable[m[K]
     int [01;35m[Kret[m[K = mosquitto_publish(
         [01;35m[K^~~[m[K
In file included from [01m[K/home/muyangren907/autoware/autoware.ai/1.12.0_cuda/src/autoware/utilities/mqtt_socket/nodes/mqtt_sender/mqtt_sender.cpp:45:0[m[K:
[01m[K/home/muyangren907/autoware/autoware.ai/1.12.0_cuda/src/autoware/utilities/mqtt_socket/include/mqtt_socket/mqtt_setting.hpp:[m[K At global scope:
[01m[K/home/muyangren907/autoware/autoware.ai/1.12.0_cuda/src/autoware/utilities/mqtt_socket/include/mqtt_socket/mqtt_setting.hpp:15:14:[m[K [01;35m[Kwarning: [m[K‘[01m[Klinear_x_max_val[m[K’ defined but not used [[01;35m[K-Wunused-variable[m[K]
 static float [01;35m[Klinear_x_max_val[m[K;
              [01;35m[K^~~~~~~~~~~~~~~~[m[K
[01m[K/home/muyangren907/autoware/autoware.ai/1.12.0_cuda/src/autoware/utilities/mqtt_socket/include/mqtt_socket/mqtt_setting.hpp:14:14:[m[K [01;35m[Kwarning: [m[K‘[01m[Ksteer_max_val[m[K’ defined but not used [[01;35m[K-Wunused-variable[m[K]
 static float [01;35m[Ksteer_max_val[m[K;
              [01;35m[K^~~~~~~~~~~~~[m[K
[01m[K/home/muyangren907/autoware/autoware.ai/1.12.0_cuda/src/autoware/utilities/mqtt_socket/include/mqtt_socket/mqtt_setting.hpp:13:12:[m[K [01;35m[Kwarning: [m[K‘[01m[Kbrake_max_val[m[K’ defined but not used [[01;35m[K-Wunused-variable[m[K]
 static int [01;35m[Kbrake_max_val[m[K;
            [01;35m[K^~~~~~~~~~~~~[m[K
[01m[K/home/muyangren907/autoware/autoware.ai/1.12.0_cuda/src/autoware/utilities/mqtt_socket/include/mqtt_socket/mqtt_setting.hpp:12:12:[m[K [01;35m[Kwarning: [m[K‘[01m[Kaccel_max_val[m[K’ defined but not used [[01;35m[K-Wunused-variable[m[K]
 static int [01;35m[Kaccel_max_val[m[K;
            [01;35m[K^~~~~~~~~~~~~[m[K
[100%] [32m[1mLinking CXX executable devel/lib/mqtt_socket/mqtt_sender[0m
[100%] Built target mqtt_sender
[35m[1mScanning dependencies of target tests[0m
Built target tests
[  0%] Built target jsk_recognition_msgs_generate_messages_cpp
[  0%] Built target jsk_footstep_msgs_generate_messages_lisp
[  0%] Built target jsk_footstep_msgs_generate_messages_nodejs
[  0%] Built target actionlib_msgs_generate_messages_nodejs
[  0%] Built target actionlib_msgs_generate_messages_eus
[  0%] Built target autoware_can_msgs_generate_messages_nodejs
[  0%] Built target autoware_msgs_generate_messages_py
[  0%] Built target actionlib_msgs_generate_messages_lisp
[  0%] Built target sensor_msgs_generate_messages_lisp
[  0%] Built target autoware_can_msgs_generate_messages_lisp
[  0%] Built target autoware_can_msgs_generate_messages_eus
[  0%] Built target rosgraph_msgs_generate_messages_py
[  0%] Built target rosgraph_msgs_generate_messages_nodejs
[  0%] Built target roscpp_generate_messages_py
[  0%] Built target roscpp_generate_messages_nodejs
[  0%] Built target sensor_msgs_generate_messages_cpp
[  0%] Built target geometry_msgs_generate_messages_nodejs
[  0%] Built target jsk_footstep_msgs_generate_messages_eus
[  0%] Built target jsk_footstep_msgs_generate_messages_py
[  0%] Built target actionlib_msgs_generate_messages_cpp
[  0%] Built target std_msgs_generate_messages_cpp
[  0%] Built target jsk_recognition_msgs_generate_messages_eus
[  0%] Built target sensor_msgs_generate_messages_eus
[  0%] Built target pcl_msgs_generate_messages_eus
[  0%] Built target autoware_msgs_generate_messages_lisp
[  0%] Built target rosgraph_msgs_generate_messages_cpp
[  0%] Built target pcl_msgs_generate_messages_cpp
[  0%] Built target rosgraph_msgs_generate_messages_eus
[  0%] Built target rosgraph_msgs_generate_messages_lisp
[  0%] Built target autoware_can_msgs_generate_messages_py
[  0%] Built target std_msgs_generate_messages_eus
[  0%] Built target pcl_msgs_generate_messages_lisp
[  0%] Built target autoware_msgs_generate_messages_eus
[  0%] Built target std_msgs_generate_messages_lisp
[  0%] Built target autoware_msgs_generate_messages_nodejs
[  0%] Built target pcl_msgs_generate_messages_nodejs
[  0%] Built target jsk_footstep_msgs_generate_messages_cpp
[  0%] Built target geometry_msgs_generate_messages_lisp
[  0%] Built target roscpp_generate_messages_cpp
[  0%] Built target roscpp_generate_messages_eus
[  0%] Built target roscpp_generate_messages_lisp
[  0%] Built target autoware_can_msgs_generate_messages_cpp
[  0%] Built target std_msgs_generate_messages_nodejs
[  0%] Built target geometry_msgs_generate_messages_py
[  0%] Built target jsk_recognition_msgs_generate_messages_lisp
[  0%] Built target pcl_msgs_generate_messages_py
[  0%] Built target autoware_msgs_generate_messages_cpp
[  0%] Built target sensor_msgs_generate_messages_py
[  0%] Built target jsk_recognition_msgs_generate_messages_py
[  0%] Built target jsk_recognition_msgs_generate_messages_nodejs
[  0%] Built target std_msgs_generate_messages_py
[  0%] Built target actionlib_msgs_generate_messages_py
[  0%] Built target geometry_msgs_generate_messages_eus
[  0%] Built target geometry_msgs_generate_messages_cpp
[  0%] Built target sensor_msgs_generate_messages_nodejs
[ 50%] Built target mqtt_receiver
[100%] Built target mqtt_sender
[36mInstall the project...[0m
-- Install configuration: "Release"
-- Installing: /home/muyangren907/autoware/autoware.ai/1.12.0_cuda/install/mqtt_socket/lib/pkgconfig/mqtt_socket.pc
-- Installing: /home/muyangren907/autoware/autoware.ai/1.12.0_cuda/install/mqtt_socket/share/mqtt_socket/cmake/mqtt_socketConfig.cmake
-- Installing: /home/muyangren907/autoware/autoware.ai/1.12.0_cuda/install/mqtt_socket/share/mqtt_socket/cmake/mqtt_socketConfig-version.cmake
-- Installing: /home/muyangren907/autoware/autoware.ai/1.12.0_cuda/install/mqtt_socket/share/mqtt_socket/package.xml
-- Installing: /home/muyangren907/autoware/autoware.ai/1.12.0_cuda/install/mqtt_socket/lib/mqtt_socket/mqtt_receiver
-- Set runtime path of "/home/muyangren907/autoware/autoware.ai/1.12.0_cuda/install/mqtt_socket/lib/mqtt_socket/mqtt_receiver" to ""
-- Installing: /home/muyangren907/autoware/autoware.ai/1.12.0_cuda/install/mqtt_socket/lib/mqtt_socket/mqtt_sender
-- Set runtime path of "/home/muyangren907/autoware/autoware.ai/1.12.0_cuda/install/mqtt_socket/lib/mqtt_socket/mqtt_sender" to ""
