Invoking command in '/home/muyangren907/autoware/autoware.ai/1.12.0_cuda/build/lattice_planner': CMAKE_PREFIX_PATH=/home/muyangren907/autoware/autoware.ai/1.12.0_cuda/install/waypoint_planner:/home/muyangren907/autoware/autoware.ai/1.12.0_cuda/install/waypoint_follower:/home/muyangren907/autoware/autoware.ai/1.12.0_cuda/install/vector_map:/home/muyangren907/autoware/autoware.ai/1.12.0_cuda/install/autoware_health_checker:/home/muyangren907/autoware/autoware.ai/1.12.0_cuda/install/astar_search:/home/muyangren907/autoware/autoware.ai/1.12.0_cuda/install/amathutils_lib:/home/muyangren907/autoware/autoware.ai/1.12.0_cuda/install/vector_map_msgs:/home/muyangren907/autoware/autoware.ai/1.12.0_cuda/install/tablet_socket_msgs:/home/muyangren907/autoware/autoware.ai/1.12.0_cuda/install/gnss:/home/muyangren907/autoware/autoware.ai/1.12.0_cuda/install/autoware_system_msgs:/home/muyangren907/autoware/autoware.ai/1.12.0_cuda/install/autoware_msgs:/home/muyangren907/autoware/autoware.ai/1.12.0_cuda/install/autoware_config_msgs:/home/muyangren907/autoware/autoware.ai/1.12.0_cuda/install/autoware_can_msgs:/home/muyangren907/autoware/autoware.ai/1.12.0_cuda/install/autoware_build_flags:${CMAKE_PREFIX_PATH} LD_LIBRARY_PATH=/home/muyangren907/autoware/autoware.ai/1.12.0_cuda/install/waypoint_follower/lib:/home/muyangren907/autoware/autoware.ai/1.12.0_cuda/install/vector_map/lib:/home/muyangren907/autoware/autoware.ai/1.12.0_cuda/install/autoware_health_checker/lib:/home/muyangren907/autoware/autoware.ai/1.12.0_cuda/install/astar_search/lib:/home/muyangren907/autoware/autoware.ai/1.12.0_cuda/install/amathutils_lib/lib:/home/muyangren907/autoware/autoware.ai/1.12.0_cuda/install/gnss/lib:${LD_LIBRARY_PATH} PKG_CONFIG_PATH=/home/muyangren907/autoware/autoware.ai/1.12.0_cuda/install/waypoint_planner/lib/x86_64-linux-gnu/pkgconfig:/home/muyangren907/autoware/autoware.ai/1.12.0_cuda/install/waypoint_planner/lib/pkgconfig:/home/muyangren907/autoware/autoware.ai/1.12.0_cuda/install/waypoint_follower/lib/x86_64-linux-gnu/pkgconfig:/home/muyangren907/autoware/autoware.ai/1.12.0_cuda/install/waypoint_follower/lib/pkgconfig:/home/muyangren907/autoware/autoware.ai/1.12.0_cuda/install/vector_map/lib/x86_64-linux-gnu/pkgconfig:/home/muyangren907/autoware/autoware.ai/1.12.0_cuda/install/vector_map/lib/pkgconfig:/home/muyangren907/autoware/autoware.ai/1.12.0_cuda/install/autoware_health_checker/lib/x86_64-linux-gnu/pkgconfig:/home/muyangren907/autoware/autoware.ai/1.12.0_cuda/install/autoware_health_checker/lib/pkgconfig:/home/muyangren907/autoware/autoware.ai/1.12.0_cuda/install/astar_search/lib/x86_64-linux-gnu/pkgconfig:/home/muyangren907/autoware/autoware.ai/1.12.0_cuda/install/astar_search/lib/pkgconfig:/home/muyangren907/autoware/autoware.ai/1.12.0_cuda/install/amathutils_lib/lib/x86_64-linux-gnu/pkgconfig:/home/muyangren907/autoware/autoware.ai/1.12.0_cuda/install/amathutils_lib/lib/pkgconfig:/home/muyangren907/autoware/autoware.ai/1.12.0_cuda/install/vector_map_msgs/lib/x86_64-linux-gnu/pkgconfig:/home/muyangren907/autoware/autoware.ai/1.12.0_cuda/install/vector_map_msgs/lib/pkgconfig:/home/muyangren907/autoware/autoware.ai/1.12.0_cuda/install/tablet_socket_msgs/lib/x86_64-linux-gnu/pkgconfig:/home/muyangren907/autoware/autoware.ai/1.12.0_cuda/install/tablet_socket_msgs/lib/pkgconfig:/home/muyangren907/autoware/autoware.ai/1.12.0_cuda/install/gnss/lib/x86_64-linux-gnu/pkgconfig:/home/muyangren907/autoware/autoware.ai/1.12.0_cuda/install/gnss/lib/pkgconfig:/home/muyangren907/autoware/autoware.ai/1.12.0_cuda/install/autoware_system_msgs/lib/x86_64-linux-gnu/pkgconfig:/home/muyangren907/autoware/autoware.ai/1.12.0_cuda/install/autoware_system_msgs/lib/pkgconfig:/home/muyangren907/autoware/autoware.ai/1.12.0_cuda/install/autoware_msgs/lib/x86_64-linux-gnu/pkgconfig:/home/muyangren907/autoware/autoware.ai/1.12.0_cuda/install/autoware_msgs/lib/pkgconfig:/home/muyangren907/autoware/autoware.ai/1.12.0_cuda/install/autoware_config_msgs/lib/x86_64-linux-gnu/pkgconfig:/home/muyangren907/autoware/autoware.ai/1.12.0_cuda/install/autoware_config_msgs/lib/pkgconfig:/home/muyangren907/autoware/autoware.ai/1.12.0_cuda/install/autoware_can_msgs/lib/x86_64-linux-gnu/pkgconfig:/home/muyangren907/autoware/autoware.ai/1.12.0_cuda/install/autoware_can_msgs/lib/pkgconfig:/home/muyangren907/autoware/autoware.ai/1.12.0_cuda/install/autoware_build_flags/lib/x86_64-linux-gnu/pkgconfig:/home/muyangren907/autoware/autoware.ai/1.12.0_cuda/install/autoware_build_flags/lib/pkgconfig:${PKG_CONFIG_PATH} PYTHONPATH=/home/muyangren907/autoware/autoware.ai/1.12.0_cuda/install/vector_map_msgs/lib/python2.7/dist-packages:/home/muyangren907/autoware/autoware.ai/1.12.0_cuda/install/tablet_socket_msgs/lib/python2.7/dist-packages:/home/muyangren907/autoware/autoware.ai/1.12.0_cuda/install/autoware_system_msgs/lib/python2.7/dist-packages:/home/muyangren907/autoware/autoware.ai/1.12.0_cuda/install/autoware_msgs/lib/python2.7/dist-packages:/home/muyangren907/autoware/autoware.ai/1.12.0_cuda/install/autoware_config_msgs/lib/python2.7/dist-packages:/home/muyangren907/autoware/autoware.ai/1.12.0_cuda/install/autoware_can_msgs/lib/python2.7/dist-packages:${PYTHONPATH} ROS_PACKAGE_PATH=/home/muyangren907/autoware/autoware.ai/1.12.0_cuda/install/waypoint_planner/share:/home/muyangren907/autoware/autoware.ai/1.12.0_cuda/install/waypoint_follower/share:/home/muyangren907/autoware/autoware.ai/1.12.0_cuda/install/vector_map/share:/home/muyangren907/autoware/autoware.ai/1.12.0_cuda/install/autoware_health_checker/share:/home/muyangren907/autoware/autoware.ai/1.12.0_cuda/install/astar_search/share:/home/muyangren907/autoware/autoware.ai/1.12.0_cuda/install/amathutils_lib/share:/home/muyangren907/autoware/autoware.ai/1.12.0_cuda/install/vector_map_msgs/share:/home/muyangren907/autoware/autoware.ai/1.12.0_cuda/install/tablet_socket_msgs/share:/home/muyangren907/autoware/autoware.ai/1.12.0_cuda/install/gnss/share:/home/muyangren907/autoware/autoware.ai/1.12.0_cuda/install/autoware_system_msgs/share:/home/muyangren907/autoware/autoware.ai/1.12.0_cuda/install/autoware_msgs/share:/home/muyangren907/autoware/autoware.ai/1.12.0_cuda/install/autoware_config_msgs/share:/home/muyangren907/autoware/autoware.ai/1.12.0_cuda/install/autoware_can_msgs/share:/home/muyangren907/autoware/autoware.ai/1.12.0_cuda/install/autoware_build_flags/share:${ROS_PACKAGE_PATH} /usr/local/bin/cmake /home/muyangren907/autoware/autoware.ai/1.12.0_cuda/src/autoware/core_planning/lattice_planner -DCMAKE_BUILD_TYPE=Release -DCATKIN_INSTALL_INTO_PREFIX_ROOT=0 -DCMAKE_INSTALL_PREFIX=/home/muyangren907/autoware/autoware.ai/1.12.0_cuda/install/lattice_planner
-- The C compiler identification is GNU 7.4.0
-- The CXX compiler identification is GNU 7.4.0
-- Check for working C compiler: /usr/bin/cc
-- Check for working C compiler: /usr/bin/cc -- works
-- Detecting C compiler ABI info
-- Detecting C compiler ABI info - done
-- Detecting C compile features
-- Detecting C compile features - done
-- Check for working CXX compiler: /usr/bin/c++
-- Check for working CXX compiler: /usr/bin/c++ -- works
-- Detecting CXX compiler ABI info
-- Detecting CXX compiler ABI info - done
-- Detecting CXX compile features
-- Detecting CXX compile features - done
-- CUDA compilation status: 1.
-- Using CATKIN_DEVEL_PREFIX: /home/muyangren907/autoware/autoware.ai/1.12.0_cuda/build/lattice_planner/devel
-- Using CMAKE_PREFIX_PATH: /home/muyangren907/autoware/autoware.ai/1.12.0_cuda/install/waypoint_planner;/home/muyangren907/autoware/autoware.ai/1.12.0_cuda/install/waypoint_follower;/home/muyangren907/autoware/autoware.ai/1.12.0_cuda/install/vector_map;/home/muyangren907/autoware/autoware.ai/1.12.0_cuda/install/autoware_health_checker;/home/muyangren907/autoware/autoware.ai/1.12.0_cuda/install/astar_search;/home/muyangren907/autoware/autoware.ai/1.12.0_cuda/install/amathutils_lib;/home/muyangren907/autoware/autoware.ai/1.12.0_cuda/install/vector_map_msgs;/home/muyangren907/autoware/autoware.ai/1.12.0_cuda/install/tablet_socket_msgs;/home/muyangren907/autoware/autoware.ai/1.12.0_cuda/install/gnss;/home/muyangren907/autoware/autoware.ai/1.12.0_cuda/install/autoware_system_msgs;/home/muyangren907/autoware/autoware.ai/1.12.0_cuda/install/autoware_msgs;/home/muyangren907/autoware/autoware.ai/1.12.0_cuda/install/autoware_config_msgs;/home/muyangren907/autoware/autoware.ai/1.12.0_cuda/install/autoware_can_msgs;/home/muyangren907/autoware/autoware.ai/1.12.0_cuda/install/autoware_build_flags;/opt/ros/melodic
-- This workspace overlays: /home/muyangren907/autoware/autoware.ai/1.12.0_cuda/install/waypoint_planner;/home/muyangren907/autoware/autoware.ai/1.12.0_cuda/install/waypoint_follower;/home/muyangren907/autoware/autoware.ai/1.12.0_cuda/install/vector_map;/home/muyangren907/autoware/autoware.ai/1.12.0_cuda/install/autoware_health_checker;/home/muyangren907/autoware/autoware.ai/1.12.0_cuda/install/astar_search;/home/muyangren907/autoware/autoware.ai/1.12.0_cuda/install/amathutils_lib;/home/muyangren907/autoware/autoware.ai/1.12.0_cuda/install/vector_map_msgs;/home/muyangren907/autoware/autoware.ai/1.12.0_cuda/install/tablet_socket_msgs;/home/muyangren907/autoware/autoware.ai/1.12.0_cuda/install/gnss;/home/muyangren907/autoware/autoware.ai/1.12.0_cuda/install/autoware_system_msgs;/home/muyangren907/autoware/autoware.ai/1.12.0_cuda/install/autoware_msgs;/home/muyangren907/autoware/autoware.ai/1.12.0_cuda/install/autoware_config_msgs;/home/muyangren907/autoware/autoware.ai/1.12.0_cuda/install/autoware_can_msgs;/home/muyangren907/autoware/autoware.ai/1.12.0_cuda/install/autoware_build_flags;/opt/ros/melodic
-- Found PythonInterp: /usr/bin/python2 (found suitable version "2.7.15", minimum required is "2") 
-- Using PYTHON_EXECUTABLE: /usr/bin/python2
-- Using Debian Python package layout
-- Using empy: /usr/bin/empy
-- Using CATKIN_ENABLE_TESTING: ON
-- Call enable_testing()
-- Using CATKIN_TEST_RESULTS_DIR: /home/muyangren907/autoware/autoware.ai/1.12.0_cuda/build/lattice_planner/test_results
-- Found gtest sources under '/usr/src/googletest': gtests will be built
-- Found gmock sources under '/usr/src/googletest': gmock will be built
-- Found PythonInterp: /usr/bin/python2 (found version "2.7.15") 
-- Looking for pthread.h
-- Looking for pthread.h - found
-- Looking for pthread_create
-- Looking for pthread_create - not found
-- Looking for pthread_create in pthreads
-- Looking for pthread_create in pthreads - not found
-- Looking for pthread_create in pthread
-- Looking for pthread_create in pthread - found
-- Found Threads: TRUE  
-- Using Python nosetests: /usr/local/bin/nosetests-2.7
-- catkin 0.7.19
-- BUILD_SHARED_LIBS is on
-- Using these message generators: gencpp;geneus;genlisp;gennodejs;genpy
-- Found Armadillo: /usr/lib/libarmadillo.so (found version "8.400.0") 
-- Found OpenMP_C: -fopenmp (found version "4.5") 
-- Found OpenMP_CXX: -fopenmp (found version "4.5") 
-- Found OpenMP: TRUE (found version "4.5")  
-- Configuring done
-- Generating done
-- Build files have been written to: /home/muyangren907/autoware/autoware.ai/1.12.0_cuda/build/lattice_planner
Invoked command in '/home/muyangren907/autoware/autoware.ai/1.12.0_cuda/build/lattice_planner' returned '0': CMAKE_PREFIX_PATH=/home/muyangren907/autoware/autoware.ai/1.12.0_cuda/install/waypoint_planner:/home/muyangren907/autoware/autoware.ai/1.12.0_cuda/install/waypoint_follower:/home/muyangren907/autoware/autoware.ai/1.12.0_cuda/install/vector_map:/home/muyangren907/autoware/autoware.ai/1.12.0_cuda/install/autoware_health_checker:/home/muyangren907/autoware/autoware.ai/1.12.0_cuda/install/astar_search:/home/muyangren907/autoware/autoware.ai/1.12.0_cuda/install/amathutils_lib:/home/muyangren907/autoware/autoware.ai/1.12.0_cuda/install/vector_map_msgs:/home/muyangren907/autoware/autoware.ai/1.12.0_cuda/install/tablet_socket_msgs:/home/muyangren907/autoware/autoware.ai/1.12.0_cuda/install/gnss:/home/muyangren907/autoware/autoware.ai/1.12.0_cuda/install/autoware_system_msgs:/home/muyangren907/autoware/autoware.ai/1.12.0_cuda/install/autoware_msgs:/home/muyangren907/autoware/autoware.ai/1.12.0_cuda/install/autoware_config_msgs:/home/muyangren907/autoware/autoware.ai/1.12.0_cuda/install/autoware_can_msgs:/home/muyangren907/autoware/autoware.ai/1.12.0_cuda/install/autoware_build_flags:${CMAKE_PREFIX_PATH} LD_LIBRARY_PATH=/home/muyangren907/autoware/autoware.ai/1.12.0_cuda/install/waypoint_follower/lib:/home/muyangren907/autoware/autoware.ai/1.12.0_cuda/install/vector_map/lib:/home/muyangren907/autoware/autoware.ai/1.12.0_cuda/install/autoware_health_checker/lib:/home/muyangren907/autoware/autoware.ai/1.12.0_cuda/install/astar_search/lib:/home/muyangren907/autoware/autoware.ai/1.12.0_cuda/install/amathutils_lib/lib:/home/muyangren907/autoware/autoware.ai/1.12.0_cuda/install/gnss/lib:${LD_LIBRARY_PATH} PKG_CONFIG_PATH=/home/muyangren907/autoware/autoware.ai/1.12.0_cuda/install/waypoint_planner/lib/x86_64-linux-gnu/pkgconfig:/home/muyangren907/autoware/autoware.ai/1.12.0_cuda/install/waypoint_planner/lib/pkgconfig:/home/muyangren907/autoware/autoware.ai/1.12.0_cuda/install/waypoint_follower/lib/x86_64-linux-gnu/pkgconfig:/home/muyangren907/autoware/autoware.ai/1.12.0_cuda/install/waypoint_follower/lib/pkgconfig:/home/muyangren907/autoware/autoware.ai/1.12.0_cuda/install/vector_map/lib/x86_64-linux-gnu/pkgconfig:/home/muyangren907/autoware/autoware.ai/1.12.0_cuda/install/vector_map/lib/pkgconfig:/home/muyangren907/autoware/autoware.ai/1.12.0_cuda/install/autoware_health_checker/lib/x86_64-linux-gnu/pkgconfig:/home/muyangren907/autoware/autoware.ai/1.12.0_cuda/install/autoware_health_checker/lib/pkgconfig:/home/muyangren907/autoware/autoware.ai/1.12.0_cuda/install/astar_search/lib/x86_64-linux-gnu/pkgconfig:/home/muyangren907/autoware/autoware.ai/1.12.0_cuda/install/astar_search/lib/pkgconfig:/home/muyangren907/autoware/autoware.ai/1.12.0_cuda/install/amathutils_lib/lib/x86_64-linux-gnu/pkgconfig:/home/muyangren907/autoware/autoware.ai/1.12.0_cuda/install/amathutils_lib/lib/pkgconfig:/home/muyangren907/autoware/autoware.ai/1.12.0_cuda/install/vector_map_msgs/lib/x86_64-linux-gnu/pkgconfig:/home/muyangren907/autoware/autoware.ai/1.12.0_cuda/install/vector_map_msgs/lib/pkgconfig:/home/muyangren907/autoware/autoware.ai/1.12.0_cuda/install/tablet_socket_msgs/lib/x86_64-linux-gnu/pkgconfig:/home/muyangren907/autoware/autoware.ai/1.12.0_cuda/install/tablet_socket_msgs/lib/pkgconfig:/home/muyangren907/autoware/autoware.ai/1.12.0_cuda/install/gnss/lib/x86_64-linux-gnu/pkgconfig:/home/muyangren907/autoware/autoware.ai/1.12.0_cuda/install/gnss/lib/pkgconfig:/home/muyangren907/autoware/autoware.ai/1.12.0_cuda/install/autoware_system_msgs/lib/x86_64-linux-gnu/pkgconfig:/home/muyangren907/autoware/autoware.ai/1.12.0_cuda/install/autoware_system_msgs/lib/pkgconfig:/home/muyangren907/autoware/autoware.ai/1.12.0_cuda/install/autoware_msgs/lib/x86_64-linux-gnu/pkgconfig:/home/muyangren907/autoware/autoware.ai/1.12.0_cuda/install/autoware_msgs/lib/pkgconfig:/home/muyangren907/autoware/autoware.ai/1.12.0_cuda/install/autoware_config_msgs/lib/x86_64-linux-gnu/pkgconfig:/home/muyangren907/autoware/autoware.ai/1.12.0_cuda/install/autoware_config_msgs/lib/pkgconfig:/home/muyangren907/autoware/autoware.ai/1.12.0_cuda/install/autoware_can_msgs/lib/x86_64-linux-gnu/pkgconfig:/home/muyangren907/autoware/autoware.ai/1.12.0_cuda/install/autoware_can_msgs/lib/pkgconfig:/home/muyangren907/autoware/autoware.ai/1.12.0_cuda/install/autoware_build_flags/lib/x86_64-linux-gnu/pkgconfig:/home/muyangren907/autoware/autoware.ai/1.12.0_cuda/install/autoware_build_flags/lib/pkgconfig:${PKG_CONFIG_PATH} PYTHONPATH=/home/muyangren907/autoware/autoware.ai/1.12.0_cuda/install/vector_map_msgs/lib/python2.7/dist-packages:/home/muyangren907/autoware/autoware.ai/1.12.0_cuda/install/tablet_socket_msgs/lib/python2.7/dist-packages:/home/muyangren907/autoware/autoware.ai/1.12.0_cuda/install/autoware_system_msgs/lib/python2.7/dist-packages:/home/muyangren907/autoware/autoware.ai/1.12.0_cuda/install/autoware_msgs/lib/python2.7/dist-packages:/home/muyangren907/autoware/autoware.ai/1.12.0_cuda/install/autoware_config_msgs/lib/python2.7/dist-packages:/home/muyangren907/autoware/autoware.ai/1.12.0_cuda/install/autoware_can_msgs/lib/python2.7/dist-packages:${PYTHONPATH} ROS_PACKAGE_PATH=/home/muyangren907/autoware/autoware.ai/1.12.0_cuda/install/waypoint_planner/share:/home/muyangren907/autoware/autoware.ai/1.12.0_cuda/install/waypoint_follower/share:/home/muyangren907/autoware/autoware.ai/1.12.0_cuda/install/vector_map/share:/home/muyangren907/autoware/autoware.ai/1.12.0_cuda/install/autoware_health_checker/share:/home/muyangren907/autoware/autoware.ai/1.12.0_cuda/install/astar_search/share:/home/muyangren907/autoware/autoware.ai/1.12.0_cuda/install/amathutils_lib/share:/home/muyangren907/autoware/autoware.ai/1.12.0_cuda/install/vector_map_msgs/share:/home/muyangren907/autoware/autoware.ai/1.12.0_cuda/install/tablet_socket_msgs/share:/home/muyangren907/autoware/autoware.ai/1.12.0_cuda/install/gnss/share:/home/muyangren907/autoware/autoware.ai/1.12.0_cuda/install/autoware_system_msgs/share:/home/muyangren907/autoware/autoware.ai/1.12.0_cuda/install/autoware_msgs/share:/home/muyangren907/autoware/autoware.ai/1.12.0_cuda/install/autoware_config_msgs/share:/home/muyangren907/autoware/autoware.ai/1.12.0_cuda/install/autoware_can_msgs/share:/home/muyangren907/autoware/autoware.ai/1.12.0_cuda/install/autoware_build_flags/share:${ROS_PACKAGE_PATH} /usr/local/bin/cmake /home/muyangren907/autoware/autoware.ai/1.12.0_cuda/src/autoware/core_planning/lattice_planner -DCMAKE_BUILD_TYPE=Release -DCATKIN_INSTALL_INTO_PREFIX_ROOT=0 -DCMAKE_INSTALL_PREFIX=/home/muyangren907/autoware/autoware.ai/1.12.0_cuda/install/lattice_planner
Invoking command in '/home/muyangren907/autoware/autoware.ai/1.12.0_cuda/build/lattice_planner': CMAKE_PREFIX_PATH=/home/muyangren907/autoware/autoware.ai/1.12.0_cuda/install/waypoint_planner:/home/muyangren907/autoware/autoware.ai/1.12.0_cuda/install/waypoint_follower:/home/muyangren907/autoware/autoware.ai/1.12.0_cuda/install/vector_map:/home/muyangren907/autoware/autoware.ai/1.12.0_cuda/install/autoware_health_checker:/home/muyangren907/autoware/autoware.ai/1.12.0_cuda/install/astar_search:/home/muyangren907/autoware/autoware.ai/1.12.0_cuda/install/amathutils_lib:/home/muyangren907/autoware/autoware.ai/1.12.0_cuda/install/vector_map_msgs:/home/muyangren907/autoware/autoware.ai/1.12.0_cuda/install/tablet_socket_msgs:/home/muyangren907/autoware/autoware.ai/1.12.0_cuda/install/gnss:/home/muyangren907/autoware/autoware.ai/1.12.0_cuda/install/autoware_system_msgs:/home/muyangren907/autoware/autoware.ai/1.12.0_cuda/install/autoware_msgs:/home/muyangren907/autoware/autoware.ai/1.12.0_cuda/install/autoware_config_msgs:/home/muyangren907/autoware/autoware.ai/1.12.0_cuda/install/autoware_can_msgs:/home/muyangren907/autoware/autoware.ai/1.12.0_cuda/install/autoware_build_flags:${CMAKE_PREFIX_PATH} LD_LIBRARY_PATH=/home/muyangren907/autoware/autoware.ai/1.12.0_cuda/install/waypoint_follower/lib:/home/muyangren907/autoware/autoware.ai/1.12.0_cuda/install/vector_map/lib:/home/muyangren907/autoware/autoware.ai/1.12.0_cuda/install/autoware_health_checker/lib:/home/muyangren907/autoware/autoware.ai/1.12.0_cuda/install/astar_search/lib:/home/muyangren907/autoware/autoware.ai/1.12.0_cuda/install/amathutils_lib/lib:/home/muyangren907/autoware/autoware.ai/1.12.0_cuda/install/gnss/lib:${LD_LIBRARY_PATH} PKG_CONFIG_PATH=/home/muyangren907/autoware/autoware.ai/1.12.0_cuda/install/waypoint_planner/lib/x86_64-linux-gnu/pkgconfig:/home/muyangren907/autoware/autoware.ai/1.12.0_cuda/install/waypoint_planner/lib/pkgconfig:/home/muyangren907/autoware/autoware.ai/1.12.0_cuda/install/waypoint_follower/lib/x86_64-linux-gnu/pkgconfig:/home/muyangren907/autoware/autoware.ai/1.12.0_cuda/install/waypoint_follower/lib/pkgconfig:/home/muyangren907/autoware/autoware.ai/1.12.0_cuda/install/vector_map/lib/x86_64-linux-gnu/pkgconfig:/home/muyangren907/autoware/autoware.ai/1.12.0_cuda/install/vector_map/lib/pkgconfig:/home/muyangren907/autoware/autoware.ai/1.12.0_cuda/install/autoware_health_checker/lib/x86_64-linux-gnu/pkgconfig:/home/muyangren907/autoware/autoware.ai/1.12.0_cuda/install/autoware_health_checker/lib/pkgconfig:/home/muyangren907/autoware/autoware.ai/1.12.0_cuda/install/astar_search/lib/x86_64-linux-gnu/pkgconfig:/home/muyangren907/autoware/autoware.ai/1.12.0_cuda/install/astar_search/lib/pkgconfig:/home/muyangren907/autoware/autoware.ai/1.12.0_cuda/install/amathutils_lib/lib/x86_64-linux-gnu/pkgconfig:/home/muyangren907/autoware/autoware.ai/1.12.0_cuda/install/amathutils_lib/lib/pkgconfig:/home/muyangren907/autoware/autoware.ai/1.12.0_cuda/install/vector_map_msgs/lib/x86_64-linux-gnu/pkgconfig:/home/muyangren907/autoware/autoware.ai/1.12.0_cuda/install/vector_map_msgs/lib/pkgconfig:/home/muyangren907/autoware/autoware.ai/1.12.0_cuda/install/tablet_socket_msgs/lib/x86_64-linux-gnu/pkgconfig:/home/muyangren907/autoware/autoware.ai/1.12.0_cuda/install/tablet_socket_msgs/lib/pkgconfig:/home/muyangren907/autoware/autoware.ai/1.12.0_cuda/install/gnss/lib/x86_64-linux-gnu/pkgconfig:/home/muyangren907/autoware/autoware.ai/1.12.0_cuda/install/gnss/lib/pkgconfig:/home/muyangren907/autoware/autoware.ai/1.12.0_cuda/install/autoware_system_msgs/lib/x86_64-linux-gnu/pkgconfig:/home/muyangren907/autoware/autoware.ai/1.12.0_cuda/install/autoware_system_msgs/lib/pkgconfig:/home/muyangren907/autoware/autoware.ai/1.12.0_cuda/install/autoware_msgs/lib/x86_64-linux-gnu/pkgconfig:/home/muyangren907/autoware/autoware.ai/1.12.0_cuda/install/autoware_msgs/lib/pkgconfig:/home/muyangren907/autoware/autoware.ai/1.12.0_cuda/install/autoware_config_msgs/lib/x86_64-linux-gnu/pkgconfig:/home/muyangren907/autoware/autoware.ai/1.12.0_cuda/install/autoware_config_msgs/lib/pkgconfig:/home/muyangren907/autoware/autoware.ai/1.12.0_cuda/install/autoware_can_msgs/lib/x86_64-linux-gnu/pkgconfig:/home/muyangren907/autoware/autoware.ai/1.12.0_cuda/install/autoware_can_msgs/lib/pkgconfig:/home/muyangren907/autoware/autoware.ai/1.12.0_cuda/install/autoware_build_flags/lib/x86_64-linux-gnu/pkgconfig:/home/muyangren907/autoware/autoware.ai/1.12.0_cuda/install/autoware_build_flags/lib/pkgconfig:${PKG_CONFIG_PATH} PYTHONPATH=/home/muyangren907/autoware/autoware.ai/1.12.0_cuda/install/vector_map_msgs/lib/python2.7/dist-packages:/home/muyangren907/autoware/autoware.ai/1.12.0_cuda/install/tablet_socket_msgs/lib/python2.7/dist-packages:/home/muyangren907/autoware/autoware.ai/1.12.0_cuda/install/autoware_system_msgs/lib/python2.7/dist-packages:/home/muyangren907/autoware/autoware.ai/1.12.0_cuda/install/autoware_msgs/lib/python2.7/dist-packages:/home/muyangren907/autoware/autoware.ai/1.12.0_cuda/install/autoware_config_msgs/lib/python2.7/dist-packages:/home/muyangren907/autoware/autoware.ai/1.12.0_cuda/install/autoware_can_msgs/lib/python2.7/dist-packages:${PYTHONPATH} ROS_PACKAGE_PATH=/home/muyangren907/autoware/autoware.ai/1.12.0_cuda/install/waypoint_planner/share:/home/muyangren907/autoware/autoware.ai/1.12.0_cuda/install/waypoint_follower/share:/home/muyangren907/autoware/autoware.ai/1.12.0_cuda/install/vector_map/share:/home/muyangren907/autoware/autoware.ai/1.12.0_cuda/install/autoware_health_checker/share:/home/muyangren907/autoware/autoware.ai/1.12.0_cuda/install/astar_search/share:/home/muyangren907/autoware/autoware.ai/1.12.0_cuda/install/amathutils_lib/share:/home/muyangren907/autoware/autoware.ai/1.12.0_cuda/install/vector_map_msgs/share:/home/muyangren907/autoware/autoware.ai/1.12.0_cuda/install/tablet_socket_msgs/share:/home/muyangren907/autoware/autoware.ai/1.12.0_cuda/install/gnss/share:/home/muyangren907/autoware/autoware.ai/1.12.0_cuda/install/autoware_system_msgs/share:/home/muyangren907/autoware/autoware.ai/1.12.0_cuda/install/autoware_msgs/share:/home/muyangren907/autoware/autoware.ai/1.12.0_cuda/install/autoware_config_msgs/share:/home/muyangren907/autoware/autoware.ai/1.12.0_cuda/install/autoware_can_msgs/share:/home/muyangren907/autoware/autoware.ai/1.12.0_cuda/install/autoware_build_flags/share:${ROS_PACKAGE_PATH} /usr/local/bin/cmake --build /home/muyangren907/autoware/autoware.ai/1.12.0_cuda/build/lattice_planner -- -j40 -l40
[35m[1mScanning dependencies of target std_srvs_generate_messages_eus[0m
[35m[1mScanning dependencies of target sensor_msgs_generate_messages_eus[0m
[35m[1mScanning dependencies of target actionlib_generate_messages_lisp[0m
[35m[1mScanning dependencies of target vector_map_msgs_generate_messages_lisp[0m
[35m[1mScanning dependencies of target autoware_system_msgs_generate_messages_lisp[0m
[35m[1mScanning dependencies of target actionlib_msgs_generate_messages_cpp[0m
[35m[1mScanning dependencies of target autoware_msgs_generate_messages_cpp[0m
[35m[1mScanning dependencies of target actionlib_msgs_generate_messages_eus[0m
[35m[1mScanning dependencies of target jsk_footstep_msgs_generate_messages_lisp[0m
[35m[1mScanning dependencies of target tablet_socket_msgs_generate_messages_py[0m
[35m[1mScanning dependencies of target tf_generate_messages_lisp[0m
[35m[1mScanning dependencies of target std_srvs_generate_messages_nodejs[0m
[35m[1mScanning dependencies of target actionlib_generate_messages_cpp[0m
[35m[1mScanning dependencies of target std_msgs_generate_messages_nodejs[0m
[35m[1mScanning dependencies of target geometry_msgs_generate_messages_nodejs[0m
[35m[1mScanning dependencies of target trajectory_msgs_generate_messages_lisp[0m
[35m[1mScanning dependencies of target tf2_msgs_generate_messages_py[0m
[35m[1mScanning dependencies of target actionlib_msgs_generate_messages_py[0m
[35m[1mScanning dependencies of target rosgraph_msgs_generate_messages_py[0m
[35m[1mScanning dependencies of target actionlib_msgs_generate_messages_nodejs[0m
[35m[1mScanning dependencies of target tf_generate_messages_eus[0m
[35m[1mScanning dependencies of target topic_tools_generate_messages_py[0m
[35m[1mScanning dependencies of target roscpp_generate_messages_nodejs[0m
[35m[1mScanning dependencies of target sensor_msgs_generate_messages_cpp[0m
[35m[1mScanning dependencies of target autoware_can_msgs_generate_messages_py[0m
[35m[1mScanning dependencies of target rosgraph_msgs_generate_messages_eus[0m
[35m[1mScanning dependencies of target pcl_msgs_generate_messages_eus[0m
[35m[1mScanning dependencies of target actionlib_generate_messages_nodejs[0m
[35m[1mScanning dependencies of target rosgraph_msgs_generate_messages_cpp[0m
[35m[1mScanning dependencies of target pcl_msgs_generate_messages_nodejs[0m
[35m[1mScanning dependencies of target nodelet_generate_messages_py[0m
[  0%] Built target std_srvs_generate_messages_eus
[35m[1mScanning dependencies of target geometry_msgs_generate_messages_eus[0m
[35m[1mScanning dependencies of target roscpp_generate_messages_cpp[0m
[35m[1mScanning dependencies of target roscpp_generate_messages_eus[0m
[35m[1mScanning dependencies of target jsk_recognition_msgs_generate_messages_eus[0m
[  0%] Built target tf_generate_messages_lisp
[35m[1mScanning dependencies of target rosgraph_msgs_generate_messages_nodejs[0m
[35m[1mScanning dependencies of target bond_generate_messages_eus[0m
[35m[1mScanning dependencies of target sensor_msgs_generate_messages_py[0m
[  0%] Built target sensor_msgs_generate_messages_eus
[  0%] Built target autoware_msgs_generate_messages_cpp
[  0%] Built target actionlib_msgs_generate_messages_py
[  0%] Built target jsk_footstep_msgs_generate_messages_lisp
[  0%] Built target rosgraph_msgs_generate_messages_py
[  0%] Built target vector_map_msgs_generate_messages_lisp
[35m[1mScanning dependencies of target rosgraph_msgs_generate_messages_lisp[0m
[  0%] Built target actionlib_msgs_generate_messages_nodejs
[  0%] Built target actionlib_generate_messages_lisp
[  0%] Built target actionlib_msgs_generate_messages_eus
[  0%] Built target actionlib_generate_messages_cpp
[  0%] Built target actionlib_msgs_generate_messages_cpp
[  0%] Built target autoware_system_msgs_generate_messages_lisp
[  0%] Built target std_srvs_generate_messages_nodejs
[  0%] Built target tf2_msgs_generate_messages_py
[35m[1mScanning dependencies of target std_msgs_generate_messages_py[0m
[  0%] Built target geometry_msgs_generate_messages_nodejs
[  0%] Built target actionlib_generate_messages_nodejs
[  0%] Built target tf_generate_messages_eus
[  0%] Built target std_msgs_generate_messages_nodejs
[  0%] Built target trajectory_msgs_generate_messages_lisp
[  0%] Built target tablet_socket_msgs_generate_messages_py
[  0%] Built target roscpp_generate_messages_nodejs
[  0%] Built target topic_tools_generate_messages_py
[  0%] Built target bond_generate_messages_eus
[35m[1mScanning dependencies of target roscpp_generate_messages_py[0m
[35m[1mScanning dependencies of target std_msgs_generate_messages_cpp[0m
[  0%] Built target sensor_msgs_generate_messages_cpp
[  0%] Built target pcl_msgs_generate_messages_eus
[  0%] Built target rosgraph_msgs_generate_messages_cpp
[  0%] Built target rosgraph_msgs_generate_messages_eus
[  0%] Built target roscpp_generate_messages_eus
[  0%] Built target jsk_recognition_msgs_generate_messages_eus
[  0%] Built target pcl_msgs_generate_messages_nodejs
[  0%] Built target roscpp_generate_messages_cpp
[  0%] Built target rosgraph_msgs_generate_messages_lisp
[  0%] Built target rosgraph_msgs_generate_messages_nodejs
[  0%] Built target autoware_can_msgs_generate_messages_py
[35m[1mScanning dependencies of target roscpp_generate_messages_lisp[0m
[35m[1mScanning dependencies of target sensor_msgs_generate_messages_nodejs[0m
[35m[1mScanning dependencies of target std_srvs_generate_messages_lisp[0m
[  0%] Built target nodelet_generate_messages_py
[35m[1mScanning dependencies of target pcl_ros_gencfg[0m
[35m[1mScanning dependencies of target geometry_msgs_generate_messages_py[0m
[  0%] Built target sensor_msgs_generate_messages_py
[35m[1mScanning dependencies of target tf_generate_messages_nodejs[0m
[35m[1mScanning dependencies of target std_srvs_generate_messages_py[0m
[  0%] Built target geometry_msgs_generate_messages_eus
[35m[1mScanning dependencies of target nodelet_generate_messages_cpp[0m
[35m[1mScanning dependencies of target std_msgs_generate_messages_eus[0m
[35m[1mScanning dependencies of target tf2_msgs_generate_messages_cpp[0m
[35m[1mScanning dependencies of target tf2_msgs_generate_messages_eus[0m
[35m[1mScanning dependencies of target geometry_msgs_generate_messages_cpp[0m
[35m[1mScanning dependencies of target geometry_msgs_generate_messages_lisp[0m
[35m[1mScanning dependencies of target std_msgs_generate_messages_lisp[0m
[35m[1mScanning dependencies of target visualization_msgs_generate_messages_lisp[0m
[35m[1mScanning dependencies of target tf2_msgs_generate_messages_nodejs[0m
[35m[1mScanning dependencies of target tf2_msgs_generate_messages_lisp[0m
[35m[1mScanning dependencies of target actionlib_generate_messages_eus[0m
[35m[1mScanning dependencies of target visualization_msgs_generate_messages_cpp[0m
[35m[1mScanning dependencies of target autoware_config_msgs_generate_messages_nodejs[0m
[35m[1mScanning dependencies of target tf_generate_messages_py[0m
[35m[1mScanning dependencies of target gazebo_msgs_generate_messages_eus[0m
[  0%] Built target std_msgs_generate_messages_py
[  0%] Built target roscpp_generate_messages_py
[35m[1mScanning dependencies of target visualization_msgs_generate_messages_py[0m
[35m[1mScanning dependencies of target autoware_can_msgs_generate_messages_cpp[0m
[35m[1mScanning dependencies of target vector_map_msgs_generate_messages_eus[0m
[  0%] Built target roscpp_generate_messages_lisp
[35m[1mScanning dependencies of target visualization_msgs_generate_messages_nodejs[0m
[35m[1mScanning dependencies of target dynamic_reconfigure_generate_messages_py[0m
[  0%] Built target std_srvs_generate_messages_lisp
[35m[1mScanning dependencies of target vector_map_msgs_generate_messages_py[0m
[  0%] Built target std_msgs_generate_messages_cpp
[  0%] Built target pcl_ros_gencfg
[  0%] Built target std_srvs_generate_messages_py
[35m[1mScanning dependencies of target nodelet_generate_messages_lisp[0m
[35m[1mScanning dependencies of target actionlib_generate_messages_py[0m
[  0%] Built target sensor_msgs_generate_messages_nodejs
[35m[1mScanning dependencies of target tf_generate_messages_cpp[0m
[  0%] Built target geometry_msgs_generate_messages_py
[35m[1mScanning dependencies of target vector_map_msgs_generate_messages_nodejs[0m
[35m[1mScanning dependencies of target dynamic_reconfigure_generate_messages_lisp[0m
[35m[1mScanning dependencies of target vector_map_msgs_generate_messages_cpp[0m
[  0%] Built target nodelet_generate_messages_cpp
[  0%] Built target tf_generate_messages_nodejs
[35m[1mScanning dependencies of target gazebo_msgs_generate_messages_nodejs[0m
[35m[1mScanning dependencies of target autoware_config_msgs_generate_messages_cpp[0m
[  0%] Built target gazebo_msgs_generate_messages_eus
[  0%] Built target geometry_msgs_generate_messages_lisp
[  0%] Built target tf2_msgs_generate_messages_lisp
[  0%] Built target actionlib_generate_messages_eus
[  0%] Built target std_msgs_generate_messages_eus
[  0%] Built target vector_map_msgs_generate_messages_py
[  0%] Built target autoware_config_msgs_generate_messages_nodejs
[  0%] Built target visualization_msgs_generate_messages_nodejs
[35m[1mScanning dependencies of target dynamic_reconfigure_generate_messages_cpp[0m
[  0%] Built target visualization_msgs_generate_messages_lisp
[  0%] Built target tf_generate_messages_py
[  0%] Built target std_msgs_generate_messages_lisp
[  0%] Built target tf2_msgs_generate_messages_cpp
[  0%] Built target geometry_msgs_generate_messages_cpp
[  0%] Built target tf2_msgs_generate_messages_eus
[  0%] Built target nodelet_generate_messages_lisp
[35m[1mScanning dependencies of target nodelet_generate_messages_eus[0m
[35m[1mScanning dependencies of target dynamic_reconfigure_gencfg[0m
[  0%] Built target visualization_msgs_generate_messages_cpp
[35m[1mScanning dependencies of target bond_generate_messages_lisp[0m
[  0%] Built target vector_map_msgs_generate_messages_eus
[35m[1mScanning dependencies of target nodelet_generate_messages_nodejs[0m
[  0%] Built target autoware_can_msgs_generate_messages_cpp
[  0%] Built target tf2_msgs_generate_messages_nodejs
[35m[1mScanning dependencies of target autoware_system_msgs_generate_messages_py[0m
[  0%] Built target actionlib_generate_messages_py
[  0%] Built target visualization_msgs_generate_messages_py
[  0%] Built target autoware_config_msgs_generate_messages_cpp
[  0%] Built target dynamic_reconfigure_generate_messages_py
[35m[1mScanning dependencies of target topic_tools_generate_messages_cpp[0m
[35m[1mScanning dependencies of target bond_generate_messages_cpp[0m
[  0%] Built target tf_generate_messages_cpp
[  0%] Built target gazebo_msgs_generate_messages_nodejs
[  0%] Built target vector_map_msgs_generate_messages_nodejs
[35m[1mScanning dependencies of target std_srvs_generate_messages_cpp[0m
[35m[1mScanning dependencies of target topic_tools_generate_messages_lisp[0m
[35m[1mScanning dependencies of target topic_tools_generate_messages_eus[0m
[35m[1mScanning dependencies of target autoware_msgs_generate_messages_nodejs[0m
[35m[1mScanning dependencies of target bond_generate_messages_nodejs[0m
[35m[1mScanning dependencies of target autoware_config_msgs_generate_messages_eus[0m
[35m[1mScanning dependencies of target pcl_msgs_generate_messages_py[0m
[35m[1mScanning dependencies of target pcl_msgs_generate_messages_lisp[0m
[  0%] Built target dynamic_reconfigure_generate_messages_cpp
[35m[1mScanning dependencies of target nodelet_topic_tools_gencfg[0m
[35m[1mScanning dependencies of target pcl_msgs_generate_messages_cpp[0m
[35m[1mScanning dependencies of target sensor_msgs_generate_messages_lisp[0m
[  0%] Built target dynamic_reconfigure_gencfg
[  0%] Built target dynamic_reconfigure_generate_messages_lisp
[35m[1mScanning dependencies of target dynamic_reconfigure_generate_messages_eus[0m
[35m[1mScanning dependencies of target bond_generate_messages_py[0m
[35m[1mScanning dependencies of target visualization_msgs_generate_messages_eus[0m
[  0%] Built target vector_map_msgs_generate_messages_cpp
[35m[1mScanning dependencies of target jsk_footstep_msgs_generate_messages_nodejs[0m
[35m[1mScanning dependencies of target jsk_footstep_msgs_generate_messages_eus[0m
[35m[1mScanning dependencies of target topic_tools_generate_messages_nodejs[0m
[35m[1mScanning dependencies of target autoware_msgs_generate_messages_eus[0m
[35m[1mScanning dependencies of target autoware_can_msgs_generate_messages_nodejs[0m
[35m[1mScanning dependencies of target jsk_footstep_msgs_generate_messages_py[0m
[35m[1mScanning dependencies of target jsk_recognition_msgs_generate_messages_py[0m
[35m[1mScanning dependencies of target jsk_footstep_msgs_generate_messages_cpp[0m
[  0%] Built target nodelet_generate_messages_eus
[35m[1mScanning dependencies of target tablet_socket_msgs_generate_messages_nodejs[0m
[  0%] Built target nodelet_generate_messages_nodejs
[35m[1mScanning dependencies of target jsk_recognition_msgs_generate_messages_nodejs[0m
[35m[1mScanning dependencies of target autoware_system_msgs_generate_messages_cpp[0m
[35m[1mScanning dependencies of target autoware_system_msgs_generate_messages_nodejs[0m
[35m[1mScanning dependencies of target jsk_recognition_msgs_generate_messages_lisp[0m
[  0%] Built target bond_generate_messages_cpp
[  0%] Built target bond_generate_messages_lisp
[35m[1mScanning dependencies of target tablet_socket_msgs_generate_messages_lisp[0m
[35m[1mScanning dependencies of target jsk_recognition_msgs_generate_messages_cpp[0m
[35m[1mScanning dependencies of target autoware_config_msgs_generate_messages_py[0m
[  0%] Built target topic_tools_generate_messages_cpp
[35m[1mScanning dependencies of target tablet_socket_msgs_generate_messages_eus[0m
[  0%] Built target autoware_system_msgs_generate_messages_py
[  0%] Built target pcl_msgs_generate_messages_py
[  0%] Built target topic_tools_generate_messages_nodejs
[  0%] Built target autoware_msgs_generate_messages_nodejs
[  0%] Built target std_srvs_generate_messages_cpp
[  0%] Built target nodelet_topic_tools_gencfg
[  0%] Built target pcl_msgs_generate_messages_cpp
[  0%] Built target topic_tools_generate_messages_lisp
[35m[1mScanning dependencies of target tablet_socket_msgs_generate_messages_cpp[0m
[  0%] Built target autoware_can_msgs_generate_messages_nodejs
[  0%] Built target sensor_msgs_generate_messages_lisp
[  0%] Built target topic_tools_generate_messages_eus
[35m[1mScanning dependencies of target gazebo_msgs_generate_messages_lisp[0m
[  0%] Built target jsk_footstep_msgs_generate_messages_nodejs
[  0%] Built target jsk_footstep_msgs_generate_messages_eus
[  0%] Built target autoware_config_msgs_generate_messages_eus
[  0%] Built target visualization_msgs_generate_messages_eus
[35m[1mScanning dependencies of target autoware_config_msgs_generate_messages_lisp[0m
[35m[1mScanning dependencies of target autoware_can_msgs_generate_messages_lisp[0m
[  0%] Built target bond_generate_messages_py
[  0%] Built target autoware_msgs_generate_messages_eus
[  0%] Built target pcl_msgs_generate_messages_lisp
[  0%] Built target dynamic_reconfigure_generate_messages_eus
[  0%] Built target jsk_recognition_msgs_generate_messages_py
[  0%] Built target jsk_footstep_msgs_generate_messages_py
[  0%] Built target bond_generate_messages_nodejs
[  0%] Built target jsk_footstep_msgs_generate_messages_cpp
[  0%] Built target jsk_recognition_msgs_generate_messages_cpp
[35m[1mScanning dependencies of target trajectory_msgs_generate_messages_py[0m
[35m[1mScanning dependencies of target autoware_can_msgs_generate_messages_eus[0m
[  0%] Built target tablet_socket_msgs_generate_messages_lisp
[35m[1mScanning dependencies of target trajectory_msgs_generate_messages_nodejs[0m
[  0%] Built target autoware_system_msgs_generate_messages_cpp
[  0%] Built target tablet_socket_msgs_generate_messages_nodejs
[35m[1mScanning dependencies of target trajectory_msgs_generate_messages_cpp[0m
[35m[1mScanning dependencies of target gazebo_msgs_generate_messages_cpp[0m
[  0%] Built target jsk_recognition_msgs_generate_messages_nodejs
[  0%] Built target tablet_socket_msgs_generate_messages_eus
[35m[1mScanning dependencies of target dynamic_reconfigure_generate_messages_nodejs[0m
[35m[1mScanning dependencies of target autoware_msgs_generate_messages_py[0m
[  0%] Built target autoware_system_msgs_generate_messages_nodejs
[35m[1mScanning dependencies of target autoware_system_msgs_generate_messages_eus[0m
[  0%] Built target autoware_config_msgs_generate_messages_lisp
[35m[1mScanning dependencies of target trajectory_msgs_generate_messages_eus[0m
[35m[1mScanning dependencies of target autoware_msgs_generate_messages_lisp[0m
[  0%] Built target autoware_config_msgs_generate_messages_py
[  0%] Built target jsk_recognition_msgs_generate_messages_lisp
[35m[1mScanning dependencies of target libtraj_gen[0m
[35m[1mScanning dependencies of target gazebo_msgs_generate_messages_py[0m
[35m[1mScanning dependencies of target actionlib_msgs_generate_messages_lisp[0m
[  0%] Built target gazebo_msgs_generate_messages_lisp
[  0%] Built target tablet_socket_msgs_generate_messages_cpp
[  0%] Built target autoware_can_msgs_generate_messages_eus
[  0%] Built target autoware_can_msgs_generate_messages_lisp
[  0%] Built target trajectory_msgs_generate_messages_nodejs
[  0%] Built target trajectory_msgs_generate_messages_py
[  0%] Built target trajectory_msgs_generate_messages_cpp
[  0%] Built target gazebo_msgs_generate_messages_cpp
[  0%] Built target dynamic_reconfigure_generate_messages_nodejs
[  0%] Built target autoware_msgs_generate_messages_py
[  0%] Built target autoware_msgs_generate_messages_lisp
[  0%] Built target autoware_system_msgs_generate_messages_eus
[  0%] Built target trajectory_msgs_generate_messages_eus
[  0%] Built target actionlib_msgs_generate_messages_lisp
[  0%] Built target gazebo_msgs_generate_messages_py
[  9%] [32mBuilding CXX object CMakeFiles/libtraj_gen.dir/lib/libtraj_gen.cpp.o[0m
[35m[1mScanning dependencies of target lattice_velocity_set[0m
[35m[1mScanning dependencies of target path_select[0m
[ 18%] [32mBuilding CXX object CMakeFiles/path_select.dir/nodes/path_select/path_select.cpp.o[0m
[ 27%] [32mBuilding CXX object CMakeFiles/lattice_velocity_set.dir/nodes/lattice_velocity_set/lattice_velocity_set.cpp.o[0m
[ 36%] [32mBuilding CXX object CMakeFiles/lattice_velocity_set.dir/nodes/lattice_velocity_set/libvelocity_set.cpp.o[0m
[ 45%] [32m[1mLinking CXX shared library devel/lib/liblibtraj_gen.so[0m
[ 54%] [32m[1mLinking CXX executable devel/lib/lattice_planner/path_select[0m
[ 54%] Built target libtraj_gen
[35m[1mScanning dependencies of target lattice_trajectory_gen[0m
[35m[1mScanning dependencies of target lattice_twist_convert[0m
[ 63%] [32mBuilding CXX object CMakeFiles/lattice_twist_convert.dir/nodes/lattice_twist_convert/lattice_twist_convert.cpp.o[0m
[ 72%] [32mBuilding CXX object CMakeFiles/lattice_trajectory_gen.dir/nodes/lattice_trajectory_gen/lattice_trajectory_gen.cpp.o[0m
[ 72%] Built target path_select
[ 81%] [32m[1mLinking CXX executable devel/lib/lattice_planner/lattice_twist_convert[0m
[ 81%] Built target lattice_twist_convert
[ 90%] [32m[1mLinking CXX executable devel/lib/lattice_planner/lattice_trajectory_gen[0m
[ 90%] Built target lattice_trajectory_gen
[100%] [32m[1mLinking CXX executable devel/lib/lattice_planner/lattice_velocity_set[0m
[100%] Built target lattice_velocity_set
Invoked command in '/home/muyangren907/autoware/autoware.ai/1.12.0_cuda/build/lattice_planner' returned '0': CMAKE_PREFIX_PATH=/home/muyangren907/autoware/autoware.ai/1.12.0_cuda/install/waypoint_planner:/home/muyangren907/autoware/autoware.ai/1.12.0_cuda/install/waypoint_follower:/home/muyangren907/autoware/autoware.ai/1.12.0_cuda/install/vector_map:/home/muyangren907/autoware/autoware.ai/1.12.0_cuda/install/autoware_health_checker:/home/muyangren907/autoware/autoware.ai/1.12.0_cuda/install/astar_search:/home/muyangren907/autoware/autoware.ai/1.12.0_cuda/install/amathutils_lib:/home/muyangren907/autoware/autoware.ai/1.12.0_cuda/install/vector_map_msgs:/home/muyangren907/autoware/autoware.ai/1.12.0_cuda/install/tablet_socket_msgs:/home/muyangren907/autoware/autoware.ai/1.12.0_cuda/install/gnss:/home/muyangren907/autoware/autoware.ai/1.12.0_cuda/install/autoware_system_msgs:/home/muyangren907/autoware/autoware.ai/1.12.0_cuda/install/autoware_msgs:/home/muyangren907/autoware/autoware.ai/1.12.0_cuda/install/autoware_config_msgs:/home/muyangren907/autoware/autoware.ai/1.12.0_cuda/install/autoware_can_msgs:/home/muyangren907/autoware/autoware.ai/1.12.0_cuda/install/autoware_build_flags:${CMAKE_PREFIX_PATH} LD_LIBRARY_PATH=/home/muyangren907/autoware/autoware.ai/1.12.0_cuda/install/waypoint_follower/lib:/home/muyangren907/autoware/autoware.ai/1.12.0_cuda/install/vector_map/lib:/home/muyangren907/autoware/autoware.ai/1.12.0_cuda/install/autoware_health_checker/lib:/home/muyangren907/autoware/autoware.ai/1.12.0_cuda/install/astar_search/lib:/home/muyangren907/autoware/autoware.ai/1.12.0_cuda/install/amathutils_lib/lib:/home/muyangren907/autoware/autoware.ai/1.12.0_cuda/install/gnss/lib:${LD_LIBRARY_PATH} PKG_CONFIG_PATH=/home/muyangren907/autoware/autoware.ai/1.12.0_cuda/install/waypoint_planner/lib/x86_64-linux-gnu/pkgconfig:/home/muyangren907/autoware/autoware.ai/1.12.0_cuda/install/waypoint_planner/lib/pkgconfig:/home/muyangren907/autoware/autoware.ai/1.12.0_cuda/install/waypoint_follower/lib/x86_64-linux-gnu/pkgconfig:/home/muyangren907/autoware/autoware.ai/1.12.0_cuda/install/waypoint_follower/lib/pkgconfig:/home/muyangren907/autoware/autoware.ai/1.12.0_cuda/install/vector_map/lib/x86_64-linux-gnu/pkgconfig:/home/muyangren907/autoware/autoware.ai/1.12.0_cuda/install/vector_map/lib/pkgconfig:/home/muyangren907/autoware/autoware.ai/1.12.0_cuda/install/autoware_health_checker/lib/x86_64-linux-gnu/pkgconfig:/home/muyangren907/autoware/autoware.ai/1.12.0_cuda/install/autoware_health_checker/lib/pkgconfig:/home/muyangren907/autoware/autoware.ai/1.12.0_cuda/install/astar_search/lib/x86_64-linux-gnu/pkgconfig:/home/muyangren907/autoware/autoware.ai/1.12.0_cuda/install/astar_search/lib/pkgconfig:/home/muyangren907/autoware/autoware.ai/1.12.0_cuda/install/amathutils_lib/lib/x86_64-linux-gnu/pkgconfig:/home/muyangren907/autoware/autoware.ai/1.12.0_cuda/install/amathutils_lib/lib/pkgconfig:/home/muyangren907/autoware/autoware.ai/1.12.0_cuda/install/vector_map_msgs/lib/x86_64-linux-gnu/pkgconfig:/home/muyangren907/autoware/autoware.ai/1.12.0_cuda/install/vector_map_msgs/lib/pkgconfig:/home/muyangren907/autoware/autoware.ai/1.12.0_cuda/install/tablet_socket_msgs/lib/x86_64-linux-gnu/pkgconfig:/home/muyangren907/autoware/autoware.ai/1.12.0_cuda/install/tablet_socket_msgs/lib/pkgconfig:/home/muyangren907/autoware/autoware.ai/1.12.0_cuda/install/gnss/lib/x86_64-linux-gnu/pkgconfig:/home/muyangren907/autoware/autoware.ai/1.12.0_cuda/install/gnss/lib/pkgconfig:/home/muyangren907/autoware/autoware.ai/1.12.0_cuda/install/autoware_system_msgs/lib/x86_64-linux-gnu/pkgconfig:/home/muyangren907/autoware/autoware.ai/1.12.0_cuda/install/autoware_system_msgs/lib/pkgconfig:/home/muyangren907/autoware/autoware.ai/1.12.0_cuda/install/autoware_msgs/lib/x86_64-linux-gnu/pkgconfig:/home/muyangren907/autoware/autoware.ai/1.12.0_cuda/install/autoware_msgs/lib/pkgconfig:/home/muyangren907/autoware/autoware.ai/1.12.0_cuda/install/autoware_config_msgs/lib/x86_64-linux-gnu/pkgconfig:/home/muyangren907/autoware/autoware.ai/1.12.0_cuda/install/autoware_config_msgs/lib/pkgconfig:/home/muyangren907/autoware/autoware.ai/1.12.0_cuda/install/autoware_can_msgs/lib/x86_64-linux-gnu/pkgconfig:/home/muyangren907/autoware/autoware.ai/1.12.0_cuda/install/autoware_can_msgs/lib/pkgconfig:/home/muyangren907/autoware/autoware.ai/1.12.0_cuda/install/autoware_build_flags/lib/x86_64-linux-gnu/pkgconfig:/home/muyangren907/autoware/autoware.ai/1.12.0_cuda/install/autoware_build_flags/lib/pkgconfig:${PKG_CONFIG_PATH} PYTHONPATH=/home/muyangren907/autoware/autoware.ai/1.12.0_cuda/install/vector_map_msgs/lib/python2.7/dist-packages:/home/muyangren907/autoware/autoware.ai/1.12.0_cuda/install/tablet_socket_msgs/lib/python2.7/dist-packages:/home/muyangren907/autoware/autoware.ai/1.12.0_cuda/install/autoware_system_msgs/lib/python2.7/dist-packages:/home/muyangren907/autoware/autoware.ai/1.12.0_cuda/install/autoware_msgs/lib/python2.7/dist-packages:/home/muyangren907/autoware/autoware.ai/1.12.0_cuda/install/autoware_config_msgs/lib/python2.7/dist-packages:/home/muyangren907/autoware/autoware.ai/1.12.0_cuda/install/autoware_can_msgs/lib/python2.7/dist-packages:${PYTHONPATH} ROS_PACKAGE_PATH=/home/muyangren907/autoware/autoware.ai/1.12.0_cuda/install/waypoint_planner/share:/home/muyangren907/autoware/autoware.ai/1.12.0_cuda/install/waypoint_follower/share:/home/muyangren907/autoware/autoware.ai/1.12.0_cuda/install/vector_map/share:/home/muyangren907/autoware/autoware.ai/1.12.0_cuda/install/autoware_health_checker/share:/home/muyangren907/autoware/autoware.ai/1.12.0_cuda/install/astar_search/share:/home/muyangren907/autoware/autoware.ai/1.12.0_cuda/install/amathutils_lib/share:/home/muyangren907/autoware/autoware.ai/1.12.0_cuda/install/vector_map_msgs/share:/home/muyangren907/autoware/autoware.ai/1.12.0_cuda/install/tablet_socket_msgs/share:/home/muyangren907/autoware/autoware.ai/1.12.0_cuda/install/gnss/share:/home/muyangren907/autoware/autoware.ai/1.12.0_cuda/install/autoware_system_msgs/share:/home/muyangren907/autoware/autoware.ai/1.12.0_cuda/install/autoware_msgs/share:/home/muyangren907/autoware/autoware.ai/1.12.0_cuda/install/autoware_config_msgs/share:/home/muyangren907/autoware/autoware.ai/1.12.0_cuda/install/autoware_can_msgs/share:/home/muyangren907/autoware/autoware.ai/1.12.0_cuda/install/autoware_build_flags/share:${ROS_PACKAGE_PATH} /usr/local/bin/cmake --build /home/muyangren907/autoware/autoware.ai/1.12.0_cuda/build/lattice_planner -- -j40 -l40
Invoking command in '/home/muyangren907/autoware/autoware.ai/1.12.0_cuda/build/lattice_planner': CMAKE_PREFIX_PATH=/home/muyangren907/autoware/autoware.ai/1.12.0_cuda/install/waypoint_planner:/home/muyangren907/autoware/autoware.ai/1.12.0_cuda/install/waypoint_follower:/home/muyangren907/autoware/autoware.ai/1.12.0_cuda/install/vector_map:/home/muyangren907/autoware/autoware.ai/1.12.0_cuda/install/autoware_health_checker:/home/muyangren907/autoware/autoware.ai/1.12.0_cuda/install/astar_search:/home/muyangren907/autoware/autoware.ai/1.12.0_cuda/install/amathutils_lib:/home/muyangren907/autoware/autoware.ai/1.12.0_cuda/install/vector_map_msgs:/home/muyangren907/autoware/autoware.ai/1.12.0_cuda/install/tablet_socket_msgs:/home/muyangren907/autoware/autoware.ai/1.12.0_cuda/install/gnss:/home/muyangren907/autoware/autoware.ai/1.12.0_cuda/install/autoware_system_msgs:/home/muyangren907/autoware/autoware.ai/1.12.0_cuda/install/autoware_msgs:/home/muyangren907/autoware/autoware.ai/1.12.0_cuda/install/autoware_config_msgs:/home/muyangren907/autoware/autoware.ai/1.12.0_cuda/install/autoware_can_msgs:/home/muyangren907/autoware/autoware.ai/1.12.0_cuda/install/autoware_build_flags:${CMAKE_PREFIX_PATH} LD_LIBRARY_PATH=/home/muyangren907/autoware/autoware.ai/1.12.0_cuda/install/waypoint_follower/lib:/home/muyangren907/autoware/autoware.ai/1.12.0_cuda/install/vector_map/lib:/home/muyangren907/autoware/autoware.ai/1.12.0_cuda/install/autoware_health_checker/lib:/home/muyangren907/autoware/autoware.ai/1.12.0_cuda/install/astar_search/lib:/home/muyangren907/autoware/autoware.ai/1.12.0_cuda/install/amathutils_lib/lib:/home/muyangren907/autoware/autoware.ai/1.12.0_cuda/install/gnss/lib:${LD_LIBRARY_PATH} PKG_CONFIG_PATH=/home/muyangren907/autoware/autoware.ai/1.12.0_cuda/install/waypoint_planner/lib/x86_64-linux-gnu/pkgconfig:/home/muyangren907/autoware/autoware.ai/1.12.0_cuda/install/waypoint_planner/lib/pkgconfig:/home/muyangren907/autoware/autoware.ai/1.12.0_cuda/install/waypoint_follower/lib/x86_64-linux-gnu/pkgconfig:/home/muyangren907/autoware/autoware.ai/1.12.0_cuda/install/waypoint_follower/lib/pkgconfig:/home/muyangren907/autoware/autoware.ai/1.12.0_cuda/install/vector_map/lib/x86_64-linux-gnu/pkgconfig:/home/muyangren907/autoware/autoware.ai/1.12.0_cuda/install/vector_map/lib/pkgconfig:/home/muyangren907/autoware/autoware.ai/1.12.0_cuda/install/autoware_health_checker/lib/x86_64-linux-gnu/pkgconfig:/home/muyangren907/autoware/autoware.ai/1.12.0_cuda/install/autoware_health_checker/lib/pkgconfig:/home/muyangren907/autoware/autoware.ai/1.12.0_cuda/install/astar_search/lib/x86_64-linux-gnu/pkgconfig:/home/muyangren907/autoware/autoware.ai/1.12.0_cuda/install/astar_search/lib/pkgconfig:/home/muyangren907/autoware/autoware.ai/1.12.0_cuda/install/amathutils_lib/lib/x86_64-linux-gnu/pkgconfig:/home/muyangren907/autoware/autoware.ai/1.12.0_cuda/install/amathutils_lib/lib/pkgconfig:/home/muyangren907/autoware/autoware.ai/1.12.0_cuda/install/vector_map_msgs/lib/x86_64-linux-gnu/pkgconfig:/home/muyangren907/autoware/autoware.ai/1.12.0_cuda/install/vector_map_msgs/lib/pkgconfig:/home/muyangren907/autoware/autoware.ai/1.12.0_cuda/install/tablet_socket_msgs/lib/x86_64-linux-gnu/pkgconfig:/home/muyangren907/autoware/autoware.ai/1.12.0_cuda/install/tablet_socket_msgs/lib/pkgconfig:/home/muyangren907/autoware/autoware.ai/1.12.0_cuda/install/gnss/lib/x86_64-linux-gnu/pkgconfig:/home/muyangren907/autoware/autoware.ai/1.12.0_cuda/install/gnss/lib/pkgconfig:/home/muyangren907/autoware/autoware.ai/1.12.0_cuda/install/autoware_system_msgs/lib/x86_64-linux-gnu/pkgconfig:/home/muyangren907/autoware/autoware.ai/1.12.0_cuda/install/autoware_system_msgs/lib/pkgconfig:/home/muyangren907/autoware/autoware.ai/1.12.0_cuda/install/autoware_msgs/lib/x86_64-linux-gnu/pkgconfig:/home/muyangren907/autoware/autoware.ai/1.12.0_cuda/install/autoware_msgs/lib/pkgconfig:/home/muyangren907/autoware/autoware.ai/1.12.0_cuda/install/autoware_config_msgs/lib/x86_64-linux-gnu/pkgconfig:/home/muyangren907/autoware/autoware.ai/1.12.0_cuda/install/autoware_config_msgs/lib/pkgconfig:/home/muyangren907/autoware/autoware.ai/1.12.0_cuda/install/autoware_can_msgs/lib/x86_64-linux-gnu/pkgconfig:/home/muyangren907/autoware/autoware.ai/1.12.0_cuda/install/autoware_can_msgs/lib/pkgconfig:/home/muyangren907/autoware/autoware.ai/1.12.0_cuda/install/autoware_build_flags/lib/x86_64-linux-gnu/pkgconfig:/home/muyangren907/autoware/autoware.ai/1.12.0_cuda/install/autoware_build_flags/lib/pkgconfig:${PKG_CONFIG_PATH} PYTHONPATH=/home/muyangren907/autoware/autoware.ai/1.12.0_cuda/install/vector_map_msgs/lib/python2.7/dist-packages:/home/muyangren907/autoware/autoware.ai/1.12.0_cuda/install/tablet_socket_msgs/lib/python2.7/dist-packages:/home/muyangren907/autoware/autoware.ai/1.12.0_cuda/install/autoware_system_msgs/lib/python2.7/dist-packages:/home/muyangren907/autoware/autoware.ai/1.12.0_cuda/install/autoware_msgs/lib/python2.7/dist-packages:/home/muyangren907/autoware/autoware.ai/1.12.0_cuda/install/autoware_config_msgs/lib/python2.7/dist-packages:/home/muyangren907/autoware/autoware.ai/1.12.0_cuda/install/autoware_can_msgs/lib/python2.7/dist-packages:${PYTHONPATH} ROS_PACKAGE_PATH=/home/muyangren907/autoware/autoware.ai/1.12.0_cuda/install/waypoint_planner/share:/home/muyangren907/autoware/autoware.ai/1.12.0_cuda/install/waypoint_follower/share:/home/muyangren907/autoware/autoware.ai/1.12.0_cuda/install/vector_map/share:/home/muyangren907/autoware/autoware.ai/1.12.0_cuda/install/autoware_health_checker/share:/home/muyangren907/autoware/autoware.ai/1.12.0_cuda/install/astar_search/share:/home/muyangren907/autoware/autoware.ai/1.12.0_cuda/install/amathutils_lib/share:/home/muyangren907/autoware/autoware.ai/1.12.0_cuda/install/vector_map_msgs/share:/home/muyangren907/autoware/autoware.ai/1.12.0_cuda/install/tablet_socket_msgs/share:/home/muyangren907/autoware/autoware.ai/1.12.0_cuda/install/gnss/share:/home/muyangren907/autoware/autoware.ai/1.12.0_cuda/install/autoware_system_msgs/share:/home/muyangren907/autoware/autoware.ai/1.12.0_cuda/install/autoware_msgs/share:/home/muyangren907/autoware/autoware.ai/1.12.0_cuda/install/autoware_config_msgs/share:/home/muyangren907/autoware/autoware.ai/1.12.0_cuda/install/autoware_can_msgs/share:/home/muyangren907/autoware/autoware.ai/1.12.0_cuda/install/autoware_build_flags/share:${ROS_PACKAGE_PATH} /usr/local/bin/cmake --build /home/muyangren907/autoware/autoware.ai/1.12.0_cuda/build/lattice_planner --target tests -- -j40 -l40
[35m[1mScanning dependencies of target tests[0m
Built target tests
Invoked command in '/home/muyangren907/autoware/autoware.ai/1.12.0_cuda/build/lattice_planner' returned '0': CMAKE_PREFIX_PATH=/home/muyangren907/autoware/autoware.ai/1.12.0_cuda/install/waypoint_planner:/home/muyangren907/autoware/autoware.ai/1.12.0_cuda/install/waypoint_follower:/home/muyangren907/autoware/autoware.ai/1.12.0_cuda/install/vector_map:/home/muyangren907/autoware/autoware.ai/1.12.0_cuda/install/autoware_health_checker:/home/muyangren907/autoware/autoware.ai/1.12.0_cuda/install/astar_search:/home/muyangren907/autoware/autoware.ai/1.12.0_cuda/install/amathutils_lib:/home/muyangren907/autoware/autoware.ai/1.12.0_cuda/install/vector_map_msgs:/home/muyangren907/autoware/autoware.ai/1.12.0_cuda/install/tablet_socket_msgs:/home/muyangren907/autoware/autoware.ai/1.12.0_cuda/install/gnss:/home/muyangren907/autoware/autoware.ai/1.12.0_cuda/install/autoware_system_msgs:/home/muyangren907/autoware/autoware.ai/1.12.0_cuda/install/autoware_msgs:/home/muyangren907/autoware/autoware.ai/1.12.0_cuda/install/autoware_config_msgs:/home/muyangren907/autoware/autoware.ai/1.12.0_cuda/install/autoware_can_msgs:/home/muyangren907/autoware/autoware.ai/1.12.0_cuda/install/autoware_build_flags:${CMAKE_PREFIX_PATH} LD_LIBRARY_PATH=/home/muyangren907/autoware/autoware.ai/1.12.0_cuda/install/waypoint_follower/lib:/home/muyangren907/autoware/autoware.ai/1.12.0_cuda/install/vector_map/lib:/home/muyangren907/autoware/autoware.ai/1.12.0_cuda/install/autoware_health_checker/lib:/home/muyangren907/autoware/autoware.ai/1.12.0_cuda/install/astar_search/lib:/home/muyangren907/autoware/autoware.ai/1.12.0_cuda/install/amathutils_lib/lib:/home/muyangren907/autoware/autoware.ai/1.12.0_cuda/install/gnss/lib:${LD_LIBRARY_PATH} PKG_CONFIG_PATH=/home/muyangren907/autoware/autoware.ai/1.12.0_cuda/install/waypoint_planner/lib/x86_64-linux-gnu/pkgconfig:/home/muyangren907/autoware/autoware.ai/1.12.0_cuda/install/waypoint_planner/lib/pkgconfig:/home/muyangren907/autoware/autoware.ai/1.12.0_cuda/install/waypoint_follower/lib/x86_64-linux-gnu/pkgconfig:/home/muyangren907/autoware/autoware.ai/1.12.0_cuda/install/waypoint_follower/lib/pkgconfig:/home/muyangren907/autoware/autoware.ai/1.12.0_cuda/install/vector_map/lib/x86_64-linux-gnu/pkgconfig:/home/muyangren907/autoware/autoware.ai/1.12.0_cuda/install/vector_map/lib/pkgconfig:/home/muyangren907/autoware/autoware.ai/1.12.0_cuda/install/autoware_health_checker/lib/x86_64-linux-gnu/pkgconfig:/home/muyangren907/autoware/autoware.ai/1.12.0_cuda/install/autoware_health_checker/lib/pkgconfig:/home/muyangren907/autoware/autoware.ai/1.12.0_cuda/install/astar_search/lib/x86_64-linux-gnu/pkgconfig:/home/muyangren907/autoware/autoware.ai/1.12.0_cuda/install/astar_search/lib/pkgconfig:/home/muyangren907/autoware/autoware.ai/1.12.0_cuda/install/amathutils_lib/lib/x86_64-linux-gnu/pkgconfig:/home/muyangren907/autoware/autoware.ai/1.12.0_cuda/install/amathutils_lib/lib/pkgconfig:/home/muyangren907/autoware/autoware.ai/1.12.0_cuda/install/vector_map_msgs/lib/x86_64-linux-gnu/pkgconfig:/home/muyangren907/autoware/autoware.ai/1.12.0_cuda/install/vector_map_msgs/lib/pkgconfig:/home/muyangren907/autoware/autoware.ai/1.12.0_cuda/install/tablet_socket_msgs/lib/x86_64-linux-gnu/pkgconfig:/home/muyangren907/autoware/autoware.ai/1.12.0_cuda/install/tablet_socket_msgs/lib/pkgconfig:/home/muyangren907/autoware/autoware.ai/1.12.0_cuda/install/gnss/lib/x86_64-linux-gnu/pkgconfig:/home/muyangren907/autoware/autoware.ai/1.12.0_cuda/install/gnss/lib/pkgconfig:/home/muyangren907/autoware/autoware.ai/1.12.0_cuda/install/autoware_system_msgs/lib/x86_64-linux-gnu/pkgconfig:/home/muyangren907/autoware/autoware.ai/1.12.0_cuda/install/autoware_system_msgs/lib/pkgconfig:/home/muyangren907/autoware/autoware.ai/1.12.0_cuda/install/autoware_msgs/lib/x86_64-linux-gnu/pkgconfig:/home/muyangren907/autoware/autoware.ai/1.12.0_cuda/install/autoware_msgs/lib/pkgconfig:/home/muyangren907/autoware/autoware.ai/1.12.0_cuda/install/autoware_config_msgs/lib/x86_64-linux-gnu/pkgconfig:/home/muyangren907/autoware/autoware.ai/1.12.0_cuda/install/autoware_config_msgs/lib/pkgconfig:/home/muyangren907/autoware/autoware.ai/1.12.0_cuda/install/autoware_can_msgs/lib/x86_64-linux-gnu/pkgconfig:/home/muyangren907/autoware/autoware.ai/1.12.0_cuda/install/autoware_can_msgs/lib/pkgconfig:/home/muyangren907/autoware/autoware.ai/1.12.0_cuda/install/autoware_build_flags/lib/x86_64-linux-gnu/pkgconfig:/home/muyangren907/autoware/autoware.ai/1.12.0_cuda/install/autoware_build_flags/lib/pkgconfig:${PKG_CONFIG_PATH} PYTHONPATH=/home/muyangren907/autoware/autoware.ai/1.12.0_cuda/install/vector_map_msgs/lib/python2.7/dist-packages:/home/muyangren907/autoware/autoware.ai/1.12.0_cuda/install/tablet_socket_msgs/lib/python2.7/dist-packages:/home/muyangren907/autoware/autoware.ai/1.12.0_cuda/install/autoware_system_msgs/lib/python2.7/dist-packages:/home/muyangren907/autoware/autoware.ai/1.12.0_cuda/install/autoware_msgs/lib/python2.7/dist-packages:/home/muyangren907/autoware/autoware.ai/1.12.0_cuda/install/autoware_config_msgs/lib/python2.7/dist-packages:/home/muyangren907/autoware/autoware.ai/1.12.0_cuda/install/autoware_can_msgs/lib/python2.7/dist-packages:${PYTHONPATH} ROS_PACKAGE_PATH=/home/muyangren907/autoware/autoware.ai/1.12.0_cuda/install/waypoint_planner/share:/home/muyangren907/autoware/autoware.ai/1.12.0_cuda/install/waypoint_follower/share:/home/muyangren907/autoware/autoware.ai/1.12.0_cuda/install/vector_map/share:/home/muyangren907/autoware/autoware.ai/1.12.0_cuda/install/autoware_health_checker/share:/home/muyangren907/autoware/autoware.ai/1.12.0_cuda/install/astar_search/share:/home/muyangren907/autoware/autoware.ai/1.12.0_cuda/install/amathutils_lib/share:/home/muyangren907/autoware/autoware.ai/1.12.0_cuda/install/vector_map_msgs/share:/home/muyangren907/autoware/autoware.ai/1.12.0_cuda/install/tablet_socket_msgs/share:/home/muyangren907/autoware/autoware.ai/1.12.0_cuda/install/gnss/share:/home/muyangren907/autoware/autoware.ai/1.12.0_cuda/install/autoware_system_msgs/share:/home/muyangren907/autoware/autoware.ai/1.12.0_cuda/install/autoware_msgs/share:/home/muyangren907/autoware/autoware.ai/1.12.0_cuda/install/autoware_config_msgs/share:/home/muyangren907/autoware/autoware.ai/1.12.0_cuda/install/autoware_can_msgs/share:/home/muyangren907/autoware/autoware.ai/1.12.0_cuda/install/autoware_build_flags/share:${ROS_PACKAGE_PATH} /usr/local/bin/cmake --build /home/muyangren907/autoware/autoware.ai/1.12.0_cuda/build/lattice_planner --target tests -- -j40 -l40
Invoking command in '/home/muyangren907/autoware/autoware.ai/1.12.0_cuda/build/lattice_planner': CMAKE_PREFIX_PATH=/home/muyangren907/autoware/autoware.ai/1.12.0_cuda/install/waypoint_planner:/home/muyangren907/autoware/autoware.ai/1.12.0_cuda/install/waypoint_follower:/home/muyangren907/autoware/autoware.ai/1.12.0_cuda/install/vector_map:/home/muyangren907/autoware/autoware.ai/1.12.0_cuda/install/autoware_health_checker:/home/muyangren907/autoware/autoware.ai/1.12.0_cuda/install/astar_search:/home/muyangren907/autoware/autoware.ai/1.12.0_cuda/install/amathutils_lib:/home/muyangren907/autoware/autoware.ai/1.12.0_cuda/install/vector_map_msgs:/home/muyangren907/autoware/autoware.ai/1.12.0_cuda/install/tablet_socket_msgs:/home/muyangren907/autoware/autoware.ai/1.12.0_cuda/install/gnss:/home/muyangren907/autoware/autoware.ai/1.12.0_cuda/install/autoware_system_msgs:/home/muyangren907/autoware/autoware.ai/1.12.0_cuda/install/autoware_msgs:/home/muyangren907/autoware/autoware.ai/1.12.0_cuda/install/autoware_config_msgs:/home/muyangren907/autoware/autoware.ai/1.12.0_cuda/install/autoware_can_msgs:/home/muyangren907/autoware/autoware.ai/1.12.0_cuda/install/autoware_build_flags:${CMAKE_PREFIX_PATH} LD_LIBRARY_PATH=/home/muyangren907/autoware/autoware.ai/1.12.0_cuda/install/waypoint_follower/lib:/home/muyangren907/autoware/autoware.ai/1.12.0_cuda/install/vector_map/lib:/home/muyangren907/autoware/autoware.ai/1.12.0_cuda/install/autoware_health_checker/lib:/home/muyangren907/autoware/autoware.ai/1.12.0_cuda/install/astar_search/lib:/home/muyangren907/autoware/autoware.ai/1.12.0_cuda/install/amathutils_lib/lib:/home/muyangren907/autoware/autoware.ai/1.12.0_cuda/install/gnss/lib:${LD_LIBRARY_PATH} PKG_CONFIG_PATH=/home/muyangren907/autoware/autoware.ai/1.12.0_cuda/install/waypoint_planner/lib/x86_64-linux-gnu/pkgconfig:/home/muyangren907/autoware/autoware.ai/1.12.0_cuda/install/waypoint_planner/lib/pkgconfig:/home/muyangren907/autoware/autoware.ai/1.12.0_cuda/install/waypoint_follower/lib/x86_64-linux-gnu/pkgconfig:/home/muyangren907/autoware/autoware.ai/1.12.0_cuda/install/waypoint_follower/lib/pkgconfig:/home/muyangren907/autoware/autoware.ai/1.12.0_cuda/install/vector_map/lib/x86_64-linux-gnu/pkgconfig:/home/muyangren907/autoware/autoware.ai/1.12.0_cuda/install/vector_map/lib/pkgconfig:/home/muyangren907/autoware/autoware.ai/1.12.0_cuda/install/autoware_health_checker/lib/x86_64-linux-gnu/pkgconfig:/home/muyangren907/autoware/autoware.ai/1.12.0_cuda/install/autoware_health_checker/lib/pkgconfig:/home/muyangren907/autoware/autoware.ai/1.12.0_cuda/install/astar_search/lib/x86_64-linux-gnu/pkgconfig:/home/muyangren907/autoware/autoware.ai/1.12.0_cuda/install/astar_search/lib/pkgconfig:/home/muyangren907/autoware/autoware.ai/1.12.0_cuda/install/amathutils_lib/lib/x86_64-linux-gnu/pkgconfig:/home/muyangren907/autoware/autoware.ai/1.12.0_cuda/install/amathutils_lib/lib/pkgconfig:/home/muyangren907/autoware/autoware.ai/1.12.0_cuda/install/vector_map_msgs/lib/x86_64-linux-gnu/pkgconfig:/home/muyangren907/autoware/autoware.ai/1.12.0_cuda/install/vector_map_msgs/lib/pkgconfig:/home/muyangren907/autoware/autoware.ai/1.12.0_cuda/install/tablet_socket_msgs/lib/x86_64-linux-gnu/pkgconfig:/home/muyangren907/autoware/autoware.ai/1.12.0_cuda/install/tablet_socket_msgs/lib/pkgconfig:/home/muyangren907/autoware/autoware.ai/1.12.0_cuda/install/gnss/lib/x86_64-linux-gnu/pkgconfig:/home/muyangren907/autoware/autoware.ai/1.12.0_cuda/install/gnss/lib/pkgconfig:/home/muyangren907/autoware/autoware.ai/1.12.0_cuda/install/autoware_system_msgs/lib/x86_64-linux-gnu/pkgconfig:/home/muyangren907/autoware/autoware.ai/1.12.0_cuda/install/autoware_system_msgs/lib/pkgconfig:/home/muyangren907/autoware/autoware.ai/1.12.0_cuda/install/autoware_msgs/lib/x86_64-linux-gnu/pkgconfig:/home/muyangren907/autoware/autoware.ai/1.12.0_cuda/install/autoware_msgs/lib/pkgconfig:/home/muyangren907/autoware/autoware.ai/1.12.0_cuda/install/autoware_config_msgs/lib/x86_64-linux-gnu/pkgconfig:/home/muyangren907/autoware/autoware.ai/1.12.0_cuda/install/autoware_config_msgs/lib/pkgconfig:/home/muyangren907/autoware/autoware.ai/1.12.0_cuda/install/autoware_can_msgs/lib/x86_64-linux-gnu/pkgconfig:/home/muyangren907/autoware/autoware.ai/1.12.0_cuda/install/autoware_can_msgs/lib/pkgconfig:/home/muyangren907/autoware/autoware.ai/1.12.0_cuda/install/autoware_build_flags/lib/x86_64-linux-gnu/pkgconfig:/home/muyangren907/autoware/autoware.ai/1.12.0_cuda/install/autoware_build_flags/lib/pkgconfig:${PKG_CONFIG_PATH} PYTHONPATH=/home/muyangren907/autoware/autoware.ai/1.12.0_cuda/install/vector_map_msgs/lib/python2.7/dist-packages:/home/muyangren907/autoware/autoware.ai/1.12.0_cuda/install/tablet_socket_msgs/lib/python2.7/dist-packages:/home/muyangren907/autoware/autoware.ai/1.12.0_cuda/install/autoware_system_msgs/lib/python2.7/dist-packages:/home/muyangren907/autoware/autoware.ai/1.12.0_cuda/install/autoware_msgs/lib/python2.7/dist-packages:/home/muyangren907/autoware/autoware.ai/1.12.0_cuda/install/autoware_config_msgs/lib/python2.7/dist-packages:/home/muyangren907/autoware/autoware.ai/1.12.0_cuda/install/autoware_can_msgs/lib/python2.7/dist-packages:${PYTHONPATH} ROS_PACKAGE_PATH=/home/muyangren907/autoware/autoware.ai/1.12.0_cuda/install/waypoint_planner/share:/home/muyangren907/autoware/autoware.ai/1.12.0_cuda/install/waypoint_follower/share:/home/muyangren907/autoware/autoware.ai/1.12.0_cuda/install/vector_map/share:/home/muyangren907/autoware/autoware.ai/1.12.0_cuda/install/autoware_health_checker/share:/home/muyangren907/autoware/autoware.ai/1.12.0_cuda/install/astar_search/share:/home/muyangren907/autoware/autoware.ai/1.12.0_cuda/install/amathutils_lib/share:/home/muyangren907/autoware/autoware.ai/1.12.0_cuda/install/vector_map_msgs/share:/home/muyangren907/autoware/autoware.ai/1.12.0_cuda/install/tablet_socket_msgs/share:/home/muyangren907/autoware/autoware.ai/1.12.0_cuda/install/gnss/share:/home/muyangren907/autoware/autoware.ai/1.12.0_cuda/install/autoware_system_msgs/share:/home/muyangren907/autoware/autoware.ai/1.12.0_cuda/install/autoware_msgs/share:/home/muyangren907/autoware/autoware.ai/1.12.0_cuda/install/autoware_config_msgs/share:/home/muyangren907/autoware/autoware.ai/1.12.0_cuda/install/autoware_can_msgs/share:/home/muyangren907/autoware/autoware.ai/1.12.0_cuda/install/autoware_build_flags/share:${ROS_PACKAGE_PATH} /usr/local/bin/cmake --build /home/muyangren907/autoware/autoware.ai/1.12.0_cuda/build/lattice_planner --target install -- -j40 -l40
[  0%] Built target actionlib_generate_messages_nodejs
[  0%] Built target autoware_system_msgs_generate_messages_lisp
[  0%] Built target vector_map_msgs_generate_messages_lisp
[  0%] Built target std_srvs_generate_messages_eus
[  0%] Built target tf2_msgs_generate_messages_py
[  0%] Built target actionlib_msgs_generate_messages_eus
[  0%] Built target std_msgs_generate_messages_nodejs
[  0%] Built target std_msgs_generate_messages_py
[  0%] Built target jsk_footstep_msgs_generate_messages_lisp
[  0%] Built target sensor_msgs_generate_messages_eus
[  0%] Built target bond_generate_messages_eus
[  0%] Built target tf_generate_messages_eus
[  0%] Built target autoware_msgs_generate_messages_cpp
[  0%] Built target actionlib_msgs_generate_messages_cpp
[  0%] Built target topic_tools_generate_messages_py
[  0%] Built target actionlib_generate_messages_cpp
[  0%] Built target sensor_msgs_generate_messages_cpp
[  0%] Built target actionlib_generate_messages_lisp
[  0%] Built target rosgraph_msgs_generate_messages_py
[  0%] Built target tablet_socket_msgs_generate_messages_py
[  0%] Built target actionlib_msgs_generate_messages_nodejs
[  0%] Built target trajectory_msgs_generate_messages_lisp
[  0%] Built target pcl_msgs_generate_messages_nodejs
[  0%] Built target roscpp_generate_messages_nodejs
[  0%] Built target tf_generate_messages_lisp
[  0%] Built target roscpp_generate_messages_eus
[  0%] Built target rosgraph_msgs_generate_messages_cpp
[  0%] Built target rosgraph_msgs_generate_messages_eus
[  0%] Built target geometry_msgs_generate_messages_eus
[  0%] Built target jsk_recognition_msgs_generate_messages_eus
[  0%] Built target nodelet_generate_messages_py
[  0%] Built target rosgraph_msgs_generate_messages_lisp
[  0%] Built target rosgraph_msgs_generate_messages_nodejs
[  0%] Built target std_srvs_generate_messages_nodejs
[  0%] Built target autoware_can_msgs_generate_messages_py
[  0%] Built target actionlib_msgs_generate_messages_py
[  0%] Built target roscpp_generate_messages_cpp
[  0%] Built target sensor_msgs_generate_messages_py
[  0%] Built target geometry_msgs_generate_messages_nodejs
[  0%] Built target pcl_msgs_generate_messages_eus
[  0%] Built target std_srvs_generate_messages_py
[  0%] Built target roscpp_generate_messages_py
[  0%] Built target sensor_msgs_generate_messages_nodejs
[  0%] Built target std_msgs_generate_messages_cpp
[  0%] Built target geometry_msgs_generate_messages_py
[  0%] Built target tf_generate_messages_nodejs
[  0%] Built target tf_generate_messages_py
[  0%] Built target actionlib_generate_messages_py
[  0%] Built target geometry_msgs_generate_messages_lisp
[  0%] Built target tf2_msgs_generate_messages_eus
[  0%] Built target geometry_msgs_generate_messages_cpp
[  0%] Built target roscpp_generate_messages_lisp
[  0%] Built target nodelet_generate_messages_cpp
[  0%] Built target tf2_msgs_generate_messages_nodejs
[  0%] Built target visualization_msgs_generate_messages_lisp
[  0%] Built target visualization_msgs_generate_messages_py
[  0%] Built target actionlib_generate_messages_eus
[  0%] Built target tf2_msgs_generate_messages_cpp
[  0%] Built target gazebo_msgs_generate_messages_nodejs
[  0%] Built target std_msgs_generate_messages_eus
[  0%] Built target autoware_config_msgs_generate_messages_nodejs
[  0%] Built target gazebo_msgs_generate_messages_eus
[  0%] Built target visualization_msgs_generate_messages_nodejs
[  0%] Built target tf2_msgs_generate_messages_lisp
[  0%] Built target pcl_ros_gencfg
[  0%] Built target vector_map_msgs_generate_messages_cpp
[  0%] Built target autoware_config_msgs_generate_messages_cpp
[  0%] Built target std_srvs_generate_messages_lisp
[  0%] Built target dynamic_reconfigure_generate_messages_py
[  0%] Built target vector_map_msgs_generate_messages_py
[  0%] Built target std_msgs_generate_messages_lisp
[  0%] Built target tf_generate_messages_cpp
[  0%] Built target visualization_msgs_generate_messages_cpp
[  0%] Built target nodelet_generate_messages_lisp
[  0%] Built target dynamic_reconfigure_generate_messages_cpp
[  0%] Built target dynamic_reconfigure_generate_messages_lisp
[  0%] Built target autoware_can_msgs_generate_messages_cpp
[  0%] Built target vector_map_msgs_generate_messages_nodejs
[  0%] Built target vector_map_msgs_generate_messages_eus
[  0%] Built target dynamic_reconfigure_gencfg
[  0%] Built target nodelet_generate_messages_nodejs
[  0%] Built target bond_generate_messages_cpp
[  0%] Built target nodelet_generate_messages_eus
[  0%] Built target autoware_msgs_generate_messages_nodejs
[  0%] Built target topic_tools_generate_messages_cpp
[  0%] Built target pcl_msgs_generate_messages_lisp
[  0%] Built target pcl_msgs_generate_messages_cpp
[  0%] Built target bond_generate_messages_lisp
[  0%] Built target std_srvs_generate_messages_cpp
[  0%] Built target visualization_msgs_generate_messages_eus
[  0%] Built target nodelet_topic_tools_gencfg
[  0%] Built target bond_generate_messages_nodejs
[  0%] Built target sensor_msgs_generate_messages_lisp
[  0%] Built target autoware_system_msgs_generate_messages_py
[  0%] Built target topic_tools_generate_messages_eus
[  0%] Built target topic_tools_generate_messages_lisp
[  0%] Built target jsk_recognition_msgs_generate_messages_cpp
[  0%] Built target pcl_msgs_generate_messages_py
[  0%] Built target jsk_footstep_msgs_generate_messages_py
[  0%] Built target jsk_footstep_msgs_generate_messages_nodejs
[  0%] Built target bond_generate_messages_py
[  0%] Built target topic_tools_generate_messages_nodejs
[  0%] Built target dynamic_reconfigure_generate_messages_eus
[  0%] Built target autoware_msgs_generate_messages_eus
[  0%] Built target autoware_config_msgs_generate_messages_eus
[  0%] Built target jsk_footstep_msgs_generate_messages_cpp
[  0%] Built target autoware_system_msgs_generate_messages_nodejs
[  0%] Built target autoware_system_msgs_generate_messages_cpp
[  0%] Built target jsk_footstep_msgs_generate_messages_eus
[  0%] Built target jsk_recognition_msgs_generate_messages_py
[  0%] Built target tablet_socket_msgs_generate_messages_nodejs
[  0%] Built target tablet_socket_msgs_generate_messages_eus
[  0%] Built target jsk_recognition_msgs_generate_messages_lisp
[  0%] Built target jsk_recognition_msgs_generate_messages_nodejs
[  0%] Built target autoware_can_msgs_generate_messages_nodejs
[  0%] Built target autoware_config_msgs_generate_messages_lisp
[  0%] Built target tablet_socket_msgs_generate_messages_cpp
[  0%] Built target tablet_socket_msgs_generate_messages_lisp
[  0%] Built target gazebo_msgs_generate_messages_lisp
[  0%] Built target autoware_config_msgs_generate_messages_py
[  0%] Built target autoware_can_msgs_generate_messages_lisp
[  0%] Built target autoware_can_msgs_generate_messages_eus
[  0%] Built target trajectory_msgs_generate_messages_py
[  0%] Built target trajectory_msgs_generate_messages_eus
[  0%] Built target trajectory_msgs_generate_messages_cpp
[  0%] Built target trajectory_msgs_generate_messages_nodejs
[  0%] Built target gazebo_msgs_generate_messages_py
[  0%] Built target autoware_msgs_generate_messages_py
[  0%] Built target actionlib_msgs_generate_messages_lisp
[  0%] Built target gazebo_msgs_generate_messages_cpp
[  0%] Built target autoware_msgs_generate_messages_lisp
[  0%] Built target dynamic_reconfigure_generate_messages_nodejs
[  0%] Built target autoware_system_msgs_generate_messages_eus
[ 18%] Built target libtraj_gen
[ 36%] Built target path_select
[ 63%] Built target lattice_twist_convert
[ 72%] Built target lattice_trajectory_gen
[100%] Built target lattice_velocity_set
[36mInstall the project...[0m
-- Install configuration: "Release"
-- Installing: /home/muyangren907/autoware/autoware.ai/1.12.0_cuda/install/lattice_planner/lib/pkgconfig/lattice_planner.pc
-- Installing: /home/muyangren907/autoware/autoware.ai/1.12.0_cuda/install/lattice_planner/share/lattice_planner/cmake/lattice_plannerConfig.cmake
-- Installing: /home/muyangren907/autoware/autoware.ai/1.12.0_cuda/install/lattice_planner/share/lattice_planner/cmake/lattice_plannerConfig-version.cmake
-- Installing: /home/muyangren907/autoware/autoware.ai/1.12.0_cuda/install/lattice_planner/share/lattice_planner/package.xml
-- Installing: /home/muyangren907/autoware/autoware.ai/1.12.0_cuda/install/lattice_planner/lib/liblibtraj_gen.so
-- Set runtime path of "/home/muyangren907/autoware/autoware.ai/1.12.0_cuda/install/lattice_planner/lib/liblibtraj_gen.so" to ""
-- Installing: /home/muyangren907/autoware/autoware.ai/1.12.0_cuda/install/lattice_planner/lib/lattice_planner/lattice_trajectory_gen
-- Set runtime path of "/home/muyangren907/autoware/autoware.ai/1.12.0_cuda/install/lattice_planner/lib/lattice_planner/lattice_trajectory_gen" to ""
-- Installing: /home/muyangren907/autoware/autoware.ai/1.12.0_cuda/install/lattice_planner/lib/lattice_planner/lattice_twist_convert
-- Set runtime path of "/home/muyangren907/autoware/autoware.ai/1.12.0_cuda/install/lattice_planner/lib/lattice_planner/lattice_twist_convert" to ""
-- Installing: /home/muyangren907/autoware/autoware.ai/1.12.0_cuda/install/lattice_planner/lib/lattice_planner/lattice_velocity_set
-- Set runtime path of "/home/muyangren907/autoware/autoware.ai/1.12.0_cuda/install/lattice_planner/lib/lattice_planner/lattice_velocity_set" to ""
-- Installing: /home/muyangren907/autoware/autoware.ai/1.12.0_cuda/install/lattice_planner/lib/lattice_planner/path_select
-- Set runtime path of "/home/muyangren907/autoware/autoware.ai/1.12.0_cuda/install/lattice_planner/lib/lattice_planner/path_select" to ""
-- Installing: /home/muyangren907/autoware/autoware.ai/1.12.0_cuda/install/lattice_planner/share/lattice_planner/launch
-- Installing: /home/muyangren907/autoware/autoware.ai/1.12.0_cuda/install/lattice_planner/share/lattice_planner/launch/lattice_velocity_set.launch
-- Installing: /home/muyangren907/autoware/autoware.ai/1.12.0_cuda/install/lattice_planner/share/lattice_planner/launch/lattice_trajectory_gen.launch
Invoked command in '/home/muyangren907/autoware/autoware.ai/1.12.0_cuda/build/lattice_planner' returned '0': CMAKE_PREFIX_PATH=/home/muyangren907/autoware/autoware.ai/1.12.0_cuda/install/waypoint_planner:/home/muyangren907/autoware/autoware.ai/1.12.0_cuda/install/waypoint_follower:/home/muyangren907/autoware/autoware.ai/1.12.0_cuda/install/vector_map:/home/muyangren907/autoware/autoware.ai/1.12.0_cuda/install/autoware_health_checker:/home/muyangren907/autoware/autoware.ai/1.12.0_cuda/install/astar_search:/home/muyangren907/autoware/autoware.ai/1.12.0_cuda/install/amathutils_lib:/home/muyangren907/autoware/autoware.ai/1.12.0_cuda/install/vector_map_msgs:/home/muyangren907/autoware/autoware.ai/1.12.0_cuda/install/tablet_socket_msgs:/home/muyangren907/autoware/autoware.ai/1.12.0_cuda/install/gnss:/home/muyangren907/autoware/autoware.ai/1.12.0_cuda/install/autoware_system_msgs:/home/muyangren907/autoware/autoware.ai/1.12.0_cuda/install/autoware_msgs:/home/muyangren907/autoware/autoware.ai/1.12.0_cuda/install/autoware_config_msgs:/home/muyangren907/autoware/autoware.ai/1.12.0_cuda/install/autoware_can_msgs:/home/muyangren907/autoware/autoware.ai/1.12.0_cuda/install/autoware_build_flags:${CMAKE_PREFIX_PATH} LD_LIBRARY_PATH=/home/muyangren907/autoware/autoware.ai/1.12.0_cuda/install/waypoint_follower/lib:/home/muyangren907/autoware/autoware.ai/1.12.0_cuda/install/vector_map/lib:/home/muyangren907/autoware/autoware.ai/1.12.0_cuda/install/autoware_health_checker/lib:/home/muyangren907/autoware/autoware.ai/1.12.0_cuda/install/astar_search/lib:/home/muyangren907/autoware/autoware.ai/1.12.0_cuda/install/amathutils_lib/lib:/home/muyangren907/autoware/autoware.ai/1.12.0_cuda/install/gnss/lib:${LD_LIBRARY_PATH} PKG_CONFIG_PATH=/home/muyangren907/autoware/autoware.ai/1.12.0_cuda/install/waypoint_planner/lib/x86_64-linux-gnu/pkgconfig:/home/muyangren907/autoware/autoware.ai/1.12.0_cuda/install/waypoint_planner/lib/pkgconfig:/home/muyangren907/autoware/autoware.ai/1.12.0_cuda/install/waypoint_follower/lib/x86_64-linux-gnu/pkgconfig:/home/muyangren907/autoware/autoware.ai/1.12.0_cuda/install/waypoint_follower/lib/pkgconfig:/home/muyangren907/autoware/autoware.ai/1.12.0_cuda/install/vector_map/lib/x86_64-linux-gnu/pkgconfig:/home/muyangren907/autoware/autoware.ai/1.12.0_cuda/install/vector_map/lib/pkgconfig:/home/muyangren907/autoware/autoware.ai/1.12.0_cuda/install/autoware_health_checker/lib/x86_64-linux-gnu/pkgconfig:/home/muyangren907/autoware/autoware.ai/1.12.0_cuda/install/autoware_health_checker/lib/pkgconfig:/home/muyangren907/autoware/autoware.ai/1.12.0_cuda/install/astar_search/lib/x86_64-linux-gnu/pkgconfig:/home/muyangren907/autoware/autoware.ai/1.12.0_cuda/install/astar_search/lib/pkgconfig:/home/muyangren907/autoware/autoware.ai/1.12.0_cuda/install/amathutils_lib/lib/x86_64-linux-gnu/pkgconfig:/home/muyangren907/autoware/autoware.ai/1.12.0_cuda/install/amathutils_lib/lib/pkgconfig:/home/muyangren907/autoware/autoware.ai/1.12.0_cuda/install/vector_map_msgs/lib/x86_64-linux-gnu/pkgconfig:/home/muyangren907/autoware/autoware.ai/1.12.0_cuda/install/vector_map_msgs/lib/pkgconfig:/home/muyangren907/autoware/autoware.ai/1.12.0_cuda/install/tablet_socket_msgs/lib/x86_64-linux-gnu/pkgconfig:/home/muyangren907/autoware/autoware.ai/1.12.0_cuda/install/tablet_socket_msgs/lib/pkgconfig:/home/muyangren907/autoware/autoware.ai/1.12.0_cuda/install/gnss/lib/x86_64-linux-gnu/pkgconfig:/home/muyangren907/autoware/autoware.ai/1.12.0_cuda/install/gnss/lib/pkgconfig:/home/muyangren907/autoware/autoware.ai/1.12.0_cuda/install/autoware_system_msgs/lib/x86_64-linux-gnu/pkgconfig:/home/muyangren907/autoware/autoware.ai/1.12.0_cuda/install/autoware_system_msgs/lib/pkgconfig:/home/muyangren907/autoware/autoware.ai/1.12.0_cuda/install/autoware_msgs/lib/x86_64-linux-gnu/pkgconfig:/home/muyangren907/autoware/autoware.ai/1.12.0_cuda/install/autoware_msgs/lib/pkgconfig:/home/muyangren907/autoware/autoware.ai/1.12.0_cuda/install/autoware_config_msgs/lib/x86_64-linux-gnu/pkgconfig:/home/muyangren907/autoware/autoware.ai/1.12.0_cuda/install/autoware_config_msgs/lib/pkgconfig:/home/muyangren907/autoware/autoware.ai/1.12.0_cuda/install/autoware_can_msgs/lib/x86_64-linux-gnu/pkgconfig:/home/muyangren907/autoware/autoware.ai/1.12.0_cuda/install/autoware_can_msgs/lib/pkgconfig:/home/muyangren907/autoware/autoware.ai/1.12.0_cuda/install/autoware_build_flags/lib/x86_64-linux-gnu/pkgconfig:/home/muyangren907/autoware/autoware.ai/1.12.0_cuda/install/autoware_build_flags/lib/pkgconfig:${PKG_CONFIG_PATH} PYTHONPATH=/home/muyangren907/autoware/autoware.ai/1.12.0_cuda/install/vector_map_msgs/lib/python2.7/dist-packages:/home/muyangren907/autoware/autoware.ai/1.12.0_cuda/install/tablet_socket_msgs/lib/python2.7/dist-packages:/home/muyangren907/autoware/autoware.ai/1.12.0_cuda/install/autoware_system_msgs/lib/python2.7/dist-packages:/home/muyangren907/autoware/autoware.ai/1.12.0_cuda/install/autoware_msgs/lib/python2.7/dist-packages:/home/muyangren907/autoware/autoware.ai/1.12.0_cuda/install/autoware_config_msgs/lib/python2.7/dist-packages:/home/muyangren907/autoware/autoware.ai/1.12.0_cuda/install/autoware_can_msgs/lib/python2.7/dist-packages:${PYTHONPATH} ROS_PACKAGE_PATH=/home/muyangren907/autoware/autoware.ai/1.12.0_cuda/install/waypoint_planner/share:/home/muyangren907/autoware/autoware.ai/1.12.0_cuda/install/waypoint_follower/share:/home/muyangren907/autoware/autoware.ai/1.12.0_cuda/install/vector_map/share:/home/muyangren907/autoware/autoware.ai/1.12.0_cuda/install/autoware_health_checker/share:/home/muyangren907/autoware/autoware.ai/1.12.0_cuda/install/astar_search/share:/home/muyangren907/autoware/autoware.ai/1.12.0_cuda/install/amathutils_lib/share:/home/muyangren907/autoware/autoware.ai/1.12.0_cuda/install/vector_map_msgs/share:/home/muyangren907/autoware/autoware.ai/1.12.0_cuda/install/tablet_socket_msgs/share:/home/muyangren907/autoware/autoware.ai/1.12.0_cuda/install/gnss/share:/home/muyangren907/autoware/autoware.ai/1.12.0_cuda/install/autoware_system_msgs/share:/home/muyangren907/autoware/autoware.ai/1.12.0_cuda/install/autoware_msgs/share:/home/muyangren907/autoware/autoware.ai/1.12.0_cuda/install/autoware_config_msgs/share:/home/muyangren907/autoware/autoware.ai/1.12.0_cuda/install/autoware_can_msgs/share:/home/muyangren907/autoware/autoware.ai/1.12.0_cuda/install/autoware_build_flags/share:${ROS_PACKAGE_PATH} /usr/local/bin/cmake --build /home/muyangren907/autoware/autoware.ai/1.12.0_cuda/build/lattice_planner --target install -- -j40 -l40
