In file included from [01m[K/home/myr907/autoware.ai/src/autoware/core_planning/way_planner/nodes/ROSHelpers.cpp:8:0[m[K:
[01m[K/home/myr907/autoware.ai/src/autoware/core_planning/way_planner/include/ROSHelpers.h:[m[K In static member function ‘[01m[Kstatic std::vector<std::__cxx11::basic_string<char> > WayPlannerNS::HMI_MSG::SplitString(const string&, const string&)[m[K’:
[01m[K/home/myr907/autoware.ai/src/autoware/core_planning/way_planner/include/ROSHelpers.h:105:41:[m[K [01;35m[Kwarning: [m[Kcomparison between signed and unsigned integer expressions [[01;35m[K-Wsign-compare[m[K]
   while (iSecondPart > 0 && [01;35m[KiSecondPart < str.size()[m[K)
                             [01;35m[K~~~~~~~~~~~~^~~~~~~~~~~~[m[K
In file included from [01m[K/home/myr907/autoware.ai/src/autoware/core_planning/way_planner/include/SocketServer.h:19:0[m[K,
                 from [01m[K/home/myr907/autoware.ai/src/autoware/core_planning/way_planner/nodes/SocketServer.cpp:8[m[K:
[01m[K/home/myr907/autoware.ai/src/autoware/core_planning/way_planner/include/ROSHelpers.h:[m[K In static member function ‘[01m[Kstatic std::vector<std::__cxx11::basic_string<char> > WayPlannerNS::HMI_MSG::SplitString(const string&, const string&)[m[K’:
[01m[K/home/myr907/autoware.ai/src/autoware/core_planning/way_planner/include/ROSHelpers.h:105:41:[m[K [01;35m[Kwarning: [m[Kcomparison between signed and unsigned integer expressions [[01;35m[K-Wsign-compare[m[K]
   while (iSecondPart > 0 && [01;35m[KiSecondPart < str.size()[m[K)
                             [01;35m[K~~~~~~~~~~~~^~~~~~~~~~~~[m[K
In file included from [01m[K/home/myr907/autoware.ai/src/autoware/core_planning/way_planner/include/way_planner_core.h:50:0[m[K,
                 from [01m[K/home/myr907/autoware.ai/src/autoware/core_planning/way_planner/nodes/way_planner_core.cpp:17[m[K:
[01m[K/home/myr907/autoware.ai/src/autoware/core_planning/way_planner/include/ROSHelpers.h:[m[K In static member function ‘[01m[Kstatic std::vector<std::__cxx11::basic_string<char> > WayPlannerNS::HMI_MSG::SplitString(const string&, const string&)[m[K’:
[01m[K/home/myr907/autoware.ai/src/autoware/core_planning/way_planner/include/ROSHelpers.h:105:41:[m[K [01;35m[Kwarning: [m[Kcomparison between signed and unsigned integer expressions [[01;35m[K-Wsign-compare[m[K]
   while (iSecondPart > 0 && [01;35m[KiSecondPart < str.size()[m[K)
                             [01;35m[K~~~~~~~~~~~~^~~~~~~~~~~~[m[K
In file included from [01m[K/home/myr907/autoware.ai/src/autoware/core_planning/way_planner/include/way_planner_core.h:50:0[m[K,
                 from [01m[K/home/myr907/autoware.ai/src/autoware/core_planning/way_planner/nodes/way_planner.cpp:27[m[K:
[01m[K/home/myr907/autoware.ai/src/autoware/core_planning/way_planner/include/ROSHelpers.h:[m[K In static member function ‘[01m[Kstatic std::vector<std::__cxx11::basic_string<char> > WayPlannerNS::HMI_MSG::SplitString(const string&, const string&)[m[K’:
[01m[K/home/myr907/autoware.ai/src/autoware/core_planning/way_planner/include/ROSHelpers.h:105:41:[m[K [01;35m[Kwarning: [m[Kcomparison between signed and unsigned integer expressions [[01;35m[K-Wsign-compare[m[K]
   while (iSecondPart > 0 && [01;35m[KiSecondPart < str.size()[m[K)
                             [01;35m[K~~~~~~~~~~~~^~~~~~~~~~~~[m[K
[01m[K/home/myr907/autoware.ai/src/autoware/core_planning/way_planner/nodes/way_planner_core.cpp:[m[K In member function ‘[01m[Kvoid WayPlannerNS::way_planner_core::PlannerMainLoop()[m[K’:
[01m[K/home/myr907/autoware.ai/src/autoware/core_planning/way_planner/nodes/way_planner_core.cpp:712:67:[m[K [01;35m[Kwarning: [m[Kcomparison between signed and unsigned integer expressions [[01;35m[K-Wsign-compare[m[K]
      if(ret == true && info.iGlobalPath >= 0 &&  [01;35m[Kinfo.iGlobalPath < m_GeneratedTotalPaths.size()[m[K && info.iFront > 0 && info.iFront < m_GeneratedTotalPaths.at(info.iGlobalPath).size())
                                                  [01;35m[K~~~~~~~~~~~~~~~~~^~~~~~~~~~~~~~~~~~~~~~~~~~~~~~[m[K
[01m[K/home/myr907/autoware.ai/src/autoware/core_planning/way_planner/nodes/way_planner_core.cpp:712:132:[m[K [01;35m[Kwarning: [m[Kcomparison between signed and unsigned integer expressions [[01;35m[K-Wsign-compare[m[K]
      if(ret == true && info.iGlobalPath >= 0 &&  info.iGlobalPath < m_GeneratedTotalPaths.size() && info.iFront > 0 && [01;35m[Kinfo.iFront < m_GeneratedTotalPaths.at(info.iGlobalPath).size()[m[K)
                                                                                                                        [01;35m[K~~~~~~~~~~~~^~~~~~~~~~~~~~~~~~~~~~~~~~~~~~~~~~~~~~~~~~~~~~~~~~~[m[K
[01m[K/home/myr907/autoware.ai/src/autoware/core_planning/way_planner/nodes/way_planner_core.cpp:718:31:[m[K [01;35m[Kwarning: [m[Kcomparison between signed and unsigned integer expressions [[01;35m[K-Wsign-compare[m[K]
        if([01;35m[Km_iCurrentGoalIndex >= m_GoalsPos.size()[m[K)
           [01;35m[K~~~~~~~~~~~~~~~~~~~~^~~~~~~~~~~~~~~~~~~~[m[K
