Determining if the pthread_create exist failed with the following output:
Change Dir: /home/muyangren907/autoware/autoware.ai/1.12.0_cuda/build/lidar_naive_l_shape_detect/CMakeFiles/CMakeTmp

Run Build Command:"/usr/bin/make" "cmTC_fc4fa/fast"
/usr/bin/make -f CMakeFiles/cmTC_fc4fa.dir/build.make CMakeFiles/cmTC_fc4fa.dir/build
make[1]: Entering directory '/home/muyangren907/autoware/autoware.ai/1.12.0_cuda/build/lidar_naive_l_shape_detect/CMakeFiles/CMakeTmp'
Building C object CMakeFiles/cmTC_fc4fa.dir/CheckSymbolExists.c.o
/usr/bin/cc    -o CMakeFiles/cmTC_fc4fa.dir/CheckSymbolExists.c.o   -c /home/muyangren907/autoware/autoware.ai/1.12.0_cuda/build/lidar_naive_l_shape_detect/CMakeFiles/CMakeTmp/CheckSymbolExists.c
Linking C executable cmTC_fc4fa
/usr/local/lib/python2.7/dist-packages/cmake/data/bin/cmake -E cmake_link_script CMakeFiles/cmTC_fc4fa.dir/link.txt --verbose=1
/usr/bin/cc      -rdynamic CMakeFiles/cmTC_fc4fa.dir/CheckSymbolExists.c.o  -o cmTC_fc4fa 
CMakeFiles/cmTC_fc4fa.dir/CheckSymbolExists.c.o: In function `main':
CheckSymbolExists.c:(.text+0x1b): undefined reference to `pthread_create'
collect2: error: ld returned 1 exit status
CMakeFiles/cmTC_fc4fa.dir/build.make:86: recipe for target 'cmTC_fc4fa' failed
make[1]: *** [cmTC_fc4fa] Error 1
make[1]: Leaving directory '/home/muyangren907/autoware/autoware.ai/1.12.0_cuda/build/lidar_naive_l_shape_detect/CMakeFiles/CMakeTmp'
Makefile:121: recipe for target 'cmTC_fc4fa/fast' failed
make: *** [cmTC_fc4fa/fast] Error 2

File /home/muyangren907/autoware/autoware.ai/1.12.0_cuda/build/lidar_naive_l_shape_detect/CMakeFiles/CMakeTmp/CheckSymbolExists.c:
/* */
#include <pthread.h>

int main(int argc, char** argv)
{
  (void)argv;
#ifndef pthread_create
  return ((int*)(&pthread_create))[argc];
#else
  (void)argc;
  return 0;
#endif
}

Determining if the function pthread_create exists in the pthreads failed with the following output:
Change Dir: /home/muyangren907/autoware/autoware.ai/1.12.0_cuda/build/lidar_naive_l_shape_detect/CMakeFiles/CMakeTmp

Run Build Command:"/usr/bin/make" "cmTC_2af12/fast"
/usr/bin/make -f CMakeFiles/cmTC_2af12.dir/build.make CMakeFiles/cmTC_2af12.dir/build
make[1]: Entering directory '/home/muyangren907/autoware/autoware.ai/1.12.0_cuda/build/lidar_naive_l_shape_detect/CMakeFiles/CMakeTmp'
Building C object CMakeFiles/cmTC_2af12.dir/CheckFunctionExists.c.o
/usr/bin/cc   -DCHECK_FUNCTION_EXISTS=pthread_create   -o CMakeFiles/cmTC_2af12.dir/CheckFunctionExists.c.o   -c /usr/local/lib/python2.7/dist-packages/cmake/data/share/cmake-3.12/Modules/CheckFunctionExists.c
Linking C executable cmTC_2af12
/usr/local/lib/python2.7/dist-packages/cmake/data/bin/cmake -E cmake_link_script CMakeFiles/cmTC_2af12.dir/link.txt --verbose=1
/usr/bin/cc  -DCHECK_FUNCTION_EXISTS=pthread_create    -rdynamic CMakeFiles/cmTC_2af12.dir/CheckFunctionExists.c.o  -o cmTC_2af12 -lpthreads 
/usr/bin/ld: cannot find -lpthreads
collect2: error: ld returned 1 exit status
CMakeFiles/cmTC_2af12.dir/build.make:86: recipe for target 'cmTC_2af12' failed
make[1]: *** [cmTC_2af12] Error 1
make[1]: Leaving directory '/home/muyangren907/autoware/autoware.ai/1.12.0_cuda/build/lidar_naive_l_shape_detect/CMakeFiles/CMakeTmp'
Makefile:121: recipe for target 'cmTC_2af12/fast' failed
make: *** [cmTC_2af12/fast] Error 2


