Not searching for unused variables given on the command line.
[36m--[0m The C compiler identification is GNU 7.4.0
[36m--[0m The CXX compiler identification is GNU 7.4.0
[36m--[0m Check for working C compiler: /usr/bin/cc
[36m--[0m Check for working C compiler: /usr/bin/cc -- works
[36m--[0m Detecting C compiler ABI info
[36m--[0m Detecting C compiler ABI info - done
[36m--[0m Detecting C compile features
[36m--[0m Detecting C compile features - done
[36m--[0m Check for working CXX compiler: /usr/bin/c++
[36m--[0m Check for working CXX compiler: /usr/bin/c++ -- works
[36m--[0m Detecting CXX compiler ABI info
[36m--[0m Detecting CXX compiler ABI info - done
[36m--[0m Detecting CXX compile features
[36m--[0m Detecting CXX compile features - done
[36m--[0m CUDA compilation status: .
[36m--[0m Using CATKIN_DEVEL_PREFIX: /home/myr907/autoware.ai/devel/.private/vision_darknet_detect
[36m--[0m Using CMAKE_PREFIX_PATH: /home/myr907/autoware.ai/devel;/opt/ros/melodic
[36m--[0m This workspace overlays: /home/myr907/autoware.ai/devel;/opt/ros/melodic
[36m--[0m Found PythonInterp: /usr/bin/python2 (found suitable version "2.7.15", minimum required is "2")
[36m--[0m Using PYTHON_EXECUTABLE: /usr/bin/python2
[36m--[0m Using Debian Python package layout
[36m--[0m Using empy: /usr/bin/empy
[36m--[0m Using CATKIN_ENABLE_TESTING: ON
[36m--[0m Call enable_testing()
[36m--[0m Using CATKIN_TEST_RESULTS_DIR: /home/myr907/autoware.ai/build/vision_darknet_detect/test_results
[36m--[0m Found gtest sources under '/usr/src/googletest': gtests will be built
[36m--[0m Found gmock sources under '/usr/src/googletest': gmock will be built
[36m--[0m Found PythonInterp: /usr/bin/python2 (found version "2.7.15")
[36m--[0m Looking for pthread.h
[36m--[0m Looking for pthread.h - found
[36m--[0m Looking for pthread_create
[36m--[0m Looking for pthread_create - not found
[36m--[0m Looking for pthread_create in pthreads
[36m--[0m Looking for pthread_create in pthreads - not found
[36m--[0m Looking for pthread_create in pthread
[36m--[0m Looking for pthread_create in pthread - found
[36m--[0m Found Threads: TRUE
[36m--[0m Using Python nosetests: /usr/local/bin/nosetests-2.7
[36m--[0m catkin 0.7.19
[36m--[0m BUILD_SHARED_LIBS is on
[36m--[0m Using these message generators: gencpp;geneus;genlisp;gennodejs;genpy
[36m--[0m Found CUDA: /usr/local/cuda (found version "10.0")
[36m--[0m Found OpenCV: /usr (found version "3.2.0")
[36m--[0m Found OpenMP_C: -fopenmp (found version "4.5")
[36m--[0m Found OpenMP_CXX: -fopenmp (found version "4.5")
[36m--[0m Found OpenMP: TRUE (found version "4.5")
[33m[1mCMake Warning[0m at /home/myr907/autoware.ai/src/autoware/common/autoware_build_flags/cmake/autoware_build_flags-extras.cmake:36 (message):
  CUDA support is disabled.  Set the AUTOWARE_COMPILE_WITH_CUDA environment
  variable and recompile to enable it
[36mCall Stack (most recent call first):[0m
  CMakeLists.txt:36 (AW_CHECK_CUDA)


[33m[1mCMake Warning[0m at /home/myr907/autoware.ai/src/autoware/core_perception/vision_darknet_detect/CMakeLists.txt:173 (message):
  Building vision_darknet_detect without CUDA


[36m--[0m Configuring done
[36m--[0m Generating done
[36m--[0m Build files have been written to: /home/myr907/autoware.ai/build/vision_darknet_detect
