Invoking command in '/home/muyangren907/autoware/autoware.ai/1.12.0_cuda/build/lgsvl_simulator_bridge': CMAKE_PREFIX_PATH=/home/muyangren907/autoware/autoware.ai/1.12.0_cuda/install/autoware_msgs:${CMAKE_PREFIX_PATH} PKG_CONFIG_PATH=/home/muyangren907/autoware/autoware.ai/1.12.0_cuda/install/autoware_msgs/lib/x86_64-linux-gnu/pkgconfig:/home/muyangren907/autoware/autoware.ai/1.12.0_cuda/install/autoware_msgs/lib/pkgconfig:${PKG_CONFIG_PATH} PYTHONPATH=/home/muyangren907/autoware/autoware.ai/1.12.0_cuda/install/autoware_msgs/lib/python2.7/dist-packages:${PYTHONPATH} ROS_PACKAGE_PATH=/home/muyangren907/autoware/autoware.ai/1.12.0_cuda/install/autoware_msgs/share:${ROS_PACKAGE_PATH} /usr/local/bin/cmake /home/muyangren907/autoware/autoware.ai/1.12.0_cuda/src/autoware/simulation/lgsvl_simulator_bridge -DCMAKE_BUILD_TYPE=Release -DCATKIN_INSTALL_INTO_PREFIX_ROOT=0 -DCMAKE_INSTALL_PREFIX=/home/muyangren907/autoware/autoware.ai/1.12.0_cuda/install/lgsvl_simulator_bridge
-- The C compiler identification is GNU 7.4.0
-- The CXX compiler identification is GNU 7.4.0
-- Check for working C compiler: /usr/bin/cc
-- Check for working C compiler: /usr/bin/cc -- works
-- Detecting C compiler ABI info
-- Detecting C compiler ABI info - done
-- Detecting C compile features
-- Detecting C compile features - done
-- Check for working CXX compiler: /usr/bin/c++
-- Check for working CXX compiler: /usr/bin/c++ -- works
-- Detecting CXX compiler ABI info
-- Detecting CXX compiler ABI info - done
-- Detecting CXX compile features
-- Detecting CXX compile features - done
-- Using CATKIN_DEVEL_PREFIX: /home/muyangren907/autoware/autoware.ai/1.12.0_cuda/build/lgsvl_simulator_bridge/devel
-- Using CMAKE_PREFIX_PATH: /home/muyangren907/autoware/autoware.ai/1.12.0_cuda/install/autoware_msgs;/opt/ros/melodic
-- This workspace overlays: /home/muyangren907/autoware/autoware.ai/1.12.0_cuda/install/autoware_msgs;/opt/ros/melodic
-- Found PythonInterp: /usr/bin/python2 (found suitable version "2.7.15", minimum required is "2") 
-- Using PYTHON_EXECUTABLE: /usr/bin/python2
-- Using Debian Python package layout
-- Using empy: /usr/bin/empy
-- Using CATKIN_ENABLE_TESTING: ON
-- Call enable_testing()
-- Using CATKIN_TEST_RESULTS_DIR: /home/muyangren907/autoware/autoware.ai/1.12.0_cuda/build/lgsvl_simulator_bridge/test_results
-- Found gtest sources under '/usr/src/googletest': gtests will be built
-- Found gmock sources under '/usr/src/googletest': gmock will be built
-- Found PythonInterp: /usr/bin/python2 (found version "2.7.15") 
-- Looking for pthread.h
-- Looking for pthread.h - found
-- Looking for pthread_create
-- Looking for pthread_create - not found
-- Looking for pthread_create in pthreads
-- Looking for pthread_create in pthreads - not found
-- Looking for pthread_create in pthread
-- Looking for pthread_create in pthread - found
-- Found Threads: TRUE  
-- Using Python nosetests: /usr/local/bin/nosetests-2.7
-- catkin 0.7.19
-- BUILD_SHARED_LIBS is on
-- Using these message generators: gencpp;geneus;genlisp;gennodejs;genpy
-- Configuring done
-- Generating done
-- Build files have been written to: /home/muyangren907/autoware/autoware.ai/1.12.0_cuda/build/lgsvl_simulator_bridge
Invoked command in '/home/muyangren907/autoware/autoware.ai/1.12.0_cuda/build/lgsvl_simulator_bridge' returned '0': CMAKE_PREFIX_PATH=/home/muyangren907/autoware/autoware.ai/1.12.0_cuda/install/autoware_msgs:${CMAKE_PREFIX_PATH} PKG_CONFIG_PATH=/home/muyangren907/autoware/autoware.ai/1.12.0_cuda/install/autoware_msgs/lib/x86_64-linux-gnu/pkgconfig:/home/muyangren907/autoware/autoware.ai/1.12.0_cuda/install/autoware_msgs/lib/pkgconfig:${PKG_CONFIG_PATH} PYTHONPATH=/home/muyangren907/autoware/autoware.ai/1.12.0_cuda/install/autoware_msgs/lib/python2.7/dist-packages:${PYTHONPATH} ROS_PACKAGE_PATH=/home/muyangren907/autoware/autoware.ai/1.12.0_cuda/install/autoware_msgs/share:${ROS_PACKAGE_PATH} /usr/local/bin/cmake /home/muyangren907/autoware/autoware.ai/1.12.0_cuda/src/autoware/simulation/lgsvl_simulator_bridge -DCMAKE_BUILD_TYPE=Release -DCATKIN_INSTALL_INTO_PREFIX_ROOT=0 -DCMAKE_INSTALL_PREFIX=/home/muyangren907/autoware/autoware.ai/1.12.0_cuda/install/lgsvl_simulator_bridge
Invoking command in '/home/muyangren907/autoware/autoware.ai/1.12.0_cuda/build/lgsvl_simulator_bridge': CMAKE_PREFIX_PATH=/home/muyangren907/autoware/autoware.ai/1.12.0_cuda/install/autoware_msgs:${CMAKE_PREFIX_PATH} PKG_CONFIG_PATH=/home/muyangren907/autoware/autoware.ai/1.12.0_cuda/install/autoware_msgs/lib/x86_64-linux-gnu/pkgconfig:/home/muyangren907/autoware/autoware.ai/1.12.0_cuda/install/autoware_msgs/lib/pkgconfig:${PKG_CONFIG_PATH} PYTHONPATH=/home/muyangren907/autoware/autoware.ai/1.12.0_cuda/install/autoware_msgs/lib/python2.7/dist-packages:${PYTHONPATH} ROS_PACKAGE_PATH=/home/muyangren907/autoware/autoware.ai/1.12.0_cuda/install/autoware_msgs/share:${ROS_PACKAGE_PATH} /usr/local/bin/cmake --build /home/muyangren907/autoware/autoware.ai/1.12.0_cuda/build/lgsvl_simulator_bridge -- -j40 -l40
Invoked command in '/home/muyangren907/autoware/autoware.ai/1.12.0_cuda/build/lgsvl_simulator_bridge' returned '0': CMAKE_PREFIX_PATH=/home/muyangren907/autoware/autoware.ai/1.12.0_cuda/install/autoware_msgs:${CMAKE_PREFIX_PATH} PKG_CONFIG_PATH=/home/muyangren907/autoware/autoware.ai/1.12.0_cuda/install/autoware_msgs/lib/x86_64-linux-gnu/pkgconfig:/home/muyangren907/autoware/autoware.ai/1.12.0_cuda/install/autoware_msgs/lib/pkgconfig:${PKG_CONFIG_PATH} PYTHONPATH=/home/muyangren907/autoware/autoware.ai/1.12.0_cuda/install/autoware_msgs/lib/python2.7/dist-packages:${PYTHONPATH} ROS_PACKAGE_PATH=/home/muyangren907/autoware/autoware.ai/1.12.0_cuda/install/autoware_msgs/share:${ROS_PACKAGE_PATH} /usr/local/bin/cmake --build /home/muyangren907/autoware/autoware.ai/1.12.0_cuda/build/lgsvl_simulator_bridge -- -j40 -l40
Invoking command in '/home/muyangren907/autoware/autoware.ai/1.12.0_cuda/build/lgsvl_simulator_bridge': CMAKE_PREFIX_PATH=/home/muyangren907/autoware/autoware.ai/1.12.0_cuda/install/autoware_msgs:${CMAKE_PREFIX_PATH} PKG_CONFIG_PATH=/home/muyangren907/autoware/autoware.ai/1.12.0_cuda/install/autoware_msgs/lib/x86_64-linux-gnu/pkgconfig:/home/muyangren907/autoware/autoware.ai/1.12.0_cuda/install/autoware_msgs/lib/pkgconfig:${PKG_CONFIG_PATH} PYTHONPATH=/home/muyangren907/autoware/autoware.ai/1.12.0_cuda/install/autoware_msgs/lib/python2.7/dist-packages:${PYTHONPATH} ROS_PACKAGE_PATH=/home/muyangren907/autoware/autoware.ai/1.12.0_cuda/install/autoware_msgs/share:${ROS_PACKAGE_PATH} /usr/local/bin/cmake --build /home/muyangren907/autoware/autoware.ai/1.12.0_cuda/build/lgsvl_simulator_bridge --target tests -- -j40 -l40
[35m[1mScanning dependencies of target tests[0m
Built target tests
Invoked command in '/home/muyangren907/autoware/autoware.ai/1.12.0_cuda/build/lgsvl_simulator_bridge' returned '0': CMAKE_PREFIX_PATH=/home/muyangren907/autoware/autoware.ai/1.12.0_cuda/install/autoware_msgs:${CMAKE_PREFIX_PATH} PKG_CONFIG_PATH=/home/muyangren907/autoware/autoware.ai/1.12.0_cuda/install/autoware_msgs/lib/x86_64-linux-gnu/pkgconfig:/home/muyangren907/autoware/autoware.ai/1.12.0_cuda/install/autoware_msgs/lib/pkgconfig:${PKG_CONFIG_PATH} PYTHONPATH=/home/muyangren907/autoware/autoware.ai/1.12.0_cuda/install/autoware_msgs/lib/python2.7/dist-packages:${PYTHONPATH} ROS_PACKAGE_PATH=/home/muyangren907/autoware/autoware.ai/1.12.0_cuda/install/autoware_msgs/share:${ROS_PACKAGE_PATH} /usr/local/bin/cmake --build /home/muyangren907/autoware/autoware.ai/1.12.0_cuda/build/lgsvl_simulator_bridge --target tests -- -j40 -l40
Invoking command in '/home/muyangren907/autoware/autoware.ai/1.12.0_cuda/build/lgsvl_simulator_bridge': CMAKE_PREFIX_PATH=/home/muyangren907/autoware/autoware.ai/1.12.0_cuda/install/autoware_msgs:${CMAKE_PREFIX_PATH} PKG_CONFIG_PATH=/home/muyangren907/autoware/autoware.ai/1.12.0_cuda/install/autoware_msgs/lib/x86_64-linux-gnu/pkgconfig:/home/muyangren907/autoware/autoware.ai/1.12.0_cuda/install/autoware_msgs/lib/pkgconfig:${PKG_CONFIG_PATH} PYTHONPATH=/home/muyangren907/autoware/autoware.ai/1.12.0_cuda/install/autoware_msgs/lib/python2.7/dist-packages:${PYTHONPATH} ROS_PACKAGE_PATH=/home/muyangren907/autoware/autoware.ai/1.12.0_cuda/install/autoware_msgs/share:${ROS_PACKAGE_PATH} /usr/local/bin/cmake --build /home/muyangren907/autoware/autoware.ai/1.12.0_cuda/build/lgsvl_simulator_bridge --target install -- -j40 -l40
[36mInstall the project...[0m
-- Install configuration: "Release"
+ cd /home/muyangren907/autoware/autoware.ai/1.12.0_cuda/src/autoware/simulation/lgsvl_simulator_bridge
+ mkdir -p /home/muyangren907/autoware/autoware.ai/1.12.0_cuda/install/lgsvl_simulator_bridge/lib/python2.7/dist-packages
+ /usr/bin/env PYTHONPATH=/home/muyangren907/autoware/autoware.ai/1.12.0_cuda/install/lgsvl_simulator_bridge/lib/python2.7/dist-packages:/home/muyangren907/autoware/autoware.ai/1.12.0_cuda/build/lgsvl_simulator_bridge/lib/python2.7/dist-packages:/home/muyangren907/autoware/autoware.ai/1.12.0_cuda/install/autoware_msgs/lib/python2.7/dist-packages:/opt/ros/melodic/lib/python2.7/dist-packages CATKIN_BINARY_DIR=/home/muyangren907/autoware/autoware.ai/1.12.0_cuda/build/lgsvl_simulator_bridge /usr/bin/python2 /home/muyangren907/autoware/autoware.ai/1.12.0_cuda/src/autoware/simulation/lgsvl_simulator_bridge/setup.py build --build-base /home/muyangren907/autoware/autoware.ai/1.12.0_cuda/build/lgsvl_simulator_bridge install --install-layout=deb --prefix=/home/muyangren907/autoware/autoware.ai/1.12.0_cuda/install/lgsvl_simulator_bridge --install-scripts=/home/muyangren907/autoware/autoware.ai/1.12.0_cuda/install/lgsvl_simulator_bridge/bin
running build
running build_py
creating /home/muyangren907/autoware/autoware.ai/1.12.0_cuda/build/lgsvl_simulator_bridge/lib.linux-x86_64-2.7
creating /home/muyangren907/autoware/autoware.ai/1.12.0_cuda/build/lgsvl_simulator_bridge/lib.linux-x86_64-2.7/lgsvl_simulator_bridge
copying src/lgsvl_simulator_bridge/__init__.py -> /home/muyangren907/autoware/autoware.ai/1.12.0_cuda/build/lgsvl_simulator_bridge/lib.linux-x86_64-2.7/lgsvl_simulator_bridge
copying src/lgsvl_simulator_bridge/configurator.py -> /home/muyangren907/autoware/autoware.ai/1.12.0_cuda/build/lgsvl_simulator_bridge/lib.linux-x86_64-2.7/lgsvl_simulator_bridge
running install
running install_lib
creating /home/muyangren907/autoware/autoware.ai/1.12.0_cuda/install/lgsvl_simulator_bridge/lib/python2.7/dist-packages/lgsvl_simulator_bridge
copying /home/muyangren907/autoware/autoware.ai/1.12.0_cuda/build/lgsvl_simulator_bridge/lib.linux-x86_64-2.7/lgsvl_simulator_bridge/__init__.py -> /home/muyangren907/autoware/autoware.ai/1.12.0_cuda/install/lgsvl_simulator_bridge/lib/python2.7/dist-packages/lgsvl_simulator_bridge
copying /home/muyangren907/autoware/autoware.ai/1.12.0_cuda/build/lgsvl_simulator_bridge/lib.linux-x86_64-2.7/lgsvl_simulator_bridge/configurator.py -> /home/muyangren907/autoware/autoware.ai/1.12.0_cuda/install/lgsvl_simulator_bridge/lib/python2.7/dist-packages/lgsvl_simulator_bridge
byte-compiling /home/muyangren907/autoware/autoware.ai/1.12.0_cuda/install/lgsvl_simulator_bridge/lib/python2.7/dist-packages/lgsvl_simulator_bridge/__init__.py to __init__.pyc
byte-compiling /home/muyangren907/autoware/autoware.ai/1.12.0_cuda/install/lgsvl_simulator_bridge/lib/python2.7/dist-packages/lgsvl_simulator_bridge/configurator.py to configurator.pyc
running install_egg_info
Writing /home/muyangren907/autoware/autoware.ai/1.12.0_cuda/install/lgsvl_simulator_bridge/lib/python2.7/dist-packages/lgsvl_simulator_bridge-1.11.0.egg-info
-- Installing: /home/muyangren907/autoware/autoware.ai/1.12.0_cuda/install/lgsvl_simulator_bridge/lib/pkgconfig/lgsvl_simulator_bridge.pc
-- Installing: /home/muyangren907/autoware/autoware.ai/1.12.0_cuda/install/lgsvl_simulator_bridge/share/lgsvl_simulator_bridge/cmake/lgsvl_simulator_bridgeConfig.cmake
-- Installing: /home/muyangren907/autoware/autoware.ai/1.12.0_cuda/install/lgsvl_simulator_bridge/share/lgsvl_simulator_bridge/cmake/lgsvl_simulator_bridgeConfig-version.cmake
-- Installing: /home/muyangren907/autoware/autoware.ai/1.12.0_cuda/install/lgsvl_simulator_bridge/share/lgsvl_simulator_bridge/package.xml
-- Installing: /home/muyangren907/autoware/autoware.ai/1.12.0_cuda/install/lgsvl_simulator_bridge/share/lgsvl_simulator_bridge/launch
-- Installing: /home/muyangren907/autoware/autoware.ai/1.12.0_cuda/install/lgsvl_simulator_bridge/share/lgsvl_simulator_bridge/launch/lgsvl_simulator.launch
-- Installing: /home/muyangren907/autoware/autoware.ai/1.12.0_cuda/install/lgsvl_simulator_bridge/share/lgsvl_simulator_bridge/launch/bridge.launch
-- Installing: /home/muyangren907/autoware/autoware.ai/1.12.0_cuda/install/lgsvl_simulator_bridge/share/lgsvl_simulator_bridge/rviz
-- Installing: /home/muyangren907/autoware/autoware.ai/1.12.0_cuda/install/lgsvl_simulator_bridge/share/lgsvl_simulator_bridge/rviz/lgsvl_simulator.rviz
-- Installing: /home/muyangren907/autoware/autoware.ai/1.12.0_cuda/install/lgsvl_simulator_bridge/share/lgsvl_simulator_bridge/config
-- Installing: /home/muyangren907/autoware/autoware.ai/1.12.0_cuda/install/lgsvl_simulator_bridge/share/lgsvl_simulator_bridge/config/sample.json
-- Installing: /home/muyangren907/autoware/autoware.ai/1.12.0_cuda/install/lgsvl_simulator_bridge/share/lgsvl_simulator_bridge/media
-- Installing: /home/muyangren907/autoware/autoware.ai/1.12.0_cuda/install/lgsvl_simulator_bridge/share/lgsvl_simulator_bridge/media/autoware.png
-- Installing: /home/muyangren907/autoware/autoware.ai/1.12.0_cuda/install/lgsvl_simulator_bridge/share/lgsvl_simulator_bridge/media/lgsvl_simulator_bridge.png
-- Installing: /home/muyangren907/autoware/autoware.ai/1.12.0_cuda/install/lgsvl_simulator_bridge/share/lgsvl_simulator_bridge/resource
-- Installing: /home/muyangren907/autoware/autoware.ai/1.12.0_cuda/install/lgsvl_simulator_bridge/share/lgsvl_simulator_bridge/resource/LgsvlSimulatorConfigratorPlugin.ui
-- Installing: /home/muyangren907/autoware/autoware.ai/1.12.0_cuda/install/lgsvl_simulator_bridge/lib/lgsvl_simulator_bridge/launch_sim.bash
-- Installing: /home/muyangren907/autoware/autoware.ai/1.12.0_cuda/install/lgsvl_simulator_bridge/lib/lgsvl_simulator_bridge/__init__.py
-- Installing: /home/muyangren907/autoware/autoware.ai/1.12.0_cuda/install/lgsvl_simulator_bridge/lib/lgsvl_simulator_bridge/configurator.py
-- Installing: /home/muyangren907/autoware/autoware.ai/1.12.0_cuda/install/lgsvl_simulator_bridge/share/lgsvl_simulator_bridge/plugin.xml
Invoked command in '/home/muyangren907/autoware/autoware.ai/1.12.0_cuda/build/lgsvl_simulator_bridge' returned '0': CMAKE_PREFIX_PATH=/home/muyangren907/autoware/autoware.ai/1.12.0_cuda/install/autoware_msgs:${CMAKE_PREFIX_PATH} PKG_CONFIG_PATH=/home/muyangren907/autoware/autoware.ai/1.12.0_cuda/install/autoware_msgs/lib/x86_64-linux-gnu/pkgconfig:/home/muyangren907/autoware/autoware.ai/1.12.0_cuda/install/autoware_msgs/lib/pkgconfig:${PKG_CONFIG_PATH} PYTHONPATH=/home/muyangren907/autoware/autoware.ai/1.12.0_cuda/install/autoware_msgs/lib/python2.7/dist-packages:${PYTHONPATH} ROS_PACKAGE_PATH=/home/muyangren907/autoware/autoware.ai/1.12.0_cuda/install/autoware_msgs/share:${ROS_PACKAGE_PATH} /usr/local/bin/cmake --build /home/muyangren907/autoware/autoware.ai/1.12.0_cuda/build/lgsvl_simulator_bridge --target install -- -j40 -l40
