Determining if the pthread_create exist failed with the following output:
Change Dir: /home/myr907/autoware.ai/build/sick_ldmrs_tools/CMakeFiles/CMakeTmp

Run Build Command:"/usr/bin/make" "cmTC_780ae/fast"
/usr/bin/make -f CMakeFiles/cmTC_780ae.dir/build.make CMakeFiles/cmTC_780ae.dir/build
make[1]: Entering directory '/home/myr907/autoware.ai/build/sick_ldmrs_tools/CMakeFiles/CMakeTmp'
Building C object CMakeFiles/cmTC_780ae.dir/CheckSymbolExists.c.o
/usr/bin/cc    -o CMakeFiles/cmTC_780ae.dir/CheckSymbolExists.c.o   -c /home/myr907/autoware.ai/build/sick_ldmrs_tools/CMakeFiles/CMakeTmp/CheckSymbolExists.c
Linking C executable cmTC_780ae
/usr/local/lib/python2.7/dist-packages/cmake/data/bin/cmake -E cmake_link_script CMakeFiles/cmTC_780ae.dir/link.txt --verbose=1
/usr/bin/cc      -rdynamic CMakeFiles/cmTC_780ae.dir/CheckSymbolExists.c.o  -o cmTC_780ae 
CMakeFiles/cmTC_780ae.dir/CheckSymbolExists.c.o: In function `main':
CheckSymbolExists.c:(.text+0x1b): undefined reference to `pthread_create'
collect2: error: ld returned 1 exit status
CMakeFiles/cmTC_780ae.dir/build.make:86: recipe for target 'cmTC_780ae' failed
make[1]: *** [cmTC_780ae] Error 1
make[1]: Leaving directory '/home/myr907/autoware.ai/build/sick_ldmrs_tools/CMakeFiles/CMakeTmp'
Makefile:121: recipe for target 'cmTC_780ae/fast' failed
make: *** [cmTC_780ae/fast] Error 2

File /home/myr907/autoware.ai/build/sick_ldmrs_tools/CMakeFiles/CMakeTmp/CheckSymbolExists.c:
/* */
#include <pthread.h>

int main(int argc, char** argv)
{
  (void)argv;
#ifndef pthread_create
  return ((int*)(&pthread_create))[argc];
#else
  (void)argc;
  return 0;
#endif
}

Determining if the function pthread_create exists in the pthreads failed with the following output:
Change Dir: /home/myr907/autoware.ai/build/sick_ldmrs_tools/CMakeFiles/CMakeTmp

Run Build Command:"/usr/bin/make" "cmTC_65cca/fast"
/usr/bin/make -f CMakeFiles/cmTC_65cca.dir/build.make CMakeFiles/cmTC_65cca.dir/build
make[1]: Entering directory '/home/myr907/autoware.ai/build/sick_ldmrs_tools/CMakeFiles/CMakeTmp'
Building C object CMakeFiles/cmTC_65cca.dir/CheckFunctionExists.c.o
/usr/bin/cc   -DCHECK_FUNCTION_EXISTS=pthread_create   -o CMakeFiles/cmTC_65cca.dir/CheckFunctionExists.c.o   -c /usr/local/lib/python2.7/dist-packages/cmake/data/share/cmake-3.12/Modules/CheckFunctionExists.c
Linking C executable cmTC_65cca
/usr/local/lib/python2.7/dist-packages/cmake/data/bin/cmake -E cmake_link_script CMakeFiles/cmTC_65cca.dir/link.txt --verbose=1
/usr/bin/cc  -DCHECK_FUNCTION_EXISTS=pthread_create    -rdynamic CMakeFiles/cmTC_65cca.dir/CheckFunctionExists.c.o  -o cmTC_65cca -lpthreads 
/usr/bin/ld: cannot find -lpthreads
collect2: error: ld returned 1 exit status
CMakeFiles/cmTC_65cca.dir/build.make:86: recipe for target 'cmTC_65cca' failed
make[1]: *** [cmTC_65cca] Error 1
make[1]: Leaving directory '/home/myr907/autoware.ai/build/sick_ldmrs_tools/CMakeFiles/CMakeTmp'
Makefile:121: recipe for target 'cmTC_65cca/fast' failed
make: *** [cmTC_65cca/fast] Error 2


