Invoking command in '/home/muyangren907/autoware/autoware.ai/1.12.0_cuda/build/adi_driver': /usr/local/bin/cmake /home/muyangren907/autoware/autoware.ai/1.12.0_cuda/src/drivers/awf_drivers/analog_devices -DCMAKE_BUILD_TYPE=Release -DCATKIN_INSTALL_INTO_PREFIX_ROOT=0 -DCMAKE_INSTALL_PREFIX=/home/muyangren907/autoware/autoware.ai/1.12.0_cuda/install/adi_driver
-- The C compiler identification is GNU 7.4.0
-- The CXX compiler identification is GNU 7.4.0
-- Check for working C compiler: /usr/bin/cc
-- Check for working C compiler: /usr/bin/cc -- works
-- Detecting C compiler ABI info
-- Detecting C compiler ABI info - done
-- Detecting C compile features
-- Detecting C compile features - done
-- Check for working CXX compiler: /usr/bin/c++
-- Check for working CXX compiler: /usr/bin/c++ -- works
-- Detecting CXX compiler ABI info
-- Detecting CXX compiler ABI info - done
-- Detecting CXX compile features
-- Detecting CXX compile features - done
-- Using CATKIN_DEVEL_PREFIX: /home/muyangren907/autoware/autoware.ai/1.12.0_cuda/build/adi_driver/devel
-- Using CMAKE_PREFIX_PATH: /opt/ros/melodic
-- This workspace overlays: /opt/ros/melodic
-- Found PythonInterp: /usr/bin/python2 (found suitable version "2.7.15", minimum required is "2") 
-- Using PYTHON_EXECUTABLE: /usr/bin/python2
-- Using Debian Python package layout
-- Using empy: /usr/bin/empy
-- Using CATKIN_ENABLE_TESTING: ON
-- Call enable_testing()
-- Using CATKIN_TEST_RESULTS_DIR: /home/muyangren907/autoware/autoware.ai/1.12.0_cuda/build/adi_driver/test_results
-- Found gtest sources under '/usr/src/googletest': gtests will be built
-- Found gmock sources under '/usr/src/googletest': gmock will be built
-- Found PythonInterp: /usr/bin/python2 (found version "2.7.15") 
-- Looking for pthread.h
-- Looking for pthread.h - found
-- Looking for pthread_create
-- Looking for pthread_create - not found
-- Looking for pthread_create in pthreads
-- Looking for pthread_create in pthreads - not found
-- Looking for pthread_create in pthread
-- Looking for pthread_create in pthread - found
-- Found Threads: TRUE  
-- Using Python nosetests: /usr/local/bin/nosetests-2.7
-- catkin 0.7.19
-- BUILD_SHARED_LIBS is on
-- Configuring done
-- Generating done
-- Build files have been written to: /home/muyangren907/autoware/autoware.ai/1.12.0_cuda/build/adi_driver
Invoked command in '/home/muyangren907/autoware/autoware.ai/1.12.0_cuda/build/adi_driver' returned '0': /usr/local/bin/cmake /home/muyangren907/autoware/autoware.ai/1.12.0_cuda/src/drivers/awf_drivers/analog_devices -DCMAKE_BUILD_TYPE=Release -DCATKIN_INSTALL_INTO_PREFIX_ROOT=0 -DCMAKE_INSTALL_PREFIX=/home/muyangren907/autoware/autoware.ai/1.12.0_cuda/install/adi_driver
Invoking command in '/home/muyangren907/autoware/autoware.ai/1.12.0_cuda/build/adi_driver': /usr/local/bin/cmake --build /home/muyangren907/autoware/autoware.ai/1.12.0_cuda/build/adi_driver -- -j40 -l40
[35m[1mScanning dependencies of target adxl345_node[0m
[35m[1mScanning dependencies of target adis16470_node[0m
[ 16%] [32mBuilding CXX object CMakeFiles/adis16470_node.dir/src/adis16470.cpp.o[0m
[ 33%] [32mBuilding CXX object CMakeFiles/adis16470_node.dir/src/adis16470_node.cpp.o[0m
[ 66%] [32mBuilding CXX object CMakeFiles/adxl345_node.dir/src/adxl345_node.cpp.o[0m
[ 66%] [32mBuilding CXX object CMakeFiles/adxl345_node.dir/src/adxl345.cpp.o[0m
[01m[K/home/muyangren907/autoware/autoware.ai/1.12.0_cuda/src/drivers/awf_drivers/analog_devices/src/adis16470.cpp:[m[K In member function ‘[01m[Kint Adis16470::read_register(char, int16_t&)[m[K’:
[01m[K/home/muyangren907/autoware/autoware.ai/1.12.0_cuda/src/drivers/awf_drivers/analog_devices/src/adis16470.cpp:201:47:[m[K [01;35m[Kwarning: [m[Knarrowing conversion of ‘[01m[Kaddress[m[K’ from ‘[01m[Kchar[m[K’ to ‘[01m[Kunsigned char[m[K’ inside { } [[01;35m[K-Wnarrowing[m[K]
   unsigned char buff[3] = {0x61, address, 0x00[01;35m[K}[m[K;
                                               [01;35m[K^[m[K
[ 83%] [32m[1mLinking CXX executable devel/lib/adi_driver/adxl345_node[0m
[ 83%] Built target adxl345_node
[100%] [32m[1mLinking CXX executable devel/lib/adi_driver/adis16470_node[0m
[100%] Built target adis16470_node
Invoked command in '/home/muyangren907/autoware/autoware.ai/1.12.0_cuda/build/adi_driver' returned '0': /usr/local/bin/cmake --build /home/muyangren907/autoware/autoware.ai/1.12.0_cuda/build/adi_driver -- -j40 -l40
Invoking command in '/home/muyangren907/autoware/autoware.ai/1.12.0_cuda/build/adi_driver': /usr/local/bin/cmake --build /home/muyangren907/autoware/autoware.ai/1.12.0_cuda/build/adi_driver --target tests -- -j40 -l40
[35m[1mScanning dependencies of target tests[0m
Built target tests
Invoked command in '/home/muyangren907/autoware/autoware.ai/1.12.0_cuda/build/adi_driver' returned '0': /usr/local/bin/cmake --build /home/muyangren907/autoware/autoware.ai/1.12.0_cuda/build/adi_driver --target tests -- -j40 -l40
Invoking command in '/home/muyangren907/autoware/autoware.ai/1.12.0_cuda/build/adi_driver': /usr/local/bin/cmake --build /home/muyangren907/autoware/autoware.ai/1.12.0_cuda/build/adi_driver --target install -- -j40 -l40
[ 50%] Built target adis16470_node
[100%] Built target adxl345_node
[36mInstall the project...[0m
-- Install configuration: "Release"
-- Installing: /home/muyangren907/autoware/autoware.ai/1.12.0_cuda/install/adi_driver/lib/pkgconfig/adi_driver.pc
-- Installing: /home/muyangren907/autoware/autoware.ai/1.12.0_cuda/install/adi_driver/share/adi_driver/cmake/adi_driverConfig.cmake
-- Installing: /home/muyangren907/autoware/autoware.ai/1.12.0_cuda/install/adi_driver/share/adi_driver/cmake/adi_driverConfig-version.cmake
-- Installing: /home/muyangren907/autoware/autoware.ai/1.12.0_cuda/install/adi_driver/share/adi_driver/package.xml
-- Installing: /home/muyangren907/autoware/autoware.ai/1.12.0_cuda/install/adi_driver/lib/adi_driver/adis16470_node
-- Set runtime path of "/home/muyangren907/autoware/autoware.ai/1.12.0_cuda/install/adi_driver/lib/adi_driver/adis16470_node" to ""
-- Installing: /home/muyangren907/autoware/autoware.ai/1.12.0_cuda/install/adi_driver/lib/adi_driver/adxl345_node
-- Set runtime path of "/home/muyangren907/autoware/autoware.ai/1.12.0_cuda/install/adi_driver/lib/adi_driver/adxl345_node" to ""
-- Installing: /home/muyangren907/autoware/autoware.ai/1.12.0_cuda/install/adi_driver/include/adi_driver
-- Installing: /home/muyangren907/autoware/autoware.ai/1.12.0_cuda/install/adi_driver/include/adi_driver/adis16470.h
-- Installing: /home/muyangren907/autoware/autoware.ai/1.12.0_cuda/install/adi_driver/include/adi_driver/adxl345.h
-- Installing: /home/muyangren907/autoware/autoware.ai/1.12.0_cuda/install/adi_driver/share/adi_driver/launch
-- Installing: /home/muyangren907/autoware/autoware.ai/1.12.0_cuda/install/adi_driver/share/adi_driver/launch/imu.rviz
-- Installing: /home/muyangren907/autoware/autoware.ai/1.12.0_cuda/install/adi_driver/share/adi_driver/launch/adxl345.launch
-- Installing: /home/muyangren907/autoware/autoware.ai/1.12.0_cuda/install/adi_driver/share/adi_driver/launch/adis16470.launch
-- Installing: /home/muyangren907/autoware/autoware.ai/1.12.0_cuda/install/adi_driver/share/adi_driver/test
-- Installing: /home/muyangren907/autoware/autoware.ai/1.12.0_cuda/install/adi_driver/share/adi_driver/test/test_adxl345.py
-- Installing: /home/muyangren907/autoware/autoware.ai/1.12.0_cuda/install/adi_driver/share/adi_driver/test/test_adis16470.py
-- Installing: /home/muyangren907/autoware/autoware.ai/1.12.0_cuda/install/adi_driver/share/adi_driver/urdf
-- Installing: /home/muyangren907/autoware/autoware.ai/1.12.0_cuda/install/adi_driver/share/adi_driver/urdf/adis16470_breakout.urdf
Invoked command in '/home/muyangren907/autoware/autoware.ai/1.12.0_cuda/build/adi_driver' returned '0': /usr/local/bin/cmake --build /home/muyangren907/autoware/autoware.ai/1.12.0_cuda/build/adi_driver --target install -- -j40 -l40
