[35m[1mScanning dependencies of target _autoware_config_msgs_generate_messages_check_deps_ConfigSSD[0m
[35m[1mScanning dependencies of target _autoware_config_msgs_generate_messages_check_deps_ConfigRandomFilter[0m
[35m[1mScanning dependencies of target _autoware_config_msgs_generate_messages_check_deps_ConfigCarKF[0m
[35m[1mScanning dependencies of target _autoware_config_msgs_generate_messages_check_deps_ConfigNDTMappingOutput[0m
[35m[1mScanning dependencies of target _autoware_config_msgs_generate_messages_check_deps_ConfigPoints2Polygon[0m
[35m[1mScanning dependencies of target _autoware_config_msgs_generate_messages_check_deps_ConfigICP[0m
[35m[1mScanning dependencies of target _autoware_config_msgs_generate_messages_check_deps_ConfigPedestrianDPM[0m
[  0%] Built target _autoware_config_msgs_generate_messages_check_deps_ConfigRandomFilter
[  0%] Built target _autoware_config_msgs_generate_messages_check_deps_ConfigSSD
[  0%] Built target _autoware_config_msgs_generate_messages_check_deps_ConfigCarKF
[  0%] Built target _autoware_config_msgs_generate_messages_check_deps_ConfigPedestrianDPM
[  0%] Built target _autoware_config_msgs_generate_messages_check_deps_ConfigICP
[  0%] Built target _autoware_config_msgs_generate_messages_check_deps_ConfigNDTMappingOutput
[  0%] Built target _autoware_config_msgs_generate_messages_check_deps_ConfigPoints2Polygon
[35m[1mScanning dependencies of target _autoware_config_msgs_generate_messages_check_deps_ConfigCompareMapFilter[0m
[35m[1mScanning dependencies of target _autoware_config_msgs_generate_messages_check_deps_ConfigPlannerSelector[0m
[35m[1mScanning dependencies of target _autoware_config_msgs_generate_messages_check_deps_ConfigRingGroundFilter[0m
[35m[1mScanning dependencies of target _autoware_config_msgs_generate_messages_check_deps_ConfigVelocitySet[0m
[35m[1mScanning dependencies of target _autoware_config_msgs_generate_messages_check_deps_ConfigPedestrianFusion[0m
[35m[1mScanning dependencies of target _autoware_config_msgs_generate_messages_check_deps_ConfigCarFusion[0m
[35m[1mScanning dependencies of target _autoware_config_msgs_generate_messages_check_deps_ConfigLaneSelect[0m
[  0%] Built target _autoware_config_msgs_generate_messages_check_deps_ConfigRingGroundFilter
[  0%] Built target _autoware_config_msgs_generate_messages_check_deps_ConfigCompareMapFilter
[35m[1mScanning dependencies of target _autoware_config_msgs_generate_messages_check_deps_ConfigVoxelGridFilter[0m
[35m[1mScanning dependencies of target _autoware_config_msgs_generate_messages_check_deps_ConfigTwistFilter[0m
[  0%] Built target _autoware_config_msgs_generate_messages_check_deps_ConfigPlannerSelector
[  0%] Built target _autoware_config_msgs_generate_messages_check_deps_ConfigVelocitySet
[  0%] Built target _autoware_config_msgs_generate_messages_check_deps_ConfigCarFusion
[  0%] Built target _autoware_config_msgs_generate_messages_check_deps_ConfigPedestrianFusion
[  0%] Built target _autoware_config_msgs_generate_messages_check_deps_ConfigLaneSelect
[35m[1mScanning dependencies of target _autoware_config_msgs_generate_messages_check_deps_ConfigNDTMapping[0m
[35m[1mScanning dependencies of target _autoware_config_msgs_generate_messages_check_deps_ConfigPedestrianKF[0m
[35m[1mScanning dependencies of target _autoware_config_msgs_generate_messages_check_deps_ConfigNDT[0m
[35m[1mScanning dependencies of target _autoware_config_msgs_generate_messages_check_deps_ConfigRayGroundFilter[0m
[35m[1mScanning dependencies of target _autoware_config_msgs_generate_messages_check_deps_ConfigRcnn[0m
[  0%] Built target _autoware_config_msgs_generate_messages_check_deps_ConfigVoxelGridFilter
[35m[1mScanning dependencies of target _autoware_config_msgs_generate_messages_check_deps_ConfigRingFilter[0m
[  0%] Built target _autoware_config_msgs_generate_messages_check_deps_ConfigTwistFilter
[35m[1mScanning dependencies of target _autoware_config_msgs_generate_messages_check_deps_ConfigWaypointReplanner[0m
[  0%] Built target _autoware_config_msgs_generate_messages_check_deps_ConfigNDTMapping
[  0%] Built target _autoware_config_msgs_generate_messages_check_deps_ConfigNDT
[  0%] Built target _autoware_config_msgs_generate_messages_check_deps_ConfigRayGroundFilter
[35m[1mScanning dependencies of target _autoware_config_msgs_generate_messages_check_deps_ConfigDistanceFilter[0m
[  0%] Built target _autoware_config_msgs_generate_messages_check_deps_ConfigPedestrianKF
[  0%] Built target _autoware_config_msgs_generate_messages_check_deps_ConfigRcnn
[35m[1mScanning dependencies of target _autoware_config_msgs_generate_messages_check_deps_ConfigApproximateNDTMapping[0m
[35m[1mScanning dependencies of target _autoware_config_msgs_generate_messages_check_deps_ConfigWaypointFollower[0m
[35m[1mScanning dependencies of target _autoware_config_msgs_generate_messages_check_deps_ConfigLaneStop[0m
[35m[1mScanning dependencies of target _autoware_config_msgs_generate_messages_check_deps_ConfigLatticeVelocitySet[0m
[  0%] Built target _autoware_config_msgs_generate_messages_check_deps_ConfigRingFilter
[35m[1mScanning dependencies of target std_msgs_generate_messages_nodejs[0m
[  0%] Built target _autoware_config_msgs_generate_messages_check_deps_ConfigWaypointReplanner
[35m[1mScanning dependencies of target _autoware_config_msgs_generate_messages_check_deps_ConfigDecisionMaker[0m
[  0%] Built target _autoware_config_msgs_generate_messages_check_deps_ConfigDistanceFilter
[  0%] Built target std_msgs_generate_messages_nodejs
[35m[1mScanning dependencies of target _autoware_config_msgs_generate_messages_check_deps_ConfigLaneRule[0m
[35m[1mScanning dependencies of target _autoware_config_msgs_generate_messages_check_deps_ConfigCarDPM[0m
[  0%] Built target _autoware_config_msgs_generate_messages_check_deps_ConfigWaypointFollower
[  0%] Built target _autoware_config_msgs_generate_messages_check_deps_ConfigApproximateNDTMapping
[  0%] Built target _autoware_config_msgs_generate_messages_check_deps_ConfigLaneStop
[35m[1mScanning dependencies of target std_msgs_generate_messages_cpp[0m
[  0%] Built target _autoware_config_msgs_generate_messages_check_deps_ConfigLatticeVelocitySet
[35m[1mScanning dependencies of target std_msgs_generate_messages_eus[0m
[  0%] Built target std_msgs_generate_messages_cpp
[35m[1mScanning dependencies of target std_msgs_generate_messages_lisp[0m
[35m[1mScanning dependencies of target std_msgs_generate_messages_py[0m
[  0%] Built target std_msgs_generate_messages_lisp
[  0%] Built target std_msgs_generate_messages_eus
[  0%] Built target std_msgs_generate_messages_py
[  0%] Built target _autoware_config_msgs_generate_messages_check_deps_ConfigDecisionMaker
[  0%] Built target _autoware_config_msgs_generate_messages_check_deps_ConfigLaneRule
[  0%] Built target _autoware_config_msgs_generate_messages_check_deps_ConfigCarDPM
[35m[1mScanning dependencies of target autoware_config_msgs_generate_messages_nodejs[0m
[35m[1mScanning dependencies of target autoware_config_msgs_generate_messages_eus[0m
[35m[1mScanning dependencies of target autoware_config_msgs_generate_messages_cpp[0m
[35m[1mScanning dependencies of target autoware_config_msgs_generate_messages_lisp[0m
[35m[1mScanning dependencies of target autoware_config_msgs_generate_messages_py[0m
[  1%] [34m[1mGenerating Lisp code from autoware_config_msgs/ConfigICP.msg[0m
[  1%] [34m[1mGenerating Javascript code from autoware_config_msgs/ConfigLaneRule.msg[0m
[  2%] [34m[1mGenerating Javascript code from autoware_config_msgs/ConfigICP.msg[0m
[  4%] [34m[1mGenerating Javascript code from autoware_config_msgs/ConfigRingFilter.msg[0m
[  4%] [34m[1mGenerating EusLisp code from autoware_config_msgs/ConfigICP.msg[0m
[  4%] [34m[1mGenerating C++ code from autoware_config_msgs/ConfigICP.msg[0m
[  5%] [34m[1mGenerating Python from MSG autoware_config_msgs/ConfigICP[0m
[  5%] [34m[1mGenerating Lisp code from autoware_config_msgs/ConfigRingFilter.msg[0m
[  6%] [34m[1mGenerating Lisp code from autoware_config_msgs/ConfigLaneRule.msg[0m
[  7%] [34m[1mGenerating Javascript code from autoware_config_msgs/ConfigDecisionMaker.msg[0m
[  7%] [34m[1mGenerating Javascript code from autoware_config_msgs/ConfigLatticeVelocitySet.msg[0m
[  7%] [34m[1mGenerating Python from MSG autoware_config_msgs/ConfigRingFilter[0m
[  8%] [34m[1mGenerating C++ code from autoware_config_msgs/ConfigRingFilter.msg[0m
[  8%] [34m[1mGenerating EusLisp code from autoware_config_msgs/ConfigRingFilter.msg[0m
[  8%] [34m[1mGenerating Lisp code from autoware_config_msgs/ConfigDecisionMaker.msg[0m
[  9%] [34m[1mGenerating Lisp code from autoware_config_msgs/ConfigLatticeVelocitySet.msg[0m
[ 10%] [34m[1mGenerating Javascript code from autoware_config_msgs/ConfigRcnn.msg[0m
[ 11%] [34m[1mGenerating EusLisp code from autoware_config_msgs/ConfigLaneRule.msg[0m
[ 12%] [34m[1mGenerating Javascript code from autoware_config_msgs/ConfigDistanceFilter.msg[0m
[ 13%] [34m[1mGenerating Python from MSG autoware_config_msgs/ConfigLaneRule[0m
[ 13%] [34m[1mGenerating C++ code from autoware_config_msgs/ConfigLaneRule.msg[0m
[ 15%] [34m[1mGenerating Lisp code from autoware_config_msgs/ConfigRcnn.msg[0m
[ 15%] [34m[1mGenerating Lisp code from autoware_config_msgs/ConfigDistanceFilter.msg[0m
[ 15%] [34m[1mGenerating EusLisp code from autoware_config_msgs/ConfigDecisionMaker.msg[0m
[ 15%] [34m[1mGenerating Javascript code from autoware_config_msgs/ConfigWaypointFollower.msg[0m
[ 16%] [34m[1mGenerating EusLisp code from autoware_config_msgs/ConfigLatticeVelocitySet.msg[0m
[ 17%] [34m[1mGenerating Lisp code from autoware_config_msgs/ConfigWaypointFollower.msg[0m
[ 17%] [34m[1mGenerating Python from MSG autoware_config_msgs/ConfigDecisionMaker[0m
[ 17%] [34m[1mGenerating Lisp code from autoware_config_msgs/ConfigNDTMappingOutput.msg[0m
[ 18%] [34m[1mGenerating Javascript code from autoware_config_msgs/ConfigNDTMappingOutput.msg[0m
[ 19%] [34m[1mGenerating C++ code from autoware_config_msgs/ConfigDecisionMaker.msg[0m
[ 20%] [34m[1mGenerating EusLisp code from autoware_config_msgs/ConfigRcnn.msg[0m
[ 21%] [34m[1mGenerating Lisp code from autoware_config_msgs/ConfigCarDPM.msg[0m
[ 22%] [34m[1mGenerating Lisp code from autoware_config_msgs/ConfigVelocitySet.msg[0m
[ 22%] [34m[1mGenerating EusLisp code from autoware_config_msgs/ConfigDistanceFilter.msg[0m
[ 22%] [34m[1mGenerating Javascript code from autoware_config_msgs/ConfigCarDPM.msg[0m
[ 23%] [34m[1mGenerating Python from MSG autoware_config_msgs/ConfigLatticeVelocitySet[0m
[ 24%] [34m[1mGenerating Javascript code from autoware_config_msgs/ConfigVelocitySet.msg[0m
[ 24%] [34m[1mGenerating Lisp code from autoware_config_msgs/ConfigSSD.msg[0m
[ 24%] [34m[1mGenerating C++ code from autoware_config_msgs/ConfigLatticeVelocitySet.msg[0m
[ 25%] [34m[1mGenerating EusLisp code from autoware_config_msgs/ConfigWaypointFollower.msg[0m
[ 26%] [34m[1mGenerating Lisp code from autoware_config_msgs/ConfigLaneStop.msg[0m
[ 27%] [34m[1mGenerating Javascript code from autoware_config_msgs/ConfigSSD.msg[0m
[ 27%] [34m[1mGenerating Python from MSG autoware_config_msgs/ConfigRcnn[0m
[ 27%] [34m[1mGenerating EusLisp code from autoware_config_msgs/ConfigNDTMappingOutput.msg[0m
[ 27%] [34m[1mGenerating Lisp code from autoware_config_msgs/ConfigPoints2Polygon.msg[0m
[ 29%] [34m[1mGenerating Lisp code from autoware_config_msgs/ConfigRandomFilter.msg[0m
[ 29%] [34m[1mGenerating Javascript code from autoware_config_msgs/ConfigLaneStop.msg[0m
[ 30%] [34m[1mGenerating C++ code from autoware_config_msgs/ConfigRcnn.msg[0m
[ 31%] [34m[1mGenerating EusLisp code from autoware_config_msgs/ConfigCarDPM.msg[0m
[ 32%] [34m[1mGenerating EusLisp code from autoware_config_msgs/ConfigVelocitySet.msg[0m
[ 32%] [34m[1mGenerating EusLisp code from autoware_config_msgs/ConfigSSD.msg[0m
[ 33%] [34m[1mGenerating Python from MSG autoware_config_msgs/ConfigDistanceFilter[0m
[ 34%] [34m[1mGenerating Lisp code from autoware_config_msgs/ConfigCompareMapFilter.msg[0m
[ 35%] [34m[1mGenerating EusLisp code from autoware_config_msgs/ConfigLaneStop.msg[0m
[ 35%] [34m[1mGenerating Lisp code from autoware_config_msgs/ConfigVoxelGridFilter.msg[0m
[ 36%] [34m[1mGenerating Javascript code from autoware_config_msgs/ConfigPoints2Polygon.msg[0m
[ 37%] [34m[1mGenerating C++ code from autoware_config_msgs/ConfigDistanceFilter.msg[0m
[ 38%] [34m[1mGenerating Lisp code from autoware_config_msgs/ConfigPlannerSelector.msg[0m
[ 38%] [34m[1mGenerating EusLisp code from autoware_config_msgs/ConfigPoints2Polygon.msg[0m
[ 39%] [34m[1mGenerating EusLisp code from autoware_config_msgs/ConfigRandomFilter.msg[0m
[ 40%] [34m[1mGenerating Python from MSG autoware_config_msgs/ConfigWaypointFollower[0m
[ 40%] [34m[1mGenerating EusLisp code from autoware_config_msgs/ConfigCompareMapFilter.msg[0m
[ 40%] [34m[1mGenerating Lisp code from autoware_config_msgs/ConfigPedestrianFusion.msg[0m
[ 40%] [34m[1mGenerating Javascript code from autoware_config_msgs/ConfigRandomFilter.msg[0m
[ 41%] [34m[1mGenerating Lisp code from autoware_config_msgs/ConfigPedestrianKF.msg[0m
[ 43%] [34m[1mGenerating Lisp code from autoware_config_msgs/ConfigLaneSelect.msg[0m
[ 43%] [34m[1mGenerating C++ code from autoware_config_msgs/ConfigWaypointFollower.msg[0m
[ 43%] [34m[1mGenerating Lisp code from autoware_config_msgs/ConfigCarFusion.msg[0m
[ 43%] [34m[1mGenerating Python from MSG autoware_config_msgs/ConfigNDTMappingOutput[0m
[ 44%] [34m[1mGenerating Javascript code from autoware_config_msgs/ConfigCompareMapFilter.msg[0m
[ 45%] [34m[1mGenerating EusLisp code from autoware_config_msgs/ConfigVoxelGridFilter.msg[0m
[ 46%] [34m[1mGenerating Lisp code from autoware_config_msgs/ConfigRingGroundFilter.msg[0m
[ 47%] [34m[1mGenerating EusLisp code from autoware_config_msgs/ConfigPlannerSelector.msg[0m
[ 47%] [34m[1mGenerating EusLisp code from autoware_config_msgs/ConfigPedestrianFusion.msg[0m
[ 48%] [34m[1mGenerating Javascript code from autoware_config_msgs/ConfigVoxelGridFilter.msg[0m
[ 49%] [34m[1mGenerating Python from MSG autoware_config_msgs/ConfigCarDPM[0m
[ 49%] [34m[1mGenerating Python from MSG autoware_config_msgs/ConfigVelocitySet[0m
[ 50%] [34m[1mGenerating C++ code from autoware_config_msgs/ConfigNDTMappingOutput.msg[0m
[ 50%] [34m[1mGenerating Lisp code from autoware_config_msgs/ConfigApproximateNDTMapping.msg[0m
[ 51%] [34m[1mGenerating Lisp code from autoware_config_msgs/ConfigCarKF.msg[0m
[ 52%] [34m[1mGenerating EusLisp code from autoware_config_msgs/ConfigPedestrianKF.msg[0m
[ 52%] [34m[1mGenerating EusLisp code from autoware_config_msgs/ConfigLaneSelect.msg[0m
[ 52%] [34m[1mGenerating Javascript code from autoware_config_msgs/ConfigPlannerSelector.msg[0m
[ 53%] [34m[1mGenerating Python from MSG autoware_config_msgs/ConfigSSD[0m
[ 53%] [34m[1mGenerating Lisp code from autoware_config_msgs/ConfigTwistFilter.msg[0m
[ 54%] [34m[1mGenerating Python from MSG autoware_config_msgs/ConfigLaneStop[0m
[ 55%] [34m[1mGenerating Lisp code from autoware_config_msgs/ConfigNDTMapping.msg[0m
[ 55%] [34m[1mGenerating C++ code from autoware_config_msgs/ConfigCarDPM.msg[0m
[ 56%] [34m[1mGenerating EusLisp code from autoware_config_msgs/ConfigCarFusion.msg[0m
[ 58%] [34m[1mGenerating Javascript code from autoware_config_msgs/ConfigPedestrianFusion.msg[0m
[ 59%] [34m[1mGenerating EusLisp code from autoware_config_msgs/ConfigRingGroundFilter.msg[0m
[ 59%] [34m[1mGenerating Lisp code from autoware_config_msgs/ConfigPedestrianDPM.msg[0m
[ 60%] [34m[1mGenerating Lisp code from autoware_config_msgs/ConfigWaypointReplanner.msg[0m
[ 60%] [34m[1mGenerating Python from MSG autoware_config_msgs/ConfigPoints2Polygon[0m
[ 61%] [34m[1mGenerating Lisp code from autoware_config_msgs/ConfigNDT.msg[0m
[ 62%] [34m[1mGenerating Python from MSG autoware_config_msgs/ConfigRandomFilter[0m
[ 63%] [34m[1mGenerating C++ code from autoware_config_msgs/ConfigVelocitySet.msg[0m
[ 64%] [34m[1mGenerating C++ code from autoware_config_msgs/ConfigSSD.msg[0m
[ 64%] [34m[1mGenerating Javascript code from autoware_config_msgs/ConfigPedestrianKF.msg[0m
[ 64%] [34m[1mGenerating Lisp code from autoware_config_msgs/ConfigRayGroundFilter.msg[0m
[ 64%] [34m[1mGenerating EusLisp code from autoware_config_msgs/ConfigApproximateNDTMapping.msg[0m
[ 65%] [34m[1mGenerating EusLisp code from autoware_config_msgs/ConfigCarKF.msg[0m
[ 65%] [34m[1mGenerating Python from MSG autoware_config_msgs/ConfigCompareMapFilter[0m
[ 66%] [34m[1mGenerating Python from MSG autoware_config_msgs/ConfigVoxelGridFilter[0m
[ 67%] [34m[1mGenerating Javascript code from autoware_config_msgs/ConfigLaneSelect.msg[0m
[ 67%] [34m[1mGenerating C++ code from autoware_config_msgs/ConfigLaneStop.msg[0m
[ 68%] [34m[1mGenerating Python from MSG autoware_config_msgs/ConfigPlannerSelector[0m
[ 68%] Built target autoware_config_msgs_generate_messages_lisp
[ 68%] [34m[1mGenerating Python from MSG autoware_config_msgs/ConfigPedestrianFusion[0m
[ 69%] [34m[1mGenerating Python from MSG autoware_config_msgs/ConfigPedestrianKF[0m
[ 69%] [34m[1mGenerating EusLisp code from autoware_config_msgs/ConfigTwistFilter.msg[0m
[ 70%] [34m[1mGenerating EusLisp code from autoware_config_msgs/ConfigNDTMapping.msg[0m
[ 70%] [34m[1mGenerating Python from MSG autoware_config_msgs/ConfigLaneSelect[0m
[ 72%] [34m[1mGenerating Javascript code from autoware_config_msgs/ConfigCarFusion.msg[0m
[ 73%] [34m[1mGenerating Python from MSG autoware_config_msgs/ConfigCarFusion[0m
[ 74%] [34m[1mGenerating C++ code from autoware_config_msgs/ConfigPoints2Polygon.msg[0m
[ 75%] [34m[1mGenerating Python from MSG autoware_config_msgs/ConfigRingGroundFilter[0m
[ 75%] [34m[1mGenerating Python from MSG autoware_config_msgs/ConfigApproximateNDTMapping[0m
[ 75%] [34m[1mGenerating Javascript code from autoware_config_msgs/ConfigRingGroundFilter.msg[0m
[ 76%] [34m[1mGenerating Python from MSG autoware_config_msgs/ConfigCarKF[0m
[ 77%] [34m[1mGenerating EusLisp code from autoware_config_msgs/ConfigWaypointReplanner.msg[0m
[ 77%] [34m[1mGenerating EusLisp code from autoware_config_msgs/ConfigPedestrianDPM.msg[0m
[ 77%] [34m[1mGenerating Python from MSG autoware_config_msgs/ConfigTwistFilter[0m
[ 78%] [34m[1mGenerating Python from MSG autoware_config_msgs/ConfigNDTMapping[0m
[ 78%] [34m[1mGenerating C++ code from autoware_config_msgs/ConfigRandomFilter.msg[0m
[ 79%] [34m[1mGenerating Javascript code from autoware_config_msgs/ConfigApproximateNDTMapping.msg[0m
[ 80%] [34m[1mGenerating Python from MSG autoware_config_msgs/ConfigWaypointReplanner[0m
[ 80%] [34m[1mGenerating Python from MSG autoware_config_msgs/ConfigPedestrianDPM[0m
[ 81%] [34m[1mGenerating EusLisp code from autoware_config_msgs/ConfigNDT.msg[0m
[ 82%] [34m[1mGenerating Python from MSG autoware_config_msgs/ConfigNDT[0m
[ 82%] [34m[1mGenerating EusLisp code from autoware_config_msgs/ConfigRayGroundFilter.msg[0m
[ 82%] [34m[1mGenerating Python from MSG autoware_config_msgs/ConfigRayGroundFilter[0m
[ 82%] [34m[1mGenerating Javascript code from autoware_config_msgs/ConfigCarKF.msg[0m
[ 83%] [34m[1mGenerating C++ code from autoware_config_msgs/ConfigCompareMapFilter.msg[0m
[ 84%] [34m[1mGenerating C++ code from autoware_config_msgs/ConfigVoxelGridFilter.msg[0m
[ 84%] [34m[1mGenerating C++ code from autoware_config_msgs/ConfigPlannerSelector.msg[0m
[ 86%] [34m[1mGenerating C++ code from autoware_config_msgs/ConfigPedestrianFusion.msg[0m
[ 87%] [34m[1mGenerating Javascript code from autoware_config_msgs/ConfigTwistFilter.msg[0m
[ 88%] [34m[1mGenerating EusLisp manifest code for autoware_config_msgs[0m
[ 88%] [34m[1mGenerating C++ code from autoware_config_msgs/ConfigPedestrianKF.msg[0m
[ 89%] [34m[1mGenerating Python msg __init__.py for autoware_config_msgs[0m
[ 90%] [34m[1mGenerating C++ code from autoware_config_msgs/ConfigCarFusion.msg[0m
[ 91%] [34m[1mGenerating C++ code from autoware_config_msgs/ConfigLaneSelect.msg[0m
[ 91%] [34m[1mGenerating C++ code from autoware_config_msgs/ConfigRingGroundFilter.msg[0m
[ 92%] [34m[1mGenerating Javascript code from autoware_config_msgs/ConfigNDTMapping.msg[0m
[ 92%] Built target autoware_config_msgs_generate_messages_py
[ 93%] [34m[1mGenerating C++ code from autoware_config_msgs/ConfigApproximateNDTMapping.msg[0m
[ 94%] [34m[1mGenerating C++ code from autoware_config_msgs/ConfigTwistFilter.msg[0m
[ 94%] [34m[1mGenerating C++ code from autoware_config_msgs/ConfigCarKF.msg[0m
[ 94%] [34m[1mGenerating Javascript code from autoware_config_msgs/ConfigWaypointReplanner.msg[0m
[ 95%] [34m[1mGenerating C++ code from autoware_config_msgs/ConfigNDTMapping.msg[0m
[ 95%] [34m[1mGenerating C++ code from autoware_config_msgs/ConfigWaypointReplanner.msg[0m
[ 96%] [34m[1mGenerating C++ code from autoware_config_msgs/ConfigPedestrianDPM.msg[0m
[ 97%] [34m[1mGenerating Javascript code from autoware_config_msgs/ConfigPedestrianDPM.msg[0m
[ 97%] [34m[1mGenerating C++ code from autoware_config_msgs/ConfigNDT.msg[0m
[ 98%] [34m[1mGenerating C++ code from autoware_config_msgs/ConfigRayGroundFilter.msg[0m
[ 98%] [34m[1mGenerating Javascript code from autoware_config_msgs/ConfigNDT.msg[0m
[ 98%] Built target autoware_config_msgs_generate_messages_cpp
[100%] [34m[1mGenerating Javascript code from autoware_config_msgs/ConfigRayGroundFilter.msg[0m
[100%] Built target autoware_config_msgs_generate_messages_nodejs
[100%] Built target autoware_config_msgs_generate_messages_eus
[35m[1mScanning dependencies of target autoware_config_msgs_generate_messages[0m
[100%] Built target autoware_config_msgs_generate_messages
