Symlinking /home/myr907/autoware.ai/devel/share/autoware_config_msgs/cmake/autoware_config_msgs-msg-extras.cmake
Symlinking /home/myr907/autoware.ai/devel/share/autoware_config_msgs/cmake/autoware_config_msgs-msg-paths.cmake
Symlinking /home/myr907/autoware.ai/devel/share/autoware_config_msgs/cmake/autoware_config_msgsConfig-version.cmake
Symlinking /home/myr907/autoware.ai/devel/share/autoware_config_msgs/cmake/autoware_config_msgsConfig.cmake
Symlinking /home/myr907/autoware.ai/devel/share/roseus/ros/autoware_config_msgs/manifest.l
Symlinking /home/myr907/autoware.ai/devel/share/roseus/ros/autoware_config_msgs/msg/ConfigLaneStop.l
Symlinking /home/myr907/autoware.ai/devel/share/roseus/ros/autoware_config_msgs/msg/ConfigCarFusion.l
Symlinking /home/myr907/autoware.ai/devel/share/roseus/ros/autoware_config_msgs/msg/ConfigPedestrianFusion.l
Symlinking /home/myr907/autoware.ai/devel/share/roseus/ros/autoware_config_msgs/msg/ConfigDistanceFilter.l
Symlinking /home/myr907/autoware.ai/devel/share/roseus/ros/autoware_config_msgs/msg/ConfigDecisionMaker.l
Symlinking /home/myr907/autoware.ai/devel/share/roseus/ros/autoware_config_msgs/msg/ConfigLaneSelect.l
Symlinking /home/myr907/autoware.ai/devel/share/roseus/ros/autoware_config_msgs/msg/ConfigRingFilter.l
Symlinking /home/myr907/autoware.ai/devel/share/roseus/ros/autoware_config_msgs/msg/ConfigCarKF.l
Symlinking /home/myr907/autoware.ai/devel/share/roseus/ros/autoware_config_msgs/msg/ConfigCarDPM.l
Symlinking /home/myr907/autoware.ai/devel/share/roseus/ros/autoware_config_msgs/msg/ConfigNDT.l
Symlinking /home/myr907/autoware.ai/devel/share/roseus/ros/autoware_config_msgs/msg/ConfigCompareMapFilter.l
Symlinking /home/myr907/autoware.ai/devel/share/roseus/ros/autoware_config_msgs/msg/ConfigPedestrianDPM.l
Symlinking /home/myr907/autoware.ai/devel/share/roseus/ros/autoware_config_msgs/msg/ConfigNDTMappingOutput.l
Symlinking /home/myr907/autoware.ai/devel/share/roseus/ros/autoware_config_msgs/msg/ConfigRcnn.l
Symlinking /home/myr907/autoware.ai/devel/share/roseus/ros/autoware_config_msgs/msg/ConfigNDTMapping.l
Symlinking /home/myr907/autoware.ai/devel/share/roseus/ros/autoware_config_msgs/msg/ConfigLaneRule.l
Symlinking /home/myr907/autoware.ai/devel/share/roseus/ros/autoware_config_msgs/msg/ConfigRingGroundFilter.l
Symlinking /home/myr907/autoware.ai/devel/share/roseus/ros/autoware_config_msgs/msg/ConfigTwistFilter.l
Symlinking /home/myr907/autoware.ai/devel/share/roseus/ros/autoware_config_msgs/msg/ConfigWaypointReplanner.l
Symlinking /home/myr907/autoware.ai/devel/share/roseus/ros/autoware_config_msgs/msg/ConfigRandomFilter.l
Symlinking /home/myr907/autoware.ai/devel/share/roseus/ros/autoware_config_msgs/msg/ConfigVelocitySet.l
Symlinking /home/myr907/autoware.ai/devel/share/roseus/ros/autoware_config_msgs/msg/ConfigRayGroundFilter.l
Symlinking /home/myr907/autoware.ai/devel/share/roseus/ros/autoware_config_msgs/msg/ConfigVoxelGridFilter.l
Symlinking /home/myr907/autoware.ai/devel/share/roseus/ros/autoware_config_msgs/msg/ConfigPlannerSelector.l
Symlinking /home/myr907/autoware.ai/devel/share/roseus/ros/autoware_config_msgs/msg/ConfigLatticeVelocitySet.l
Symlinking /home/myr907/autoware.ai/devel/share/roseus/ros/autoware_config_msgs/msg/ConfigApproximateNDTMapping.l
Symlinking /home/myr907/autoware.ai/devel/share/roseus/ros/autoware_config_msgs/msg/ConfigPoints2Polygon.l
Symlinking /home/myr907/autoware.ai/devel/share/roseus/ros/autoware_config_msgs/msg/ConfigPedestrianKF.l
Symlinking /home/myr907/autoware.ai/devel/share/roseus/ros/autoware_config_msgs/msg/ConfigSSD.l
Symlinking /home/myr907/autoware.ai/devel/share/roseus/ros/autoware_config_msgs/msg/ConfigWaypointFollower.l
Symlinking /home/myr907/autoware.ai/devel/share/roseus/ros/autoware_config_msgs/msg/ConfigICP.l
Symlinking /home/myr907/autoware.ai/devel/share/common-lisp/ros/autoware_config_msgs/msg/autoware_config_msgs-msg.asd
Symlinking /home/myr907/autoware.ai/devel/share/common-lisp/ros/autoware_config_msgs/msg/ConfigRingFilter.lisp
Symlinking /home/myr907/autoware.ai/devel/share/common-lisp/ros/autoware_config_msgs/msg/ConfigLaneRule.lisp
Symlinking /home/myr907/autoware.ai/devel/share/common-lisp/ros/autoware_config_msgs/msg/ConfigSSD.lisp
Symlinking /home/myr907/autoware.ai/devel/share/common-lisp/ros/autoware_config_msgs/msg/ConfigDecisionMaker.lisp
Symlinking /home/myr907/autoware.ai/devel/share/common-lisp/ros/autoware_config_msgs/msg/_package_ConfigRingFilter.lisp
Symlinking /home/myr907/autoware.ai/devel/share/common-lisp/ros/autoware_config_msgs/msg/_package_ConfigWaypointReplanner.lisp
Symlinking /home/myr907/autoware.ai/devel/share/common-lisp/ros/autoware_config_msgs/msg/_package_ConfigPedestrianFusion.lisp
Symlinking /home/myr907/autoware.ai/devel/share/common-lisp/ros/autoware_config_msgs/msg/_package_ConfigNDTMappingOutput.lisp
Symlinking /home/myr907/autoware.ai/devel/share/common-lisp/ros/autoware_config_msgs/msg/_package_ConfigDistanceFilter.lisp
Symlinking /home/myr907/autoware.ai/devel/share/common-lisp/ros/autoware_config_msgs/msg/_package_ConfigPedestrianDPM.lisp
Symlinking /home/myr907/autoware.ai/devel/share/common-lisp/ros/autoware_config_msgs/msg/_package_ConfigLaneStop.lisp
Symlinking /home/myr907/autoware.ai/devel/share/common-lisp/ros/autoware_config_msgs/msg/_package_ConfigLaneRule.lisp
Symlinking /home/myr907/autoware.ai/devel/share/common-lisp/ros/autoware_config_msgs/msg/ConfigWaypointFollower.lisp
Symlinking /home/myr907/autoware.ai/devel/share/common-lisp/ros/autoware_config_msgs/msg/_package_ConfigCarDPM.lisp
Symlinking /home/myr907/autoware.ai/devel/share/common-lisp/ros/autoware_config_msgs/msg/ConfigCompareMapFilter.lisp
Symlinking /home/myr907/autoware.ai/devel/share/common-lisp/ros/autoware_config_msgs/msg/_package_ConfigCarFusion.lisp
Symlinking /home/myr907/autoware.ai/devel/share/common-lisp/ros/autoware_config_msgs/msg/ConfigVoxelGridFilter.lisp
Symlinking /home/myr907/autoware.ai/devel/share/common-lisp/ros/autoware_config_msgs/msg/_package_ConfigRcnn.lisp
Symlinking /home/myr907/autoware.ai/devel/share/common-lisp/ros/autoware_config_msgs/msg/_package_ConfigNDT.lisp
Symlinking /home/myr907/autoware.ai/devel/share/common-lisp/ros/autoware_config_msgs/msg/ConfigNDTMapping.lisp
Symlinking /home/myr907/autoware.ai/devel/share/common-lisp/ros/autoware_config_msgs/msg/ConfigPoints2Polygon.lisp
Symlinking /home/myr907/autoware.ai/devel/share/common-lisp/ros/autoware_config_msgs/msg/_package_ConfigICP.lisp
Symlinking /home/myr907/autoware.ai/devel/share/common-lisp/ros/autoware_config_msgs/msg/ConfigLaneStop.lisp
Symlinking /home/myr907/autoware.ai/devel/share/common-lisp/ros/autoware_config_msgs/msg/ConfigRingGroundFilter.lisp
Symlinking /home/myr907/autoware.ai/devel/share/common-lisp/ros/autoware_config_msgs/msg/_package_ConfigCompareMapFilter.lisp
Symlinking /home/myr907/autoware.ai/devel/share/common-lisp/ros/autoware_config_msgs/msg/ConfigPedestrianFusion.lisp
Symlinking /home/myr907/autoware.ai/devel/share/common-lisp/ros/autoware_config_msgs/msg/_package_ConfigNDTMapping.lisp
Symlinking /home/myr907/autoware.ai/devel/share/common-lisp/ros/autoware_config_msgs/msg/_package_ConfigSSD.lisp
Symlinking /home/myr907/autoware.ai/devel/share/common-lisp/ros/autoware_config_msgs/msg/_package_ConfigLatticeVelocitySet.lisp
Symlinking /home/myr907/autoware.ai/devel/share/common-lisp/ros/autoware_config_msgs/msg/ConfigApproximateNDTMapping.lisp
Symlinking /home/myr907/autoware.ai/devel/share/common-lisp/ros/autoware_config_msgs/msg/ConfigTwistFilter.lisp
Symlinking /home/myr907/autoware.ai/devel/share/common-lisp/ros/autoware_config_msgs/msg/ConfigNDTMappingOutput.lisp
Symlinking /home/myr907/autoware.ai/devel/share/common-lisp/ros/autoware_config_msgs/msg/_package_ConfigCarKF.lisp
Symlinking /home/myr907/autoware.ai/devel/share/common-lisp/ros/autoware_config_msgs/msg/_package_ConfigPoints2Polygon.lisp
Symlinking /home/myr907/autoware.ai/devel/share/common-lisp/ros/autoware_config_msgs/msg/ConfigVelocitySet.lisp
Symlinking /home/myr907/autoware.ai/devel/share/common-lisp/ros/autoware_config_msgs/msg/ConfigDistanceFilter.lisp
Symlinking /home/myr907/autoware.ai/devel/share/common-lisp/ros/autoware_config_msgs/msg/_package_ConfigRandomFilter.lisp
Symlinking /home/myr907/autoware.ai/devel/share/common-lisp/ros/autoware_config_msgs/msg/_package_ConfigTwistFilter.lisp
Symlinking /home/myr907/autoware.ai/devel/share/common-lisp/ros/autoware_config_msgs/msg/_package_ConfigPedestrianKF.lisp
Symlinking /home/myr907/autoware.ai/devel/share/common-lisp/ros/autoware_config_msgs/msg/ConfigNDT.lisp
Symlinking /home/myr907/autoware.ai/devel/share/common-lisp/ros/autoware_config_msgs/msg/ConfigRayGroundFilter.lisp
Symlinking /home/myr907/autoware.ai/devel/share/common-lisp/ros/autoware_config_msgs/msg/_package_ConfigLaneSelect.lisp
Symlinking /home/myr907/autoware.ai/devel/share/common-lisp/ros/autoware_config_msgs/msg/_package_ConfigRayGroundFilter.lisp
Symlinking /home/myr907/autoware.ai/devel/share/common-lisp/ros/autoware_config_msgs/msg/ConfigCarDPM.lisp
Symlinking /home/myr907/autoware.ai/devel/share/common-lisp/ros/autoware_config_msgs/msg/ConfigRandomFilter.lisp
Symlinking /home/myr907/autoware.ai/devel/share/common-lisp/ros/autoware_config_msgs/msg/ConfigICP.lisp
Symlinking /home/myr907/autoware.ai/devel/share/common-lisp/ros/autoware_config_msgs/msg/_package_ConfigDecisionMaker.lisp
Symlinking /home/myr907/autoware.ai/devel/share/common-lisp/ros/autoware_config_msgs/msg/ConfigPedestrianDPM.lisp
Symlinking /home/myr907/autoware.ai/devel/share/common-lisp/ros/autoware_config_msgs/msg/ConfigLatticeVelocitySet.lisp
Symlinking /home/myr907/autoware.ai/devel/share/common-lisp/ros/autoware_config_msgs/msg/ConfigRcnn.lisp
Symlinking /home/myr907/autoware.ai/devel/share/common-lisp/ros/autoware_config_msgs/msg/ConfigPlannerSelector.lisp
Symlinking /home/myr907/autoware.ai/devel/share/common-lisp/ros/autoware_config_msgs/msg/_package_ConfigVelocitySet.lisp
Symlinking /home/myr907/autoware.ai/devel/share/common-lisp/ros/autoware_config_msgs/msg/ConfigPedestrianKF.lisp
Symlinking /home/myr907/autoware.ai/devel/share/common-lisp/ros/autoware_config_msgs/msg/_package_ConfigPlannerSelector.lisp
Symlinking /home/myr907/autoware.ai/devel/share/common-lisp/ros/autoware_config_msgs/msg/ConfigLaneSelect.lisp
Symlinking /home/myr907/autoware.ai/devel/share/common-lisp/ros/autoware_config_msgs/msg/ConfigCarKF.lisp
Symlinking /home/myr907/autoware.ai/devel/share/common-lisp/ros/autoware_config_msgs/msg/_package.lisp
Symlinking /home/myr907/autoware.ai/devel/share/common-lisp/ros/autoware_config_msgs/msg/_package_ConfigVoxelGridFilter.lisp
Symlinking /home/myr907/autoware.ai/devel/share/common-lisp/ros/autoware_config_msgs/msg/_package_ConfigRingGroundFilter.lisp
Symlinking /home/myr907/autoware.ai/devel/share/common-lisp/ros/autoware_config_msgs/msg/_package_ConfigWaypointFollower.lisp
Symlinking /home/myr907/autoware.ai/devel/share/common-lisp/ros/autoware_config_msgs/msg/ConfigCarFusion.lisp
Symlinking /home/myr907/autoware.ai/devel/share/common-lisp/ros/autoware_config_msgs/msg/ConfigWaypointReplanner.lisp
Symlinking /home/myr907/autoware.ai/devel/share/common-lisp/ros/autoware_config_msgs/msg/_package_ConfigApproximateNDTMapping.lisp
Symlinking /home/myr907/autoware.ai/devel/share/gennodejs/ros/autoware_config_msgs/_index.js
Symlinking /home/myr907/autoware.ai/devel/share/gennodejs/ros/autoware_config_msgs/msg/ConfigPedestrianKF.js
Symlinking /home/myr907/autoware.ai/devel/share/gennodejs/ros/autoware_config_msgs/msg/ConfigLaneStop.js
Symlinking /home/myr907/autoware.ai/devel/share/gennodejs/ros/autoware_config_msgs/msg/ConfigApproximateNDTMapping.js
Symlinking /home/myr907/autoware.ai/devel/share/gennodejs/ros/autoware_config_msgs/msg/ConfigWaypointFollower.js
Symlinking /home/myr907/autoware.ai/devel/share/gennodejs/ros/autoware_config_msgs/msg/ConfigSSD.js
Symlinking /home/myr907/autoware.ai/devel/share/gennodejs/ros/autoware_config_msgs/msg/ConfigRandomFilter.js
Symlinking /home/myr907/autoware.ai/devel/share/gennodejs/ros/autoware_config_msgs/msg/ConfigCarKF.js
Symlinking /home/myr907/autoware.ai/devel/share/gennodejs/ros/autoware_config_msgs/msg/ConfigPedestrianDPM.js
Symlinking /home/myr907/autoware.ai/devel/share/gennodejs/ros/autoware_config_msgs/msg/ConfigRingGroundFilter.js
Symlinking /home/myr907/autoware.ai/devel/share/gennodejs/ros/autoware_config_msgs/msg/ConfigLaneSelect.js
Symlinking /home/myr907/autoware.ai/devel/share/gennodejs/ros/autoware_config_msgs/msg/ConfigICP.js
Symlinking /home/myr907/autoware.ai/devel/share/gennodejs/ros/autoware_config_msgs/msg/ConfigRayGroundFilter.js
Symlinking /home/myr907/autoware.ai/devel/share/gennodejs/ros/autoware_config_msgs/msg/_index.js
Symlinking /home/myr907/autoware.ai/devel/share/gennodejs/ros/autoware_config_msgs/msg/ConfigWaypointReplanner.js
Symlinking /home/myr907/autoware.ai/devel/share/gennodejs/ros/autoware_config_msgs/msg/ConfigTwistFilter.js
Symlinking /home/myr907/autoware.ai/devel/share/gennodejs/ros/autoware_config_msgs/msg/ConfigPedestrianFusion.js
Symlinking /home/myr907/autoware.ai/devel/share/gennodejs/ros/autoware_config_msgs/msg/ConfigRingFilter.js
Symlinking /home/myr907/autoware.ai/devel/share/gennodejs/ros/autoware_config_msgs/msg/ConfigVoxelGridFilter.js
Symlinking /home/myr907/autoware.ai/devel/share/gennodejs/ros/autoware_config_msgs/msg/ConfigPlannerSelector.js
Symlinking /home/myr907/autoware.ai/devel/share/gennodejs/ros/autoware_config_msgs/msg/ConfigNDTMapping.js
Symlinking /home/myr907/autoware.ai/devel/share/gennodejs/ros/autoware_config_msgs/msg/ConfigRcnn.js
Symlinking /home/myr907/autoware.ai/devel/share/gennodejs/ros/autoware_config_msgs/msg/ConfigNDT.js
Symlinking /home/myr907/autoware.ai/devel/share/gennodejs/ros/autoware_config_msgs/msg/ConfigLaneRule.js
Symlinking /home/myr907/autoware.ai/devel/share/gennodejs/ros/autoware_config_msgs/msg/ConfigPoints2Polygon.js
Symlinking /home/myr907/autoware.ai/devel/share/gennodejs/ros/autoware_config_msgs/msg/ConfigDecisionMaker.js
Symlinking /home/myr907/autoware.ai/devel/share/gennodejs/ros/autoware_config_msgs/msg/ConfigCompareMapFilter.js
Symlinking /home/myr907/autoware.ai/devel/share/gennodejs/ros/autoware_config_msgs/msg/ConfigCarDPM.js
Symlinking /home/myr907/autoware.ai/devel/share/gennodejs/ros/autoware_config_msgs/msg/ConfigDistanceFilter.js
Symlinking /home/myr907/autoware.ai/devel/share/gennodejs/ros/autoware_config_msgs/msg/ConfigNDTMappingOutput.js
Symlinking /home/myr907/autoware.ai/devel/share/gennodejs/ros/autoware_config_msgs/msg/ConfigLatticeVelocitySet.js
Symlinking /home/myr907/autoware.ai/devel/share/gennodejs/ros/autoware_config_msgs/msg/ConfigVelocitySet.js
Symlinking /home/myr907/autoware.ai/devel/share/gennodejs/ros/autoware_config_msgs/msg/ConfigCarFusion.js
Symlinking /home/myr907/autoware.ai/devel/include/autoware_config_msgs/ConfigPlannerSelector.h
Symlinking /home/myr907/autoware.ai/devel/include/autoware_config_msgs/ConfigDistanceFilter.h
Symlinking /home/myr907/autoware.ai/devel/include/autoware_config_msgs/ConfigLaneRule.h
Symlinking /home/myr907/autoware.ai/devel/include/autoware_config_msgs/ConfigPoints2Polygon.h
Symlinking /home/myr907/autoware.ai/devel/include/autoware_config_msgs/ConfigPedestrianFusion.h
Symlinking /home/myr907/autoware.ai/devel/include/autoware_config_msgs/ConfigApproximateNDTMapping.h
Symlinking /home/myr907/autoware.ai/devel/include/autoware_config_msgs/ConfigVoxelGridFilter.h
Symlinking /home/myr907/autoware.ai/devel/include/autoware_config_msgs/ConfigLatticeVelocitySet.h
Symlinking /home/myr907/autoware.ai/devel/include/autoware_config_msgs/ConfigCarKF.h
Symlinking /home/myr907/autoware.ai/devel/include/autoware_config_msgs/ConfigNDTMapping.h
Symlinking /home/myr907/autoware.ai/devel/include/autoware_config_msgs/ConfigPedestrianDPM.h
Symlinking /home/myr907/autoware.ai/devel/include/autoware_config_msgs/ConfigRingFilter.h
Symlinking /home/myr907/autoware.ai/devel/include/autoware_config_msgs/ConfigCompareMapFilter.h
Symlinking /home/myr907/autoware.ai/devel/include/autoware_config_msgs/ConfigPedestrianKF.h
Symlinking /home/myr907/autoware.ai/devel/include/autoware_config_msgs/ConfigVelocitySet.h
Symlinking /home/myr907/autoware.ai/devel/include/autoware_config_msgs/ConfigNDTMappingOutput.h
Symlinking /home/myr907/autoware.ai/devel/include/autoware_config_msgs/ConfigNDT.h
Symlinking /home/myr907/autoware.ai/devel/include/autoware_config_msgs/ConfigTwistFilter.h
Symlinking /home/myr907/autoware.ai/devel/include/autoware_config_msgs/ConfigCarFusion.h
Symlinking /home/myr907/autoware.ai/devel/include/autoware_config_msgs/ConfigRingGroundFilter.h
Symlinking /home/myr907/autoware.ai/devel/include/autoware_config_msgs/ConfigLaneSelect.h
Symlinking /home/myr907/autoware.ai/devel/include/autoware_config_msgs/ConfigRayGroundFilter.h
Symlinking /home/myr907/autoware.ai/devel/include/autoware_config_msgs/ConfigRcnn.h
Symlinking /home/myr907/autoware.ai/devel/include/autoware_config_msgs/ConfigWaypointReplanner.h
Symlinking /home/myr907/autoware.ai/devel/include/autoware_config_msgs/ConfigCarDPM.h
Symlinking /home/myr907/autoware.ai/devel/include/autoware_config_msgs/ConfigRandomFilter.h
Symlinking /home/myr907/autoware.ai/devel/include/autoware_config_msgs/ConfigLaneStop.h
Symlinking /home/myr907/autoware.ai/devel/include/autoware_config_msgs/ConfigICP.h
Symlinking /home/myr907/autoware.ai/devel/include/autoware_config_msgs/ConfigSSD.h
Symlinking /home/myr907/autoware.ai/devel/include/autoware_config_msgs/ConfigWaypointFollower.h
Symlinking /home/myr907/autoware.ai/devel/include/autoware_config_msgs/ConfigDecisionMaker.h
Symlinking /home/myr907/autoware.ai/devel/lib/pkgconfig/autoware_config_msgs.pc
Symlinking /home/myr907/autoware.ai/devel/lib/python2.7/dist-packages/autoware_config_msgs/__init__.py
Symlinking /home/myr907/autoware.ai/devel/lib/python2.7/dist-packages/autoware_config_msgs/msg/_ConfigLaneRule.py
Symlinking /home/myr907/autoware.ai/devel/lib/python2.7/dist-packages/autoware_config_msgs/msg/_ConfigPedestrianDPM.py
Symlinking /home/myr907/autoware.ai/devel/lib/python2.7/dist-packages/autoware_config_msgs/msg/_ConfigCarDPM.py
Symlinking /home/myr907/autoware.ai/devel/lib/python2.7/dist-packages/autoware_config_msgs/msg/_ConfigNDT.py
Symlinking /home/myr907/autoware.ai/devel/lib/python2.7/dist-packages/autoware_config_msgs/msg/_ConfigCarKF.py
Symlinking /home/myr907/autoware.ai/devel/lib/python2.7/dist-packages/autoware_config_msgs/msg/_ConfigRingGroundFilter.py
Symlinking /home/myr907/autoware.ai/devel/lib/python2.7/dist-packages/autoware_config_msgs/msg/_ConfigDistanceFilter.py
Symlinking /home/myr907/autoware.ai/devel/lib/python2.7/dist-packages/autoware_config_msgs/msg/_ConfigCompareMapFilter.py
Symlinking /home/myr907/autoware.ai/devel/lib/python2.7/dist-packages/autoware_config_msgs/msg/_ConfigCarFusion.py
Symlinking /home/myr907/autoware.ai/devel/lib/python2.7/dist-packages/autoware_config_msgs/msg/_ConfigWaypointFollower.py
Symlinking /home/myr907/autoware.ai/devel/lib/python2.7/dist-packages/autoware_config_msgs/msg/_ConfigRcnn.py
Symlinking /home/myr907/autoware.ai/devel/lib/python2.7/dist-packages/autoware_config_msgs/msg/_ConfigPedestrianKF.py
Symlinking /home/myr907/autoware.ai/devel/lib/python2.7/dist-packages/autoware_config_msgs/msg/__init__.py
Symlinking /home/myr907/autoware.ai/devel/lib/python2.7/dist-packages/autoware_config_msgs/msg/_ConfigVoxelGridFilter.py
Symlinking /home/myr907/autoware.ai/devel/lib/python2.7/dist-packages/autoware_config_msgs/msg/_ConfigLaneSelect.py
Symlinking /home/myr907/autoware.ai/devel/lib/python2.7/dist-packages/autoware_config_msgs/msg/_ConfigRingFilter.py
Symlinking /home/myr907/autoware.ai/devel/lib/python2.7/dist-packages/autoware_config_msgs/msg/_ConfigWaypointReplanner.py
Symlinking /home/myr907/autoware.ai/devel/lib/python2.7/dist-packages/autoware_config_msgs/msg/_ConfigPedestrianFusion.py
Symlinking /home/myr907/autoware.ai/devel/lib/python2.7/dist-packages/autoware_config_msgs/msg/_ConfigVelocitySet.py
Symlinking /home/myr907/autoware.ai/devel/lib/python2.7/dist-packages/autoware_config_msgs/msg/_ConfigTwistFilter.py
Symlinking /home/myr907/autoware.ai/devel/lib/python2.7/dist-packages/autoware_config_msgs/msg/_ConfigSSD.py
Symlinking /home/myr907/autoware.ai/devel/lib/python2.7/dist-packages/autoware_config_msgs/msg/_ConfigLatticeVelocitySet.py
Symlinking /home/myr907/autoware.ai/devel/lib/python2.7/dist-packages/autoware_config_msgs/msg/_ConfigRandomFilter.py
Symlinking /home/myr907/autoware.ai/devel/lib/python2.7/dist-packages/autoware_config_msgs/msg/_ConfigICP.py
Symlinking /home/myr907/autoware.ai/devel/lib/python2.7/dist-packages/autoware_config_msgs/msg/_ConfigNDTMapping.py
Symlinking /home/myr907/autoware.ai/devel/lib/python2.7/dist-packages/autoware_config_msgs/msg/_ConfigPoints2Polygon.py
Symlinking /home/myr907/autoware.ai/devel/lib/python2.7/dist-packages/autoware_config_msgs/msg/_ConfigApproximateNDTMapping.py
Symlinking /home/myr907/autoware.ai/devel/lib/python2.7/dist-packages/autoware_config_msgs/msg/_ConfigNDTMappingOutput.py
Symlinking /home/myr907/autoware.ai/devel/lib/python2.7/dist-packages/autoware_config_msgs/msg/_ConfigDecisionMaker.py
Symlinking /home/myr907/autoware.ai/devel/lib/python2.7/dist-packages/autoware_config_msgs/msg/_ConfigPlannerSelector.py
Symlinking /home/myr907/autoware.ai/devel/lib/python2.7/dist-packages/autoware_config_msgs/msg/_ConfigRayGroundFilter.py
Symlinking /home/myr907/autoware.ai/devel/lib/python2.7/dist-packages/autoware_config_msgs/msg/_ConfigLaneStop.py
