[35m[1mScanning dependencies of target object_map_utils_lib[0m
[35m[1mScanning dependencies of target laserscan2costmap[0m
[  7%] [32mBuilding CXX object CMakeFiles/laserscan2costmap.dir/nodes/laserscan2costmap/laserscan2costmap.cpp.o[0m
[ 14%] [32mBuilding CXX object CMakeFiles/object_map_utils_lib.dir/include/object_map/object_map_utils.cpp.o[0m
[35m[1mScanning dependencies of target bond_generate_messages_lisp[0m
[ 14%] Built target bond_generate_messages_lisp
[35m[1mScanning dependencies of target grid_map_msgs_generate_messages_py[0m
[ 14%] Built target grid_map_msgs_generate_messages_py
[35m[1mScanning dependencies of target grid_map_msgs_generate_messages_lisp[0m
[ 14%] Built target grid_map_msgs_generate_messages_lisp
[35m[1mScanning dependencies of target nav_msgs_generate_messages_py[0m
[ 14%] Built target nav_msgs_generate_messages_py
[35m[1mScanning dependencies of target nav_msgs_generate_messages_nodejs[0m
[ 14%] Built target nav_msgs_generate_messages_nodejs
[35m[1mScanning dependencies of target nav_msgs_generate_messages_lisp[0m
[ 14%] Built target nav_msgs_generate_messages_lisp
[35m[1mScanning dependencies of target topic_tools_generate_messages_py[0m
[ 14%] Built target topic_tools_generate_messages_py
[35m[1mScanning dependencies of target topic_tools_generate_messages_lisp[0m
[ 14%] Built target topic_tools_generate_messages_lisp
[35m[1mScanning dependencies of target topic_tools_generate_messages_eus[0m
[ 14%] Built target topic_tools_generate_messages_eus
[35m[1mScanning dependencies of target std_srvs_generate_messages_nodejs[0m
[ 14%] Built target std_srvs_generate_messages_nodejs
[35m[1mScanning dependencies of target std_srvs_generate_messages_lisp[0m
[ 14%] Built target std_srvs_generate_messages_lisp
[35m[1mScanning dependencies of target std_srvs_generate_messages_eus[0m
[ 14%] Built target std_srvs_generate_messages_eus
[35m[1mScanning dependencies of target nodelet_topic_tools_gencfg[0m
[ 14%] Built target nodelet_topic_tools_gencfg
[35m[1mScanning dependencies of target topic_tools_generate_messages_nodejs[0m
[ 14%] Built target topic_tools_generate_messages_nodejs
[35m[1mScanning dependencies of target sensor_msgs_generate_messages_lisp[0m
[ 14%] Built target sensor_msgs_generate_messages_lisp
[35m[1mScanning dependencies of target actionlib_msgs_generate_messages_lisp[0m
[ 14%] Built target actionlib_msgs_generate_messages_lisp
[35m[1mScanning dependencies of target autoware_msgs_generate_messages_py[0m
[ 14%] Built target autoware_msgs_generate_messages_py
[35m[1mScanning dependencies of target vector_map_msgs_generate_messages_lisp[0m
[ 14%] Built target vector_map_msgs_generate_messages_lisp
[35m[1mScanning dependencies of target actionlib_msgs_generate_messages_eus[0m
[ 14%] Built target actionlib_msgs_generate_messages_eus
[35m[1mScanning dependencies of target jsk_footstep_msgs_generate_messages_py[0m
[ 14%] Built target jsk_footstep_msgs_generate_messages_py
[35m[1mScanning dependencies of target actionlib_generate_messages_lisp[0m
[ 14%] Built target actionlib_generate_messages_lisp
[35m[1mScanning dependencies of target actionlib_msgs_generate_messages_cpp[0m
[ 14%] Built target actionlib_msgs_generate_messages_cpp
[35m[1mScanning dependencies of target sensor_msgs_generate_messages_eus[0m
[ 14%] Built target sensor_msgs_generate_messages_eus
[35m[1mScanning dependencies of target actionlib_generate_messages_nodejs[0m
[ 14%] Built target actionlib_generate_messages_nodejs
[35m[1mScanning dependencies of target actionlib_msgs_generate_messages_nodejs[0m
[ 14%] Built target actionlib_msgs_generate_messages_nodejs
[35m[1mScanning dependencies of target tf2_msgs_generate_messages_py[0m
[ 14%] Built target tf2_msgs_generate_messages_py
[35m[1mScanning dependencies of target jsk_footstep_msgs_generate_messages_nodejs[0m
[ 14%] Built target jsk_footstep_msgs_generate_messages_nodejs
[35m[1mScanning dependencies of target vector_map_msgs_generate_messages_cpp[0m
[ 14%] Built target vector_map_msgs_generate_messages_cpp
[35m[1mScanning dependencies of target visualization_msgs_generate_messages_nodejs[0m
[ 14%] Built target visualization_msgs_generate_messages_nodejs
[35m[1mScanning dependencies of target dynamic_reconfigure_generate_messages_nodejs[0m
[ 14%] Built target dynamic_reconfigure_generate_messages_nodejs
[35m[1mScanning dependencies of target jsk_footstep_msgs_generate_messages_eus[0m
[ 14%] Built target jsk_footstep_msgs_generate_messages_eus
[35m[1mScanning dependencies of target pcl_msgs_generate_messages_nodejs[0m
[ 14%] Built target pcl_msgs_generate_messages_nodejs
[35m[1mScanning dependencies of target pcl_msgs_generate_messages_eus[0m
[ 14%] Built target pcl_msgs_generate_messages_eus
[35m[1mScanning dependencies of target jsk_footstep_msgs_generate_messages_cpp[0m
[ 14%] Built target jsk_footstep_msgs_generate_messages_cpp
[35m[1mScanning dependencies of target autoware_msgs_generate_messages_lisp[0m
[ 14%] Built target autoware_msgs_generate_messages_lisp
[35m[1mScanning dependencies of target rosgraph_msgs_generate_messages_cpp[0m
[ 14%] Built target rosgraph_msgs_generate_messages_cpp
[35m[1mScanning dependencies of target std_srvs_generate_messages_cpp[0m
[ 14%] Built target std_srvs_generate_messages_cpp
[35m[1mScanning dependencies of target autoware_msgs_generate_messages_nodejs[0m
[ 14%] Built target autoware_msgs_generate_messages_nodejs
[35m[1mScanning dependencies of target pcl_msgs_generate_messages_cpp[0m
[ 14%] Built target pcl_msgs_generate_messages_cpp
[35m[1mScanning dependencies of target jsk_recognition_msgs_generate_messages_py[0m
[ 14%] Built target jsk_recognition_msgs_generate_messages_py
[35m[1mScanning dependencies of target grid_map_msgs_generate_messages_eus[0m
[ 14%] Built target grid_map_msgs_generate_messages_eus
[35m[1mScanning dependencies of target jsk_recognition_msgs_generate_messages_nodejs[0m
[ 14%] Built target jsk_recognition_msgs_generate_messages_nodejs
[35m[1mScanning dependencies of target actionlib_msgs_generate_messages_py[0m
[ 14%] Built target actionlib_msgs_generate_messages_py
[35m[1mScanning dependencies of target std_msgs_generate_messages_nodejs[0m
[ 14%] Built target std_msgs_generate_messages_nodejs
[35m[1mScanning dependencies of target geometry_msgs_generate_messages_lisp[0m
[ 14%] Built target geometry_msgs_generate_messages_lisp
[35m[1mScanning dependencies of target geometry_msgs_generate_messages_py[0m
[ 14%] Built target geometry_msgs_generate_messages_py
[35m[1mScanning dependencies of target jsk_recognition_msgs_generate_messages_lisp[0m
[ 14%] Built target jsk_recognition_msgs_generate_messages_lisp
[35m[1mScanning dependencies of target pcl_msgs_generate_messages_lisp[0m
[ 14%] Built target pcl_msgs_generate_messages_lisp
[35m[1mScanning dependencies of target bond_generate_messages_py[0m
[ 14%] Built target bond_generate_messages_py
[35m[1mScanning dependencies of target autoware_msgs_generate_messages_eus[0m
[ 14%] Built target autoware_msgs_generate_messages_eus
[35m[1mScanning dependencies of target std_msgs_generate_messages_lisp[0m
[ 14%] Built target std_msgs_generate_messages_lisp
[35m[1mScanning dependencies of target jsk_recognition_msgs_generate_messages_cpp[0m
[ 14%] Built target jsk_recognition_msgs_generate_messages_cpp
[35m[1mScanning dependencies of target geometry_msgs_generate_messages_eus[0m
[ 14%] Built target geometry_msgs_generate_messages_eus
[35m[1mScanning dependencies of target geometry_msgs_generate_messages_nodejs[0m
[ 14%] Built target geometry_msgs_generate_messages_nodejs
[35m[1mScanning dependencies of target jsk_footstep_msgs_generate_messages_lisp[0m
[ 14%] Built target jsk_footstep_msgs_generate_messages_lisp
[35m[1mScanning dependencies of target sensor_msgs_generate_messages_cpp[0m
[ 14%] Built target sensor_msgs_generate_messages_cpp
[35m[1mScanning dependencies of target geometry_msgs_generate_messages_cpp[0m
[ 14%] Built target geometry_msgs_generate_messages_cpp
[35m[1mScanning dependencies of target std_msgs_generate_messages_cpp[0m
[ 14%] Built target std_msgs_generate_messages_cpp
[35m[1mScanning dependencies of target sensor_msgs_generate_messages_nodejs[0m
[ 14%] Built target sensor_msgs_generate_messages_nodejs
[35m[1mScanning dependencies of target autoware_msgs_generate_messages_cpp[0m
[ 14%] Built target autoware_msgs_generate_messages_cpp
[35m[1mScanning dependencies of target roscpp_generate_messages_cpp[0m
[ 14%] Built target roscpp_generate_messages_cpp
[35m[1mScanning dependencies of target nodelet_generate_messages_py[0m
[ 14%] Built target nodelet_generate_messages_py
[35m[1mScanning dependencies of target roscpp_generate_messages_eus[0m
[ 14%] Built target roscpp_generate_messages_eus
[35m[1mScanning dependencies of target bond_generate_messages_eus[0m
[ 14%] Built target bond_generate_messages_eus
[35m[1mScanning dependencies of target roscpp_generate_messages_lisp[0m
[ 14%] Built target roscpp_generate_messages_lisp
[35m[1mScanning dependencies of target sensor_msgs_generate_messages_py[0m
[ 14%] Built target sensor_msgs_generate_messages_py
[35m[1mScanning dependencies of target roscpp_generate_messages_nodejs[0m
[ 14%] Built target roscpp_generate_messages_nodejs
[35m[1mScanning dependencies of target grid_map_msgs_generate_messages_cpp[0m
[ 14%] Built target grid_map_msgs_generate_messages_cpp
[35m[1mScanning dependencies of target jsk_recognition_msgs_generate_messages_eus[0m
[ 14%] Built target jsk_recognition_msgs_generate_messages_eus
[35m[1mScanning dependencies of target roscpp_generate_messages_py[0m
[ 14%] Built target roscpp_generate_messages_py
[35m[1mScanning dependencies of target std_srvs_generate_messages_py[0m
[ 14%] Built target std_srvs_generate_messages_py
[35m[1mScanning dependencies of target tf_generate_messages_nodejs[0m
[ 14%] Built target tf_generate_messages_nodejs
[35m[1mScanning dependencies of target std_msgs_generate_messages_py[0m
[ 14%] Built target std_msgs_generate_messages_py
[35m[1mScanning dependencies of target rosgraph_msgs_generate_messages_eus[0m
[ 14%] Built target rosgraph_msgs_generate_messages_eus
[35m[1mScanning dependencies of target rosgraph_msgs_generate_messages_lisp[0m
[ 14%] Built target rosgraph_msgs_generate_messages_lisp
[35m[1mScanning dependencies of target rosgraph_msgs_generate_messages_nodejs[0m
[ 14%] Built target rosgraph_msgs_generate_messages_nodejs
[35m[1mScanning dependencies of target actionlib_generate_messages_cpp[0m
[ 14%] Built target actionlib_generate_messages_cpp
[35m[1mScanning dependencies of target rosgraph_msgs_generate_messages_py[0m
[ 14%] Built target rosgraph_msgs_generate_messages_py
[35m[1mScanning dependencies of target tf_generate_messages_lisp[0m
[ 14%] Built target tf_generate_messages_lisp
[35m[1mScanning dependencies of target tf_generate_messages_eus[0m
[ 14%] Built target tf_generate_messages_eus
[35m[1mScanning dependencies of target tf_generate_messages_py[0m
[ 14%] Built target tf_generate_messages_py
[35m[1mScanning dependencies of target std_msgs_generate_messages_eus[0m
[ 14%] Built target std_msgs_generate_messages_eus
[35m[1mScanning dependencies of target actionlib_generate_messages_eus[0m
[ 14%] Built target actionlib_generate_messages_eus
[35m[1mScanning dependencies of target tf2_msgs_generate_messages_cpp[0m
[ 14%] Built target tf2_msgs_generate_messages_cpp
[35m[1mScanning dependencies of target nav_msgs_generate_messages_eus[0m
[ 14%] Built target nav_msgs_generate_messages_eus
[35m[1mScanning dependencies of target pcl_ros_gencfg[0m
[ 14%] Built target pcl_ros_gencfg
[35m[1mScanning dependencies of target nodelet_generate_messages_cpp[0m
[35m[1mScanning dependencies of target tf2_msgs_generate_messages_eus[0m
[ 14%] Built target nodelet_generate_messages_cpp
[35m[1mScanning dependencies of target grid_map_msgs_generate_messages_nodejs[0m
[ 14%] Built target tf2_msgs_generate_messages_eus
[ 14%] Built target grid_map_msgs_generate_messages_nodejs
[35m[1mScanning dependencies of target nav_msgs_generate_messages_cpp[0m
[35m[1mScanning dependencies of target tf2_msgs_generate_messages_lisp[0m
[ 14%] Built target nav_msgs_generate_messages_cpp
[ 14%] Built target tf2_msgs_generate_messages_lisp
[35m[1mScanning dependencies of target tf2_msgs_generate_messages_nodejs[0m
[35m[1mScanning dependencies of target topic_tools_generate_messages_cpp[0m
[ 14%] Built target tf2_msgs_generate_messages_nodejs
[ 14%] Built target topic_tools_generate_messages_cpp
[35m[1mScanning dependencies of target nodelet_generate_messages_eus[0m
[35m[1mScanning dependencies of target visualization_msgs_generate_messages_cpp[0m
[ 14%] Built target visualization_msgs_generate_messages_cpp
[ 14%] Built target nodelet_generate_messages_eus
[35m[1mScanning dependencies of target visualization_msgs_generate_messages_lisp[0m
[35m[1mScanning dependencies of target visualization_msgs_generate_messages_py[0m
[ 14%] Built target visualization_msgs_generate_messages_py
[ 14%] Built target visualization_msgs_generate_messages_lisp
[35m[1mScanning dependencies of target dynamic_reconfigure_generate_messages_py[0m
[35m[1mScanning dependencies of target actionlib_generate_messages_py[0m
[ 14%] Built target dynamic_reconfigure_generate_messages_py
[ 14%] Built target actionlib_generate_messages_py
[35m[1mScanning dependencies of target tf_generate_messages_cpp[0m
[35m[1mScanning dependencies of target vector_map_msgs_generate_messages_eus[0m
[ 14%] Built target tf_generate_messages_cpp
[ 14%] Built target vector_map_msgs_generate_messages_eus
[35m[1mScanning dependencies of target nodelet_generate_messages_lisp[0m
[35m[1mScanning dependencies of target vector_map_msgs_generate_messages_py[0m
[ 14%] Built target nodelet_generate_messages_lisp
[35m[1mScanning dependencies of target dynamic_reconfigure_generate_messages_cpp[0m
[ 14%] Built target vector_map_msgs_generate_messages_py
[ 14%] Built target dynamic_reconfigure_generate_messages_cpp
[35m[1mScanning dependencies of target bond_generate_messages_nodejs[0m
[35m[1mScanning dependencies of target visualization_msgs_generate_messages_eus[0m
[ 14%] Built target bond_generate_messages_nodejs
[ 14%] Built target visualization_msgs_generate_messages_eus
[35m[1mScanning dependencies of target pcl_msgs_generate_messages_py[0m
[ 14%] Built target pcl_msgs_generate_messages_py
[35m[1mScanning dependencies of target dynamic_reconfigure_generate_messages_eus[0m
[35m[1mScanning dependencies of target dynamic_reconfigure_generate_messages_lisp[0m
[ 14%] Built target dynamic_reconfigure_generate_messages_eus
[ 14%] Built target dynamic_reconfigure_generate_messages_lisp
[35m[1mScanning dependencies of target vector_map_msgs_generate_messages_nodejs[0m
[35m[1mScanning dependencies of target dynamic_reconfigure_gencfg[0m
[ 14%] Built target vector_map_msgs_generate_messages_nodejs
[ 14%] Built target dynamic_reconfigure_gencfg
[35m[1mScanning dependencies of target nodelet_generate_messages_nodejs[0m
[35m[1mScanning dependencies of target bond_generate_messages_cpp[0m
[ 14%] Built target nodelet_generate_messages_nodejs
[ 14%] Built target bond_generate_messages_cpp
[35m[1mScanning dependencies of target potential_field[0m
[ 21%] [32mBuilding CXX object CMakeFiles/potential_field.dir/nodes/potential_field/potential_field.cpp.o[0m
[ 28%] [32m[1mLinking CXX executable /home/myr907/autoware.ai/devel/.private/object_map/lib/object_map/laserscan2costmap[0m
[ 28%] Built target laserscan2costmap
[ 35%] [32m[1mLinking CXX shared library /home/myr907/autoware.ai/devel/.private/object_map/lib/libobject_map_utils_lib.so[0m
[ 35%] Built target object_map_utils_lib
[35m[1mScanning dependencies of target wayarea2grid_lib[0m
[35m[1mScanning dependencies of target grid_map_filter_lib[0m
[ 42%] [32mBuilding CXX object CMakeFiles/wayarea2grid_lib.dir/nodes/wayarea2grid/wayarea2grid.cpp.o[0m
[ 50%] [32mBuilding CXX object CMakeFiles/grid_map_filter_lib.dir/nodes/grid_map_filter/grid_map_filter.cpp.o[0m
[ 57%] [32m[1mLinking CXX executable /home/myr907/autoware.ai/devel/.private/object_map/lib/object_map/potential_field[0m
[ 57%] Built target potential_field
[ 64%] [32m[1mLinking CXX shared library /home/myr907/autoware.ai/devel/.private/object_map/lib/libwayarea2grid_lib.so[0m
[ 71%] [32m[1mLinking CXX shared library /home/myr907/autoware.ai/devel/.private/object_map/lib/libgrid_map_filter_lib.so[0m
[ 71%] Built target wayarea2grid_lib
[35m[1mScanning dependencies of target wayarea2grid[0m
[ 78%] [32mBuilding CXX object CMakeFiles/wayarea2grid.dir/nodes/wayarea2grid/wayarea2grid_node.cpp.o[0m
[ 78%] Built target grid_map_filter_lib
[35m[1mScanning dependencies of target grid_map_filter[0m
[ 85%] [32mBuilding CXX object CMakeFiles/grid_map_filter.dir/nodes/grid_map_filter/grid_map_filter_node.cpp.o[0m
[ 92%] [32m[1mLinking CXX executable /home/myr907/autoware.ai/devel/.private/object_map/lib/object_map/wayarea2grid[0m
[100%] [32m[1mLinking CXX executable /home/myr907/autoware.ai/devel/.private/object_map/lib/object_map/grid_map_filter[0m
[100%] Built target wayarea2grid
[100%] Built target grid_map_filter
