Invoking command in '/home/muyangren907/autoware/autoware.ai/1.12.0_cuda/build/marker_downsampler': /usr/local/bin/cmake /home/muyangren907/autoware/autoware.ai/1.12.0_cuda/src/autoware/utilities/marker_downsampler -DCMAKE_BUILD_TYPE=Release -DCATKIN_INSTALL_INTO_PREFIX_ROOT=0 -DCMAKE_INSTALL_PREFIX=/home/muyangren907/autoware/autoware.ai/1.12.0_cuda/install/marker_downsampler
-- The C compiler identification is GNU 7.4.0
-- The CXX compiler identification is GNU 7.4.0
-- Check for working C compiler: /usr/bin/cc
-- Check for working C compiler: /usr/bin/cc -- works
-- Detecting C compiler ABI info
-- Detecting C compiler ABI info - done
-- Detecting C compile features
-- Detecting C compile features - done
-- Check for working CXX compiler: /usr/bin/c++
-- Check for working CXX compiler: /usr/bin/c++ -- works
-- Detecting CXX compiler ABI info
-- Detecting CXX compiler ABI info - done
-- Detecting CXX compile features
-- Detecting CXX compile features - done
-- Using CATKIN_DEVEL_PREFIX: /home/muyangren907/autoware/autoware.ai/1.12.0_cuda/build/marker_downsampler/devel
-- Using CMAKE_PREFIX_PATH: /opt/ros/melodic
-- This workspace overlays: /opt/ros/melodic
-- Found PythonInterp: /usr/bin/python2 (found suitable version "2.7.15", minimum required is "2") 
-- Using PYTHON_EXECUTABLE: /usr/bin/python2
-- Using Debian Python package layout
-- Using empy: /usr/bin/empy
-- Using CATKIN_ENABLE_TESTING: ON
-- Call enable_testing()
-- Using CATKIN_TEST_RESULTS_DIR: /home/muyangren907/autoware/autoware.ai/1.12.0_cuda/build/marker_downsampler/test_results
-- Found gtest sources under '/usr/src/googletest': gtests will be built
-- Found gmock sources under '/usr/src/googletest': gmock will be built
-- Found PythonInterp: /usr/bin/python2 (found version "2.7.15") 
-- Looking for pthread.h
-- Looking for pthread.h - found
-- Looking for pthread_create
-- Looking for pthread_create - not found
-- Looking for pthread_create in pthreads
-- Looking for pthread_create in pthreads - not found
-- Looking for pthread_create in pthread
-- Looking for pthread_create in pthread - found
-- Found Threads: TRUE  
-- Using Python nosetests: /usr/local/bin/nosetests-2.7
-- catkin 0.7.19
-- BUILD_SHARED_LIBS is on
-- Configuring done
-- Generating done
-- Build files have been written to: /home/muyangren907/autoware/autoware.ai/1.12.0_cuda/build/marker_downsampler
Invoked command in '/home/muyangren907/autoware/autoware.ai/1.12.0_cuda/build/marker_downsampler' returned '0': /usr/local/bin/cmake /home/muyangren907/autoware/autoware.ai/1.12.0_cuda/src/autoware/utilities/marker_downsampler -DCMAKE_BUILD_TYPE=Release -DCATKIN_INSTALL_INTO_PREFIX_ROOT=0 -DCMAKE_INSTALL_PREFIX=/home/muyangren907/autoware/autoware.ai/1.12.0_cuda/install/marker_downsampler
Invoking command in '/home/muyangren907/autoware/autoware.ai/1.12.0_cuda/build/marker_downsampler': /usr/local/bin/cmake --build /home/muyangren907/autoware/autoware.ai/1.12.0_cuda/build/marker_downsampler -- -j40 -l40
Invoked command in '/home/muyangren907/autoware/autoware.ai/1.12.0_cuda/build/marker_downsampler' returned '0': /usr/local/bin/cmake --build /home/muyangren907/autoware/autoware.ai/1.12.0_cuda/build/marker_downsampler -- -j40 -l40
Invoking command in '/home/muyangren907/autoware/autoware.ai/1.12.0_cuda/build/marker_downsampler': /usr/local/bin/cmake --build /home/muyangren907/autoware/autoware.ai/1.12.0_cuda/build/marker_downsampler --target tests -- -j40 -l40
[35m[1mScanning dependencies of target tests[0m
Built target tests
Invoked command in '/home/muyangren907/autoware/autoware.ai/1.12.0_cuda/build/marker_downsampler' returned '0': /usr/local/bin/cmake --build /home/muyangren907/autoware/autoware.ai/1.12.0_cuda/build/marker_downsampler --target tests -- -j40 -l40
Invoking command in '/home/muyangren907/autoware/autoware.ai/1.12.0_cuda/build/marker_downsampler': /usr/local/bin/cmake --build /home/muyangren907/autoware/autoware.ai/1.12.0_cuda/build/marker_downsampler --target install -- -j40 -l40
[36mInstall the project...[0m
-- Install configuration: "Release"
-- Installing: /home/muyangren907/autoware/autoware.ai/1.12.0_cuda/install/marker_downsampler/lib/pkgconfig/marker_downsampler.pc
-- Installing: /home/muyangren907/autoware/autoware.ai/1.12.0_cuda/install/marker_downsampler/share/marker_downsampler/cmake/marker_downsamplerConfig.cmake
-- Installing: /home/muyangren907/autoware/autoware.ai/1.12.0_cuda/install/marker_downsampler/share/marker_downsampler/cmake/marker_downsamplerConfig-version.cmake
-- Installing: /home/muyangren907/autoware/autoware.ai/1.12.0_cuda/install/marker_downsampler/share/marker_downsampler/package.xml
-- Installing: /home/muyangren907/autoware/autoware.ai/1.12.0_cuda/install/marker_downsampler/lib/marker_downsampler/app.py
Invoked command in '/home/muyangren907/autoware/autoware.ai/1.12.0_cuda/build/marker_downsampler' returned '0': /usr/local/bin/cmake --build /home/muyangren907/autoware/autoware.ai/1.12.0_cuda/build/marker_downsampler --target install -- -j40 -l40
