Determining if the pthread_create exist failed with the following output:
Change Dir: /home/myr907/autoware.ai/build/decision_maker_panel/CMakeFiles/CMakeTmp

Run Build Command:"/usr/bin/make" "cmTC_04123/fast"
/usr/bin/make -f CMakeFiles/cmTC_04123.dir/build.make CMakeFiles/cmTC_04123.dir/build
make[1]: Entering directory '/home/myr907/autoware.ai/build/decision_maker_panel/CMakeFiles/CMakeTmp'
Building C object CMakeFiles/cmTC_04123.dir/CheckSymbolExists.c.o
/usr/bin/cc    -o CMakeFiles/cmTC_04123.dir/CheckSymbolExists.c.o   -c /home/myr907/autoware.ai/build/decision_maker_panel/CMakeFiles/CMakeTmp/CheckSymbolExists.c
Linking C executable cmTC_04123
/usr/local/lib/python2.7/dist-packages/cmake/data/bin/cmake -E cmake_link_script CMakeFiles/cmTC_04123.dir/link.txt --verbose=1
/usr/bin/cc      -rdynamic CMakeFiles/cmTC_04123.dir/CheckSymbolExists.c.o  -o cmTC_04123 
CMakeFiles/cmTC_04123.dir/CheckSymbolExists.c.o: In function `main':
CheckSymbolExists.c:(.text+0x1b): undefined reference to `pthread_create'
collect2: error: ld returned 1 exit status
CMakeFiles/cmTC_04123.dir/build.make:86: recipe for target 'cmTC_04123' failed
make[1]: *** [cmTC_04123] Error 1
make[1]: Leaving directory '/home/myr907/autoware.ai/build/decision_maker_panel/CMakeFiles/CMakeTmp'
Makefile:121: recipe for target 'cmTC_04123/fast' failed
make: *** [cmTC_04123/fast] Error 2

File /home/myr907/autoware.ai/build/decision_maker_panel/CMakeFiles/CMakeTmp/CheckSymbolExists.c:
/* */
#include <pthread.h>

int main(int argc, char** argv)
{
  (void)argv;
#ifndef pthread_create
  return ((int*)(&pthread_create))[argc];
#else
  (void)argc;
  return 0;
#endif
}

Determining if the function pthread_create exists in the pthreads failed with the following output:
Change Dir: /home/myr907/autoware.ai/build/decision_maker_panel/CMakeFiles/CMakeTmp

Run Build Command:"/usr/bin/make" "cmTC_b94e5/fast"
/usr/bin/make -f CMakeFiles/cmTC_b94e5.dir/build.make CMakeFiles/cmTC_b94e5.dir/build
make[1]: Entering directory '/home/myr907/autoware.ai/build/decision_maker_panel/CMakeFiles/CMakeTmp'
Building C object CMakeFiles/cmTC_b94e5.dir/CheckFunctionExists.c.o
/usr/bin/cc   -DCHECK_FUNCTION_EXISTS=pthread_create   -o CMakeFiles/cmTC_b94e5.dir/CheckFunctionExists.c.o   -c /usr/local/lib/python2.7/dist-packages/cmake/data/share/cmake-3.12/Modules/CheckFunctionExists.c
Linking C executable cmTC_b94e5
/usr/local/lib/python2.7/dist-packages/cmake/data/bin/cmake -E cmake_link_script CMakeFiles/cmTC_b94e5.dir/link.txt --verbose=1
/usr/bin/cc  -DCHECK_FUNCTION_EXISTS=pthread_create    -rdynamic CMakeFiles/cmTC_b94e5.dir/CheckFunctionExists.c.o  -o cmTC_b94e5 -lpthreads 
/usr/bin/ld: cannot find -lpthreads
collect2: error: ld returned 1 exit status
CMakeFiles/cmTC_b94e5.dir/build.make:86: recipe for target 'cmTC_b94e5' failed
make[1]: *** [cmTC_b94e5] Error 1
make[1]: Leaving directory '/home/myr907/autoware.ai/build/decision_maker_panel/CMakeFiles/CMakeTmp'
Makefile:121: recipe for target 'cmTC_b94e5/fast' failed
make: *** [cmTC_b94e5/fast] Error 2


