[35m[1mScanning dependencies of target std_msgs_generate_messages_py[0m
[  0%] Built target std_msgs_generate_messages_py
[35m[1mScanning dependencies of target _ds4_msgs_generate_messages_check_deps_DS4[0m
[35m[1mScanning dependencies of target std_msgs_generate_messages_lisp[0m
[35m[1mScanning dependencies of target std_msgs_generate_messages_eus[0m
[  0%] Built target std_msgs_generate_messages_lisp
[  0%] Built target std_msgs_generate_messages_eus
[35m[1mScanning dependencies of target std_msgs_generate_messages_nodejs[0m
[35m[1mScanning dependencies of target std_msgs_generate_messages_cpp[0m
[  0%] Built target std_msgs_generate_messages_nodejs
[  0%] Built target std_msgs_generate_messages_cpp
[  0%] Built target _ds4_msgs_generate_messages_check_deps_DS4
[35m[1mScanning dependencies of target ds4_msgs_generate_messages_py[0m
[ 14%] [34m[1mGenerating Python from MSG ds4_msgs/DS4[0m
[ 28%] [34m[1mGenerating Python msg __init__.py for ds4_msgs[0m
[ 28%] Built target ds4_msgs_generate_messages_py
[35m[1mScanning dependencies of target ds4_msgs_generate_messages_lisp[0m
[ 42%] [34m[1mGenerating Lisp code from ds4_msgs/DS4.msg[0m
[ 42%] Built target ds4_msgs_generate_messages_lisp
[35m[1mScanning dependencies of target ds4_msgs_generate_messages_eus[0m
[ 57%] [34m[1mGenerating EusLisp code from ds4_msgs/DS4.msg[0m
[ 71%] [34m[1mGenerating EusLisp manifest code for ds4_msgs[0m
[35m[1mScanning dependencies of target ds4_msgs_generate_messages_cpp[0m
[ 85%] [34m[1mGenerating C++ code from ds4_msgs/DS4.msg[0m
[ 85%] Built target ds4_msgs_generate_messages_cpp
[35m[1mScanning dependencies of target ds4_msgs_generate_messages_nodejs[0m
[100%] [34m[1mGenerating Javascript code from ds4_msgs/DS4.msg[0m
[100%] Built target ds4_msgs_generate_messages_nodejs
[100%] Built target ds4_msgs_generate_messages_eus
[35m[1mScanning dependencies of target ds4_msgs_generate_messages[0m
[100%] Built target ds4_msgs_generate_messages
