Determining if the pthread_create exist failed with the following output:
Change Dir: /home/muyangren907/autoware/autoware.ai/1.12.0_cuda/build/tablet_socket/CMakeFiles/CMakeTmp

Run Build Command:"/usr/bin/make" "cmTC_a96b5/fast"
/usr/bin/make -f CMakeFiles/cmTC_a96b5.dir/build.make CMakeFiles/cmTC_a96b5.dir/build
make[1]: Entering directory '/home/muyangren907/autoware/autoware.ai/1.12.0_cuda/build/tablet_socket/CMakeFiles/CMakeTmp'
Building C object CMakeFiles/cmTC_a96b5.dir/CheckSymbolExists.c.o
/usr/bin/cc    -o CMakeFiles/cmTC_a96b5.dir/CheckSymbolExists.c.o   -c /home/muyangren907/autoware/autoware.ai/1.12.0_cuda/build/tablet_socket/CMakeFiles/CMakeTmp/CheckSymbolExists.c
Linking C executable cmTC_a96b5
/usr/local/lib/python2.7/dist-packages/cmake/data/bin/cmake -E cmake_link_script CMakeFiles/cmTC_a96b5.dir/link.txt --verbose=1
/usr/bin/cc      -rdynamic CMakeFiles/cmTC_a96b5.dir/CheckSymbolExists.c.o  -o cmTC_a96b5 
CMakeFiles/cmTC_a96b5.dir/CheckSymbolExists.c.o: In function `main':
CheckSymbolExists.c:(.text+0x1b): undefined reference to `pthread_create'
collect2: error: ld returned 1 exit status
CMakeFiles/cmTC_a96b5.dir/build.make:86: recipe for target 'cmTC_a96b5' failed
make[1]: *** [cmTC_a96b5] Error 1
make[1]: Leaving directory '/home/muyangren907/autoware/autoware.ai/1.12.0_cuda/build/tablet_socket/CMakeFiles/CMakeTmp'
Makefile:121: recipe for target 'cmTC_a96b5/fast' failed
make: *** [cmTC_a96b5/fast] Error 2

File /home/muyangren907/autoware/autoware.ai/1.12.0_cuda/build/tablet_socket/CMakeFiles/CMakeTmp/CheckSymbolExists.c:
/* */
#include <pthread.h>

int main(int argc, char** argv)
{
  (void)argv;
#ifndef pthread_create
  return ((int*)(&pthread_create))[argc];
#else
  (void)argc;
  return 0;
#endif
}

Determining if the function pthread_create exists in the pthreads failed with the following output:
Change Dir: /home/muyangren907/autoware/autoware.ai/1.12.0_cuda/build/tablet_socket/CMakeFiles/CMakeTmp

Run Build Command:"/usr/bin/make" "cmTC_2b683/fast"
/usr/bin/make -f CMakeFiles/cmTC_2b683.dir/build.make CMakeFiles/cmTC_2b683.dir/build
make[1]: Entering directory '/home/muyangren907/autoware/autoware.ai/1.12.0_cuda/build/tablet_socket/CMakeFiles/CMakeTmp'
Building C object CMakeFiles/cmTC_2b683.dir/CheckFunctionExists.c.o
/usr/bin/cc   -DCHECK_FUNCTION_EXISTS=pthread_create   -o CMakeFiles/cmTC_2b683.dir/CheckFunctionExists.c.o   -c /usr/local/lib/python2.7/dist-packages/cmake/data/share/cmake-3.12/Modules/CheckFunctionExists.c
Linking C executable cmTC_2b683
/usr/local/lib/python2.7/dist-packages/cmake/data/bin/cmake -E cmake_link_script CMakeFiles/cmTC_2b683.dir/link.txt --verbose=1
/usr/bin/cc  -DCHECK_FUNCTION_EXISTS=pthread_create    -rdynamic CMakeFiles/cmTC_2b683.dir/CheckFunctionExists.c.o  -o cmTC_2b683 -lpthreads 
/usr/bin/ld: cannot find -lpthreads
collect2: error: ld returned 1 exit status
CMakeFiles/cmTC_2b683.dir/build.make:86: recipe for target 'cmTC_2b683' failed
make[1]: *** [cmTC_2b683] Error 1
make[1]: Leaving directory '/home/muyangren907/autoware/autoware.ai/1.12.0_cuda/build/tablet_socket/CMakeFiles/CMakeTmp'
Makefile:121: recipe for target 'cmTC_2b683/fast' failed
make: *** [cmTC_2b683/fast] Error 2


