CMake Warning (dev) at /usr/local/lib/python2.7/dist-packages/cmake/data/share/cmake-3.12/Modules/FindOpenGL.cmake:270 (message):
  Policy CMP0072 is not set: FindOpenGL prefers GLVND by default when
  available.  Run "cmake --help-policy CMP0072" for policy details.  Use the
  cmake_policy command to set the policy and suppress this warning.

  FindOpenGL found both a legacy GL library:

    OPENGL_gl_LIBRARY: /usr/lib/x86_64-linux-gnu/libGL.so

  and GLVND libraries for OpenGL and GLX:

    OPENGL_opengl_LIBRARY: /usr/lib/x86_64-linux-gnu/libOpenGL.so
    OPENGL_glx_LIBRARY: /usr/lib/x86_64-linux-gnu/libGLX.so

  OpenGL_GL_PREFERENCE has not been set to "GLVND" or "LEGACY", so for
  compatibility with CMake 3.10 and below the legacy GL library will be used.
[36mCall Stack (most recent call first):[0m
  CMakeLists.txt:46 (find_package)
This warning is for project developers.  Use -Wno-dev to suppress it.

[33m[1mCMake Warning[0m at /home/myr907/autoware.ai/src/autoware/common/autoware_build_flags/cmake/autoware_build_flags-extras.cmake:36 (message):
  CUDA support is disabled.  Set the AUTOWARE_COMPILE_WITH_CUDA environment
  variable and recompile to enable it
[36mCall Stack (most recent call first):[0m
  CMakeLists.txt:251 (AW_CHECK_CUDA)


'SSD/Caffe' is not installed. 'region_tlr_ssd' will not be built.
[33m[1mCMake Warning[0m at /home/myr907/autoware.ai/src/autoware/common/autoware_build_flags/cmake/autoware_build_flags-extras.cmake:36 (message):
  CUDA support is disabled.  Set the AUTOWARE_COMPILE_WITH_CUDA environment
  variable and recompile to enable it
[36mCall Stack (most recent call first):[0m
  CMakeLists.txt:315 (AW_CHECK_CUDA)


'MXNET Package' is not installed. 'region_tlr_mxnet' will not be built.
