CMake Warning (dev) at CMakeLists.txt:77 (add_dependencies):
  Policy CMP0046 is not set: Error on non-existent dependency in
  add_dependencies.  Run "cmake --help-policy CMP0046" for policy details.
  Use the cmake_policy command to set the policy and suppress this warning.

  The dependency target "autoware_msgs_generate_msgs_cpp" of target
  "decision_maker_node" does not exist.
This warning is for project developers.  Use -Wno-dev to suppress it.

[01m[K/home/muyangren907/autoware/autoware.ai/1.12.0_cuda/src/autoware/core_planning/decision_maker/nodes/decision_maker/decision_maker_node_state_vehicle.cpp:[m[K In member function ‘[01m[Kvoid decision_maker::DecisionMakerNode::updateSensorInitState(decision_maker::cstring_t&, int)[m[K’:
[01m[K/home/muyangren907/autoware/autoware.ai/1.12.0_cuda/src/autoware/core_planning/decision_maker/nodes/decision_maker/decision_maker_node_state_vehicle.cpp:34:16:[m[K [01;35m[Kwarning: [m[Kunused variable ‘[01m[Ktimeout[m[K’ [[01;35m[K-Wunused-variable[m[K]
   const double [01;35m[Ktimeout[m[K = 1;
                [01;35m[K^~~~~~~[m[K
[01m[K/home/muyangren907/autoware/autoware.ai/1.12.0_cuda/src/autoware/core_planning/decision_maker/nodes/decision_maker/decision_maker_node_state_motion.cpp:[m[K In member function ‘[01m[Kvoid decision_maker::DecisionMakerNode::updateStoplineState(decision_maker::cstring_t&, int)[m[K’:
[01m[K/home/muyangren907/autoware/autoware.ai/1.12.0_cuda/src/autoware/core_planning/decision_maker/nodes/decision_maker/decision_maker_node_state_motion.cpp:208:37:[m[K [01;35m[Kwarning: [m[Knonnull argument ‘[01m[Kthis[m[K’ compared to NULL [[01;35m[K-Wnonnull-compare[m[K]
     stopping_timer = [01;35m[Knh_.createTimer(ros::Duration(0.5),[m[K
                      [01;35m[K~~~~~~~~~~~~~~~^~~~~~~~~~~~~~~~~~~~[m[K
 [01;35m[K                                     [&](const ros::TimerEvent&) {[m[K
                                      [01;35m[K~~~~~~~~~~~~~~~~~~~~~~~~~~~~~[m[K
 [01;35m[K                                       timerflag = false;[m[K
                                        [01;35m[K~~~~~~~~~~~~~~~~~~[m[K
 [01;35m[K                                       current_status_.prev_stopped_wpidx = current_status_.found_stopsign_idx;[m[K
                                        [01;35m[K~~~~~~~~~~~~~~~~~~~~~~~~~~~~~~~~~~~~~~~~~~~~~~~~~~~~~~~~~~~~~~~~~~~~~~~~[m[K
 [01;35m[K                                       current_status_.found_stopsign_idx = -1;[m[K
                                        [01;35m[K~~~~~~~~~~~~~~~~~~~~~~~~~~~~~~~~~~~~~~~~[m[K
 [01;35m[K                                       if (current_status_.ordered_stop_idx != -1)[m[K
                                        [01;35m[K~~~~~~~~~~~~~~~~~~~~~~~~~~~~~~~~~~~~~~~~~~~[m[K
 [01;35m[K                                        tryNextState("received_stop_order");[m[K
                                         [01;35m[K~~~~~~~~~~~~~~~~~~~~~~~~~~~~~~~~~~~~[m[K
 [01;35m[K                                      else[m[K
                                       [01;35m[K~~~~[m[K
 [01;35m[K                                        tryNextState("clear");[m[K
                                         [01;35m[K~~~~~~~~~~~~~~~~~~~~~~[m[K
 [01;35m[K                                       /*if found risk,[m[K
                                        [01;35m[K~~~~~~~~~~~~~~~~[m[K
 [01;35m[K                                        * tryNextState("wait");*/[m[K
                                         [01;35m[K~~~~~~~~~~~~~~~~~~~~~~~~~[m[K
 [01;35m[K                                     },[m[K
                                      [01;35m[K~~[m[K
 [01;35m[K                                     this, true)[m[K;
                                      [01;35m[K~~~~~~~~~~~[m[K
[01m[K/home/muyangren907/autoware/autoware.ai/1.12.0_cuda/src/autoware/core_planning/decision_maker/nodes/decision_maker/decision_maker_node_state_vehicle.cpp:[m[K In member function ‘[01m[Kvoid decision_maker::DecisionMakerNode::updateSensorInitState(decision_maker::cstring_t&, int)[m[K’:
[01m[K/home/muyangren907/autoware/autoware.ai/1.12.0_cuda/src/autoware/core_planning/decision_maker/nodes/decision_maker/decision_maker_node_state_vehicle.cpp:34:16:[m[K [01;35m[Kwarning: [m[Kunused variable ‘[01m[Ktimeout[m[K’ [[01;35m[K-Wunused-variable[m[K]
   const double [01;35m[Ktimeout[m[K = 1;
                [01;35m[K^~~~~~~[m[K
[01m[K/home/muyangren907/autoware/autoware.ai/1.12.0_cuda/src/autoware/core_planning/decision_maker/test/src/test_node_state_drive.cpp:[m[K In member function ‘[01m[Kvirtual void decision_maker::TestSuite::SetUp()[m[K’:
[01m[K/home/muyangren907/autoware/autoware.ai/1.12.0_cuda/src/autoware/core_planning/decision_maker/test/src/test_node_state_drive.cpp:38:53:[m[K [01;35m[Kwarning: [m[K‘[01m[Kargc[m[K’ is used uninitialized in this function [[01;35m[K-Wuninitialized[m[K]
     test_obj_.dmn = new DecisionMakerNode(argc, argv[01;35m[K)[m[K;
                                                     [01;35m[K^[m[K
[01m[K/home/muyangren907/autoware/autoware.ai/1.12.0_cuda/src/autoware/core_planning/decision_maker/test/src/test_node_state_drive.cpp:38:53:[m[K [01;35m[Kwarning: [m[K‘[01m[Kargv[m[K’ is used uninitialized in this function [[01;35m[K-Wuninitialized[m[K]
[01m[K/home/muyangren907/autoware/autoware.ai/1.12.0_cuda/src/autoware/core_planning/decision_maker/test/src/test_node_decision.cpp:[m[K In member function ‘[01m[Kvirtual void decision_maker::TestSuite::SetUp()[m[K’:
[01m[K/home/muyangren907/autoware/autoware.ai/1.12.0_cuda/src/autoware/core_planning/decision_maker/test/src/test_node_decision.cpp:38:53:[m[K [01;35m[Kwarning: [m[K‘[01m[Kargc[m[K’ is used uninitialized in this function [[01;35m[K-Wuninitialized[m[K]
     test_obj_.dmn = new DecisionMakerNode(argc, argv[01;35m[K)[m[K;
                                                     [01;35m[K^[m[K
[01m[K/home/muyangren907/autoware/autoware.ai/1.12.0_cuda/src/autoware/core_planning/decision_maker/test/src/test_node_decision.cpp:38:53:[m[K [01;35m[Kwarning: [m[K‘[01m[Kargv[m[K’ is used uninitialized in this function [[01;35m[K-Wuninitialized[m[K]
[01m[K/home/muyangren907/autoware/autoware.ai/1.12.0_cuda/src/autoware/core_planning/decision_maker/nodes/decision_maker/decision_maker_node_state_motion.cpp:[m[K In member function ‘[01m[Kvoid decision_maker::DecisionMakerNode::updateStoplineState(decision_maker::cstring_t&, int)[m[K’:
[01m[K/home/muyangren907/autoware/autoware.ai/1.12.0_cuda/src/autoware/core_planning/decision_maker/nodes/decision_maker/decision_maker_node_state_motion.cpp:208:37:[m[K [01;35m[Kwarning: [m[Knonnull argument ‘[01m[Kthis[m[K’ compared to NULL [[01;35m[K-Wnonnull-compare[m[K]
     stopping_timer = [01;35m[Knh_.createTimer(ros::Duration(0.5),[m[K
                      [01;35m[K~~~~~~~~~~~~~~~^~~~~~~~~~~~~~~~~~~~[m[K
 [01;35m[K                                     [&](const ros::TimerEvent&) {[m[K
                                      [01;35m[K~~~~~~~~~~~~~~~~~~~~~~~~~~~~~[m[K
 [01;35m[K                                       timerflag = false;[m[K
                                        [01;35m[K~~~~~~~~~~~~~~~~~~[m[K
 [01;35m[K                                       current_status_.prev_stopped_wpidx = current_status_.found_stopsign_idx;[m[K
                                        [01;35m[K~~~~~~~~~~~~~~~~~~~~~~~~~~~~~~~~~~~~~~~~~~~~~~~~~~~~~~~~~~~~~~~~~~~~~~~~[m[K
 [01;35m[K                                       current_status_.found_stopsign_idx = -1;[m[K
                                        [01;35m[K~~~~~~~~~~~~~~~~~~~~~~~~~~~~~~~~~~~~~~~~[m[K
 [01;35m[K                                       if (current_status_.ordered_stop_idx != -1)[m[K
                                        [01;35m[K~~~~~~~~~~~~~~~~~~~~~~~~~~~~~~~~~~~~~~~~~~~[m[K
 [01;35m[K                                        tryNextState("received_stop_order");[m[K
                                         [01;35m[K~~~~~~~~~~~~~~~~~~~~~~~~~~~~~~~~~~~~[m[K
 [01;35m[K                                      else[m[K
                                       [01;35m[K~~~~[m[K
 [01;35m[K                                        tryNextState("clear");[m[K
                                         [01;35m[K~~~~~~~~~~~~~~~~~~~~~~[m[K
 [01;35m[K                                       /*if found risk,[m[K
                                        [01;35m[K~~~~~~~~~~~~~~~~[m[K
 [01;35m[K                                        * tryNextState("wait");*/[m[K
                                         [01;35m[K~~~~~~~~~~~~~~~~~~~~~~~~~[m[K
 [01;35m[K                                     },[m[K
                                      [01;35m[K~~[m[K
 [01;35m[K                                     this, true)[m[K;
                                      [01;35m[K~~~~~~~~~~~[m[K
