Invoking command in '/home/muyangren907/autoware/autoware.ai/1.12.0_cuda/build/decision_maker': CMAKE_PREFIX_PATH=/home/muyangren907/autoware/autoware.ai/1.12.0_cuda/install/vector_map:/home/muyangren907/autoware/autoware.ai/1.12.0_cuda/install/state_machine_lib:/home/muyangren907/autoware/autoware.ai/1.12.0_cuda/install/amathutils_lib:/home/muyangren907/autoware/autoware.ai/1.12.0_cuda/install/vector_map_msgs:/home/muyangren907/autoware/autoware.ai/1.12.0_cuda/install/autoware_msgs:/home/muyangren907/autoware/autoware.ai/1.12.0_cuda/install/autoware_config_msgs:/home/muyangren907/autoware/autoware.ai/1.12.0_cuda/install/autoware_build_flags:${CMAKE_PREFIX_PATH} LD_LIBRARY_PATH=/home/muyangren907/autoware/autoware.ai/1.12.0_cuda/install/vector_map/lib:/home/muyangren907/autoware/autoware.ai/1.12.0_cuda/install/state_machine_lib/lib:/home/muyangren907/autoware/autoware.ai/1.12.0_cuda/install/amathutils_lib/lib:${LD_LIBRARY_PATH} PKG_CONFIG_PATH=/home/muyangren907/autoware/autoware.ai/1.12.0_cuda/install/vector_map/lib/x86_64-linux-gnu/pkgconfig:/home/muyangren907/autoware/autoware.ai/1.12.0_cuda/install/vector_map/lib/pkgconfig:/home/muyangren907/autoware/autoware.ai/1.12.0_cuda/install/state_machine_lib/lib/x86_64-linux-gnu/pkgconfig:/home/muyangren907/autoware/autoware.ai/1.12.0_cuda/install/state_machine_lib/lib/pkgconfig:/home/muyangren907/autoware/autoware.ai/1.12.0_cuda/install/amathutils_lib/lib/x86_64-linux-gnu/pkgconfig:/home/muyangren907/autoware/autoware.ai/1.12.0_cuda/install/amathutils_lib/lib/pkgconfig:/home/muyangren907/autoware/autoware.ai/1.12.0_cuda/install/vector_map_msgs/lib/x86_64-linux-gnu/pkgconfig:/home/muyangren907/autoware/autoware.ai/1.12.0_cuda/install/vector_map_msgs/lib/pkgconfig:/home/muyangren907/autoware/autoware.ai/1.12.0_cuda/install/autoware_msgs/lib/x86_64-linux-gnu/pkgconfig:/home/muyangren907/autoware/autoware.ai/1.12.0_cuda/install/autoware_msgs/lib/pkgconfig:/home/muyangren907/autoware/autoware.ai/1.12.0_cuda/install/autoware_config_msgs/lib/x86_64-linux-gnu/pkgconfig:/home/muyangren907/autoware/autoware.ai/1.12.0_cuda/install/autoware_config_msgs/lib/pkgconfig:/home/muyangren907/autoware/autoware.ai/1.12.0_cuda/install/autoware_build_flags/lib/x86_64-linux-gnu/pkgconfig:/home/muyangren907/autoware/autoware.ai/1.12.0_cuda/install/autoware_build_flags/lib/pkgconfig:${PKG_CONFIG_PATH} PYTHONPATH=/home/muyangren907/autoware/autoware.ai/1.12.0_cuda/install/vector_map_msgs/lib/python2.7/dist-packages:/home/muyangren907/autoware/autoware.ai/1.12.0_cuda/install/autoware_msgs/lib/python2.7/dist-packages:/home/muyangren907/autoware/autoware.ai/1.12.0_cuda/install/autoware_config_msgs/lib/python2.7/dist-packages:${PYTHONPATH} ROS_PACKAGE_PATH=/home/muyangren907/autoware/autoware.ai/1.12.0_cuda/install/vector_map/share:/home/muyangren907/autoware/autoware.ai/1.12.0_cuda/install/state_machine_lib/share:/home/muyangren907/autoware/autoware.ai/1.12.0_cuda/install/amathutils_lib/share:/home/muyangren907/autoware/autoware.ai/1.12.0_cuda/install/vector_map_msgs/share:/home/muyangren907/autoware/autoware.ai/1.12.0_cuda/install/autoware_msgs/share:/home/muyangren907/autoware/autoware.ai/1.12.0_cuda/install/autoware_config_msgs/share:/home/muyangren907/autoware/autoware.ai/1.12.0_cuda/install/autoware_build_flags/share:${ROS_PACKAGE_PATH} /usr/local/bin/cmake /home/muyangren907/autoware/autoware.ai/1.12.0_cuda/src/autoware/core_planning/decision_maker -DCMAKE_BUILD_TYPE=Release -DCATKIN_INSTALL_INTO_PREFIX_ROOT=0 -DCMAKE_INSTALL_PREFIX=/home/muyangren907/autoware/autoware.ai/1.12.0_cuda/install/decision_maker
-- The C compiler identification is GNU 7.4.0
-- The CXX compiler identification is GNU 7.4.0
-- Check for working C compiler: /usr/bin/cc
-- Check for working C compiler: /usr/bin/cc -- works
-- Detecting C compiler ABI info
-- Detecting C compiler ABI info - done
-- Detecting C compile features
-- Detecting C compile features - done
-- Check for working CXX compiler: /usr/bin/c++
-- Check for working CXX compiler: /usr/bin/c++ -- works
-- Detecting CXX compiler ABI info
-- Detecting CXX compiler ABI info - done
-- Detecting CXX compile features
-- Detecting CXX compile features - done
-- CUDA compilation status: 1.
-- Using CATKIN_DEVEL_PREFIX: /home/muyangren907/autoware/autoware.ai/1.12.0_cuda/build/decision_maker/devel
-- Using CMAKE_PREFIX_PATH: /home/muyangren907/autoware/autoware.ai/1.12.0_cuda/install/vector_map;/home/muyangren907/autoware/autoware.ai/1.12.0_cuda/install/state_machine_lib;/home/muyangren907/autoware/autoware.ai/1.12.0_cuda/install/amathutils_lib;/home/muyangren907/autoware/autoware.ai/1.12.0_cuda/install/vector_map_msgs;/home/muyangren907/autoware/autoware.ai/1.12.0_cuda/install/autoware_msgs;/home/muyangren907/autoware/autoware.ai/1.12.0_cuda/install/autoware_config_msgs;/home/muyangren907/autoware/autoware.ai/1.12.0_cuda/install/autoware_build_flags;/opt/ros/melodic
-- This workspace overlays: /home/muyangren907/autoware/autoware.ai/1.12.0_cuda/install/vector_map;/home/muyangren907/autoware/autoware.ai/1.12.0_cuda/install/state_machine_lib;/home/muyangren907/autoware/autoware.ai/1.12.0_cuda/install/amathutils_lib;/home/muyangren907/autoware/autoware.ai/1.12.0_cuda/install/vector_map_msgs;/home/muyangren907/autoware/autoware.ai/1.12.0_cuda/install/autoware_msgs;/home/muyangren907/autoware/autoware.ai/1.12.0_cuda/install/autoware_config_msgs;/home/muyangren907/autoware/autoware.ai/1.12.0_cuda/install/autoware_build_flags;/opt/ros/melodic
-- Found PythonInterp: /usr/bin/python2 (found suitable version "2.7.15", minimum required is "2") 
-- Using PYTHON_EXECUTABLE: /usr/bin/python2
-- Using Debian Python package layout
-- Using empy: /usr/bin/empy
-- Using CATKIN_ENABLE_TESTING: ON
-- Call enable_testing()
-- Using CATKIN_TEST_RESULTS_DIR: /home/muyangren907/autoware/autoware.ai/1.12.0_cuda/build/decision_maker/test_results
-- Found gtest sources under '/usr/src/googletest': gtests will be built
-- Found gmock sources under '/usr/src/googletest': gmock will be built
-- Found PythonInterp: /usr/bin/python2 (found version "2.7.15") 
-- Looking for pthread.h
-- Looking for pthread.h - found
-- Looking for pthread_create
-- Looking for pthread_create - not found
-- Looking for pthread_create in pthreads
-- Looking for pthread_create in pthreads - not found
-- Looking for pthread_create in pthread
-- Looking for pthread_create in pthread - found
-- Found Threads: TRUE  
-- Using Python nosetests: /usr/local/bin/nosetests-2.7
-- catkin 0.7.19
-- BUILD_SHARED_LIBS is on
-- Using these message generators: gencpp;geneus;genlisp;gennodejs;genpy
-- Configuring done
CMake Warning (dev) at CMakeLists.txt:77 (add_dependencies):
  Policy CMP0046 is not set: Error on non-existent dependency in
  add_dependencies.  Run "cmake --help-policy CMP0046" for policy details.
  Use the cmake_policy command to set the policy and suppress this warning.

  The dependency target "autoware_msgs_generate_msgs_cpp" of target
  "decision_maker_node" does not exist.
This warning is for project developers.  Use -Wno-dev to suppress it.

-- Generating done
-- Build files have been written to: /home/muyangren907/autoware/autoware.ai/1.12.0_cuda/build/decision_maker
Invoked command in '/home/muyangren907/autoware/autoware.ai/1.12.0_cuda/build/decision_maker' returned '0': CMAKE_PREFIX_PATH=/home/muyangren907/autoware/autoware.ai/1.12.0_cuda/install/vector_map:/home/muyangren907/autoware/autoware.ai/1.12.0_cuda/install/state_machine_lib:/home/muyangren907/autoware/autoware.ai/1.12.0_cuda/install/amathutils_lib:/home/muyangren907/autoware/autoware.ai/1.12.0_cuda/install/vector_map_msgs:/home/muyangren907/autoware/autoware.ai/1.12.0_cuda/install/autoware_msgs:/home/muyangren907/autoware/autoware.ai/1.12.0_cuda/install/autoware_config_msgs:/home/muyangren907/autoware/autoware.ai/1.12.0_cuda/install/autoware_build_flags:${CMAKE_PREFIX_PATH} LD_LIBRARY_PATH=/home/muyangren907/autoware/autoware.ai/1.12.0_cuda/install/vector_map/lib:/home/muyangren907/autoware/autoware.ai/1.12.0_cuda/install/state_machine_lib/lib:/home/muyangren907/autoware/autoware.ai/1.12.0_cuda/install/amathutils_lib/lib:${LD_LIBRARY_PATH} PKG_CONFIG_PATH=/home/muyangren907/autoware/autoware.ai/1.12.0_cuda/install/vector_map/lib/x86_64-linux-gnu/pkgconfig:/home/muyangren907/autoware/autoware.ai/1.12.0_cuda/install/vector_map/lib/pkgconfig:/home/muyangren907/autoware/autoware.ai/1.12.0_cuda/install/state_machine_lib/lib/x86_64-linux-gnu/pkgconfig:/home/muyangren907/autoware/autoware.ai/1.12.0_cuda/install/state_machine_lib/lib/pkgconfig:/home/muyangren907/autoware/autoware.ai/1.12.0_cuda/install/amathutils_lib/lib/x86_64-linux-gnu/pkgconfig:/home/muyangren907/autoware/autoware.ai/1.12.0_cuda/install/amathutils_lib/lib/pkgconfig:/home/muyangren907/autoware/autoware.ai/1.12.0_cuda/install/vector_map_msgs/lib/x86_64-linux-gnu/pkgconfig:/home/muyangren907/autoware/autoware.ai/1.12.0_cuda/install/vector_map_msgs/lib/pkgconfig:/home/muyangren907/autoware/autoware.ai/1.12.0_cuda/install/autoware_msgs/lib/x86_64-linux-gnu/pkgconfig:/home/muyangren907/autoware/autoware.ai/1.12.0_cuda/install/autoware_msgs/lib/pkgconfig:/home/muyangren907/autoware/autoware.ai/1.12.0_cuda/install/autoware_config_msgs/lib/x86_64-linux-gnu/pkgconfig:/home/muyangren907/autoware/autoware.ai/1.12.0_cuda/install/autoware_config_msgs/lib/pkgconfig:/home/muyangren907/autoware/autoware.ai/1.12.0_cuda/install/autoware_build_flags/lib/x86_64-linux-gnu/pkgconfig:/home/muyangren907/autoware/autoware.ai/1.12.0_cuda/install/autoware_build_flags/lib/pkgconfig:${PKG_CONFIG_PATH} PYTHONPATH=/home/muyangren907/autoware/autoware.ai/1.12.0_cuda/install/vector_map_msgs/lib/python2.7/dist-packages:/home/muyangren907/autoware/autoware.ai/1.12.0_cuda/install/autoware_msgs/lib/python2.7/dist-packages:/home/muyangren907/autoware/autoware.ai/1.12.0_cuda/install/autoware_config_msgs/lib/python2.7/dist-packages:${PYTHONPATH} ROS_PACKAGE_PATH=/home/muyangren907/autoware/autoware.ai/1.12.0_cuda/install/vector_map/share:/home/muyangren907/autoware/autoware.ai/1.12.0_cuda/install/state_machine_lib/share:/home/muyangren907/autoware/autoware.ai/1.12.0_cuda/install/amathutils_lib/share:/home/muyangren907/autoware/autoware.ai/1.12.0_cuda/install/vector_map_msgs/share:/home/muyangren907/autoware/autoware.ai/1.12.0_cuda/install/autoware_msgs/share:/home/muyangren907/autoware/autoware.ai/1.12.0_cuda/install/autoware_config_msgs/share:/home/muyangren907/autoware/autoware.ai/1.12.0_cuda/install/autoware_build_flags/share:${ROS_PACKAGE_PATH} /usr/local/bin/cmake /home/muyangren907/autoware/autoware.ai/1.12.0_cuda/src/autoware/core_planning/decision_maker -DCMAKE_BUILD_TYPE=Release -DCATKIN_INSTALL_INTO_PREFIX_ROOT=0 -DCMAKE_INSTALL_PREFIX=/home/muyangren907/autoware/autoware.ai/1.12.0_cuda/install/decision_maker
Invoking command in '/home/muyangren907/autoware/autoware.ai/1.12.0_cuda/build/decision_maker': CMAKE_PREFIX_PATH=/home/muyangren907/autoware/autoware.ai/1.12.0_cuda/install/vector_map:/home/muyangren907/autoware/autoware.ai/1.12.0_cuda/install/state_machine_lib:/home/muyangren907/autoware/autoware.ai/1.12.0_cuda/install/amathutils_lib:/home/muyangren907/autoware/autoware.ai/1.12.0_cuda/install/vector_map_msgs:/home/muyangren907/autoware/autoware.ai/1.12.0_cuda/install/autoware_msgs:/home/muyangren907/autoware/autoware.ai/1.12.0_cuda/install/autoware_config_msgs:/home/muyangren907/autoware/autoware.ai/1.12.0_cuda/install/autoware_build_flags:${CMAKE_PREFIX_PATH} LD_LIBRARY_PATH=/home/muyangren907/autoware/autoware.ai/1.12.0_cuda/install/vector_map/lib:/home/muyangren907/autoware/autoware.ai/1.12.0_cuda/install/state_machine_lib/lib:/home/muyangren907/autoware/autoware.ai/1.12.0_cuda/install/amathutils_lib/lib:${LD_LIBRARY_PATH} PKG_CONFIG_PATH=/home/muyangren907/autoware/autoware.ai/1.12.0_cuda/install/vector_map/lib/x86_64-linux-gnu/pkgconfig:/home/muyangren907/autoware/autoware.ai/1.12.0_cuda/install/vector_map/lib/pkgconfig:/home/muyangren907/autoware/autoware.ai/1.12.0_cuda/install/state_machine_lib/lib/x86_64-linux-gnu/pkgconfig:/home/muyangren907/autoware/autoware.ai/1.12.0_cuda/install/state_machine_lib/lib/pkgconfig:/home/muyangren907/autoware/autoware.ai/1.12.0_cuda/install/amathutils_lib/lib/x86_64-linux-gnu/pkgconfig:/home/muyangren907/autoware/autoware.ai/1.12.0_cuda/install/amathutils_lib/lib/pkgconfig:/home/muyangren907/autoware/autoware.ai/1.12.0_cuda/install/vector_map_msgs/lib/x86_64-linux-gnu/pkgconfig:/home/muyangren907/autoware/autoware.ai/1.12.0_cuda/install/vector_map_msgs/lib/pkgconfig:/home/muyangren907/autoware/autoware.ai/1.12.0_cuda/install/autoware_msgs/lib/x86_64-linux-gnu/pkgconfig:/home/muyangren907/autoware/autoware.ai/1.12.0_cuda/install/autoware_msgs/lib/pkgconfig:/home/muyangren907/autoware/autoware.ai/1.12.0_cuda/install/autoware_config_msgs/lib/x86_64-linux-gnu/pkgconfig:/home/muyangren907/autoware/autoware.ai/1.12.0_cuda/install/autoware_config_msgs/lib/pkgconfig:/home/muyangren907/autoware/autoware.ai/1.12.0_cuda/install/autoware_build_flags/lib/x86_64-linux-gnu/pkgconfig:/home/muyangren907/autoware/autoware.ai/1.12.0_cuda/install/autoware_build_flags/lib/pkgconfig:${PKG_CONFIG_PATH} PYTHONPATH=/home/muyangren907/autoware/autoware.ai/1.12.0_cuda/install/vector_map_msgs/lib/python2.7/dist-packages:/home/muyangren907/autoware/autoware.ai/1.12.0_cuda/install/autoware_msgs/lib/python2.7/dist-packages:/home/muyangren907/autoware/autoware.ai/1.12.0_cuda/install/autoware_config_msgs/lib/python2.7/dist-packages:${PYTHONPATH} ROS_PACKAGE_PATH=/home/muyangren907/autoware/autoware.ai/1.12.0_cuda/install/vector_map/share:/home/muyangren907/autoware/autoware.ai/1.12.0_cuda/install/state_machine_lib/share:/home/muyangren907/autoware/autoware.ai/1.12.0_cuda/install/amathutils_lib/share:/home/muyangren907/autoware/autoware.ai/1.12.0_cuda/install/vector_map_msgs/share:/home/muyangren907/autoware/autoware.ai/1.12.0_cuda/install/autoware_msgs/share:/home/muyangren907/autoware/autoware.ai/1.12.0_cuda/install/autoware_config_msgs/share:/home/muyangren907/autoware/autoware.ai/1.12.0_cuda/install/autoware_build_flags/share:${ROS_PACKAGE_PATH} /usr/local/bin/cmake --build /home/muyangren907/autoware/autoware.ai/1.12.0_cuda/build/decision_maker -- -j40 -l40
[35m[1mScanning dependencies of target std_srvs_generate_messages_eus[0m
[35m[1mScanning dependencies of target jsk_rviz_plugins_gencfg[0m
[35m[1mScanning dependencies of target std_srvs_generate_messages_nodejs[0m
[35m[1mScanning dependencies of target nodelet_topic_tools_gencfg[0m
[  0%] Built target jsk_rviz_plugins_gencfg
[  0%] Built target std_srvs_generate_messages_eus
[  0%] Built target std_srvs_generate_messages_nodejs
[  0%] Built target nodelet_topic_tools_gencfg
[35m[1mScanning dependencies of target topic_tools_generate_messages_lisp[0m
[35m[1mScanning dependencies of target topic_tools_generate_messages_eus[0m
[35m[1mScanning dependencies of target people_msgs_generate_messages_eus[0m
[35m[1mScanning dependencies of target actionlib_msgs_generate_messages_nodejs[0m
[  0%] Built target topic_tools_generate_messages_eus
[  0%] Built target topic_tools_generate_messages_lisp
[  0%] Built target people_msgs_generate_messages_eus
[  0%] Built target actionlib_msgs_generate_messages_nodejs
[35m[1mScanning dependencies of target tf2_msgs_generate_messages_py[0m
[35m[1mScanning dependencies of target topic_tools_generate_messages_py[0m
[35m[1mScanning dependencies of target visualization_msgs_generate_messages_nodejs[0m
[35m[1mScanning dependencies of target vector_map_msgs_generate_messages_cpp[0m
[  0%] Built target vector_map_msgs_generate_messages_cpp
[  0%] Built target topic_tools_generate_messages_py
[  0%] Built target tf2_msgs_generate_messages_py
[  0%] Built target visualization_msgs_generate_messages_nodejs
[35m[1mScanning dependencies of target dynamic_reconfigure_generate_messages_nodejs[0m
[35m[1mScanning dependencies of target pcl_msgs_generate_messages_nodejs[0m
[35m[1mScanning dependencies of target pcl_msgs_generate_messages_eus[0m
[35m[1mScanning dependencies of target jsk_footstep_msgs_generate_messages_nodejs[0m
[  0%] Built target pcl_msgs_generate_messages_nodejs
[  0%] Built target dynamic_reconfigure_generate_messages_nodejs
[  0%] Built target pcl_msgs_generate_messages_eus
[  0%] Built target jsk_footstep_msgs_generate_messages_nodejs
[35m[1mScanning dependencies of target people_msgs_generate_messages_lisp[0m
[35m[1mScanning dependencies of target people_msgs_generate_messages_cpp[0m
[35m[1mScanning dependencies of target jsk_footstep_msgs_generate_messages_eus[0m
[35m[1mScanning dependencies of target jsk_footstep_msgs_generate_messages_cpp[0m
[  0%] Built target people_msgs_generate_messages_lisp
[  0%] Built target people_msgs_generate_messages_cpp
[  0%] Built target jsk_footstep_msgs_generate_messages_eus
[  0%] Built target jsk_footstep_msgs_generate_messages_cpp
[35m[1mScanning dependencies of target autoware_msgs_generate_messages_nodejs[0m
[35m[1mScanning dependencies of target std_srvs_generate_messages_cpp[0m
[35m[1mScanning dependencies of target pcl_msgs_generate_messages_cpp[0m
[35m[1mScanning dependencies of target rosgraph_msgs_generate_messages_cpp[0m
[  0%] Built target autoware_msgs_generate_messages_nodejs
[  0%] Built target std_srvs_generate_messages_cpp
[  0%] Built target pcl_msgs_generate_messages_cpp
[  0%] Built target rosgraph_msgs_generate_messages_cpp
[35m[1mScanning dependencies of target actionlib_msgs_generate_messages_py[0m
[35m[1mScanning dependencies of target nav_msgs_generate_messages_py[0m
[35m[1mScanning dependencies of target jsk_rviz_plugins_generate_messages_eus[0m
[35m[1mScanning dependencies of target std_msgs_generate_messages_nodejs[0m
[  0%] Built target actionlib_msgs_generate_messages_py
[  0%] Built target nav_msgs_generate_messages_py
[  0%] Built target std_msgs_generate_messages_nodejs
[  0%] Built target jsk_rviz_plugins_generate_messages_eus
[35m[1mScanning dependencies of target jsk_recognition_msgs_generate_messages_py[0m
[35m[1mScanning dependencies of target geometry_msgs_generate_messages_lisp[0m
[35m[1mScanning dependencies of target jsk_recognition_msgs_generate_messages_lisp[0m
[35m[1mScanning dependencies of target pcl_msgs_generate_messages_lisp[0m
[  0%] Built target jsk_recognition_msgs_generate_messages_lisp
[  0%] Built target geometry_msgs_generate_messages_lisp
[  0%] Built target jsk_recognition_msgs_generate_messages_py
[  0%] Built target pcl_msgs_generate_messages_lisp
[35m[1mScanning dependencies of target bond_generate_messages_py[0m
[35m[1mScanning dependencies of target geometry_msgs_generate_messages_py[0m
[35m[1mScanning dependencies of target autoware_msgs_generate_messages_lisp[0m
[35m[1mScanning dependencies of target jsk_recognition_msgs_generate_messages_cpp[0m
[  0%] Built target geometry_msgs_generate_messages_py
[  0%] Built target bond_generate_messages_py
[  0%] Built target autoware_msgs_generate_messages_lisp
[  0%] Built target jsk_recognition_msgs_generate_messages_cpp
[35m[1mScanning dependencies of target map_msgs_generate_messages_cpp[0m
[35m[1mScanning dependencies of target geometry_msgs_generate_messages_eus[0m
[35m[1mScanning dependencies of target std_msgs_generate_messages_lisp[0m
[35m[1mScanning dependencies of target autoware_msgs_generate_messages_eus[0m
[  0%] Built target std_msgs_generate_messages_lisp
[  0%] Built target geometry_msgs_generate_messages_eus
[  0%] Built target map_msgs_generate_messages_cpp
[  0%] Built target autoware_msgs_generate_messages_eus
[35m[1mScanning dependencies of target sensor_msgs_generate_messages_cpp[0m
[35m[1mScanning dependencies of target geometry_msgs_generate_messages_cpp[0m
[35m[1mScanning dependencies of target jsk_footstep_msgs_generate_messages_lisp[0m
[35m[1mScanning dependencies of target jsk_hark_msgs_generate_messages_eus[0m
[  0%] Built target geometry_msgs_generate_messages_cpp
[  0%] Built target sensor_msgs_generate_messages_cpp
[  0%] Built target jsk_footstep_msgs_generate_messages_lisp
[  0%] Built target jsk_hark_msgs_generate_messages_eus
[35m[1mScanning dependencies of target autoware_msgs_generate_messages_cpp[0m
[35m[1mScanning dependencies of target std_msgs_generate_messages_py[0m
[35m[1mScanning dependencies of target autoware_config_msgs_generate_messages_lisp[0m
[35m[1mScanning dependencies of target rosgraph_msgs_generate_messages_eus[0m
[  0%] Built target std_msgs_generate_messages_py
[  0%] Built target autoware_config_msgs_generate_messages_lisp
[  0%] Built target autoware_msgs_generate_messages_cpp
[  0%] Built target rosgraph_msgs_generate_messages_eus
[35m[1mScanning dependencies of target sensor_msgs_generate_messages_nodejs[0m
[35m[1mScanning dependencies of target jsk_rviz_plugins_generate_messages_cpp[0m
[35m[1mScanning dependencies of target std_msgs_generate_messages_cpp[0m
[35m[1mScanning dependencies of target autoware_config_msgs_generate_messages_py[0m
[  0%] Built target sensor_msgs_generate_messages_nodejs
[  0%] Built target jsk_rviz_plugins_generate_messages_cpp
[  0%] Built target std_msgs_generate_messages_cpp
[  0%] Built target autoware_config_msgs_generate_messages_py
[35m[1mScanning dependencies of target autoware_config_msgs_generate_messages_eus[0m
[35m[1mScanning dependencies of target jsk_rviz_plugins_generate_messages_lisp[0m
[35m[1mScanning dependencies of target people_msgs_generate_messages_nodejs[0m
[35m[1mScanning dependencies of target vector_map_msgs_generate_messages_py[0m
[  0%] Built target autoware_config_msgs_generate_messages_eus
[  0%] Built target jsk_rviz_plugins_generate_messages_lisp
[  0%] Built target people_msgs_generate_messages_nodejs
[  0%] Built target vector_map_msgs_generate_messages_py
[35m[1mScanning dependencies of target roscpp_generate_messages_eus[0m
[35m[1mScanning dependencies of target roscpp_generate_messages_cpp[0m
[35m[1mScanning dependencies of target roscpp_generate_messages_lisp[0m
[35m[1mScanning dependencies of target sensor_msgs_generate_messages_py[0m
[  0%] Built target roscpp_generate_messages_eus
[  0%] Built target roscpp_generate_messages_cpp
[  0%] Built target roscpp_generate_messages_lisp
[  0%] Built target sensor_msgs_generate_messages_py
[35m[1mScanning dependencies of target roscpp_generate_messages_nodejs[0m
[35m[1mScanning dependencies of target roscpp_generate_messages_py[0m
[35m[1mScanning dependencies of target jsk_recognition_msgs_generate_messages_eus[0m
[35m[1mScanning dependencies of target std_srvs_generate_messages_py[0m
[  0%] Built target roscpp_generate_messages_nodejs
[  0%] Built target roscpp_generate_messages_py
[  0%] Built target jsk_recognition_msgs_generate_messages_eus
[  0%] Built target std_srvs_generate_messages_py
[35m[1mScanning dependencies of target vector_map_msgs_generate_messages_eus[0m
[35m[1mScanning dependencies of target jsk_hark_msgs_generate_messages_nodejs[0m
[35m[1mScanning dependencies of target tf_generate_messages_cpp[0m
[35m[1mScanning dependencies of target rosgraph_msgs_generate_messages_nodejs[0m
[  0%] Built target tf_generate_messages_cpp
[  0%] Built target jsk_hark_msgs_generate_messages_nodejs
[  0%] Built target vector_map_msgs_generate_messages_eus
[  0%] Built target rosgraph_msgs_generate_messages_nodejs
[35m[1mScanning dependencies of target jsk_hark_msgs_generate_messages_py[0m
[35m[1mScanning dependencies of target rosgraph_msgs_generate_messages_lisp[0m
[35m[1mScanning dependencies of target tf_generate_messages_nodejs[0m
[35m[1mScanning dependencies of target tf_generate_messages_lisp[0m
[  0%] Built target jsk_hark_msgs_generate_messages_py
[  0%] Built target rosgraph_msgs_generate_messages_lisp
[  0%] Built target tf_generate_messages_nodejs
[  0%] Built target tf_generate_messages_lisp
[35m[1mScanning dependencies of target tf_generate_messages_eus[0m
[35m[1mScanning dependencies of target tf_generate_messages_py[0m
[35m[1mScanning dependencies of target std_msgs_generate_messages_eus[0m
[35m[1mScanning dependencies of target actionlib_generate_messages_eus[0m
[  0%] Built target tf_generate_messages_eus
[  0%] Built target tf_generate_messages_py
[  0%] Built target std_msgs_generate_messages_eus
[  0%] Built target actionlib_generate_messages_eus
[35m[1mScanning dependencies of target tf2_msgs_generate_messages_cpp[0m
[35m[1mScanning dependencies of target nav_msgs_generate_messages_eus[0m
[35m[1mScanning dependencies of target pcl_ros_gencfg[0m
[35m[1mScanning dependencies of target tf2_msgs_generate_messages_eus[0m
[  0%] Built target tf2_msgs_generate_messages_cpp
[  0%] Built target nav_msgs_generate_messages_eus
[  0%] Built target pcl_ros_gencfg
[  0%] Built target tf2_msgs_generate_messages_eus
[35m[1mScanning dependencies of target nav_msgs_generate_messages_cpp[0m
[35m[1mScanning dependencies of target tf2_msgs_generate_messages_lisp[0m
[35m[1mScanning dependencies of target tf2_msgs_generate_messages_nodejs[0m
[35m[1mScanning dependencies of target autoware_config_msgs_generate_messages_nodejs[0m
[  0%] Built target nav_msgs_generate_messages_cpp
[  0%] Built target tf2_msgs_generate_messages_lisp
[  0%] Built target tf2_msgs_generate_messages_nodejs
[35m[1mScanning dependencies of target visualization_msgs_generate_messages_cpp[0m
[  0%] Built target autoware_config_msgs_generate_messages_nodejs
[35m[1mScanning dependencies of target visualization_msgs_generate_messages_lisp[0m
[35m[1mScanning dependencies of target visualization_msgs_generate_messages_py[0m
[  0%] Built target visualization_msgs_generate_messages_cpp
[35m[1mScanning dependencies of target actionlib_generate_messages_py[0m
[  0%] Built target visualization_msgs_generate_messages_lisp
[  0%] Built target visualization_msgs_generate_messages_py
[35m[1mScanning dependencies of target dynamic_reconfigure_generate_messages_py[0m
[  0%] Built target actionlib_generate_messages_py
[35m[1mScanning dependencies of target dynamic_reconfigure_generate_messages_cpp[0m
[35m[1mScanning dependencies of target bond_generate_messages_nodejs[0m
[  0%] Built target dynamic_reconfigure_generate_messages_py
[  0%] Built target dynamic_reconfigure_generate_messages_cpp
[35m[1mScanning dependencies of target visualization_msgs_generate_messages_eus[0m
[  0%] Built target bond_generate_messages_nodejs
[35m[1mScanning dependencies of target dynamic_reconfigure_generate_messages_eus[0m
[35m[1mScanning dependencies of target pcl_msgs_generate_messages_py[0m
[  0%] Built target visualization_msgs_generate_messages_eus
[35m[1mScanning dependencies of target dynamic_reconfigure_generate_messages_lisp[0m
[  0%] Built target dynamic_reconfigure_generate_messages_eus
[35m[1mScanning dependencies of target autoware_config_msgs_generate_messages_cpp[0m
[  0%] Built target pcl_msgs_generate_messages_py
[  0%] Built target dynamic_reconfigure_generate_messages_lisp
[35m[1mScanning dependencies of target vector_map_msgs_generate_messages_nodejs[0m
[  0%] Built target autoware_config_msgs_generate_messages_cpp
[35m[1mScanning dependencies of target dynamic_reconfigure_gencfg[0m
[35m[1mScanning dependencies of target jsk_hark_msgs_generate_messages_cpp[0m
[  0%] Built target vector_map_msgs_generate_messages_nodejs
[35m[1mScanning dependencies of target jsk_recognition_msgs_generate_messages_nodejs[0m
[  0%] Built target dynamic_reconfigure_gencfg
[  0%] Built target jsk_hark_msgs_generate_messages_cpp
[35m[1mScanning dependencies of target rosgraph_msgs_generate_messages_py[0m
[  0%] Built target jsk_recognition_msgs_generate_messages_nodejs
[35m[1mScanning dependencies of target actionlib_generate_messages_cpp[0m
[35m[1mScanning dependencies of target geometry_msgs_generate_messages_nodejs[0m
[  0%] Built target rosgraph_msgs_generate_messages_py
[35m[1mScanning dependencies of target map_msgs_generate_messages_eus[0m
[  0%] Built target actionlib_generate_messages_cpp
[  0%] Built target geometry_msgs_generate_messages_nodejs
[35m[1mScanning dependencies of target map_msgs_generate_messages_lisp[0m
[  0%] Built target map_msgs_generate_messages_eus
[35m[1mScanning dependencies of target map_msgs_generate_messages_nodejs[0m
[35m[1mScanning dependencies of target map_msgs_generate_messages_py[0m
[  0%] Built target map_msgs_generate_messages_lisp
[35m[1mScanning dependencies of target nav_msgs_generate_messages_lisp[0m
[  0%] Built target map_msgs_generate_messages_nodejs
[  0%] Built target map_msgs_generate_messages_py
[35m[1mScanning dependencies of target nav_msgs_generate_messages_nodejs[0m
[35m[1mScanning dependencies of target actionlib_generate_messages_nodejs[0m
[  0%] Built target nav_msgs_generate_messages_lisp
[35m[1mScanning dependencies of target sensor_msgs_generate_messages_eus[0m
[  0%] Built target nav_msgs_generate_messages_nodejs
[35m[1mScanning dependencies of target actionlib_msgs_generate_messages_cpp[0m
[  0%] Built target actionlib_generate_messages_nodejs
[  0%] Built target sensor_msgs_generate_messages_eus
[35m[1mScanning dependencies of target actionlib_generate_messages_lisp[0m
[  0%] Built target actionlib_msgs_generate_messages_cpp
[35m[1mScanning dependencies of target jsk_footstep_msgs_generate_messages_py[0m
[35m[1mScanning dependencies of target actionlib_msgs_generate_messages_eus[0m
[  0%] Built target actionlib_generate_messages_lisp
[35m[1mScanning dependencies of target vector_map_msgs_generate_messages_lisp[0m
[  0%] Built target jsk_footstep_msgs_generate_messages_py
[  0%] Built target actionlib_msgs_generate_messages_eus
[35m[1mScanning dependencies of target autoware_msgs_generate_messages_py[0m
[  0%] Built target vector_map_msgs_generate_messages_lisp
[35m[1mScanning dependencies of target actionlib_msgs_generate_messages_lisp[0m
[35m[1mScanning dependencies of target sensor_msgs_generate_messages_lisp[0m
[  0%] Built target autoware_msgs_generate_messages_py
[  0%] Built target actionlib_msgs_generate_messages_lisp
[35m[1mScanning dependencies of target topic_tools_generate_messages_nodejs[0m
[35m[1mScanning dependencies of target jsk_rviz_plugins_generate_messages_nodejs[0m
[  0%] Built target sensor_msgs_generate_messages_lisp
[35m[1mScanning dependencies of target nodelet_generate_messages_eus[0m
[35m[1mScanning dependencies of target topic_tools_generate_messages_cpp[0m
[  0%] Built target topic_tools_generate_messages_nodejs
[  0%] Built target jsk_rviz_plugins_generate_messages_nodejs
[35m[1mScanning dependencies of target jsk_rviz_plugins_generate_messages_py[0m
[  0%] Built target nodelet_generate_messages_eus
[  0%] Built target topic_tools_generate_messages_cpp
[35m[1mScanning dependencies of target jsk_hark_msgs_generate_messages_lisp[0m
[35m[1mScanning dependencies of target std_srvs_generate_messages_lisp[0m
[35m[1mScanning dependencies of target jsk_recognition_utils_gencfg[0m
[  0%] Built target jsk_rviz_plugins_generate_messages_py
[35m[1mScanning dependencies of target nodelet_generate_messages_cpp[0m
[  0%] Built target jsk_hark_msgs_generate_messages_lisp
[  0%] Built target std_srvs_generate_messages_lisp
[  0%] Built target jsk_recognition_utils_gencfg
[35m[1mScanning dependencies of target nodelet_generate_messages_lisp[0m
[  0%] Built target nodelet_generate_messages_cpp
[35m[1mScanning dependencies of target nodelet_generate_messages_nodejs[0m
[35m[1mScanning dependencies of target nodelet_generate_messages_py[0m
[35m[1mScanning dependencies of target bond_generate_messages_cpp[0m
[  0%] Built target nodelet_generate_messages_lisp
[35m[1mScanning dependencies of target people_msgs_generate_messages_py[0m
[  0%] Built target nodelet_generate_messages_nodejs
[  0%] Built target nodelet_generate_messages_py
[  0%] Built target bond_generate_messages_cpp
[35m[1mScanning dependencies of target bond_generate_messages_eus[0m
[  0%] Built target people_msgs_generate_messages_py
[35m[1mScanning dependencies of target bond_generate_messages_lisp[0m
[  0%] Built target bond_generate_messages_eus
[  0%] Built target bond_generate_messages_lisp
[35m[1mScanning dependencies of target decision_maker_node[0m
[  8%] [32mBuilding CXX object CMakeFiles/decision_maker_node.dir/nodes/decision_maker/decision_maker_node.cpp.o[0m
[ 16%] [32mBuilding CXX object CMakeFiles/decision_maker_node.dir/nodes/decision_maker/decision_maker_node_core.cpp.o[0m
[ 25%] [32mBuilding CXX object CMakeFiles/decision_maker_node.dir/nodes/decision_maker/decision_maker_node_init.cpp.o[0m
[ 33%] [32mBuilding CXX object CMakeFiles/decision_maker_node.dir/nodes/decision_maker/decision_maker_node_decision.cpp.o[0m
[ 41%] [32mBuilding CXX object CMakeFiles/decision_maker_node.dir/nodes/decision_maker/decision_maker_node_callback.cpp.o[0m
[ 50%] [32mBuilding CXX object CMakeFiles/decision_maker_node.dir/nodes/decision_maker/cross_road_area.cpp.o[0m
[ 58%] [32mBuilding CXX object CMakeFiles/decision_maker_node.dir/nodes/decision_maker/decision_maker_node_publish.cpp.o[0m
[ 66%] [32mBuilding CXX object CMakeFiles/decision_maker_node.dir/nodes/decision_maker/decision_maker_node_state_motion.cpp.o[0m
[ 75%] [32mBuilding CXX object CMakeFiles/decision_maker_node.dir/nodes/decision_maker/decision_maker_node_state_mission.cpp.o[0m
[ 83%] [32mBuilding CXX object CMakeFiles/decision_maker_node.dir/nodes/decision_maker/decision_maker_node_state_behavior.cpp.o[0m
[ 91%] [32mBuilding CXX object CMakeFiles/decision_maker_node.dir/nodes/decision_maker/decision_maker_node_state_vehicle.cpp.o[0m
[01m[K/home/muyangren907/autoware/autoware.ai/1.12.0_cuda/src/autoware/core_planning/decision_maker/nodes/decision_maker/decision_maker_node_state_vehicle.cpp:[m[K In member function ‘[01m[Kvoid decision_maker::DecisionMakerNode::updateSensorInitState(decision_maker::cstring_t&, int)[m[K’:
[01m[K/home/muyangren907/autoware/autoware.ai/1.12.0_cuda/src/autoware/core_planning/decision_maker/nodes/decision_maker/decision_maker_node_state_vehicle.cpp:34:16:[m[K [01;35m[Kwarning: [m[Kunused variable ‘[01m[Ktimeout[m[K’ [[01;35m[K-Wunused-variable[m[K]
   const double [01;35m[Ktimeout[m[K = 1;
                [01;35m[K^~~~~~~[m[K
[01m[K/home/muyangren907/autoware/autoware.ai/1.12.0_cuda/src/autoware/core_planning/decision_maker/nodes/decision_maker/decision_maker_node_state_motion.cpp:[m[K In member function ‘[01m[Kvoid decision_maker::DecisionMakerNode::updateStoplineState(decision_maker::cstring_t&, int)[m[K’:
[01m[K/home/muyangren907/autoware/autoware.ai/1.12.0_cuda/src/autoware/core_planning/decision_maker/nodes/decision_maker/decision_maker_node_state_motion.cpp:208:37:[m[K [01;35m[Kwarning: [m[Knonnull argument ‘[01m[Kthis[m[K’ compared to NULL [[01;35m[K-Wnonnull-compare[m[K]
     stopping_timer = [01;35m[Knh_.createTimer(ros::Duration(0.5),[m[K
                      [01;35m[K~~~~~~~~~~~~~~~^~~~~~~~~~~~~~~~~~~~[m[K
 [01;35m[K                                     [&](const ros::TimerEvent&) {[m[K
                                      [01;35m[K~~~~~~~~~~~~~~~~~~~~~~~~~~~~~[m[K
 [01;35m[K                                       timerflag = false;[m[K
                                        [01;35m[K~~~~~~~~~~~~~~~~~~[m[K
 [01;35m[K                                       current_status_.prev_stopped_wpidx = current_status_.found_stopsign_idx;[m[K
                                        [01;35m[K~~~~~~~~~~~~~~~~~~~~~~~~~~~~~~~~~~~~~~~~~~~~~~~~~~~~~~~~~~~~~~~~~~~~~~~~[m[K
 [01;35m[K                                       current_status_.found_stopsign_idx = -1;[m[K
                                        [01;35m[K~~~~~~~~~~~~~~~~~~~~~~~~~~~~~~~~~~~~~~~~[m[K
 [01;35m[K                                       if (current_status_.ordered_stop_idx != -1)[m[K
                                        [01;35m[K~~~~~~~~~~~~~~~~~~~~~~~~~~~~~~~~~~~~~~~~~~~[m[K
 [01;35m[K                                        tryNextState("received_stop_order");[m[K
                                         [01;35m[K~~~~~~~~~~~~~~~~~~~~~~~~~~~~~~~~~~~~[m[K
 [01;35m[K                                      else[m[K
                                       [01;35m[K~~~~[m[K
 [01;35m[K                                        tryNextState("clear");[m[K
                                         [01;35m[K~~~~~~~~~~~~~~~~~~~~~~[m[K
 [01;35m[K                                       /*if found risk,[m[K
                                        [01;35m[K~~~~~~~~~~~~~~~~[m[K
 [01;35m[K                                        * tryNextState("wait");*/[m[K
                                         [01;35m[K~~~~~~~~~~~~~~~~~~~~~~~~~[m[K
 [01;35m[K                                     },[m[K
                                      [01;35m[K~~[m[K
 [01;35m[K                                     this, true)[m[K;
                                      [01;35m[K~~~~~~~~~~~[m[K
[100%] [32m[1mLinking CXX executable devel/lib/decision_maker/decision_maker_node[0m
[100%] Built target decision_maker_node
Invoked command in '/home/muyangren907/autoware/autoware.ai/1.12.0_cuda/build/decision_maker' returned '0': CMAKE_PREFIX_PATH=/home/muyangren907/autoware/autoware.ai/1.12.0_cuda/install/vector_map:/home/muyangren907/autoware/autoware.ai/1.12.0_cuda/install/state_machine_lib:/home/muyangren907/autoware/autoware.ai/1.12.0_cuda/install/amathutils_lib:/home/muyangren907/autoware/autoware.ai/1.12.0_cuda/install/vector_map_msgs:/home/muyangren907/autoware/autoware.ai/1.12.0_cuda/install/autoware_msgs:/home/muyangren907/autoware/autoware.ai/1.12.0_cuda/install/autoware_config_msgs:/home/muyangren907/autoware/autoware.ai/1.12.0_cuda/install/autoware_build_flags:${CMAKE_PREFIX_PATH} LD_LIBRARY_PATH=/home/muyangren907/autoware/autoware.ai/1.12.0_cuda/install/vector_map/lib:/home/muyangren907/autoware/autoware.ai/1.12.0_cuda/install/state_machine_lib/lib:/home/muyangren907/autoware/autoware.ai/1.12.0_cuda/install/amathutils_lib/lib:${LD_LIBRARY_PATH} PKG_CONFIG_PATH=/home/muyangren907/autoware/autoware.ai/1.12.0_cuda/install/vector_map/lib/x86_64-linux-gnu/pkgconfig:/home/muyangren907/autoware/autoware.ai/1.12.0_cuda/install/vector_map/lib/pkgconfig:/home/muyangren907/autoware/autoware.ai/1.12.0_cuda/install/state_machine_lib/lib/x86_64-linux-gnu/pkgconfig:/home/muyangren907/autoware/autoware.ai/1.12.0_cuda/install/state_machine_lib/lib/pkgconfig:/home/muyangren907/autoware/autoware.ai/1.12.0_cuda/install/amathutils_lib/lib/x86_64-linux-gnu/pkgconfig:/home/muyangren907/autoware/autoware.ai/1.12.0_cuda/install/amathutils_lib/lib/pkgconfig:/home/muyangren907/autoware/autoware.ai/1.12.0_cuda/install/vector_map_msgs/lib/x86_64-linux-gnu/pkgconfig:/home/muyangren907/autoware/autoware.ai/1.12.0_cuda/install/vector_map_msgs/lib/pkgconfig:/home/muyangren907/autoware/autoware.ai/1.12.0_cuda/install/autoware_msgs/lib/x86_64-linux-gnu/pkgconfig:/home/muyangren907/autoware/autoware.ai/1.12.0_cuda/install/autoware_msgs/lib/pkgconfig:/home/muyangren907/autoware/autoware.ai/1.12.0_cuda/install/autoware_config_msgs/lib/x86_64-linux-gnu/pkgconfig:/home/muyangren907/autoware/autoware.ai/1.12.0_cuda/install/autoware_config_msgs/lib/pkgconfig:/home/muyangren907/autoware/autoware.ai/1.12.0_cuda/install/autoware_build_flags/lib/x86_64-linux-gnu/pkgconfig:/home/muyangren907/autoware/autoware.ai/1.12.0_cuda/install/autoware_build_flags/lib/pkgconfig:${PKG_CONFIG_PATH} PYTHONPATH=/home/muyangren907/autoware/autoware.ai/1.12.0_cuda/install/vector_map_msgs/lib/python2.7/dist-packages:/home/muyangren907/autoware/autoware.ai/1.12.0_cuda/install/autoware_msgs/lib/python2.7/dist-packages:/home/muyangren907/autoware/autoware.ai/1.12.0_cuda/install/autoware_config_msgs/lib/python2.7/dist-packages:${PYTHONPATH} ROS_PACKAGE_PATH=/home/muyangren907/autoware/autoware.ai/1.12.0_cuda/install/vector_map/share:/home/muyangren907/autoware/autoware.ai/1.12.0_cuda/install/state_machine_lib/share:/home/muyangren907/autoware/autoware.ai/1.12.0_cuda/install/amathutils_lib/share:/home/muyangren907/autoware/autoware.ai/1.12.0_cuda/install/vector_map_msgs/share:/home/muyangren907/autoware/autoware.ai/1.12.0_cuda/install/autoware_msgs/share:/home/muyangren907/autoware/autoware.ai/1.12.0_cuda/install/autoware_config_msgs/share:/home/muyangren907/autoware/autoware.ai/1.12.0_cuda/install/autoware_build_flags/share:${ROS_PACKAGE_PATH} /usr/local/bin/cmake --build /home/muyangren907/autoware/autoware.ai/1.12.0_cuda/build/decision_maker -- -j40 -l40
Invoking command in '/home/muyangren907/autoware/autoware.ai/1.12.0_cuda/build/decision_maker': CMAKE_PREFIX_PATH=/home/muyangren907/autoware/autoware.ai/1.12.0_cuda/install/vector_map:/home/muyangren907/autoware/autoware.ai/1.12.0_cuda/install/state_machine_lib:/home/muyangren907/autoware/autoware.ai/1.12.0_cuda/install/amathutils_lib:/home/muyangren907/autoware/autoware.ai/1.12.0_cuda/install/vector_map_msgs:/home/muyangren907/autoware/autoware.ai/1.12.0_cuda/install/autoware_msgs:/home/muyangren907/autoware/autoware.ai/1.12.0_cuda/install/autoware_config_msgs:/home/muyangren907/autoware/autoware.ai/1.12.0_cuda/install/autoware_build_flags:${CMAKE_PREFIX_PATH} LD_LIBRARY_PATH=/home/muyangren907/autoware/autoware.ai/1.12.0_cuda/install/vector_map/lib:/home/muyangren907/autoware/autoware.ai/1.12.0_cuda/install/state_machine_lib/lib:/home/muyangren907/autoware/autoware.ai/1.12.0_cuda/install/amathutils_lib/lib:${LD_LIBRARY_PATH} PKG_CONFIG_PATH=/home/muyangren907/autoware/autoware.ai/1.12.0_cuda/install/vector_map/lib/x86_64-linux-gnu/pkgconfig:/home/muyangren907/autoware/autoware.ai/1.12.0_cuda/install/vector_map/lib/pkgconfig:/home/muyangren907/autoware/autoware.ai/1.12.0_cuda/install/state_machine_lib/lib/x86_64-linux-gnu/pkgconfig:/home/muyangren907/autoware/autoware.ai/1.12.0_cuda/install/state_machine_lib/lib/pkgconfig:/home/muyangren907/autoware/autoware.ai/1.12.0_cuda/install/amathutils_lib/lib/x86_64-linux-gnu/pkgconfig:/home/muyangren907/autoware/autoware.ai/1.12.0_cuda/install/amathutils_lib/lib/pkgconfig:/home/muyangren907/autoware/autoware.ai/1.12.0_cuda/install/vector_map_msgs/lib/x86_64-linux-gnu/pkgconfig:/home/muyangren907/autoware/autoware.ai/1.12.0_cuda/install/vector_map_msgs/lib/pkgconfig:/home/muyangren907/autoware/autoware.ai/1.12.0_cuda/install/autoware_msgs/lib/x86_64-linux-gnu/pkgconfig:/home/muyangren907/autoware/autoware.ai/1.12.0_cuda/install/autoware_msgs/lib/pkgconfig:/home/muyangren907/autoware/autoware.ai/1.12.0_cuda/install/autoware_config_msgs/lib/x86_64-linux-gnu/pkgconfig:/home/muyangren907/autoware/autoware.ai/1.12.0_cuda/install/autoware_config_msgs/lib/pkgconfig:/home/muyangren907/autoware/autoware.ai/1.12.0_cuda/install/autoware_build_flags/lib/x86_64-linux-gnu/pkgconfig:/home/muyangren907/autoware/autoware.ai/1.12.0_cuda/install/autoware_build_flags/lib/pkgconfig:${PKG_CONFIG_PATH} PYTHONPATH=/home/muyangren907/autoware/autoware.ai/1.12.0_cuda/install/vector_map_msgs/lib/python2.7/dist-packages:/home/muyangren907/autoware/autoware.ai/1.12.0_cuda/install/autoware_msgs/lib/python2.7/dist-packages:/home/muyangren907/autoware/autoware.ai/1.12.0_cuda/install/autoware_config_msgs/lib/python2.7/dist-packages:${PYTHONPATH} ROS_PACKAGE_PATH=/home/muyangren907/autoware/autoware.ai/1.12.0_cuda/install/vector_map/share:/home/muyangren907/autoware/autoware.ai/1.12.0_cuda/install/state_machine_lib/share:/home/muyangren907/autoware/autoware.ai/1.12.0_cuda/install/amathutils_lib/share:/home/muyangren907/autoware/autoware.ai/1.12.0_cuda/install/vector_map_msgs/share:/home/muyangren907/autoware/autoware.ai/1.12.0_cuda/install/autoware_msgs/share:/home/muyangren907/autoware/autoware.ai/1.12.0_cuda/install/autoware_config_msgs/share:/home/muyangren907/autoware/autoware.ai/1.12.0_cuda/install/autoware_build_flags/share:${ROS_PACKAGE_PATH} /usr/local/bin/cmake --build /home/muyangren907/autoware/autoware.ai/1.12.0_cuda/build/decision_maker --target tests -- -j40 -l40
[35m[1mScanning dependencies of target gtest[0m
[  0%] Built target people_msgs_generate_messages_py
[  0%] Built target std_srvs_generate_messages_eus
[  0%] Built target std_srvs_generate_messages_nodejs
[  0%] Built target nodelet_generate_messages_nodejs
[  0%] Built target std_srvs_generate_messages_lisp
[  0%] Built target jsk_recognition_utils_gencfg
[  0%] Built target bond_generate_messages_lisp
[  0%] Built target nodelet_generate_messages_lisp
[  0%] Built target nodelet_topic_tools_gencfg
[  0%] Built target jsk_hark_msgs_generate_messages_lisp
[  0%] Built target bond_generate_messages_eus
[  0%] Built target bond_generate_messages_cpp
[  0%] Built target nodelet_generate_messages_py
[  0%] Built target nodelet_generate_messages_cpp
[  6%] [32mBuilding CXX object gtest/googlemock/gtest/CMakeFiles/gtest.dir/src/gtest-all.cc.o[0m
[  6%] Built target tf2_msgs_generate_messages_py
[  6%] Built target topic_tools_generate_messages_eus
[  6%] Built target topic_tools_generate_messages_lisp
[  6%] Built target vector_map_msgs_generate_messages_cpp
[  6%] Built target actionlib_msgs_generate_messages_nodejs
[  6%] Built target dynamic_reconfigure_generate_messages_nodejs
[  6%] Built target people_msgs_generate_messages_eus
[  6%] Built target topic_tools_generate_messages_py
[  6%] Built target visualization_msgs_generate_messages_nodejs
[  6%] Built target pcl_msgs_generate_messages_nodejs
[  6%] Built target jsk_footstep_msgs_generate_messages_nodejs
[  6%] Built target pcl_msgs_generate_messages_eus
[  6%] Built target jsk_footstep_msgs_generate_messages_cpp
[  6%] Built target jsk_footstep_msgs_generate_messages_eus
[  6%] Built target autoware_msgs_generate_messages_lisp
[  6%] Built target pcl_msgs_generate_messages_cpp
[  6%] Built target people_msgs_generate_messages_lisp
[  6%] Built target std_msgs_generate_messages_nodejs
[  6%] Built target jsk_rviz_plugins_generate_messages_eus
[  6%] Built target std_srvs_generate_messages_cpp
[  6%] Built target jsk_recognition_msgs_generate_messages_py
[  6%] Built target autoware_msgs_generate_messages_nodejs
[  6%] Built target nav_msgs_generate_messages_py
[  6%] Built target actionlib_msgs_generate_messages_py
[  6%] Built target rosgraph_msgs_generate_messages_cpp
[  6%] Built target jsk_recognition_msgs_generate_messages_lisp
[  6%] Built target geometry_msgs_generate_messages_py
[  6%] Built target pcl_msgs_generate_messages_lisp
[  6%] Built target std_msgs_generate_messages_lisp
[  6%] Built target autoware_msgs_generate_messages_eus
[  6%] Built target geometry_msgs_generate_messages_nodejs
[  6%] Built target bond_generate_messages_py
[  6%] Built target geometry_msgs_generate_messages_cpp
[  6%] Built target geometry_msgs_generate_messages_lisp
[  6%] Built target jsk_recognition_msgs_generate_messages_cpp
[  6%] Built target std_msgs_generate_messages_cpp
[  6%] Built target jsk_hark_msgs_generate_messages_eus
[  6%] Built target geometry_msgs_generate_messages_eus
[  6%] Built target jsk_footstep_msgs_generate_messages_lisp
[  6%] Built target sensor_msgs_generate_messages_cpp
[  6%] Built target sensor_msgs_generate_messages_nodejs
[  6%] Built target std_msgs_generate_messages_py
[  6%] Built target autoware_config_msgs_generate_messages_lisp
[  6%] Built target jsk_rviz_plugins_generate_messages_cpp
[  6%] Built target rosgraph_msgs_generate_messages_eus
[  6%] Built target autoware_config_msgs_generate_messages_py
[  6%] Built target jsk_rviz_plugins_generate_messages_lisp
[  6%] Built target autoware_config_msgs_generate_messages_eus
[  6%] Built target vector_map_msgs_generate_messages_eus
[  6%] Built target tf_generate_messages_cpp
[  6%] Built target roscpp_generate_messages_cpp
[  6%] Built target roscpp_generate_messages_eus
[  6%] Built target people_msgs_generate_messages_nodejs
[  6%] Built target vector_map_msgs_generate_messages_py
[  6%] Built target sensor_msgs_generate_messages_py
[  6%] Built target roscpp_generate_messages_nodejs
[  6%] Built target std_srvs_generate_messages_py
[  6%] Built target roscpp_generate_messages_lisp
[  6%] Built target jsk_recognition_msgs_generate_messages_eus
[  6%] Built target roscpp_generate_messages_py
[  6%] Built target tf_generate_messages_nodejs
[  6%] Built target rosgraph_msgs_generate_messages_lisp
[  6%] Built target jsk_hark_msgs_generate_messages_nodejs
[  6%] Built target rosgraph_msgs_generate_messages_nodejs
[  6%] Built target actionlib_generate_messages_cpp
[  6%] Built target tf_generate_messages_lisp
[  6%] Built target rosgraph_msgs_generate_messages_py
[  6%] Built target jsk_hark_msgs_generate_messages_py
[  6%] Built target tf_generate_messages_eus
[  6%] Built target std_msgs_generate_messages_eus
[  6%] Built target autoware_msgs_generate_messages_cpp
[  6%] Built target nav_msgs_generate_messages_eus
[  6%] Built target tf2_msgs_generate_messages_eus
[  6%] Built target actionlib_generate_messages_eus
[  6%] Built target tf2_msgs_generate_messages_lisp
[  6%] Built target pcl_ros_gencfg
[  6%] Built target tf_generate_messages_py
[  6%] Built target nav_msgs_generate_messages_cpp
[  6%] Built target autoware_config_msgs_generate_messages_nodejs
[  6%] Built target tf2_msgs_generate_messages_cpp
[  6%] Built target visualization_msgs_generate_messages_py
[  6%] Built target people_msgs_generate_messages_cpp
[  6%] Built target tf2_msgs_generate_messages_nodejs
[  6%] Built target actionlib_generate_messages_py
[  6%] Built target dynamic_reconfigure_generate_messages_cpp
[  6%] Built target dynamic_reconfigure_generate_messages_py
[  6%] Built target bond_generate_messages_nodejs
[  6%] Built target autoware_config_msgs_generate_messages_cpp
[  6%] Built target visualization_msgs_generate_messages_eus
[  6%] Built target vector_map_msgs_generate_messages_nodejs
[  6%] Built target pcl_msgs_generate_messages_py
[  6%] Built target dynamic_reconfigure_generate_messages_lisp
[  6%] Built target dynamic_reconfigure_gencfg
[  6%] Built target jsk_hark_msgs_generate_messages_cpp
[  6%] Built target visualization_msgs_generate_messages_lisp
[  6%] Built target dynamic_reconfigure_generate_messages_eus
[  6%] Built target map_msgs_generate_messages_cpp
[  6%] Built target map_msgs_generate_messages_eus
[  6%] Built target jsk_recognition_msgs_generate_messages_nodejs
[  6%] Built target jsk_rviz_plugins_gencfg
[  6%] Built target visualization_msgs_generate_messages_cpp
[  6%] Built target map_msgs_generate_messages_lisp
[  6%] Built target map_msgs_generate_messages_nodejs
[  6%] Built target sensor_msgs_generate_messages_eus
[  6%] Built target nav_msgs_generate_messages_nodejs
[  6%] Built target actionlib_generate_messages_nodejs
[  6%] Built target actionlib_msgs_generate_messages_eus
[  6%] Built target map_msgs_generate_messages_py
[  6%] Built target actionlib_generate_messages_lisp
[  6%] Built target jsk_footstep_msgs_generate_messages_py
[  6%] Built target actionlib_msgs_generate_messages_cpp
[  6%] Built target autoware_msgs_generate_messages_py
[  6%] Built target nav_msgs_generate_messages_lisp
[  6%] Built target vector_map_msgs_generate_messages_lisp
[  6%] Built target sensor_msgs_generate_messages_lisp
[  6%] Built target actionlib_msgs_generate_messages_lisp
[  6%] Built target jsk_rviz_plugins_generate_messages_nodejs
[  6%] Built target topic_tools_generate_messages_cpp
[  6%] Built target nodelet_generate_messages_eus
[  6%] Built target topic_tools_generate_messages_nodejs
[  6%] Built target jsk_rviz_plugins_generate_messages_py
[ 12%] [32m[1mLinking CXX shared library libgtest.so[0m
[ 12%] Built target gtest
[35m[1mScanning dependencies of target test-decision_maker[0m
[ 18%] [32mBuilding CXX object CMakeFiles/test-decision_maker.dir/test/src/test_main.cpp.o[0m
[ 31%] [32mBuilding CXX object CMakeFiles/test-decision_maker.dir/test/src/test_node_state_drive.cpp.o[0m
[ 31%] [32mBuilding CXX object CMakeFiles/test-decision_maker.dir/test/src/test_node_decision.cpp.o[0m
[ 37%] [32mBuilding CXX object CMakeFiles/test-decision_maker.dir/nodes/decision_maker/decision_maker_node_decision.cpp.o[0m
[ 43%] [32mBuilding CXX object CMakeFiles/test-decision_maker.dir/nodes/decision_maker/decision_maker_node_core.cpp.o[0m
[ 50%] [32mBuilding CXX object CMakeFiles/test-decision_maker.dir/nodes/decision_maker/decision_maker_node_init.cpp.o[0m
[ 56%] [32mBuilding CXX object CMakeFiles/test-decision_maker.dir/nodes/decision_maker/decision_maker_node_callback.cpp.o[0m
[ 62%] [32mBuilding CXX object CMakeFiles/test-decision_maker.dir/nodes/decision_maker/decision_maker_node_state_behavior.cpp.o[0m
[ 68%] [32mBuilding CXX object CMakeFiles/test-decision_maker.dir/nodes/decision_maker/decision_maker_node_state_vehicle.cpp.o[0m
[ 81%] [32mBuilding CXX object CMakeFiles/test-decision_maker.dir/nodes/decision_maker/decision_maker_node_state_mission.cpp.o[0m
[ 81%] [32mBuilding CXX object CMakeFiles/test-decision_maker.dir/nodes/decision_maker/decision_maker_node_state_motion.cpp.o[0m
[ 87%] [32mBuilding CXX object CMakeFiles/test-decision_maker.dir/nodes/decision_maker/decision_maker_node_publish.cpp.o[0m
[ 93%] [32mBuilding CXX object CMakeFiles/test-decision_maker.dir/nodes/decision_maker/cross_road_area.cpp.o[0m
[01m[K/home/muyangren907/autoware/autoware.ai/1.12.0_cuda/src/autoware/core_planning/decision_maker/nodes/decision_maker/decision_maker_node_state_vehicle.cpp:[m[K In member function ‘[01m[Kvoid decision_maker::DecisionMakerNode::updateSensorInitState(decision_maker::cstring_t&, int)[m[K’:
[01m[K/home/muyangren907/autoware/autoware.ai/1.12.0_cuda/src/autoware/core_planning/decision_maker/nodes/decision_maker/decision_maker_node_state_vehicle.cpp:34:16:[m[K [01;35m[Kwarning: [m[Kunused variable ‘[01m[Ktimeout[m[K’ [[01;35m[K-Wunused-variable[m[K]
   const double [01;35m[Ktimeout[m[K = 1;
                [01;35m[K^~~~~~~[m[K
[01m[K/home/muyangren907/autoware/autoware.ai/1.12.0_cuda/src/autoware/core_planning/decision_maker/test/src/test_node_state_drive.cpp:[m[K In member function ‘[01m[Kvirtual void decision_maker::TestSuite::SetUp()[m[K’:
[01m[K/home/muyangren907/autoware/autoware.ai/1.12.0_cuda/src/autoware/core_planning/decision_maker/test/src/test_node_state_drive.cpp:38:53:[m[K [01;35m[Kwarning: [m[K‘[01m[Kargc[m[K’ is used uninitialized in this function [[01;35m[K-Wuninitialized[m[K]
     test_obj_.dmn = new DecisionMakerNode(argc, argv[01;35m[K)[m[K;
                                                     [01;35m[K^[m[K
[01m[K/home/muyangren907/autoware/autoware.ai/1.12.0_cuda/src/autoware/core_planning/decision_maker/test/src/test_node_state_drive.cpp:38:53:[m[K [01;35m[Kwarning: [m[K‘[01m[Kargv[m[K’ is used uninitialized in this function [[01;35m[K-Wuninitialized[m[K]
[01m[K/home/muyangren907/autoware/autoware.ai/1.12.0_cuda/src/autoware/core_planning/decision_maker/test/src/test_node_decision.cpp:[m[K In member function ‘[01m[Kvirtual void decision_maker::TestSuite::SetUp()[m[K’:
[01m[K/home/muyangren907/autoware/autoware.ai/1.12.0_cuda/src/autoware/core_planning/decision_maker/test/src/test_node_decision.cpp:38:53:[m[K [01;35m[Kwarning: [m[K‘[01m[Kargc[m[K’ is used uninitialized in this function [[01;35m[K-Wuninitialized[m[K]
     test_obj_.dmn = new DecisionMakerNode(argc, argv[01;35m[K)[m[K;
                                                     [01;35m[K^[m[K
[01m[K/home/muyangren907/autoware/autoware.ai/1.12.0_cuda/src/autoware/core_planning/decision_maker/test/src/test_node_decision.cpp:38:53:[m[K [01;35m[Kwarning: [m[K‘[01m[Kargv[m[K’ is used uninitialized in this function [[01;35m[K-Wuninitialized[m[K]
[01m[K/home/muyangren907/autoware/autoware.ai/1.12.0_cuda/src/autoware/core_planning/decision_maker/nodes/decision_maker/decision_maker_node_state_motion.cpp:[m[K In member function ‘[01m[Kvoid decision_maker::DecisionMakerNode::updateStoplineState(decision_maker::cstring_t&, int)[m[K’:
[01m[K/home/muyangren907/autoware/autoware.ai/1.12.0_cuda/src/autoware/core_planning/decision_maker/nodes/decision_maker/decision_maker_node_state_motion.cpp:208:37:[m[K [01;35m[Kwarning: [m[Knonnull argument ‘[01m[Kthis[m[K’ compared to NULL [[01;35m[K-Wnonnull-compare[m[K]
     stopping_timer = [01;35m[Knh_.createTimer(ros::Duration(0.5),[m[K
                      [01;35m[K~~~~~~~~~~~~~~~^~~~~~~~~~~~~~~~~~~~[m[K
 [01;35m[K                                     [&](const ros::TimerEvent&) {[m[K
                                      [01;35m[K~~~~~~~~~~~~~~~~~~~~~~~~~~~~~[m[K
 [01;35m[K                                       timerflag = false;[m[K
                                        [01;35m[K~~~~~~~~~~~~~~~~~~[m[K
 [01;35m[K                                       current_status_.prev_stopped_wpidx = current_status_.found_stopsign_idx;[m[K
                                        [01;35m[K~~~~~~~~~~~~~~~~~~~~~~~~~~~~~~~~~~~~~~~~~~~~~~~~~~~~~~~~~~~~~~~~~~~~~~~~[m[K
 [01;35m[K                                       current_status_.found_stopsign_idx = -1;[m[K
                                        [01;35m[K~~~~~~~~~~~~~~~~~~~~~~~~~~~~~~~~~~~~~~~~[m[K
 [01;35m[K                                       if (current_status_.ordered_stop_idx != -1)[m[K
                                        [01;35m[K~~~~~~~~~~~~~~~~~~~~~~~~~~~~~~~~~~~~~~~~~~~[m[K
 [01;35m[K                                        tryNextState("received_stop_order");[m[K
                                         [01;35m[K~~~~~~~~~~~~~~~~~~~~~~~~~~~~~~~~~~~~[m[K
 [01;35m[K                                      else[m[K
                                       [01;35m[K~~~~[m[K
 [01;35m[K                                        tryNextState("clear");[m[K
                                         [01;35m[K~~~~~~~~~~~~~~~~~~~~~~[m[K
 [01;35m[K                                       /*if found risk,[m[K
                                        [01;35m[K~~~~~~~~~~~~~~~~[m[K
 [01;35m[K                                        * tryNextState("wait");*/[m[K
                                         [01;35m[K~~~~~~~~~~~~~~~~~~~~~~~~~[m[K
 [01;35m[K                                     },[m[K
                                      [01;35m[K~~[m[K
 [01;35m[K                                     this, true)[m[K;
                                      [01;35m[K~~~~~~~~~~~[m[K
[100%] [32m[1mLinking CXX executable devel/lib/decision_maker/test-decision_maker[0m
[100%] Built target test-decision_maker
[35m[1mScanning dependencies of target tests[0m
[100%] Built target tests
Invoked command in '/home/muyangren907/autoware/autoware.ai/1.12.0_cuda/build/decision_maker' returned '0': CMAKE_PREFIX_PATH=/home/muyangren907/autoware/autoware.ai/1.12.0_cuda/install/vector_map:/home/muyangren907/autoware/autoware.ai/1.12.0_cuda/install/state_machine_lib:/home/muyangren907/autoware/autoware.ai/1.12.0_cuda/install/amathutils_lib:/home/muyangren907/autoware/autoware.ai/1.12.0_cuda/install/vector_map_msgs:/home/muyangren907/autoware/autoware.ai/1.12.0_cuda/install/autoware_msgs:/home/muyangren907/autoware/autoware.ai/1.12.0_cuda/install/autoware_config_msgs:/home/muyangren907/autoware/autoware.ai/1.12.0_cuda/install/autoware_build_flags:${CMAKE_PREFIX_PATH} LD_LIBRARY_PATH=/home/muyangren907/autoware/autoware.ai/1.12.0_cuda/install/vector_map/lib:/home/muyangren907/autoware/autoware.ai/1.12.0_cuda/install/state_machine_lib/lib:/home/muyangren907/autoware/autoware.ai/1.12.0_cuda/install/amathutils_lib/lib:${LD_LIBRARY_PATH} PKG_CONFIG_PATH=/home/muyangren907/autoware/autoware.ai/1.12.0_cuda/install/vector_map/lib/x86_64-linux-gnu/pkgconfig:/home/muyangren907/autoware/autoware.ai/1.12.0_cuda/install/vector_map/lib/pkgconfig:/home/muyangren907/autoware/autoware.ai/1.12.0_cuda/install/state_machine_lib/lib/x86_64-linux-gnu/pkgconfig:/home/muyangren907/autoware/autoware.ai/1.12.0_cuda/install/state_machine_lib/lib/pkgconfig:/home/muyangren907/autoware/autoware.ai/1.12.0_cuda/install/amathutils_lib/lib/x86_64-linux-gnu/pkgconfig:/home/muyangren907/autoware/autoware.ai/1.12.0_cuda/install/amathutils_lib/lib/pkgconfig:/home/muyangren907/autoware/autoware.ai/1.12.0_cuda/install/vector_map_msgs/lib/x86_64-linux-gnu/pkgconfig:/home/muyangren907/autoware/autoware.ai/1.12.0_cuda/install/vector_map_msgs/lib/pkgconfig:/home/muyangren907/autoware/autoware.ai/1.12.0_cuda/install/autoware_msgs/lib/x86_64-linux-gnu/pkgconfig:/home/muyangren907/autoware/autoware.ai/1.12.0_cuda/install/autoware_msgs/lib/pkgconfig:/home/muyangren907/autoware/autoware.ai/1.12.0_cuda/install/autoware_config_msgs/lib/x86_64-linux-gnu/pkgconfig:/home/muyangren907/autoware/autoware.ai/1.12.0_cuda/install/autoware_config_msgs/lib/pkgconfig:/home/muyangren907/autoware/autoware.ai/1.12.0_cuda/install/autoware_build_flags/lib/x86_64-linux-gnu/pkgconfig:/home/muyangren907/autoware/autoware.ai/1.12.0_cuda/install/autoware_build_flags/lib/pkgconfig:${PKG_CONFIG_PATH} PYTHONPATH=/home/muyangren907/autoware/autoware.ai/1.12.0_cuda/install/vector_map_msgs/lib/python2.7/dist-packages:/home/muyangren907/autoware/autoware.ai/1.12.0_cuda/install/autoware_msgs/lib/python2.7/dist-packages:/home/muyangren907/autoware/autoware.ai/1.12.0_cuda/install/autoware_config_msgs/lib/python2.7/dist-packages:${PYTHONPATH} ROS_PACKAGE_PATH=/home/muyangren907/autoware/autoware.ai/1.12.0_cuda/install/vector_map/share:/home/muyangren907/autoware/autoware.ai/1.12.0_cuda/install/state_machine_lib/share:/home/muyangren907/autoware/autoware.ai/1.12.0_cuda/install/amathutils_lib/share:/home/muyangren907/autoware/autoware.ai/1.12.0_cuda/install/vector_map_msgs/share:/home/muyangren907/autoware/autoware.ai/1.12.0_cuda/install/autoware_msgs/share:/home/muyangren907/autoware/autoware.ai/1.12.0_cuda/install/autoware_config_msgs/share:/home/muyangren907/autoware/autoware.ai/1.12.0_cuda/install/autoware_build_flags/share:${ROS_PACKAGE_PATH} /usr/local/bin/cmake --build /home/muyangren907/autoware/autoware.ai/1.12.0_cuda/build/decision_maker --target tests -- -j40 -l40
Invoking command in '/home/muyangren907/autoware/autoware.ai/1.12.0_cuda/build/decision_maker': CMAKE_PREFIX_PATH=/home/muyangren907/autoware/autoware.ai/1.12.0_cuda/install/vector_map:/home/muyangren907/autoware/autoware.ai/1.12.0_cuda/install/state_machine_lib:/home/muyangren907/autoware/autoware.ai/1.12.0_cuda/install/amathutils_lib:/home/muyangren907/autoware/autoware.ai/1.12.0_cuda/install/vector_map_msgs:/home/muyangren907/autoware/autoware.ai/1.12.0_cuda/install/autoware_msgs:/home/muyangren907/autoware/autoware.ai/1.12.0_cuda/install/autoware_config_msgs:/home/muyangren907/autoware/autoware.ai/1.12.0_cuda/install/autoware_build_flags:${CMAKE_PREFIX_PATH} LD_LIBRARY_PATH=/home/muyangren907/autoware/autoware.ai/1.12.0_cuda/install/vector_map/lib:/home/muyangren907/autoware/autoware.ai/1.12.0_cuda/install/state_machine_lib/lib:/home/muyangren907/autoware/autoware.ai/1.12.0_cuda/install/amathutils_lib/lib:${LD_LIBRARY_PATH} PKG_CONFIG_PATH=/home/muyangren907/autoware/autoware.ai/1.12.0_cuda/install/vector_map/lib/x86_64-linux-gnu/pkgconfig:/home/muyangren907/autoware/autoware.ai/1.12.0_cuda/install/vector_map/lib/pkgconfig:/home/muyangren907/autoware/autoware.ai/1.12.0_cuda/install/state_machine_lib/lib/x86_64-linux-gnu/pkgconfig:/home/muyangren907/autoware/autoware.ai/1.12.0_cuda/install/state_machine_lib/lib/pkgconfig:/home/muyangren907/autoware/autoware.ai/1.12.0_cuda/install/amathutils_lib/lib/x86_64-linux-gnu/pkgconfig:/home/muyangren907/autoware/autoware.ai/1.12.0_cuda/install/amathutils_lib/lib/pkgconfig:/home/muyangren907/autoware/autoware.ai/1.12.0_cuda/install/vector_map_msgs/lib/x86_64-linux-gnu/pkgconfig:/home/muyangren907/autoware/autoware.ai/1.12.0_cuda/install/vector_map_msgs/lib/pkgconfig:/home/muyangren907/autoware/autoware.ai/1.12.0_cuda/install/autoware_msgs/lib/x86_64-linux-gnu/pkgconfig:/home/muyangren907/autoware/autoware.ai/1.12.0_cuda/install/autoware_msgs/lib/pkgconfig:/home/muyangren907/autoware/autoware.ai/1.12.0_cuda/install/autoware_config_msgs/lib/x86_64-linux-gnu/pkgconfig:/home/muyangren907/autoware/autoware.ai/1.12.0_cuda/install/autoware_config_msgs/lib/pkgconfig:/home/muyangren907/autoware/autoware.ai/1.12.0_cuda/install/autoware_build_flags/lib/x86_64-linux-gnu/pkgconfig:/home/muyangren907/autoware/autoware.ai/1.12.0_cuda/install/autoware_build_flags/lib/pkgconfig:${PKG_CONFIG_PATH} PYTHONPATH=/home/muyangren907/autoware/autoware.ai/1.12.0_cuda/install/vector_map_msgs/lib/python2.7/dist-packages:/home/muyangren907/autoware/autoware.ai/1.12.0_cuda/install/autoware_msgs/lib/python2.7/dist-packages:/home/muyangren907/autoware/autoware.ai/1.12.0_cuda/install/autoware_config_msgs/lib/python2.7/dist-packages:${PYTHONPATH} ROS_PACKAGE_PATH=/home/muyangren907/autoware/autoware.ai/1.12.0_cuda/install/vector_map/share:/home/muyangren907/autoware/autoware.ai/1.12.0_cuda/install/state_machine_lib/share:/home/muyangren907/autoware/autoware.ai/1.12.0_cuda/install/amathutils_lib/share:/home/muyangren907/autoware/autoware.ai/1.12.0_cuda/install/vector_map_msgs/share:/home/muyangren907/autoware/autoware.ai/1.12.0_cuda/install/autoware_msgs/share:/home/muyangren907/autoware/autoware.ai/1.12.0_cuda/install/autoware_config_msgs/share:/home/muyangren907/autoware/autoware.ai/1.12.0_cuda/install/autoware_build_flags/share:${ROS_PACKAGE_PATH} /usr/local/bin/cmake --build /home/muyangren907/autoware/autoware.ai/1.12.0_cuda/build/decision_maker --target install -- -j40 -l40
[  0%] Built target bond_generate_messages_eus
[  0%] Built target nodelet_topic_tools_gencfg
[  0%] Built target bond_generate_messages_cpp
[  0%] Built target people_msgs_generate_messages_py
[  0%] Built target std_srvs_generate_messages_nodejs
[  0%] Built target bond_generate_messages_lisp
[  0%] Built target jsk_rviz_plugins_gencfg
[  0%] Built target nodelet_generate_messages_nodejs
[  0%] Built target jsk_recognition_utils_gencfg
[  0%] Built target std_srvs_generate_messages_eus
[  0%] Built target nodelet_generate_messages_py
[  0%] Built target nodelet_generate_messages_cpp
[  0%] Built target nodelet_generate_messages_lisp
[  0%] Built target std_srvs_generate_messages_lisp
[  0%] Built target tf2_msgs_generate_messages_py
[  0%] Built target pcl_msgs_generate_messages_nodejs
[  0%] Built target topic_tools_generate_messages_lisp
[  0%] Built target topic_tools_generate_messages_py
[  0%] Built target visualization_msgs_generate_messages_nodejs
[  0%] Built target people_msgs_generate_messages_lisp
[  0%] Built target people_msgs_generate_messages_eus
[  0%] Built target jsk_footstep_msgs_generate_messages_nodejs
[  0%] Built target actionlib_msgs_generate_messages_nodejs
[  0%] Built target pcl_msgs_generate_messages_eus
[  0%] Built target autoware_msgs_generate_messages_lisp
[  0%] Built target vector_map_msgs_generate_messages_cpp
[  0%] Built target topic_tools_generate_messages_eus
[  0%] Built target dynamic_reconfigure_generate_messages_nodejs
[  0%] Built target jsk_footstep_msgs_generate_messages_cpp
[  0%] Built target pcl_msgs_generate_messages_cpp
[  0%] Built target rosgraph_msgs_generate_messages_cpp
[  0%] Built target autoware_msgs_generate_messages_nodejs
[  0%] Built target geometry_msgs_generate_messages_lisp
[  0%] Built target nav_msgs_generate_messages_py
[  0%] Built target jsk_rviz_plugins_generate_messages_eus
[  0%] Built target std_srvs_generate_messages_cpp
[  0%] Built target geometry_msgs_generate_messages_py
[  0%] Built target pcl_msgs_generate_messages_lisp
[  0%] Built target actionlib_msgs_generate_messages_py
[  0%] Built target std_msgs_generate_messages_nodejs
[  0%] Built target jsk_recognition_msgs_generate_messages_py
[  0%] Built target jsk_recognition_msgs_generate_messages_lisp
[  0%] Built target autoware_msgs_generate_messages_eus
[  0%] Built target bond_generate_messages_py
[  0%] Built target jsk_recognition_msgs_generate_messages_cpp
[  0%] Built target std_msgs_generate_messages_lisp
[  0%] Built target geometry_msgs_generate_messages_eus
[  0%] Built target sensor_msgs_generate_messages_cpp
[  0%] Built target std_msgs_generate_messages_cpp
[  0%] Built target geometry_msgs_generate_messages_nodejs
[  0%] Built target jsk_hark_msgs_generate_messages_eus
[  0%] Built target geometry_msgs_generate_messages_cpp
[  0%] Built target jsk_footstep_msgs_generate_messages_lisp
[  0%] Built target sensor_msgs_generate_messages_nodejs
[  0%] Built target autoware_msgs_generate_messages_cpp
[  0%] Built target autoware_config_msgs_generate_messages_lisp
[  0%] Built target std_msgs_generate_messages_py
[  0%] Built target rosgraph_msgs_generate_messages_eus
[  0%] Built target jsk_rviz_plugins_generate_messages_cpp
[  0%] Built target autoware_config_msgs_generate_messages_eus
[  0%] Built target people_msgs_generate_messages_nodejs
[  0%] Built target autoware_config_msgs_generate_messages_py
[  0%] Built target jsk_rviz_plugins_generate_messages_lisp
[  0%] Built target vector_map_msgs_generate_messages_py
[  0%] Built target roscpp_generate_messages_cpp
[  0%] Built target vector_map_msgs_generate_messages_eus
[  0%] Built target tf_generate_messages_cpp
[  0%] Built target roscpp_generate_messages_lisp
[  0%] Built target jsk_footstep_msgs_generate_messages_eus
[  0%] Built target sensor_msgs_generate_messages_py
[  0%] Built target jsk_recognition_msgs_generate_messages_eus
[  0%] Built target roscpp_generate_messages_nodejs
[  0%] Built target roscpp_generate_messages_py
[  0%] Built target tf_generate_messages_nodejs
[  0%] Built target std_srvs_generate_messages_py
[  0%] Built target rosgraph_msgs_generate_messages_nodejs
[  0%] Built target roscpp_generate_messages_eus
[  0%] Built target rosgraph_msgs_generate_messages_lisp
[  0%] Built target jsk_hark_msgs_generate_messages_py
[  0%] Built target tf_generate_messages_eus
[  0%] Built target rosgraph_msgs_generate_messages_py
[  0%] Built target actionlib_generate_messages_cpp
[  0%] Built target tf2_msgs_generate_messages_cpp
[  0%] Built target actionlib_generate_messages_eus
[  0%] Built target std_msgs_generate_messages_eus
[  0%] Built target tf_generate_messages_py
[  0%] Built target tf_generate_messages_lisp
[  0%] Built target people_msgs_generate_messages_cpp
[  0%] Built target nav_msgs_generate_messages_eus
[  0%] Built target map_msgs_generate_messages_eus
[  0%] Built target tf2_msgs_generate_messages_eus
[  0%] Built target pcl_ros_gencfg
[  0%] Built target actionlib_generate_messages_nodejs
[  0%] Built target map_msgs_generate_messages_nodejs
[  0%] Built target map_msgs_generate_messages_py
[  0%] Built target jsk_hark_msgs_generate_messages_nodejs
[  0%] Built target map_msgs_generate_messages_cpp
[  0%] Built target map_msgs_generate_messages_lisp
[  0%] Built target nav_msgs_generate_messages_nodejs
[  0%] Built target sensor_msgs_generate_messages_eus
[  0%] Built target tf2_msgs_generate_messages_lisp
[  0%] Built target tf2_msgs_generate_messages_nodejs
[  0%] Built target nav_msgs_generate_messages_lisp
[  0%] Built target autoware_config_msgs_generate_messages_nodejs
[  0%] Built target visualization_msgs_generate_messages_cpp
[  0%] Built target visualization_msgs_generate_messages_lisp
[  0%] Built target visualization_msgs_generate_messages_py
[  0%] Built target bond_generate_messages_nodejs
[  0%] Built target actionlib_generate_messages_py
[  0%] Built target dynamic_reconfigure_generate_messages_cpp
[  0%] Built target actionlib_msgs_generate_messages_cpp
[  0%] Built target vector_map_msgs_generate_messages_nodejs
[  0%] Built target dynamic_reconfigure_gencfg
[  0%] Built target visualization_msgs_generate_messages_eus
[  0%] Built target nav_msgs_generate_messages_cpp
[  0%] Built target pcl_msgs_generate_messages_py
[  0%] Built target jsk_recognition_msgs_generate_messages_nodejs
[  0%] Built target dynamic_reconfigure_generate_messages_py
[  0%] Built target dynamic_reconfigure_generate_messages_eus
[  0%] Built target jsk_hark_msgs_generate_messages_cpp
[  0%] Built target jsk_footstep_msgs_generate_messages_py
[  0%] Built target vector_map_msgs_generate_messages_lisp
[  0%] Built target autoware_config_msgs_generate_messages_cpp
[  0%] Built target actionlib_generate_messages_lisp
[  0%] Built target actionlib_msgs_generate_messages_eus
[  0%] Built target dynamic_reconfigure_generate_messages_lisp
[  0%] Built target actionlib_msgs_generate_messages_lisp
[  0%] Built target autoware_msgs_generate_messages_py
[  0%] Built target sensor_msgs_generate_messages_lisp
[  0%] Built target jsk_rviz_plugins_generate_messages_py
[  0%] Built target topic_tools_generate_messages_cpp
[  0%] Built target jsk_rviz_plugins_generate_messages_nodejs
[  0%] Built target jsk_hark_msgs_generate_messages_lisp
[  0%] Built target topic_tools_generate_messages_nodejs
[  0%] Built target nodelet_generate_messages_eus
[100%] Built target decision_maker_node
[36mInstall the project...[0m
-- Install configuration: "Release"
-- Installing: /home/muyangren907/autoware/autoware.ai/1.12.0_cuda/install/decision_maker/lib/pkgconfig/decision_maker.pc
-- Installing: /home/muyangren907/autoware/autoware.ai/1.12.0_cuda/install/decision_maker/share/decision_maker/cmake/decision_makerConfig.cmake
-- Installing: /home/muyangren907/autoware/autoware.ai/1.12.0_cuda/install/decision_maker/share/decision_maker/cmake/decision_makerConfig-version.cmake
-- Installing: /home/muyangren907/autoware/autoware.ai/1.12.0_cuda/install/decision_maker/share/decision_maker/package.xml
-- Installing: /home/muyangren907/autoware/autoware.ai/1.12.0_cuda/install/decision_maker/lib/decision_maker/decision_maker_node
-- Set runtime path of "/home/muyangren907/autoware/autoware.ai/1.12.0_cuda/install/decision_maker/lib/decision_maker/decision_maker_node" to ""
-- Installing: /home/muyangren907/autoware/autoware.ai/1.12.0_cuda/install/decision_maker/include/decision_maker
-- Installing: /home/muyangren907/autoware/autoware.ai/1.12.0_cuda/install/decision_maker/include/decision_maker/decision_maker_node.hpp
-- Installing: /home/muyangren907/autoware/autoware.ai/1.12.0_cuda/install/decision_maker/include/decision_maker/cross_road_area.hpp
-- Installing: /home/muyangren907/autoware/autoware.ai/1.12.0_cuda/install/decision_maker/include/decision_maker/decision_maker_param.hpp
-- Installing: /home/muyangren907/autoware/autoware.ai/1.12.0_cuda/install/decision_maker/share/decision_maker/launch
-- Installing: /home/muyangren907/autoware/autoware.ai/1.12.0_cuda/install/decision_maker/share/decision_maker/launch/decision_maker.launch
-- Installing: /home/muyangren907/autoware/autoware.ai/1.12.0_cuda/install/decision_maker/share/decision_maker/autoware_state_behavior.yaml
-- Installing: /home/muyangren907/autoware/autoware.ai/1.12.0_cuda/install/decision_maker/share/decision_maker/autoware_state_motion.yaml
-- Installing: /home/muyangren907/autoware/autoware.ai/1.12.0_cuda/install/decision_maker/share/decision_maker/autoware_state_mission.yaml
-- Installing: /home/muyangren907/autoware/autoware.ai/1.12.0_cuda/install/decision_maker/share/decision_maker/autoware_state_vehicle.yaml
Invoked command in '/home/muyangren907/autoware/autoware.ai/1.12.0_cuda/build/decision_maker' returned '0': CMAKE_PREFIX_PATH=/home/muyangren907/autoware/autoware.ai/1.12.0_cuda/install/vector_map:/home/muyangren907/autoware/autoware.ai/1.12.0_cuda/install/state_machine_lib:/home/muyangren907/autoware/autoware.ai/1.12.0_cuda/install/amathutils_lib:/home/muyangren907/autoware/autoware.ai/1.12.0_cuda/install/vector_map_msgs:/home/muyangren907/autoware/autoware.ai/1.12.0_cuda/install/autoware_msgs:/home/muyangren907/autoware/autoware.ai/1.12.0_cuda/install/autoware_config_msgs:/home/muyangren907/autoware/autoware.ai/1.12.0_cuda/install/autoware_build_flags:${CMAKE_PREFIX_PATH} LD_LIBRARY_PATH=/home/muyangren907/autoware/autoware.ai/1.12.0_cuda/install/vector_map/lib:/home/muyangren907/autoware/autoware.ai/1.12.0_cuda/install/state_machine_lib/lib:/home/muyangren907/autoware/autoware.ai/1.12.0_cuda/install/amathutils_lib/lib:${LD_LIBRARY_PATH} PKG_CONFIG_PATH=/home/muyangren907/autoware/autoware.ai/1.12.0_cuda/install/vector_map/lib/x86_64-linux-gnu/pkgconfig:/home/muyangren907/autoware/autoware.ai/1.12.0_cuda/install/vector_map/lib/pkgconfig:/home/muyangren907/autoware/autoware.ai/1.12.0_cuda/install/state_machine_lib/lib/x86_64-linux-gnu/pkgconfig:/home/muyangren907/autoware/autoware.ai/1.12.0_cuda/install/state_machine_lib/lib/pkgconfig:/home/muyangren907/autoware/autoware.ai/1.12.0_cuda/install/amathutils_lib/lib/x86_64-linux-gnu/pkgconfig:/home/muyangren907/autoware/autoware.ai/1.12.0_cuda/install/amathutils_lib/lib/pkgconfig:/home/muyangren907/autoware/autoware.ai/1.12.0_cuda/install/vector_map_msgs/lib/x86_64-linux-gnu/pkgconfig:/home/muyangren907/autoware/autoware.ai/1.12.0_cuda/install/vector_map_msgs/lib/pkgconfig:/home/muyangren907/autoware/autoware.ai/1.12.0_cuda/install/autoware_msgs/lib/x86_64-linux-gnu/pkgconfig:/home/muyangren907/autoware/autoware.ai/1.12.0_cuda/install/autoware_msgs/lib/pkgconfig:/home/muyangren907/autoware/autoware.ai/1.12.0_cuda/install/autoware_config_msgs/lib/x86_64-linux-gnu/pkgconfig:/home/muyangren907/autoware/autoware.ai/1.12.0_cuda/install/autoware_config_msgs/lib/pkgconfig:/home/muyangren907/autoware/autoware.ai/1.12.0_cuda/install/autoware_build_flags/lib/x86_64-linux-gnu/pkgconfig:/home/muyangren907/autoware/autoware.ai/1.12.0_cuda/install/autoware_build_flags/lib/pkgconfig:${PKG_CONFIG_PATH} PYTHONPATH=/home/muyangren907/autoware/autoware.ai/1.12.0_cuda/install/vector_map_msgs/lib/python2.7/dist-packages:/home/muyangren907/autoware/autoware.ai/1.12.0_cuda/install/autoware_msgs/lib/python2.7/dist-packages:/home/muyangren907/autoware/autoware.ai/1.12.0_cuda/install/autoware_config_msgs/lib/python2.7/dist-packages:${PYTHONPATH} ROS_PACKAGE_PATH=/home/muyangren907/autoware/autoware.ai/1.12.0_cuda/install/vector_map/share:/home/muyangren907/autoware/autoware.ai/1.12.0_cuda/install/state_machine_lib/share:/home/muyangren907/autoware/autoware.ai/1.12.0_cuda/install/amathutils_lib/share:/home/muyangren907/autoware/autoware.ai/1.12.0_cuda/install/vector_map_msgs/share:/home/muyangren907/autoware/autoware.ai/1.12.0_cuda/install/autoware_msgs/share:/home/muyangren907/autoware/autoware.ai/1.12.0_cuda/install/autoware_config_msgs/share:/home/muyangren907/autoware/autoware.ai/1.12.0_cuda/install/autoware_build_flags/share:${ROS_PACKAGE_PATH} /usr/local/bin/cmake --build /home/muyangren907/autoware/autoware.ai/1.12.0_cuda/build/decision_maker --target install -- -j40 -l40
