Determining if the pthread_create exist failed with the following output:
Change Dir: /home/myr907/autoware.ai/build/lidar_kf_contour_track/CMakeFiles/CMakeTmp

Run Build Command:"/usr/bin/make" "cmTC_4dbfa/fast"
/usr/bin/make -f CMakeFiles/cmTC_4dbfa.dir/build.make CMakeFiles/cmTC_4dbfa.dir/build
make[1]: Entering directory '/home/myr907/autoware.ai/build/lidar_kf_contour_track/CMakeFiles/CMakeTmp'
Building C object CMakeFiles/cmTC_4dbfa.dir/CheckSymbolExists.c.o
/usr/bin/cc    -o CMakeFiles/cmTC_4dbfa.dir/CheckSymbolExists.c.o   -c /home/myr907/autoware.ai/build/lidar_kf_contour_track/CMakeFiles/CMakeTmp/CheckSymbolExists.c
Linking C executable cmTC_4dbfa
/usr/local/lib/python2.7/dist-packages/cmake/data/bin/cmake -E cmake_link_script CMakeFiles/cmTC_4dbfa.dir/link.txt --verbose=1
/usr/bin/cc      -rdynamic CMakeFiles/cmTC_4dbfa.dir/CheckSymbolExists.c.o  -o cmTC_4dbfa 
CMakeFiles/cmTC_4dbfa.dir/CheckSymbolExists.c.o: In function `main':
CheckSymbolExists.c:(.text+0x1b): undefined reference to `pthread_create'
collect2: error: ld returned 1 exit status
CMakeFiles/cmTC_4dbfa.dir/build.make:86: recipe for target 'cmTC_4dbfa' failed
make[1]: *** [cmTC_4dbfa] Error 1
make[1]: Leaving directory '/home/myr907/autoware.ai/build/lidar_kf_contour_track/CMakeFiles/CMakeTmp'
Makefile:121: recipe for target 'cmTC_4dbfa/fast' failed
make: *** [cmTC_4dbfa/fast] Error 2

File /home/myr907/autoware.ai/build/lidar_kf_contour_track/CMakeFiles/CMakeTmp/CheckSymbolExists.c:
/* */
#include <pthread.h>

int main(int argc, char** argv)
{
  (void)argv;
#ifndef pthread_create
  return ((int*)(&pthread_create))[argc];
#else
  (void)argc;
  return 0;
#endif
}

Determining if the function pthread_create exists in the pthreads failed with the following output:
Change Dir: /home/myr907/autoware.ai/build/lidar_kf_contour_track/CMakeFiles/CMakeTmp

Run Build Command:"/usr/bin/make" "cmTC_62bfc/fast"
/usr/bin/make -f CMakeFiles/cmTC_62bfc.dir/build.make CMakeFiles/cmTC_62bfc.dir/build
make[1]: Entering directory '/home/myr907/autoware.ai/build/lidar_kf_contour_track/CMakeFiles/CMakeTmp'
Building C object CMakeFiles/cmTC_62bfc.dir/CheckFunctionExists.c.o
/usr/bin/cc   -DCHECK_FUNCTION_EXISTS=pthread_create   -o CMakeFiles/cmTC_62bfc.dir/CheckFunctionExists.c.o   -c /usr/local/lib/python2.7/dist-packages/cmake/data/share/cmake-3.12/Modules/CheckFunctionExists.c
Linking C executable cmTC_62bfc
/usr/local/lib/python2.7/dist-packages/cmake/data/bin/cmake -E cmake_link_script CMakeFiles/cmTC_62bfc.dir/link.txt --verbose=1
/usr/bin/cc  -DCHECK_FUNCTION_EXISTS=pthread_create    -rdynamic CMakeFiles/cmTC_62bfc.dir/CheckFunctionExists.c.o  -o cmTC_62bfc -lpthreads 
/usr/bin/ld: cannot find -lpthreads
collect2: error: ld returned 1 exit status
CMakeFiles/cmTC_62bfc.dir/build.make:86: recipe for target 'cmTC_62bfc' failed
make[1]: *** [cmTC_62bfc] Error 1
make[1]: Leaving directory '/home/myr907/autoware.ai/build/lidar_kf_contour_track/CMakeFiles/CMakeTmp'
Makefile:121: recipe for target 'cmTC_62bfc/fast' failed
make: *** [cmTC_62bfc/fast] Error 2


