Determining if the pthread_create exist failed with the following output:
Change Dir: /home/muyangren907/autoware/autoware.ai/1.12.0_cuda/build/vector_map_msgs/CMakeFiles/CMakeTmp

Run Build Command:"/usr/bin/make" "cmTC_09a38/fast"
/usr/bin/make -f CMakeFiles/cmTC_09a38.dir/build.make CMakeFiles/cmTC_09a38.dir/build
make[1]: Entering directory '/home/muyangren907/autoware/autoware.ai/1.12.0_cuda/build/vector_map_msgs/CMakeFiles/CMakeTmp'
Building C object CMakeFiles/cmTC_09a38.dir/CheckSymbolExists.c.o
/usr/bin/cc    -o CMakeFiles/cmTC_09a38.dir/CheckSymbolExists.c.o   -c /home/muyangren907/autoware/autoware.ai/1.12.0_cuda/build/vector_map_msgs/CMakeFiles/CMakeTmp/CheckSymbolExists.c
Linking C executable cmTC_09a38
/usr/local/lib/python2.7/dist-packages/cmake/data/bin/cmake -E cmake_link_script CMakeFiles/cmTC_09a38.dir/link.txt --verbose=1
/usr/bin/cc      -rdynamic CMakeFiles/cmTC_09a38.dir/CheckSymbolExists.c.o  -o cmTC_09a38 
CMakeFiles/cmTC_09a38.dir/CheckSymbolExists.c.o: In function `main':
CheckSymbolExists.c:(.text+0x1b): undefined reference to `pthread_create'
collect2: error: ld returned 1 exit status
CMakeFiles/cmTC_09a38.dir/build.make:86: recipe for target 'cmTC_09a38' failed
make[1]: *** [cmTC_09a38] Error 1
make[1]: Leaving directory '/home/muyangren907/autoware/autoware.ai/1.12.0_cuda/build/vector_map_msgs/CMakeFiles/CMakeTmp'
Makefile:121: recipe for target 'cmTC_09a38/fast' failed
make: *** [cmTC_09a38/fast] Error 2

File /home/muyangren907/autoware/autoware.ai/1.12.0_cuda/build/vector_map_msgs/CMakeFiles/CMakeTmp/CheckSymbolExists.c:
/* */
#include <pthread.h>

int main(int argc, char** argv)
{
  (void)argv;
#ifndef pthread_create
  return ((int*)(&pthread_create))[argc];
#else
  (void)argc;
  return 0;
#endif
}

Determining if the function pthread_create exists in the pthreads failed with the following output:
Change Dir: /home/muyangren907/autoware/autoware.ai/1.12.0_cuda/build/vector_map_msgs/CMakeFiles/CMakeTmp

Run Build Command:"/usr/bin/make" "cmTC_c9e5a/fast"
/usr/bin/make -f CMakeFiles/cmTC_c9e5a.dir/build.make CMakeFiles/cmTC_c9e5a.dir/build
make[1]: Entering directory '/home/muyangren907/autoware/autoware.ai/1.12.0_cuda/build/vector_map_msgs/CMakeFiles/CMakeTmp'
Building C object CMakeFiles/cmTC_c9e5a.dir/CheckFunctionExists.c.o
/usr/bin/cc   -DCHECK_FUNCTION_EXISTS=pthread_create   -o CMakeFiles/cmTC_c9e5a.dir/CheckFunctionExists.c.o   -c /usr/local/lib/python2.7/dist-packages/cmake/data/share/cmake-3.12/Modules/CheckFunctionExists.c
Linking C executable cmTC_c9e5a
/usr/local/lib/python2.7/dist-packages/cmake/data/bin/cmake -E cmake_link_script CMakeFiles/cmTC_c9e5a.dir/link.txt --verbose=1
/usr/bin/cc  -DCHECK_FUNCTION_EXISTS=pthread_create    -rdynamic CMakeFiles/cmTC_c9e5a.dir/CheckFunctionExists.c.o  -o cmTC_c9e5a -lpthreads 
/usr/bin/ld: cannot find -lpthreads
collect2: error: ld returned 1 exit status
CMakeFiles/cmTC_c9e5a.dir/build.make:86: recipe for target 'cmTC_c9e5a' failed
make[1]: *** [cmTC_c9e5a] Error 1
make[1]: Leaving directory '/home/muyangren907/autoware/autoware.ai/1.12.0_cuda/build/vector_map_msgs/CMakeFiles/CMakeTmp'
Makefile:121: recipe for target 'cmTC_c9e5a/fast' failed
make: *** [cmTC_c9e5a/fast] Error 2


