Invoking command in '/home/muyangren907/autoware/autoware.ai/1.12.0_cuda/build/sick_ldmrs_description': /usr/local/bin/cmake /home/muyangren907/autoware/autoware.ai/1.12.0_cuda/src/drivers/awf_drivers/sick_ldmrs_description -DCMAKE_BUILD_TYPE=Release -DCATKIN_INSTALL_INTO_PREFIX_ROOT=0 -DCMAKE_INSTALL_PREFIX=/home/muyangren907/autoware/autoware.ai/1.12.0_cuda/install/sick_ldmrs_description
-- The C compiler identification is GNU 7.4.0
-- The CXX compiler identification is GNU 7.4.0
-- Check for working C compiler: /usr/bin/cc
-- Check for working C compiler: /usr/bin/cc -- works
-- Detecting C compiler ABI info
-- Detecting C compiler ABI info - done
-- Detecting C compile features
-- Detecting C compile features - done
-- Check for working CXX compiler: /usr/bin/c++
-- Check for working CXX compiler: /usr/bin/c++ -- works
-- Detecting CXX compiler ABI info
-- Detecting CXX compiler ABI info - done
-- Detecting CXX compile features
-- Detecting CXX compile features - done
-- Using CATKIN_DEVEL_PREFIX: /home/muyangren907/autoware/autoware.ai/1.12.0_cuda/build/sick_ldmrs_description/devel
-- Using CMAKE_PREFIX_PATH: /opt/ros/melodic
-- This workspace overlays: /opt/ros/melodic
-- Found PythonInterp: /usr/bin/python2 (found suitable version "2.7.15", minimum required is "2") 
-- Using PYTHON_EXECUTABLE: /usr/bin/python2
-- Using Debian Python package layout
-- Using empy: /usr/bin/empy
-- Using CATKIN_ENABLE_TESTING: ON
-- Call enable_testing()
-- Using CATKIN_TEST_RESULTS_DIR: /home/muyangren907/autoware/autoware.ai/1.12.0_cuda/build/sick_ldmrs_description/test_results
-- Found gtest sources under '/usr/src/googletest': gtests will be built
-- Found gmock sources under '/usr/src/googletest': gmock will be built
-- Found PythonInterp: /usr/bin/python2 (found version "2.7.15") 
-- Looking for pthread.h
-- Looking for pthread.h - found
-- Looking for pthread_create
-- Looking for pthread_create - not found
-- Looking for pthread_create in pthreads
-- Looking for pthread_create in pthreads - not found
-- Looking for pthread_create in pthread
-- Looking for pthread_create in pthread - found
-- Found Threads: TRUE  
-- Using Python nosetests: /usr/local/bin/nosetests-2.7
-- catkin 0.7.19
-- BUILD_SHARED_LIBS is on
-- Configuring done
-- Generating done
-- Build files have been written to: /home/muyangren907/autoware/autoware.ai/1.12.0_cuda/build/sick_ldmrs_description
Invoked command in '/home/muyangren907/autoware/autoware.ai/1.12.0_cuda/build/sick_ldmrs_description' returned '0': /usr/local/bin/cmake /home/muyangren907/autoware/autoware.ai/1.12.0_cuda/src/drivers/awf_drivers/sick_ldmrs_description -DCMAKE_BUILD_TYPE=Release -DCATKIN_INSTALL_INTO_PREFIX_ROOT=0 -DCMAKE_INSTALL_PREFIX=/home/muyangren907/autoware/autoware.ai/1.12.0_cuda/install/sick_ldmrs_description
Invoking command in '/home/muyangren907/autoware/autoware.ai/1.12.0_cuda/build/sick_ldmrs_description': /usr/local/bin/cmake --build /home/muyangren907/autoware/autoware.ai/1.12.0_cuda/build/sick_ldmrs_description -- -j40 -l40
Invoked command in '/home/muyangren907/autoware/autoware.ai/1.12.0_cuda/build/sick_ldmrs_description' returned '0': /usr/local/bin/cmake --build /home/muyangren907/autoware/autoware.ai/1.12.0_cuda/build/sick_ldmrs_description -- -j40 -l40
Invoking command in '/home/muyangren907/autoware/autoware.ai/1.12.0_cuda/build/sick_ldmrs_description': /usr/local/bin/cmake --build /home/muyangren907/autoware/autoware.ai/1.12.0_cuda/build/sick_ldmrs_description --target tests -- -j40 -l40
[35m[1mScanning dependencies of target tests[0m
Built target tests
Invoked command in '/home/muyangren907/autoware/autoware.ai/1.12.0_cuda/build/sick_ldmrs_description' returned '0': /usr/local/bin/cmake --build /home/muyangren907/autoware/autoware.ai/1.12.0_cuda/build/sick_ldmrs_description --target tests -- -j40 -l40
Invoking command in '/home/muyangren907/autoware/autoware.ai/1.12.0_cuda/build/sick_ldmrs_description': /usr/local/bin/cmake --build /home/muyangren907/autoware/autoware.ai/1.12.0_cuda/build/sick_ldmrs_description --target install -- -j40 -l40
[36mInstall the project...[0m
-- Install configuration: "Release"
-- Installing: /home/muyangren907/autoware/autoware.ai/1.12.0_cuda/install/sick_ldmrs_description/lib/pkgconfig/sick_ldmrs_description.pc
-- Installing: /home/muyangren907/autoware/autoware.ai/1.12.0_cuda/install/sick_ldmrs_description/share/sick_ldmrs_description/cmake/sick_ldmrs_descriptionConfig.cmake
-- Installing: /home/muyangren907/autoware/autoware.ai/1.12.0_cuda/install/sick_ldmrs_description/share/sick_ldmrs_description/cmake/sick_ldmrs_descriptionConfig-version.cmake
-- Installing: /home/muyangren907/autoware/autoware.ai/1.12.0_cuda/install/sick_ldmrs_description/share/sick_ldmrs_description/package.xml
-- Installing: /home/muyangren907/autoware/autoware.ai/1.12.0_cuda/install/sick_ldmrs_description/share/sick_ldmrs_description/launch
-- Installing: /home/muyangren907/autoware/autoware.ai/1.12.0_cuda/install/sick_ldmrs_description/share/sick_ldmrs_description/launch/upload_urdf.launch
-- Installing: /home/muyangren907/autoware/autoware.ai/1.12.0_cuda/install/sick_ldmrs_description/share/sick_ldmrs_description/launch/show_urdf.launch
-- Installing: /home/muyangren907/autoware/autoware.ai/1.12.0_cuda/install/sick_ldmrs_description/share/sick_ldmrs_description/meshes
-- Installing: /home/muyangren907/autoware/autoware.ai/1.12.0_cuda/install/sick_ldmrs_description/share/sick_ldmrs_description/meshes/sick_ldmrs_color.png
-- Installing: /home/muyangren907/autoware/autoware.ai/1.12.0_cuda/install/sick_ldmrs_description/share/sick_ldmrs_description/meshes/sick_ldmrs.dae
-- Installing: /home/muyangren907/autoware/autoware.ai/1.12.0_cuda/install/sick_ldmrs_description/share/sick_ldmrs_description/urdf
-- Installing: /home/muyangren907/autoware/autoware.ai/1.12.0_cuda/install/sick_ldmrs_description/share/sick_ldmrs_description/urdf/sick_ldmrs.urdf.xacro
-- Installing: /home/muyangren907/autoware/autoware.ai/1.12.0_cuda/install/sick_ldmrs_description/share/sick_ldmrs_description/urdf/sick_ldmrs_macros.urdf.xacro
Invoked command in '/home/muyangren907/autoware/autoware.ai/1.12.0_cuda/build/sick_ldmrs_description' returned '0': /usr/local/bin/cmake --build /home/muyangren907/autoware/autoware.ai/1.12.0_cuda/build/sick_ldmrs_description --target install -- -j40 -l40
