CMake Warning (dev) at /usr/local/lib/python2.7/dist-packages/cmake/data/share/cmake-3.12/Modules/FindOpenGL.cmake:270 (message):
  Policy CMP0072 is not set: FindOpenGL prefers GLVND by default when
  available.  Run "cmake --help-policy CMP0072" for policy details.  Use the
  cmake_policy command to set the policy and suppress this warning.

  FindOpenGL found both a legacy GL library:

    OPENGL_gl_LIBRARY: /usr/lib/x86_64-linux-gnu/libGL.so

  and GLVND libraries for OpenGL and GLX:

    OPENGL_opengl_LIBRARY: /usr/lib/x86_64-linux-gnu/libOpenGL.so
    OPENGL_glx_LIBRARY: /usr/lib/x86_64-linux-gnu/libGLX.so

  OpenGL_GL_PREFERENCE has not been set to "GLVND" or "LEGACY", so for
  compatibility with CMake 3.10 and below the legacy GL library will be used.
Call Stack (most recent call first):
  CMakeLists.txt:36 (find_package)
This warning is for project developers.  Use -Wno-dev to suppress it.

In file included from [01m[K/usr/local/include/eigen3/Eigen/Core:450:0[m[K,
                 from [01m[K/usr/local/include/eigen3/Eigen/Dense:1[m[K,
                 from [01m[K/home/muyangren907/autoware/autoware.ai/1.12.0_cuda/src/autoware/visualization/glviewer/include/glviewer/glviewer.h:22[m[K,
                 from [01m[K/home/muyangren907/autoware/autoware.ai/1.12.0_cuda/src/autoware/visualization/glviewer/GLViewer/glviewer.cpp:17[m[K:
[01m[K/usr/local/include/eigen3/Eigen/src/Core/DenseStorage.h:[m[K In member function ‘[01m[Kvoid GLViewer::addDisplayLists(GLuint, GLuint)[m[K’:
[01m[K/usr/local/include/eigen3/Eigen/src/Core/DenseStorage.h:194:66:[m[K [01;35m[Kwarning: [m[K‘[01m[K*((void*)(& list)+16).Eigen::DenseStorage<double, 16, 4, 4, 0>::m_data[m[K’ may be used uninitialized in this function [[01;35m[K-Wmaybe-uninitialized[m[K]
     DenseStorage(const DenseStorage& other) : m_data(other.m_data[01;35m[K)[m[K {
                                                                  [01;35m[K^[m[K
