-- The C compiler identification is GNU 7.4.0
-- The CXX compiler identification is GNU 7.4.0
-- Check for working C compiler: /usr/bin/cc
-- Check for working C compiler: /usr/bin/cc -- works
-- Detecting C compiler ABI info
-- Detecting C compiler ABI info - done
-- Detecting C compile features
-- Detecting C compile features - done
-- Check for working CXX compiler: /usr/bin/c++
-- Check for working CXX compiler: /usr/bin/c++ -- works
-- Detecting CXX compiler ABI info
-- Detecting CXX compiler ABI info - done
-- Detecting CXX compile features
-- Detecting CXX compile features - done
-- Found PkgConfig: /usr/bin/pkg-config (found version "0.29.1") 
-- CUDA compilation status: 1.
-- Using CATKIN_DEVEL_PREFIX: /home/muyangren907/autoware/autoware.ai/1.12.0_cuda/build/glviewer/devel
-- Using CMAKE_PREFIX_PATH: /home/muyangren907/autoware/autoware.ai/1.12.0_cuda/install/autoware_build_flags;/opt/ros/melodic
-- This workspace overlays: /home/muyangren907/autoware/autoware.ai/1.12.0_cuda/install/autoware_build_flags;/opt/ros/melodic
-- Found PythonInterp: /usr/bin/python2 (found suitable version "2.7.15", minimum required is "2") 
-- Using PYTHON_EXECUTABLE: /usr/bin/python2
-- Using Debian Python package layout
-- Using empy: /usr/bin/empy
-- Using CATKIN_ENABLE_TESTING: ON
-- Call enable_testing()
-- Using CATKIN_TEST_RESULTS_DIR: /home/muyangren907/autoware/autoware.ai/1.12.0_cuda/build/glviewer/test_results
-- Found gtest sources under '/usr/src/googletest': gtests will be built
-- Found gmock sources under '/usr/src/googletest': gmock will be built
-- Found PythonInterp: /usr/bin/python2 (found version "2.7.15") 
-- Looking for pthread.h
-- Looking for pthread.h - found
-- Looking for pthread_create
-- Looking for pthread_create - not found
-- Looking for pthread_create in pthreads
-- Looking for pthread_create in pthreads - not found
-- Looking for pthread_create in pthread
-- Looking for pthread_create in pthread - found
-- Found Threads: TRUE  
-- Using Python nosetests: /usr/local/bin/nosetests-2.7
-- catkin 0.7.19
-- BUILD_SHARED_LIBS is on
CMake Warning (dev) at /usr/local/lib/python2.7/dist-packages/cmake/data/share/cmake-3.12/Modules/FindOpenGL.cmake:270 (message):
  Policy CMP0072 is not set: FindOpenGL prefers GLVND by default when
  available.  Run "cmake --help-policy CMP0072" for policy details.  Use the
  cmake_policy command to set the policy and suppress this warning.

  FindOpenGL found both a legacy GL library:

    OPENGL_gl_LIBRARY: /usr/lib/x86_64-linux-gnu/libGL.so

  and GLVND libraries for OpenGL and GLX:

    OPENGL_opengl_LIBRARY: /usr/lib/x86_64-linux-gnu/libOpenGL.so
    OPENGL_glx_LIBRARY: /usr/lib/x86_64-linux-gnu/libGLX.so

  OpenGL_GL_PREFERENCE has not been set to "GLVND" or "LEGACY", so for
  compatibility with CMake 3.10 and below the legacy GL library will be used.
Call Stack (most recent call first):
  CMakeLists.txt:36 (find_package)
This warning is for project developers.  Use -Wno-dev to suppress it.

-- Found OpenGL: /usr/lib/x86_64-linux-gnu/libOpenGL.so   
-- Configuring done
-- Generating done
-- Build files have been written to: /home/muyangren907/autoware/autoware.ai/1.12.0_cuda/build/glviewer
[35m[1mScanning dependencies of target glviewer_autogen[0m
[ 16%] [34m[1mAutomatic MOC for target glviewer[0m
[ 16%] Built target glviewer_autogen
[ 33%] [34m[1mGenerating include/glviewer/moc_glviewer.cpp[0m
[35m[1mScanning dependencies of target glviewer[0m
[ 66%] [32mBuilding CXX object CMakeFiles/glviewer.dir/include/glviewer/moc_glviewer.cpp.o[0m
[ 83%] [32mBuilding CXX object CMakeFiles/glviewer.dir/GLViewer/glviewer.cpp.o[0m
[ 83%] [32mBuilding CXX object CMakeFiles/glviewer.dir/glviewer_autogen/mocs_compilation.cpp.o[0m
In file included from [01m[K/usr/local/include/eigen3/Eigen/Core:450:0[m[K,
                 from [01m[K/usr/local/include/eigen3/Eigen/Dense:1[m[K,
                 from [01m[K/home/muyangren907/autoware/autoware.ai/1.12.0_cuda/src/autoware/visualization/glviewer/include/glviewer/glviewer.h:22[m[K,
                 from [01m[K/home/muyangren907/autoware/autoware.ai/1.12.0_cuda/src/autoware/visualization/glviewer/GLViewer/glviewer.cpp:17[m[K:
[01m[K/usr/local/include/eigen3/Eigen/src/Core/DenseStorage.h:[m[K In member function ‘[01m[Kvoid GLViewer::addDisplayLists(GLuint, GLuint)[m[K’:
[01m[K/usr/local/include/eigen3/Eigen/src/Core/DenseStorage.h:194:66:[m[K [01;35m[Kwarning: [m[K‘[01m[K*((void*)(& list)+16).Eigen::DenseStorage<double, 16, 4, 4, 0>::m_data[m[K’ may be used uninitialized in this function [[01;35m[K-Wmaybe-uninitialized[m[K]
     DenseStorage(const DenseStorage& other) : m_data(other.m_data[01;35m[K)[m[K {
                                                                  [01;35m[K^[m[K
[100%] [32m[1mLinking CXX shared library devel/lib/libglviewer.so[0m
[100%] Built target glviewer
[35m[1mScanning dependencies of target tests[0m
Built target tests
[ 16%] [34m[1mAutomatic MOC for target glviewer[0m
[ 16%] Built target glviewer_autogen
[100%] Built target glviewer
[36mInstall the project...[0m
-- Install configuration: "Release"
-- Installing: /home/muyangren907/autoware/autoware.ai/1.12.0_cuda/install/glviewer/lib/pkgconfig/glviewer.pc
-- Installing: /home/muyangren907/autoware/autoware.ai/1.12.0_cuda/install/glviewer/share/glviewer/cmake/glviewerConfig.cmake
-- Installing: /home/muyangren907/autoware/autoware.ai/1.12.0_cuda/install/glviewer/share/glviewer/cmake/glviewerConfig-version.cmake
-- Installing: /home/muyangren907/autoware/autoware.ai/1.12.0_cuda/install/glviewer/share/glviewer/package.xml
-- Installing: /home/muyangren907/autoware/autoware.ai/1.12.0_cuda/install/glviewer/include/glviewer
-- Installing: /home/muyangren907/autoware/autoware.ai/1.12.0_cuda/install/glviewer/include/glviewer/glviewer.h
-- Installing: /home/muyangren907/autoware/autoware.ai/1.12.0_cuda/install/glviewer/lib/libglviewer.so
-- Set runtime path of "/home/muyangren907/autoware/autoware.ai/1.12.0_cuda/install/glviewer/lib/libglviewer.so" to ""
