-- The C compiler identification is GNU 7.4.0
-- The CXX compiler identification is GNU 7.4.0
-- Check for working C compiler: /usr/bin/cc
-- Check for working C compiler: /usr/bin/cc -- works
-- Detecting C compiler ABI info
-- Detecting C compiler ABI info - done
-- Detecting C compile features
-- Detecting C compile features - done
-- Check for working CXX compiler: /usr/bin/c++
-- Check for working CXX compiler: /usr/bin/c++ -- works
-- Detecting CXX compiler ABI info
-- Detecting CXX compiler ABI info - done
-- Detecting CXX compile features
-- Detecting CXX compile features - done
-- Using CATKIN_DEVEL_PREFIX: /home/muyangren907/autoware/autoware.ai/1.12.0_cuda/build/kitti_launch/devel
-- Using CMAKE_PREFIX_PATH: /home/muyangren907/autoware/autoware.ai/1.12.0_cuda/install/kitti_player;/home/muyangren907/autoware/autoware.ai/1.12.0_cuda/install/kitti_box_publisher;/home/muyangren907/autoware/autoware.ai/1.12.0_cuda/install/autoware_msgs;/opt/ros/melodic
-- This workspace overlays: /home/muyangren907/autoware/autoware.ai/1.12.0_cuda/install/kitti_player;/home/muyangren907/autoware/autoware.ai/1.12.0_cuda/install/kitti_box_publisher;/home/muyangren907/autoware/autoware.ai/1.12.0_cuda/install/autoware_msgs;/opt/ros/melodic
-- Found PythonInterp: /usr/bin/python2 (found suitable version "2.7.15", minimum required is "2") 
-- Using PYTHON_EXECUTABLE: /usr/bin/python2
-- Using Debian Python package layout
-- Using empy: /usr/bin/empy
-- Using CATKIN_ENABLE_TESTING: ON
-- Call enable_testing()
-- Using CATKIN_TEST_RESULTS_DIR: /home/muyangren907/autoware/autoware.ai/1.12.0_cuda/build/kitti_launch/test_results
-- Found gtest sources under '/usr/src/googletest': gtests will be built
-- Found gmock sources under '/usr/src/googletest': gmock will be built
-- Found PythonInterp: /usr/bin/python2 (found version "2.7.15") 
-- Looking for pthread.h
-- Looking for pthread.h - found
-- Looking for pthread_create
-- Looking for pthread_create - not found
-- Looking for pthread_create in pthreads
-- Looking for pthread_create in pthreads - not found
-- Looking for pthread_create in pthread
-- Looking for pthread_create in pthread - found
-- Found Threads: TRUE  
-- Using Python nosetests: /usr/local/bin/nosetests-2.7
-- catkin 0.7.19
-- BUILD_SHARED_LIBS is on
-- Configuring done
-- Generating done
-- Build files have been written to: /home/muyangren907/autoware/autoware.ai/1.12.0_cuda/build/kitti_launch
[35m[1mScanning dependencies of target tests[0m
Built target tests
[36mInstall the project...[0m
-- Install configuration: "Release"
-- Installing: /home/muyangren907/autoware/autoware.ai/1.12.0_cuda/install/kitti_launch/lib/pkgconfig/kitti_launch.pc
-- Installing: /home/muyangren907/autoware/autoware.ai/1.12.0_cuda/install/kitti_launch/share/kitti_launch/cmake/kitti_launchConfig.cmake
-- Installing: /home/muyangren907/autoware/autoware.ai/1.12.0_cuda/install/kitti_launch/share/kitti_launch/cmake/kitti_launchConfig-version.cmake
-- Installing: /home/muyangren907/autoware/autoware.ai/1.12.0_cuda/install/kitti_launch/share/kitti_launch/package.xml
-- Installing: /home/muyangren907/autoware/autoware.ai/1.12.0_cuda/install/kitti_launch/share/kitti_launch/launch/launch
-- Installing: /home/muyangren907/autoware/autoware.ai/1.12.0_cuda/install/kitti_launch/share/kitti_launch/launch/launch/kittiplayer.launch
-- Installing: /home/muyangren907/autoware/autoware.ai/1.12.0_cuda/install/kitti_launch/share/kitti_launch/launch/launch/xml
-- Installing: /home/muyangren907/autoware/autoware.ai/1.12.0_cuda/install/kitti_launch/share/kitti_launch/launch/launch/xml/camera_lidar.xml
-- Installing: /home/muyangren907/autoware/autoware.ai/1.12.0_cuda/install/kitti_launch/share/kitti_launch/launch/launch/xml/points_raw.xml
-- Installing: /home/muyangren907/autoware/autoware.ai/1.12.0_cuda/install/kitti_launch/share/kitti_launch/launch/xml/xml
-- Installing: /home/muyangren907/autoware/autoware.ai/1.12.0_cuda/install/kitti_launch/share/kitti_launch/launch/xml/xml/camera_lidar.xml
-- Installing: /home/muyangren907/autoware/autoware.ai/1.12.0_cuda/install/kitti_launch/share/kitti_launch/launch/xml/xml/points_raw.xml
-- Installing: /home/muyangren907/autoware/autoware.ai/1.12.0_cuda/install/kitti_launch/share/kitti_launch/calib/calib
-- Installing: /home/muyangren907/autoware/autoware.ai/1.12.0_cuda/install/kitti_launch/share/kitti_launch/calib/calib/kitti_cam02_sync_kitti_conv.yml
-- Installing: /home/muyangren907/autoware/autoware.ai/1.12.0_cuda/install/kitti_launch/share/kitti_launch/calib/calib/kitti_cam02_sync.yml
