Invoking command in '/home/muyangren907/autoware/autoware.ai/1.12.0_cuda/build/map_tools': CMAKE_PREFIX_PATH=/home/muyangren907/autoware/autoware.ai/1.12.0_cuda/install/autoware_build_flags:${CMAKE_PREFIX_PATH} PKG_CONFIG_PATH=/home/muyangren907/autoware/autoware.ai/1.12.0_cuda/install/autoware_build_flags/lib/x86_64-linux-gnu/pkgconfig:/home/muyangren907/autoware/autoware.ai/1.12.0_cuda/install/autoware_build_flags/lib/pkgconfig:${PKG_CONFIG_PATH} ROS_PACKAGE_PATH=/home/muyangren907/autoware/autoware.ai/1.12.0_cuda/install/autoware_build_flags/share:${ROS_PACKAGE_PATH} /usr/local/bin/cmake /home/muyangren907/autoware/autoware.ai/1.12.0_cuda/src/autoware/utilities/map_tools -DCMAKE_BUILD_TYPE=Release -DCATKIN_INSTALL_INTO_PREFIX_ROOT=0 -DCMAKE_INSTALL_PREFIX=/home/muyangren907/autoware/autoware.ai/1.12.0_cuda/install/map_tools
-- The C compiler identification is GNU 7.4.0
-- The CXX compiler identification is GNU 7.4.0
-- Check for working C compiler: /usr/bin/cc
-- Check for working C compiler: /usr/bin/cc -- works
-- Detecting C compiler ABI info
-- Detecting C compiler ABI info - done
-- Detecting C compile features
-- Detecting C compile features - done
-- Check for working CXX compiler: /usr/bin/c++
-- Check for working CXX compiler: /usr/bin/c++ -- works
-- Detecting CXX compiler ABI info
-- Detecting CXX compiler ABI info - done
-- Detecting CXX compile features
-- Detecting CXX compile features - done
-- CUDA compilation status: 1.
-- Using CATKIN_DEVEL_PREFIX: /home/muyangren907/autoware/autoware.ai/1.12.0_cuda/build/map_tools/devel
-- Using CMAKE_PREFIX_PATH: /home/muyangren907/autoware/autoware.ai/1.12.0_cuda/install/autoware_build_flags;/opt/ros/melodic
-- This workspace overlays: /home/muyangren907/autoware/autoware.ai/1.12.0_cuda/install/autoware_build_flags;/opt/ros/melodic
-- Found PythonInterp: /usr/bin/python2 (found suitable version "2.7.15", minimum required is "2") 
-- Using PYTHON_EXECUTABLE: /usr/bin/python2
-- Using Debian Python package layout
-- Using empy: /usr/bin/empy
-- Using CATKIN_ENABLE_TESTING: ON
-- Call enable_testing()
-- Using CATKIN_TEST_RESULTS_DIR: /home/muyangren907/autoware/autoware.ai/1.12.0_cuda/build/map_tools/test_results
-- Found gtest sources under '/usr/src/googletest': gtests will be built
-- Found gmock sources under '/usr/src/googletest': gmock will be built
-- Found PythonInterp: /usr/bin/python2 (found version "2.7.15") 
-- Looking for pthread.h
-- Looking for pthread.h - found
-- Looking for pthread_create
-- Looking for pthread_create - not found
-- Looking for pthread_create in pthreads
-- Looking for pthread_create in pthreads - not found
-- Looking for pthread_create in pthread
-- Looking for pthread_create in pthread - found
-- Found Threads: TRUE  
-- Using Python nosetests: /usr/local/bin/nosetests-2.7
-- catkin 0.7.19
-- BUILD_SHARED_LIBS is on
-- Using these message generators: gencpp;geneus;genlisp;gennodejs;genpy
-- Configuring done
-- Generating done
-- Build files have been written to: /home/muyangren907/autoware/autoware.ai/1.12.0_cuda/build/map_tools
Invoked command in '/home/muyangren907/autoware/autoware.ai/1.12.0_cuda/build/map_tools' returned '0': CMAKE_PREFIX_PATH=/home/muyangren907/autoware/autoware.ai/1.12.0_cuda/install/autoware_build_flags:${CMAKE_PREFIX_PATH} PKG_CONFIG_PATH=/home/muyangren907/autoware/autoware.ai/1.12.0_cuda/install/autoware_build_flags/lib/x86_64-linux-gnu/pkgconfig:/home/muyangren907/autoware/autoware.ai/1.12.0_cuda/install/autoware_build_flags/lib/pkgconfig:${PKG_CONFIG_PATH} ROS_PACKAGE_PATH=/home/muyangren907/autoware/autoware.ai/1.12.0_cuda/install/autoware_build_flags/share:${ROS_PACKAGE_PATH} /usr/local/bin/cmake /home/muyangren907/autoware/autoware.ai/1.12.0_cuda/src/autoware/utilities/map_tools -DCMAKE_BUILD_TYPE=Release -DCATKIN_INSTALL_INTO_PREFIX_ROOT=0 -DCMAKE_INSTALL_PREFIX=/home/muyangren907/autoware/autoware.ai/1.12.0_cuda/install/map_tools
Invoking command in '/home/muyangren907/autoware/autoware.ai/1.12.0_cuda/build/map_tools': CMAKE_PREFIX_PATH=/home/muyangren907/autoware/autoware.ai/1.12.0_cuda/install/autoware_build_flags:${CMAKE_PREFIX_PATH} PKG_CONFIG_PATH=/home/muyangren907/autoware/autoware.ai/1.12.0_cuda/install/autoware_build_flags/lib/x86_64-linux-gnu/pkgconfig:/home/muyangren907/autoware/autoware.ai/1.12.0_cuda/install/autoware_build_flags/lib/pkgconfig:${PKG_CONFIG_PATH} ROS_PACKAGE_PATH=/home/muyangren907/autoware/autoware.ai/1.12.0_cuda/install/autoware_build_flags/share:${ROS_PACKAGE_PATH} /usr/local/bin/cmake --build /home/muyangren907/autoware/autoware.ai/1.12.0_cuda/build/map_tools -- -j40 -l40
[35m[1mScanning dependencies of target csv2pcd[0m
[35m[1mScanning dependencies of target pcd_grid_divider[0m
[35m[1mScanning dependencies of target pcd_filter[0m
[35m[1mScanning dependencies of target pcd_binarizer[0m
[35m[1mScanning dependencies of target pcd2csv[0m
[35m[1mScanning dependencies of target pcd_arealist[0m
[35m[1mScanning dependencies of target map_extender[0m
[  7%] [32mBuilding CXX object CMakeFiles/csv2pcd.dir/nodes/pcd_converter/csv2pcd.cpp.o[0m
[ 14%] [32mBuilding CXX object CMakeFiles/pcd2csv.dir/nodes/pcd_converter/pcd2csv.cpp.o[0m
[ 21%] [32mBuilding CXX object CMakeFiles/pcd_binarizer.dir/nodes/pcd_binarizer/pcd_binarizer.cpp.o[0m
[ 28%] [32mBuilding CXX object CMakeFiles/pcd_filter.dir/nodes/pcd_filter/pcd_filter.cpp.o[0m
[ 35%] [32mBuilding CXX object CMakeFiles/pcd_grid_divider.dir/nodes/pcd_grid_divider/pcd_grid_divider.cpp.o[0m
[ 42%] [32mBuilding CXX object CMakeFiles/pcd_arealist.dir/nodes/pcd_arealist/pcd_arealist.cpp.o[0m
[ 50%] [32mBuilding CXX object CMakeFiles/map_extender.dir/nodes/map_extender/map_extender.cpp.o[0m
[ 57%] [32m[1mLinking CXX executable devel/lib/map_tools/pcd_binarizer[0m
[ 57%] Built target pcd_binarizer
[ 64%] [32m[1mLinking CXX executable devel/lib/map_tools/pcd2csv[0m
[ 71%] [32m[1mLinking CXX executable devel/lib/map_tools/pcd_arealist[0m
[ 78%] [32m[1mLinking CXX executable devel/lib/map_tools/csv2pcd[0m
[ 78%] Built target pcd2csv
[ 85%] [32m[1mLinking CXX executable devel/lib/map_tools/pcd_grid_divider[0m
[ 85%] Built target pcd_arealist
[ 85%] Built target csv2pcd
[ 85%] Built target pcd_grid_divider
[ 92%] [32m[1mLinking CXX executable devel/lib/map_tools/pcd_filter[0m
[ 92%] Built target pcd_filter
[100%] [32m[1mLinking CXX executable devel/lib/map_tools/map_extender[0m
[100%] Built target map_extender
Invoked command in '/home/muyangren907/autoware/autoware.ai/1.12.0_cuda/build/map_tools' returned '0': CMAKE_PREFIX_PATH=/home/muyangren907/autoware/autoware.ai/1.12.0_cuda/install/autoware_build_flags:${CMAKE_PREFIX_PATH} PKG_CONFIG_PATH=/home/muyangren907/autoware/autoware.ai/1.12.0_cuda/install/autoware_build_flags/lib/x86_64-linux-gnu/pkgconfig:/home/muyangren907/autoware/autoware.ai/1.12.0_cuda/install/autoware_build_flags/lib/pkgconfig:${PKG_CONFIG_PATH} ROS_PACKAGE_PATH=/home/muyangren907/autoware/autoware.ai/1.12.0_cuda/install/autoware_build_flags/share:${ROS_PACKAGE_PATH} /usr/local/bin/cmake --build /home/muyangren907/autoware/autoware.ai/1.12.0_cuda/build/map_tools -- -j40 -l40
Invoking command in '/home/muyangren907/autoware/autoware.ai/1.12.0_cuda/build/map_tools': CMAKE_PREFIX_PATH=/home/muyangren907/autoware/autoware.ai/1.12.0_cuda/install/autoware_build_flags:${CMAKE_PREFIX_PATH} PKG_CONFIG_PATH=/home/muyangren907/autoware/autoware.ai/1.12.0_cuda/install/autoware_build_flags/lib/x86_64-linux-gnu/pkgconfig:/home/muyangren907/autoware/autoware.ai/1.12.0_cuda/install/autoware_build_flags/lib/pkgconfig:${PKG_CONFIG_PATH} ROS_PACKAGE_PATH=/home/muyangren907/autoware/autoware.ai/1.12.0_cuda/install/autoware_build_flags/share:${ROS_PACKAGE_PATH} /usr/local/bin/cmake --build /home/muyangren907/autoware/autoware.ai/1.12.0_cuda/build/map_tools --target tests -- -j40 -l40
[35m[1mScanning dependencies of target tests[0m
Built target tests
Invoked command in '/home/muyangren907/autoware/autoware.ai/1.12.0_cuda/build/map_tools' returned '0': CMAKE_PREFIX_PATH=/home/muyangren907/autoware/autoware.ai/1.12.0_cuda/install/autoware_build_flags:${CMAKE_PREFIX_PATH} PKG_CONFIG_PATH=/home/muyangren907/autoware/autoware.ai/1.12.0_cuda/install/autoware_build_flags/lib/x86_64-linux-gnu/pkgconfig:/home/muyangren907/autoware/autoware.ai/1.12.0_cuda/install/autoware_build_flags/lib/pkgconfig:${PKG_CONFIG_PATH} ROS_PACKAGE_PATH=/home/muyangren907/autoware/autoware.ai/1.12.0_cuda/install/autoware_build_flags/share:${ROS_PACKAGE_PATH} /usr/local/bin/cmake --build /home/muyangren907/autoware/autoware.ai/1.12.0_cuda/build/map_tools --target tests -- -j40 -l40
Invoking command in '/home/muyangren907/autoware/autoware.ai/1.12.0_cuda/build/map_tools': CMAKE_PREFIX_PATH=/home/muyangren907/autoware/autoware.ai/1.12.0_cuda/install/autoware_build_flags:${CMAKE_PREFIX_PATH} PKG_CONFIG_PATH=/home/muyangren907/autoware/autoware.ai/1.12.0_cuda/install/autoware_build_flags/lib/x86_64-linux-gnu/pkgconfig:/home/muyangren907/autoware/autoware.ai/1.12.0_cuda/install/autoware_build_flags/lib/pkgconfig:${PKG_CONFIG_PATH} ROS_PACKAGE_PATH=/home/muyangren907/autoware/autoware.ai/1.12.0_cuda/install/autoware_build_flags/share:${ROS_PACKAGE_PATH} /usr/local/bin/cmake --build /home/muyangren907/autoware/autoware.ai/1.12.0_cuda/build/map_tools --target install -- -j40 -l40
[ 14%] Built target pcd_filter
[ 28%] Built target pcd_arealist
[ 42%] Built target pcd_binarizer
[ 57%] Built target pcd2csv
[ 71%] Built target csv2pcd
[ 85%] Built target pcd_grid_divider
[100%] Built target map_extender
[36mInstall the project...[0m
-- Install configuration: "Release"
-- Installing: /home/muyangren907/autoware/autoware.ai/1.12.0_cuda/install/map_tools/lib/pkgconfig/map_tools.pc
-- Installing: /home/muyangren907/autoware/autoware.ai/1.12.0_cuda/install/map_tools/share/map_tools/cmake/map_toolsConfig.cmake
-- Installing: /home/muyangren907/autoware/autoware.ai/1.12.0_cuda/install/map_tools/share/map_tools/cmake/map_toolsConfig-version.cmake
-- Installing: /home/muyangren907/autoware/autoware.ai/1.12.0_cuda/install/map_tools/share/map_tools/package.xml
-- Installing: /home/muyangren907/autoware/autoware.ai/1.12.0_cuda/install/map_tools/lib/map_tools/pcd_filter
-- Set runtime path of "/home/muyangren907/autoware/autoware.ai/1.12.0_cuda/install/map_tools/lib/map_tools/pcd_filter" to ""
-- Installing: /home/muyangren907/autoware/autoware.ai/1.12.0_cuda/install/map_tools/lib/map_tools/pcd_binarizer
-- Set runtime path of "/home/muyangren907/autoware/autoware.ai/1.12.0_cuda/install/map_tools/lib/map_tools/pcd_binarizer" to ""
-- Installing: /home/muyangren907/autoware/autoware.ai/1.12.0_cuda/install/map_tools/lib/map_tools/pcd_arealist
-- Set runtime path of "/home/muyangren907/autoware/autoware.ai/1.12.0_cuda/install/map_tools/lib/map_tools/pcd_arealist" to ""
-- Installing: /home/muyangren907/autoware/autoware.ai/1.12.0_cuda/install/map_tools/lib/map_tools/csv2pcd
-- Set runtime path of "/home/muyangren907/autoware/autoware.ai/1.12.0_cuda/install/map_tools/lib/map_tools/csv2pcd" to ""
-- Installing: /home/muyangren907/autoware/autoware.ai/1.12.0_cuda/install/map_tools/lib/map_tools/pcd2csv
-- Set runtime path of "/home/muyangren907/autoware/autoware.ai/1.12.0_cuda/install/map_tools/lib/map_tools/pcd2csv" to ""
-- Installing: /home/muyangren907/autoware/autoware.ai/1.12.0_cuda/install/map_tools/lib/map_tools/map_extender
-- Set runtime path of "/home/muyangren907/autoware/autoware.ai/1.12.0_cuda/install/map_tools/lib/map_tools/map_extender" to ""
-- Installing: /home/muyangren907/autoware/autoware.ai/1.12.0_cuda/install/map_tools/lib/map_tools/pcd_grid_divider
-- Set runtime path of "/home/muyangren907/autoware/autoware.ai/1.12.0_cuda/install/map_tools/lib/map_tools/pcd_grid_divider" to ""
Invoked command in '/home/muyangren907/autoware/autoware.ai/1.12.0_cuda/build/map_tools' returned '0': CMAKE_PREFIX_PATH=/home/muyangren907/autoware/autoware.ai/1.12.0_cuda/install/autoware_build_flags:${CMAKE_PREFIX_PATH} PKG_CONFIG_PATH=/home/muyangren907/autoware/autoware.ai/1.12.0_cuda/install/autoware_build_flags/lib/x86_64-linux-gnu/pkgconfig:/home/muyangren907/autoware/autoware.ai/1.12.0_cuda/install/autoware_build_flags/lib/pkgconfig:${PKG_CONFIG_PATH} ROS_PACKAGE_PATH=/home/muyangren907/autoware/autoware.ai/1.12.0_cuda/install/autoware_build_flags/share:${ROS_PACKAGE_PATH} /usr/local/bin/cmake --build /home/muyangren907/autoware/autoware.ai/1.12.0_cuda/build/map_tools --target install -- -j40 -l40
