Determining if the pthread_create exist failed with the following output:
Change Dir: /home/myr907/autoware.ai/build/runtime_manager/CMakeFiles/CMakeTmp

Run Build Command:"/usr/bin/make" "cmTC_45c81/fast"
/usr/bin/make -f CMakeFiles/cmTC_45c81.dir/build.make CMakeFiles/cmTC_45c81.dir/build
make[1]: Entering directory '/home/myr907/autoware.ai/build/runtime_manager/CMakeFiles/CMakeTmp'
Building C object CMakeFiles/cmTC_45c81.dir/CheckSymbolExists.c.o
/usr/bin/cc    -o CMakeFiles/cmTC_45c81.dir/CheckSymbolExists.c.o   -c /home/myr907/autoware.ai/build/runtime_manager/CMakeFiles/CMakeTmp/CheckSymbolExists.c
Linking C executable cmTC_45c81
/usr/local/lib/python2.7/dist-packages/cmake/data/bin/cmake -E cmake_link_script CMakeFiles/cmTC_45c81.dir/link.txt --verbose=1
/usr/bin/cc      -rdynamic CMakeFiles/cmTC_45c81.dir/CheckSymbolExists.c.o  -o cmTC_45c81 
CMakeFiles/cmTC_45c81.dir/CheckSymbolExists.c.o: In function `main':
CheckSymbolExists.c:(.text+0x1b): undefined reference to `pthread_create'
collect2: error: ld returned 1 exit status
CMakeFiles/cmTC_45c81.dir/build.make:86: recipe for target 'cmTC_45c81' failed
make[1]: *** [cmTC_45c81] Error 1
make[1]: Leaving directory '/home/myr907/autoware.ai/build/runtime_manager/CMakeFiles/CMakeTmp'
Makefile:121: recipe for target 'cmTC_45c81/fast' failed
make: *** [cmTC_45c81/fast] Error 2

File /home/myr907/autoware.ai/build/runtime_manager/CMakeFiles/CMakeTmp/CheckSymbolExists.c:
/* */
#include <pthread.h>

int main(int argc, char** argv)
{
  (void)argv;
#ifndef pthread_create
  return ((int*)(&pthread_create))[argc];
#else
  (void)argc;
  return 0;
#endif
}

Determining if the function pthread_create exists in the pthreads failed with the following output:
Change Dir: /home/myr907/autoware.ai/build/runtime_manager/CMakeFiles/CMakeTmp

Run Build Command:"/usr/bin/make" "cmTC_17e6a/fast"
/usr/bin/make -f CMakeFiles/cmTC_17e6a.dir/build.make CMakeFiles/cmTC_17e6a.dir/build
make[1]: Entering directory '/home/myr907/autoware.ai/build/runtime_manager/CMakeFiles/CMakeTmp'
Building C object CMakeFiles/cmTC_17e6a.dir/CheckFunctionExists.c.o
/usr/bin/cc   -DCHECK_FUNCTION_EXISTS=pthread_create   -o CMakeFiles/cmTC_17e6a.dir/CheckFunctionExists.c.o   -c /usr/local/lib/python2.7/dist-packages/cmake/data/share/cmake-3.12/Modules/CheckFunctionExists.c
Linking C executable cmTC_17e6a
/usr/local/lib/python2.7/dist-packages/cmake/data/bin/cmake -E cmake_link_script CMakeFiles/cmTC_17e6a.dir/link.txt --verbose=1
/usr/bin/cc  -DCHECK_FUNCTION_EXISTS=pthread_create    -rdynamic CMakeFiles/cmTC_17e6a.dir/CheckFunctionExists.c.o  -o cmTC_17e6a -lpthreads 
/usr/bin/ld: cannot find -lpthreads
collect2: error: ld returned 1 exit status
CMakeFiles/cmTC_17e6a.dir/build.make:86: recipe for target 'cmTC_17e6a' failed
make[1]: *** [cmTC_17e6a] Error 1
make[1]: Leaving directory '/home/myr907/autoware.ai/build/runtime_manager/CMakeFiles/CMakeTmp'
Makefile:121: recipe for target 'cmTC_17e6a/fast' failed
make: *** [cmTC_17e6a/fast] Error 2


