CMake Warning (dev) at /usr/local/lib/python2.7/dist-packages/cmake/data/share/cmake-3.12/Modules/FindOpenGL.cmake:270 (message):
  Policy CMP0072 is not set: FindOpenGL prefers GLVND by default when
  available.  Run "cmake --help-policy CMP0072" for policy details.  Use the
  cmake_policy command to set the policy and suppress this warning.

  FindOpenGL found both a legacy GL library:

    OPENGL_gl_LIBRARY: /usr/lib/x86_64-linux-gnu/libGL.so

  and GLVND libraries for OpenGL and GLX:

    OPENGL_opengl_LIBRARY: /usr/lib/x86_64-linux-gnu/libOpenGL.so
    OPENGL_glx_LIBRARY: /usr/lib/x86_64-linux-gnu/libGLX.so

  OpenGL_GL_PREFERENCE has not been set to "GLVND" or "LEGACY", so for
  compatibility with CMake 3.10 and below the legacy GL library will be used.
Call Stack (most recent call first):
  CMakeLists.txt:46 (find_package)
This warning is for project developers.  Use -Wno-dev to suppress it.

'SSD/Caffe' is not installed. 'region_tlr_ssd' will not be built.
'MXNET Package' is not installed. 'region_tlr_mxnet' will not be built.
In file included from [01m[K/home/muyangren907/autoware/autoware.ai/1.12.0_cuda/src/autoware/core_perception/trafficlight_recognizer/lib/Context.cpp:1:0[m[K:
[01m[K/home/muyangren907/autoware/autoware.ai/1.12.0_cuda/src/autoware/core_perception/trafficlight_recognizer/include/Context.h:[m[K In static member function ‘[01m[Kstatic void Context::SetContexts(std::vector<Context>&, const ConstPtr&, int, int)[m[K’:
[01m[K/home/muyangren907/autoware/autoware.ai/1.12.0_cuda/src/autoware/core_perception/trafficlight_recognizer/include/Context.h:14:7:[m[K [01;35m[Kwarning: [m[K‘[01m[Kcurrent_signal_context.Context::newCandidateLightState[m[K’ may be used uninitialized in this function [[01;35m[K-Wmaybe-uninitialized[m[K]
 class [01;35m[KContext[m[K
       [01;35m[K^~~~~~~[m[K
[01m[K/home/muyangren907/autoware/autoware.ai/1.12.0_cuda/src/autoware/core_perception/trafficlight_recognizer/include/Context.h:14:7:[m[K [01;35m[Kwarning: [m[K‘[01m[Kcurrent_signal_context.Context::newCandidateLightState[m[K’ may be used uninitialized in this function [[01;35m[K-Wmaybe-uninitialized[m[K]
 class [01;35m[KContext[m[K
       [01;35m[K^~~~~~~[m[K
