-- The C compiler identification is GNU 7.4.0
-- The CXX compiler identification is GNU 7.4.0
-- Check for working C compiler: /usr/bin/cc
-- Check for working C compiler: /usr/bin/cc -- works
-- Detecting C compiler ABI info
-- Detecting C compiler ABI info - done
-- Detecting C compile features
-- Detecting C compile features - done
-- Check for working CXX compiler: /usr/bin/c++
-- Check for working CXX compiler: /usr/bin/c++ -- works
-- Detecting CXX compiler ABI info
-- Detecting CXX compiler ABI info - done
-- Detecting CXX compile features
-- Detecting CXX compile features - done
-- CUDA compilation status: 1.
-- Using CATKIN_DEVEL_PREFIX: /home/muyangren907/autoware/autoware.ai/1.12.0_cuda/build/trafficlight_recognizer/devel
-- Using CMAKE_PREFIX_PATH: /home/muyangren907/autoware/autoware.ai/1.12.0_cuda/install/vector_map_server;/home/muyangren907/autoware/autoware.ai/1.12.0_cuda/install/libvectormap;/home/muyangren907/autoware/autoware.ai/1.12.0_cuda/install/vector_map;/home/muyangren907/autoware/autoware.ai/1.12.0_cuda/install/runtime_manager;/home/muyangren907/autoware/autoware.ai/1.12.0_cuda/install/vector_map_msgs;/home/muyangren907/autoware/autoware.ai/1.12.0_cuda/install/tablet_socket_msgs;/home/muyangren907/autoware/autoware.ai/1.12.0_cuda/install/autoware_msgs;/home/muyangren907/autoware/autoware.ai/1.12.0_cuda/install/autoware_config_msgs;/home/muyangren907/autoware/autoware.ai/1.12.0_cuda/install/autoware_build_flags;/opt/ros/melodic
-- This workspace overlays: /home/muyangren907/autoware/autoware.ai/1.12.0_cuda/install/vector_map_server;/home/muyangren907/autoware/autoware.ai/1.12.0_cuda/install/libvectormap;/home/muyangren907/autoware/autoware.ai/1.12.0_cuda/install/vector_map;/home/muyangren907/autoware/autoware.ai/1.12.0_cuda/install/runtime_manager;/home/muyangren907/autoware/autoware.ai/1.12.0_cuda/install/vector_map_msgs;/home/muyangren907/autoware/autoware.ai/1.12.0_cuda/install/tablet_socket_msgs;/home/muyangren907/autoware/autoware.ai/1.12.0_cuda/install/autoware_msgs;/home/muyangren907/autoware/autoware.ai/1.12.0_cuda/install/autoware_config_msgs;/home/muyangren907/autoware/autoware.ai/1.12.0_cuda/install/autoware_build_flags;/opt/ros/melodic
-- Found PythonInterp: /usr/bin/python2 (found suitable version "2.7.15", minimum required is "2") 
-- Using PYTHON_EXECUTABLE: /usr/bin/python2
-- Using Debian Python package layout
-- Using empy: /usr/bin/empy
-- Using CATKIN_ENABLE_TESTING: ON
-- Call enable_testing()
-- Using CATKIN_TEST_RESULTS_DIR: /home/muyangren907/autoware/autoware.ai/1.12.0_cuda/build/trafficlight_recognizer/test_results
-- Found gtest sources under '/usr/src/googletest': gtests will be built
-- Found gmock sources under '/usr/src/googletest': gmock will be built
-- Found PythonInterp: /usr/bin/python2 (found version "2.7.15") 
-- Looking for pthread.h
-- Looking for pthread.h - found
-- Looking for pthread_create
-- Looking for pthread_create - not found
-- Looking for pthread_create in pthreads
-- Looking for pthread_create in pthreads - not found
-- Looking for pthread_create in pthread
-- Looking for pthread_create in pthread - found
-- Found Threads: TRUE  
-- Using Python nosetests: /usr/local/bin/nosetests-2.7
-- catkin 0.7.19
-- BUILD_SHARED_LIBS is on
-- Using these message generators: gencpp;geneus;genlisp;gennodejs;genpy
-- Found OpenCV: /usr (found version "3.2.0") 
-- Found OpenGL: /usr/lib/x86_64-linux-gnu/libOpenGL.so   
-- Found TinyXML: /usr/lib/x86_64-linux-gnu/libtinyxml.so  
-- Found CUDA: /usr/local/cuda-10.0 (found version "10.0") 
-- Configuring done
-- Generating done
-- Build files have been written to: /home/muyangren907/autoware/autoware.ai/1.12.0_cuda/build/trafficlight_recognizer
[35m[1mScanning dependencies of target vector_map_msgs_generate_messages_nodejs[0m
[35m[1mScanning dependencies of target actionlib_msgs_generate_messages_lisp[0m
[35m[1mScanning dependencies of target autoware_msgs_generate_messages_py[0m
[35m[1mScanning dependencies of target actionlib_msgs_generate_messages_eus[0m
[35m[1mScanning dependencies of target sensor_msgs_generate_messages_lisp[0m
[35m[1mScanning dependencies of target vector_map_msgs_generate_messages_lisp[0m
[35m[1mScanning dependencies of target actionlib_generate_messages_lisp[0m
[35m[1mScanning dependencies of target actionlib_msgs_generate_messages_cpp[0m
[35m[1mScanning dependencies of target jsk_footstep_msgs_generate_messages_py[0m
[35m[1mScanning dependencies of target actionlib_generate_messages_nodejs[0m
[35m[1mScanning dependencies of target actionlib_msgs_generate_messages_nodejs[0m
[35m[1mScanning dependencies of target sensor_msgs_generate_messages_eus[0m
[35m[1mScanning dependencies of target vector_map_msgs_generate_messages_cpp[0m
[35m[1mScanning dependencies of target tf2_msgs_generate_messages_py[0m
[35m[1mScanning dependencies of target jsk_footstep_msgs_generate_messages_nodejs[0m
[  0%] Built target vector_map_msgs_generate_messages_nodejs
[  0%] Built target autoware_msgs_generate_messages_py
[  0%] Built target actionlib_msgs_generate_messages_lisp
[  0%] Built target vector_map_msgs_generate_messages_lisp
[  0%] Built target actionlib_msgs_generate_messages_eus
[  0%] Built target actionlib_generate_messages_lisp
[  0%] Built target jsk_footstep_msgs_generate_messages_py
[  0%] Built target sensor_msgs_generate_messages_lisp
[  0%] Built target actionlib_generate_messages_nodejs
[  0%] Built target actionlib_msgs_generate_messages_cpp
[  0%] Built target actionlib_msgs_generate_messages_nodejs
[  0%] Built target tf2_msgs_generate_messages_py
[  0%] Built target vector_map_msgs_generate_messages_cpp
[  0%] Built target jsk_footstep_msgs_generate_messages_nodejs
[  0%] Built target sensor_msgs_generate_messages_eus
[35m[1mScanning dependencies of target sensor_msgs_generate_messages_nodejs[0m
[35m[1mScanning dependencies of target std_msgs_generate_messages_cpp[0m
[35m[1mScanning dependencies of target jsk_footstep_msgs_generate_messages_lisp[0m
[35m[1mScanning dependencies of target sensor_msgs_generate_messages_cpp[0m
[35m[1mScanning dependencies of target geometry_msgs_generate_messages_cpp[0m
[35m[1mScanning dependencies of target jsk_recognition_msgs_generate_messages_cpp[0m
[35m[1mScanning dependencies of target geometry_msgs_generate_messages_nodejs[0m
[35m[1mScanning dependencies of target autoware_msgs_generate_messages_eus[0m
[35m[1mScanning dependencies of target geometry_msgs_generate_messages_eus[0m
[35m[1mScanning dependencies of target jsk_recognition_msgs_generate_messages_lisp[0m
[35m[1mScanning dependencies of target std_msgs_generate_messages_nodejs[0m
[35m[1mScanning dependencies of target geometry_msgs_generate_messages_py[0m
[35m[1mScanning dependencies of target actionlib_msgs_generate_messages_py[0m
[35m[1mScanning dependencies of target geometry_msgs_generate_messages_lisp[0m
[35m[1mScanning dependencies of target pcl_msgs_generate_messages_lisp[0m
[  0%] Built target std_msgs_generate_messages_cpp
[  0%] Built target jsk_footstep_msgs_generate_messages_lisp
[  0%] Built target geometry_msgs_generate_messages_cpp
[  0%] Built target jsk_recognition_msgs_generate_messages_cpp
[  0%] Built target geometry_msgs_generate_messages_nodejs
[  0%] Built target sensor_msgs_generate_messages_nodejs
[  0%] Built target jsk_recognition_msgs_generate_messages_lisp
[  0%] Built target geometry_msgs_generate_messages_eus
[  0%] Built target autoware_msgs_generate_messages_eus
[  0%] Built target std_msgs_generate_messages_nodejs
[  0%] Built target geometry_msgs_generate_messages_py
[  0%] Built target sensor_msgs_generate_messages_cpp
[  0%] Built target pcl_msgs_generate_messages_lisp
[  0%] Built target actionlib_msgs_generate_messages_py
[  0%] Built target geometry_msgs_generate_messages_lisp
[35m[1mScanning dependencies of target std_msgs_generate_messages_py[0m
[35m[1mScanning dependencies of target tf_generate_messages_nodejs[0m
[35m[1mScanning dependencies of target rosgraph_msgs_generate_messages_nodejs[0m
[35m[1mScanning dependencies of target actionlib_generate_messages_cpp[0m
[35m[1mScanning dependencies of target rosgraph_msgs_generate_messages_lisp[0m
[35m[1mScanning dependencies of target roscpp_generate_messages_py[0m
[35m[1mScanning dependencies of target jsk_recognition_msgs_generate_messages_eus[0m
[35m[1mScanning dependencies of target rosgraph_msgs_generate_messages_eus[0m
[35m[1mScanning dependencies of target roscpp_generate_messages_nodejs[0m
[35m[1mScanning dependencies of target tf_generate_messages_py[0m
[35m[1mScanning dependencies of target std_msgs_generate_messages_eus[0m
[35m[1mScanning dependencies of target actionlib_generate_messages_eus[0m
[35m[1mScanning dependencies of target tf2_msgs_generate_messages_cpp[0m
[35m[1mScanning dependencies of target tf_generate_messages_eus[0m
[35m[1mScanning dependencies of target tf2_msgs_generate_messages_eus[0m
[  0%] Built target std_msgs_generate_messages_py
[  0%] Built target tf_generate_messages_nodejs
[  0%] Built target roscpp_generate_messages_py
[  0%] Built target rosgraph_msgs_generate_messages_nodejs
[  0%] Built target actionlib_generate_messages_cpp
[  0%] Built target rosgraph_msgs_generate_messages_eus
[  0%] Built target jsk_recognition_msgs_generate_messages_eus
[  0%] Built target rosgraph_msgs_generate_messages_lisp
[  0%] Built target tf_generate_messages_py
[  0%] Built target roscpp_generate_messages_nodejs
[  0%] Built target std_msgs_generate_messages_eus
[  0%] Built target actionlib_generate_messages_eus
[  0%] Built target tf_generate_messages_eus
[  0%] Built target tf2_msgs_generate_messages_cpp
[  0%] Built target tf2_msgs_generate_messages_eus
[35m[1mScanning dependencies of target visualization_msgs_generate_messages_cpp[0m
[35m[1mScanning dependencies of target tf2_msgs_generate_messages_lisp[0m
[35m[1mScanning dependencies of target visualization_msgs_generate_messages_lisp[0m
[35m[1mScanning dependencies of target tf2_msgs_generate_messages_nodejs[0m
[35m[1mScanning dependencies of target vector_map_msgs_generate_messages_py[0m
[35m[1mScanning dependencies of target tf_generate_messages_lisp[0m
[35m[1mScanning dependencies of target tf_generate_messages_cpp[0m
[35m[1mScanning dependencies of target vector_map_msgs_generate_messages_eus[0m
[35m[1mScanning dependencies of target visualization_msgs_generate_messages_py[0m
[35m[1mScanning dependencies of target sensor_msgs_generate_messages_py[0m
[35m[1mScanning dependencies of target rosgraph_msgs_generate_messages_py[0m
[35m[1mScanning dependencies of target vector_map_server_generate_messages_nodejs[0m
[35m[1mScanning dependencies of target label_maker_autogen[0m
[35m[1mScanning dependencies of target tlr_tuner_autogen[0m
[35m[1mScanning dependencies of target vector_map_server_generate_messages_eus[0m
[  0%] Built target tf2_msgs_generate_messages_lisp
[  0%] Built target tf2_msgs_generate_messages_nodejs
[  0%] Built target tf_generate_messages_lisp
[  0%] Built target visualization_msgs_generate_messages_lisp
[  0%] Built target vector_map_msgs_generate_messages_py
[  0%] Built target visualization_msgs_generate_messages_cpp
[  0%] Built target tf_generate_messages_cpp
[  0%] Built target visualization_msgs_generate_messages_py
[  0%] Built target vector_map_msgs_generate_messages_eus
[  0%] Built target sensor_msgs_generate_messages_py
[  0%] Built target rosgraph_msgs_generate_messages_py
[  2%] [34m[1mAutomatic MOC and UIC for target label_maker[0m
[  5%] [34m[1mAutomatic MOC and UIC for target tlr_tuner[0m
[  5%] Built target vector_map_server_generate_messages_nodejs
[35m[1mScanning dependencies of target std_msgs_generate_messages_lisp[0m
[35m[1mScanning dependencies of target vector_map_server_generate_messages_lisp[0m
[35m[1mScanning dependencies of target roscpp_generate_messages_lisp[0m
[  5%] Built target vector_map_server_generate_messages_eus
[35m[1mScanning dependencies of target roscpp_generate_messages_eus[0m
[35m[1mScanning dependencies of target vector_map_server_generate_messages_cpp[0m
[35m[1mScanning dependencies of target actionlib_generate_messages_py[0m
[35m[1mScanning dependencies of target autoware_msgs_generate_messages_cpp[0m
[35m[1mScanning dependencies of target visualization_msgs_generate_messages_eus[0m
[35m[1mScanning dependencies of target roscpp_generate_messages_cpp[0m
[35m[1mScanning dependencies of target pcl_msgs_generate_messages_py[0m
[35m[1mScanning dependencies of target vector_map_server_generate_messages_py[0m
[35m[1mScanning dependencies of target jsk_recognition_msgs_generate_messages_nodejs[0m
[35m[1mScanning dependencies of target jsk_recognition_msgs_generate_messages_py[0m
[  5%] Built target roscpp_generate_messages_eus
[  5%] Built target vector_map_server_generate_messages_lisp
[  5%] Built target vector_map_server_generate_messages_cpp
[  5%] Built target roscpp_generate_messages_lisp
[  5%] Built target std_msgs_generate_messages_lisp
[  5%] Built target autoware_msgs_generate_messages_cpp
[  5%] Built target roscpp_generate_messages_cpp
[  5%] Built target pcl_msgs_generate_messages_py
[  5%] Built target visualization_msgs_generate_messages_eus
[  5%] Built target actionlib_generate_messages_py
[  5%] Built target vector_map_server_generate_messages_py
[35m[1mScanning dependencies of target pcl_msgs_generate_messages_cpp[0m
[  5%] Built target jsk_recognition_msgs_generate_messages_nodejs
[35m[1mScanning dependencies of target autoware_msgs_generate_messages_nodejs[0m
[  5%] Built target jsk_recognition_msgs_generate_messages_py
[35m[1mScanning dependencies of target jsk_footstep_msgs_generate_messages_cpp[0m
[35m[1mScanning dependencies of target autoware_msgs_generate_messages_lisp[0m
[35m[1mScanning dependencies of target pcl_msgs_generate_messages_nodejs[0m
[35m[1mScanning dependencies of target visualization_msgs_generate_messages_nodejs[0m
[35m[1mScanning dependencies of target pcl_msgs_generate_messages_eus[0m
[35m[1mScanning dependencies of target jsk_footstep_msgs_generate_messages_eus[0m
[35m[1mScanning dependencies of target rosgraph_msgs_generate_messages_cpp[0m
[  5%] Built target pcl_msgs_generate_messages_cpp
[  5%] Built target autoware_msgs_generate_messages_nodejs
[  5%] Built target jsk_footstep_msgs_generate_messages_cpp
[  5%] Built target autoware_msgs_generate_messages_lisp
[  5%] Built target visualization_msgs_generate_messages_nodejs
[  5%] Built target pcl_msgs_generate_messages_nodejs
[  5%] Built target pcl_msgs_generate_messages_eus
[  5%] Built target rosgraph_msgs_generate_messages_cpp
[  5%] Built target jsk_footstep_msgs_generate_messages_eus
[35m[1mScanning dependencies of target feat_proj_autogen[0m
[35m[1mScanning dependencies of target tl_switch_autogen[0m
[35m[1mScanning dependencies of target libcontext_autogen[0m
[  8%] [34m[1mAutomatic MOC and UIC for target feat_proj[0m
[ 11%] [34m[1mAutomatic MOC and UIC for target tl_switch[0m
[ 13%] [34m[1mAutomatic MOC and UIC for target libcontext[0m
[ 13%] Built target feat_proj_autogen
[35m[1mScanning dependencies of target feat_proj[0m
[ 13%] Built target tl_switch_autogen
[ 13%] Built target libcontext_autogen
[35m[1mScanning dependencies of target tl_switch[0m
[35m[1mScanning dependencies of target libcontext[0m
[ 13%] Built target tlr_tuner_autogen
[ 16%] [34m[1mGenerating ui_mainwindow.h[0m
[ 19%] [32mBuilding CXX object CMakeFiles/libcontext.dir/libcontext_autogen/mocs_compilation.cpp.o[0m
[ 22%] [32mBuilding CXX object CMakeFiles/libcontext.dir/lib/Context.cpp.o[0m
[ 22%] Built target label_maker_autogen
[35m[1mScanning dependencies of target tlr_tuner[0m
[ 25%] [34m[1mGenerating ui_label_maker_gui.h[0m
[ 27%] [32mBuilding CXX object CMakeFiles/tl_switch.dir/nodes/tl_switch/tl_switch.cpp.o[0m
[ 30%] [32mBuilding CXX object CMakeFiles/tl_switch.dir/tl_switch_autogen/mocs_compilation.cpp.o[0m
[35m[1mScanning dependencies of target label_maker[0m
[ 33%] [32mBuilding CXX object CMakeFiles/feat_proj.dir/nodes/feat_proj/feat_proj.cpp.o[0m
[ 36%] [32mBuilding CXX object CMakeFiles/feat_proj.dir/feat_proj_autogen/mocs_compilation.cpp.o[0m
[ 38%] [32mBuilding CXX object CMakeFiles/label_maker.dir/nodes/label_maker/file_system_operator.cpp.o[0m
[ 41%] [32mBuilding CXX object CMakeFiles/label_maker.dir/nodes/label_maker/custom_graphics_view.cpp.o[0m
[ 44%] [32mBuilding CXX object CMakeFiles/label_maker.dir/nodes/label_maker/label_maker.cpp.o[0m
[ 50%] [32mBuilding CXX object CMakeFiles/label_maker.dir/nodes/label_maker/label_maker_gui.cpp.o[0m
[ 50%] [32mBuilding CXX object CMakeFiles/label_maker.dir/label_maker_autogen/mocs_compilation.cpp.o[0m
[ 52%] [32mBuilding CXX object CMakeFiles/tlr_tuner.dir/nodes/tlr_tuner/tlr_tuner.cpp.o[0m
[ 55%] [32mBuilding CXX object CMakeFiles/tlr_tuner.dir/nodes/tlr_tuner/mainwindow.cpp.o[0m
[ 61%] [32mBuilding CXX object CMakeFiles/tlr_tuner.dir/nodes/tlr_tuner/tunerBody.cpp.o[0m
[ 61%] [32mBuilding CXX object CMakeFiles/tlr_tuner.dir/tlr_tuner_autogen/mocs_compilation.cpp.o[0m
[ 63%] [32m[1mLinking CXX shared library devel/lib/liblibcontext.so[0m
[ 63%] Built target libcontext
[35m[1mScanning dependencies of target region_tlr_autogen[0m
[35m[1mScanning dependencies of target roi_extractor_autogen[0m
[ 66%] [34m[1mAutomatic MOC and UIC for target region_tlr[0m
[ 69%] [34m[1mAutomatic MOC and UIC for target roi_extractor[0m
[ 69%] Built target region_tlr_autogen
[35m[1mScanning dependencies of target region_tlr[0m
[ 69%] Built target roi_extractor_autogen
[35m[1mScanning dependencies of target roi_extractor[0m
[ 72%] [32mBuilding CXX object CMakeFiles/roi_extractor.dir/nodes/roi_extractor/roi_extractor.cpp.o[0m
[ 75%] [32mBuilding CXX object CMakeFiles/roi_extractor.dir/roi_extractor_autogen/mocs_compilation.cpp.o[0m
[ 77%] [32mBuilding CXX object CMakeFiles/region_tlr.dir/nodes/region_tlr/region_tlr.cpp.o[0m
[ 80%] [32mBuilding CXX object CMakeFiles/region_tlr.dir/region_tlr_autogen/mocs_compilation.cpp.o[0m
[ 83%] [32mBuilding CXX object CMakeFiles/region_tlr.dir/nodes/region_tlr/TrafficLightDetector.cpp.o[0m
[ 86%] [32m[1mLinking CXX executable devel/lib/trafficlight_recognizer/tl_switch[0m
[ 88%] [32m[1mLinking CXX executable devel/lib/trafficlight_recognizer/label_maker[0m
[ 88%] Built target tl_switch
[ 88%] Built target label_maker
[ 91%] [32m[1mLinking CXX executable devel/lib/trafficlight_recognizer/tlr_tuner[0m
[ 94%] [32m[1mLinking CXX executable devel/lib/trafficlight_recognizer/roi_extractor[0m
[ 94%] Built target tlr_tuner
[ 94%] Built target roi_extractor
[ 97%] [32m[1mLinking CXX executable devel/lib/trafficlight_recognizer/region_tlr[0m
[ 97%] Built target region_tlr
[100%] [32m[1mLinking CXX executable devel/lib/trafficlight_recognizer/feat_proj[0m
[100%] Built target feat_proj
[35m[1mScanning dependencies of target tests[0m
Built target tests
[  0%] Built target autoware_msgs_generate_messages_py
[  0%] Built target vector_map_msgs_generate_messages_nodejs
[  0%] Built target actionlib_msgs_generate_messages_cpp
[  0%] Built target jsk_footstep_msgs_generate_messages_py
[  0%] Built target actionlib_generate_messages_lisp
[  0%] Built target vector_map_msgs_generate_messages_lisp
[  0%] Built target tf2_msgs_generate_messages_py
[  0%] Built target sensor_msgs_generate_messages_lisp
[  0%] Built target actionlib_msgs_generate_messages_lisp
[  0%] Built target std_msgs_generate_messages_cpp
[  0%] Built target actionlib_msgs_generate_messages_nodejs
[  0%] Built target actionlib_msgs_generate_messages_eus
[  0%] Built target sensor_msgs_generate_messages_eus
[  0%] Built target actionlib_generate_messages_nodejs
[  0%] Built target geometry_msgs_generate_messages_cpp
[  0%] Built target roscpp_generate_messages_eus
[  0%] Built target visualization_msgs_generate_messages_eus
[  0%] Built target autoware_msgs_generate_messages_cpp
[  0%] Built target vector_map_server_generate_messages_py
[  0%] Built target roscpp_generate_messages_lisp
[  0%] Built target pcl_msgs_generate_messages_py
[  0%] Built target roscpp_generate_messages_nodejs
[  0%] Built target roscpp_generate_messages_cpp
[  0%] Built target actionlib_generate_messages_py
[  0%] Built target std_msgs_generate_messages_py
[  0%] Built target jsk_recognition_msgs_generate_messages_eus
[  0%] Built target sensor_msgs_generate_messages_py
[  0%] Built target actionlib_generate_messages_cpp
[  0%] Built target rosgraph_msgs_generate_messages_nodejs
[  0%] Built target roscpp_generate_messages_py
[  0%] Built target rosgraph_msgs_generate_messages_lisp
[  0%] Built target tf_generate_messages_eus
[  0%] Built target tf_generate_messages_nodejs
[  0%] Built target rosgraph_msgs_generate_messages_py
[  0%] Built target tf_generate_messages_py
[  0%] Built target tf_generate_messages_lisp
[  0%] Built target std_msgs_generate_messages_eus
[  0%] Built target rosgraph_msgs_generate_messages_eus
[  0%] Built target actionlib_generate_messages_eus
[  0%] Built target tf2_msgs_generate_messages_cpp
[  0%] Built target tf2_msgs_generate_messages_nodejs
[  0%] Built target tf2_msgs_generate_messages_eus
[  0%] Built target visualization_msgs_generate_messages_cpp
[  0%] Built target tf2_msgs_generate_messages_lisp
[  0%] Built target vector_map_msgs_generate_messages_py
[  0%] Built target vector_map_msgs_generate_messages_eus
[  0%] Built target visualization_msgs_generate_messages_lisp
[  0%] Built target tf_generate_messages_cpp
[  0%] Built target sensor_msgs_generate_messages_nodejs
[  0%] Built target vector_map_server_generate_messages_lisp
[  0%] Built target vector_map_server_generate_messages_cpp
[  0%] Built target vector_map_server_generate_messages_nodejs
[  0%] Built target std_msgs_generate_messages_lisp
[  2%] [34m[1mAutomatic MOC and UIC for target label_maker[0m
[  5%] Built target sensor_msgs_generate_messages_cpp
[  5%] [34m[1mAutomatic MOC and UIC for target tlr_tuner[0m
[  5%] Built target vector_map_server_generate_messages_eus
[  5%] Built target visualization_msgs_generate_messages_py
[  5%] Built target jsk_recognition_msgs_generate_messages_cpp
[  5%] Built target jsk_footstep_msgs_generate_messages_lisp
[  5%] Built target autoware_msgs_generate_messages_eus
[  5%] Built target pcl_msgs_generate_messages_lisp
[  5%] Built target geometry_msgs_generate_messages_eus
[  5%] Built target geometry_msgs_generate_messages_nodejs
[  5%] Built target label_maker_autogen
[  5%] Built target tlr_tuner_autogen
[  5%] Built target geometry_msgs_generate_messages_py
[  5%] Built target jsk_recognition_msgs_generate_messages_lisp
[  5%] Built target geometry_msgs_generate_messages_lisp
[  5%] Built target std_msgs_generate_messages_nodejs
[  5%] Built target actionlib_msgs_generate_messages_py
[  5%] Built target pcl_msgs_generate_messages_cpp
[  5%] Built target autoware_msgs_generate_messages_nodejs
[  5%] Built target jsk_recognition_msgs_generate_messages_nodejs
[  5%] Built target rosgraph_msgs_generate_messages_cpp
[  5%] Built target pcl_msgs_generate_messages_eus
[  5%] Built target jsk_footstep_msgs_generate_messages_cpp
[  5%] Built target jsk_recognition_msgs_generate_messages_py
[  5%] Built target jsk_footstep_msgs_generate_messages_eus
[  5%] Built target pcl_msgs_generate_messages_nodejs
[  5%] Built target autoware_msgs_generate_messages_lisp
[  5%] Built target jsk_footstep_msgs_generate_messages_nodejs
[  5%] Built target vector_map_msgs_generate_messages_cpp
[  5%] Built target visualization_msgs_generate_messages_nodejs
[ 11%] [34m[1mAutomatic MOC and UIC for target feat_proj[0m
[ 11%] [34m[1mAutomatic MOC and UIC for target libcontext[0m
[ 16%] [34m[1mAutomatic MOC and UIC for target tl_switch[0m
[ 30%] Built target tlr_tuner
[ 50%] Built target label_maker
[ 50%] Built target feat_proj_autogen
[ 50%] Built target libcontext_autogen
[ 50%] Built target tl_switch_autogen
[ 58%] Built target libcontext
[ 66%] Built target tl_switch
[ 69%] [34m[1mAutomatic MOC and UIC for target region_tlr[0m
[ 72%] [34m[1mAutomatic MOC and UIC for target roi_extractor[0m
[ 72%] Built target roi_extractor_autogen
[ 72%] Built target region_tlr_autogen
[ 80%] Built target feat_proj
[ 91%] Built target region_tlr
[100%] Built target roi_extractor
[36mInstall the project...[0m
-- Install configuration: "Release"
-- Installing: /home/muyangren907/autoware/autoware.ai/1.12.0_cuda/install/trafficlight_recognizer/lib/pkgconfig/trafficlight_recognizer.pc
-- Installing: /home/muyangren907/autoware/autoware.ai/1.12.0_cuda/install/trafficlight_recognizer/share/trafficlight_recognizer/cmake/trafficlight_recognizerConfig.cmake
-- Installing: /home/muyangren907/autoware/autoware.ai/1.12.0_cuda/install/trafficlight_recognizer/share/trafficlight_recognizer/cmake/trafficlight_recognizerConfig-version.cmake
-- Installing: /home/muyangren907/autoware/autoware.ai/1.12.0_cuda/install/trafficlight_recognizer/share/trafficlight_recognizer/package.xml
-- Installing: /home/muyangren907/autoware/autoware.ai/1.12.0_cuda/install/trafficlight_recognizer/lib/trafficlight_recognizer/region_tlr
-- Set runtime path of "/home/muyangren907/autoware/autoware.ai/1.12.0_cuda/install/trafficlight_recognizer/lib/trafficlight_recognizer/region_tlr" to ""
-- Installing: /home/muyangren907/autoware/autoware.ai/1.12.0_cuda/install/trafficlight_recognizer/lib/trafficlight_recognizer/feat_proj
-- Set runtime path of "/home/muyangren907/autoware/autoware.ai/1.12.0_cuda/install/trafficlight_recognizer/lib/trafficlight_recognizer/feat_proj" to ""
-- Installing: /home/muyangren907/autoware/autoware.ai/1.12.0_cuda/install/trafficlight_recognizer/lib/trafficlight_recognizer/tlr_tuner
-- Set runtime path of "/home/muyangren907/autoware/autoware.ai/1.12.0_cuda/install/trafficlight_recognizer/lib/trafficlight_recognizer/tlr_tuner" to ""
-- Installing: /home/muyangren907/autoware/autoware.ai/1.12.0_cuda/install/trafficlight_recognizer/lib/trafficlight_recognizer/roi_extractor
-- Set runtime path of "/home/muyangren907/autoware/autoware.ai/1.12.0_cuda/install/trafficlight_recognizer/lib/trafficlight_recognizer/roi_extractor" to ""
-- Installing: /home/muyangren907/autoware/autoware.ai/1.12.0_cuda/install/trafficlight_recognizer/lib/trafficlight_recognizer/label_maker
-- Set runtime path of "/home/muyangren907/autoware/autoware.ai/1.12.0_cuda/install/trafficlight_recognizer/lib/trafficlight_recognizer/label_maker" to ""
-- Installing: /home/muyangren907/autoware/autoware.ai/1.12.0_cuda/install/trafficlight_recognizer/lib/liblibcontext.so
-- Installing: /home/muyangren907/autoware/autoware.ai/1.12.0_cuda/install/trafficlight_recognizer/lib/trafficlight_recognizer/tl_switch
-- Set runtime path of "/home/muyangren907/autoware/autoware.ai/1.12.0_cuda/install/trafficlight_recognizer/lib/trafficlight_recognizer/tl_switch" to ""
-- Installing: /home/muyangren907/autoware/autoware.ai/1.12.0_cuda/install/trafficlight_recognizer/include/trafficlight_recognizer/include
-- Installing: /home/muyangren907/autoware/autoware.ai/1.12.0_cuda/install/trafficlight_recognizer/include/trafficlight_recognizer/include/TrafficLight.h
-- Installing: /home/muyangren907/autoware/autoware.ai/1.12.0_cuda/install/trafficlight_recognizer/include/trafficlight_recognizer/include/Context.h
-- Installing: /home/muyangren907/autoware/autoware.ai/1.12.0_cuda/install/trafficlight_recognizer/share/trafficlight_recognizer/launch
-- Installing: /home/muyangren907/autoware/autoware.ai/1.12.0_cuda/install/trafficlight_recognizer/share/trafficlight_recognizer/launch/traffic_light_recognition_ssd.launch
-- Installing: /home/muyangren907/autoware/autoware.ai/1.12.0_cuda/install/trafficlight_recognizer/share/trafficlight_recognizer/launch/traffic_light_recognition.launch
-- Installing: /home/muyangren907/autoware/autoware.ai/1.12.0_cuda/install/trafficlight_recognizer/share/trafficlight_recognizer/launch/traffic_light_recognition_mxnet.launch
-- Installing: /home/muyangren907/autoware/autoware.ai/1.12.0_cuda/install/trafficlight_recognizer/share/trafficlight_recognizer/launch/roi_extractor.launch
-- Installing: /home/muyangren907/autoware/autoware.ai/1.12.0_cuda/install/trafficlight_recognizer/share/trafficlight_recognizer/launch/feat_proj.launch
