Determining if the pthread_create exist failed with the following output:
Change Dir: /home/muyangren907/autoware/autoware.ai/1.12.0_cuda/build/as/CMakeFiles/CMakeTmp

Run Build Command:"/usr/bin/make" "cmTC_1442e/fast"
/usr/bin/make -f CMakeFiles/cmTC_1442e.dir/build.make CMakeFiles/cmTC_1442e.dir/build
make[1]: Entering directory '/home/muyangren907/autoware/autoware.ai/1.12.0_cuda/build/as/CMakeFiles/CMakeTmp'
Building C object CMakeFiles/cmTC_1442e.dir/CheckSymbolExists.c.o
/usr/bin/cc    -o CMakeFiles/cmTC_1442e.dir/CheckSymbolExists.c.o   -c /home/muyangren907/autoware/autoware.ai/1.12.0_cuda/build/as/CMakeFiles/CMakeTmp/CheckSymbolExists.c
Linking C executable cmTC_1442e
/usr/local/lib/python2.7/dist-packages/cmake/data/bin/cmake -E cmake_link_script CMakeFiles/cmTC_1442e.dir/link.txt --verbose=1
/usr/bin/cc      -rdynamic CMakeFiles/cmTC_1442e.dir/CheckSymbolExists.c.o  -o cmTC_1442e 
CMakeFiles/cmTC_1442e.dir/CheckSymbolExists.c.o: In function `main':
CheckSymbolExists.c:(.text+0x1b): undefined reference to `pthread_create'
collect2: error: ld returned 1 exit status
CMakeFiles/cmTC_1442e.dir/build.make:86: recipe for target 'cmTC_1442e' failed
make[1]: *** [cmTC_1442e] Error 1
make[1]: Leaving directory '/home/muyangren907/autoware/autoware.ai/1.12.0_cuda/build/as/CMakeFiles/CMakeTmp'
Makefile:121: recipe for target 'cmTC_1442e/fast' failed
make: *** [cmTC_1442e/fast] Error 2

File /home/muyangren907/autoware/autoware.ai/1.12.0_cuda/build/as/CMakeFiles/CMakeTmp/CheckSymbolExists.c:
/* */
#include <pthread.h>

int main(int argc, char** argv)
{
  (void)argv;
#ifndef pthread_create
  return ((int*)(&pthread_create))[argc];
#else
  (void)argc;
  return 0;
#endif
}

Determining if the function pthread_create exists in the pthreads failed with the following output:
Change Dir: /home/muyangren907/autoware/autoware.ai/1.12.0_cuda/build/as/CMakeFiles/CMakeTmp

Run Build Command:"/usr/bin/make" "cmTC_acabf/fast"
/usr/bin/make -f CMakeFiles/cmTC_acabf.dir/build.make CMakeFiles/cmTC_acabf.dir/build
make[1]: Entering directory '/home/muyangren907/autoware/autoware.ai/1.12.0_cuda/build/as/CMakeFiles/CMakeTmp'
Building C object CMakeFiles/cmTC_acabf.dir/CheckFunctionExists.c.o
/usr/bin/cc   -DCHECK_FUNCTION_EXISTS=pthread_create   -o CMakeFiles/cmTC_acabf.dir/CheckFunctionExists.c.o   -c /usr/local/lib/python2.7/dist-packages/cmake/data/share/cmake-3.12/Modules/CheckFunctionExists.c
Linking C executable cmTC_acabf
/usr/local/lib/python2.7/dist-packages/cmake/data/bin/cmake -E cmake_link_script CMakeFiles/cmTC_acabf.dir/link.txt --verbose=1
/usr/bin/cc  -DCHECK_FUNCTION_EXISTS=pthread_create    -rdynamic CMakeFiles/cmTC_acabf.dir/CheckFunctionExists.c.o  -o cmTC_acabf -lpthreads 
/usr/bin/ld: cannot find -lpthreads
collect2: error: ld returned 1 exit status
CMakeFiles/cmTC_acabf.dir/build.make:86: recipe for target 'cmTC_acabf' failed
make[1]: *** [cmTC_acabf] Error 1
make[1]: Leaving directory '/home/muyangren907/autoware/autoware.ai/1.12.0_cuda/build/as/CMakeFiles/CMakeTmp'
Makefile:121: recipe for target 'cmTC_acabf/fast' failed
make: *** [cmTC_acabf/fast] Error 2


