[35m[1mScanning dependencies of target actionlib_generate_messages_eus[0m
[35m[1mScanning dependencies of target jsk_recognition_msgs_generate_messages_cpp[0m
[35m[1mScanning dependencies of target actionlib_msgs_generate_messages_nodejs[0m
[35m[1mScanning dependencies of target std_msgs_generate_messages_nodejs[0m
[35m[1mScanning dependencies of target std_msgs_generate_messages_py[0m
[35m[1mScanning dependencies of target actionlib_msgs_generate_messages_lisp[0m
[35m[1mScanning dependencies of target autoware_msgs_generate_messages_py[0m
[35m[1mScanning dependencies of target _vector_map_server_generate_messages_check_deps_GetCrossRoad[0m
[35m[1mScanning dependencies of target sensor_msgs_generate_messages_lisp[0m
[35m[1mScanning dependencies of target _vector_map_server_generate_messages_check_deps_GetWhiteLine[0m
[35m[1mScanning dependencies of target _vector_map_server_generate_messages_check_deps_GetRoadMark[0m
[35m[1mScanning dependencies of target _vector_map_server_generate_messages_check_deps_GetDriveOnPortion[0m
[35m[1mScanning dependencies of target _vector_map_server_generate_messages_check_deps_GetCurveMirror[0m
[35m[1mScanning dependencies of target _vector_map_server_generate_messages_check_deps_GetUtilityPole[0m
[35m[1mScanning dependencies of target _vector_map_server_generate_messages_check_deps_GetCurb[0m
[35m[1mScanning dependencies of target _vector_map_server_generate_messages_check_deps_GetSignal[0m
[  0%] Built target actionlib_msgs_generate_messages_nodejs
[  0%] Built target actionlib_generate_messages_eus
[  0%] Built target actionlib_msgs_generate_messages_lisp
[  0%] Built target jsk_recognition_msgs_generate_messages_cpp
[  0%] Built target autoware_msgs_generate_messages_py
[  0%] Built target std_msgs_generate_messages_py
[  0%] Built target sensor_msgs_generate_messages_lisp
[  0%] Built target std_msgs_generate_messages_nodejs
[35m[1mScanning dependencies of target _vector_map_server_generate_messages_check_deps_GetRoadPole[0m
[35m[1mScanning dependencies of target _vector_map_server_generate_messages_check_deps_GetSideWalk[0m
[35m[1mScanning dependencies of target _vector_map_server_generate_messages_check_deps_GetRoadSign[0m
[35m[1mScanning dependencies of target _vector_map_server_generate_messages_check_deps_GetNode[0m
[35m[1mScanning dependencies of target _vector_map_server_generate_messages_check_deps_GetFence[0m
[35m[1mScanning dependencies of target _vector_map_server_generate_messages_check_deps_GetWayArea[0m
[35m[1mScanning dependencies of target _vector_map_server_generate_messages_check_deps_GetRailCrossing[0m
[35m[1mScanning dependencies of target geometry_msgs_generate_messages_nodejs[0m
[  0%] Built target geometry_msgs_generate_messages_nodejs
[35m[1mScanning dependencies of target _vector_map_server_generate_messages_check_deps_GetDTLane[0m
[  0%] Built target _vector_map_server_generate_messages_check_deps_GetDriveOnPortion
[  0%] Built target _vector_map_server_generate_messages_check_deps_GetRoadMark
[  0%] Built target _vector_map_server_generate_messages_check_deps_GetWhiteLine
[  0%] Built target _vector_map_server_generate_messages_check_deps_GetCrossRoad
[  0%] Built target _vector_map_server_generate_messages_check_deps_GetCurb
[35m[1mScanning dependencies of target _vector_map_server_generate_messages_check_deps_GetWall[0m
[35m[1mScanning dependencies of target _vector_map_server_generate_messages_check_deps_GetZebraZone[0m
[  0%] Built target _vector_map_server_generate_messages_check_deps_GetCurveMirror
[  0%] Built target _vector_map_server_generate_messages_check_deps_GetUtilityPole
[  0%] Built target _vector_map_server_generate_messages_check_deps_GetSignal
[  0%] Built target _vector_map_server_generate_messages_check_deps_GetRoadSign
[35m[1mScanning dependencies of target _vector_map_server_generate_messages_check_deps_GetStreetLight[0m
[35m[1mScanning dependencies of target _vector_map_server_generate_messages_check_deps_GetGuardRail[0m
[35m[1mScanning dependencies of target vector_map_msgs_generate_messages_nodejs[0m
[35m[1mScanning dependencies of target _vector_map_server_generate_messages_check_deps_GetGutter[0m
[35m[1mScanning dependencies of target _vector_map_server_generate_messages_check_deps_GetSideStrip[0m
[35m[1mScanning dependencies of target _vector_map_server_generate_messages_check_deps_GetRoadEdge[0m
[35m[1mScanning dependencies of target autoware_msgs_generate_messages_nodejs[0m
[  0%] Built target vector_map_msgs_generate_messages_nodejs
[  0%] Built target _vector_map_server_generate_messages_check_deps_GetRoadPole
[  0%] Built target _vector_map_server_generate_messages_check_deps_GetFence
[  0%] Built target _vector_map_server_generate_messages_check_deps_GetNode
[  0%] Built target _vector_map_server_generate_messages_check_deps_GetSideWalk
[35m[1mScanning dependencies of target _vector_map_server_generate_messages_check_deps_PositionState[0m
[  0%] Built target autoware_msgs_generate_messages_nodejs
[35m[1mScanning dependencies of target _vector_map_server_generate_messages_check_deps_GetStopLine[0m
[35m[1mScanning dependencies of target _vector_map_server_generate_messages_check_deps_GetLane[0m
[35m[1mScanning dependencies of target _vector_map_server_generate_messages_check_deps_GetCrossWalk[0m
[35m[1mScanning dependencies of target sensor_msgs_generate_messages_eus[0m
[  0%] Built target _vector_map_server_generate_messages_check_deps_GetRailCrossing
[35m[1mScanning dependencies of target actionlib_msgs_generate_messages_cpp[0m
[  0%] Built target _vector_map_server_generate_messages_check_deps_GetWayArea
[  0%] Built target actionlib_msgs_generate_messages_cpp
[  0%] Built target sensor_msgs_generate_messages_eus
[35m[1mScanning dependencies of target actionlib_generate_messages_nodejs[0m
[35m[1mScanning dependencies of target tf2_msgs_generate_messages_py[0m
[35m[1mScanning dependencies of target actionlib_generate_messages_py[0m
[  0%] Built target actionlib_generate_messages_nodejs
[35m[1mScanning dependencies of target autoware_msgs_generate_messages_cpp[0m
[  0%] Built target tf2_msgs_generate_messages_py
[  0%] Built target _vector_map_server_generate_messages_check_deps_GetDTLane
[  0%] Built target actionlib_generate_messages_py
[  0%] Built target _vector_map_server_generate_messages_check_deps_GetZebraZone
[35m[1mScanning dependencies of target jsk_footstep_msgs_generate_messages_py[0m
[  0%] Built target autoware_msgs_generate_messages_cpp
[  0%] Built target _vector_map_server_generate_messages_check_deps_GetWall
[35m[1mScanning dependencies of target actionlib_generate_messages_lisp[0m
[35m[1mScanning dependencies of target geometry_msgs_generate_messages_eus[0m
[35m[1mScanning dependencies of target vector_map_msgs_generate_messages_eus[0m
[35m[1mScanning dependencies of target autoware_msgs_generate_messages_eus[0m
[  0%] Built target jsk_footstep_msgs_generate_messages_py
[  0%] Built target _vector_map_server_generate_messages_check_deps_GetGuardRail
[  0%] Built target _vector_map_server_generate_messages_check_deps_GetStreetLight
[  0%] Built target _vector_map_server_generate_messages_check_deps_GetSideStrip
[  0%] Built target _vector_map_server_generate_messages_check_deps_GetGutter
[35m[1mScanning dependencies of target geometry_msgs_generate_messages_cpp[0m
[  0%] Built target geometry_msgs_generate_messages_eus
[35m[1mScanning dependencies of target actionlib_msgs_generate_messages_eus[0m
[  0%] Built target actionlib_generate_messages_lisp
[  0%] Built target vector_map_msgs_generate_messages_eus
[  0%] Built target autoware_msgs_generate_messages_eus
[  0%] Built target _vector_map_server_generate_messages_check_deps_GetRoadEdge
[35m[1mScanning dependencies of target vector_map_msgs_generate_messages_cpp[0m
[35m[1mScanning dependencies of target vector_map_msgs_generate_messages_lisp[0m
[35m[1mScanning dependencies of target actionlib_generate_messages_cpp[0m
[35m[1mScanning dependencies of target pcl_msgs_generate_messages_nodejs[0m
[35m[1mScanning dependencies of target rosgraph_msgs_generate_messages_py[0m
[  0%] Built target geometry_msgs_generate_messages_cpp
[35m[1mScanning dependencies of target tf_generate_messages_lisp[0m
[  0%] Built target actionlib_msgs_generate_messages_eus
[35m[1mScanning dependencies of target sensor_msgs_generate_messages_py[0m
[35m[1mScanning dependencies of target rosgraph_msgs_generate_messages_lisp[0m
[35m[1mScanning dependencies of target roscpp_generate_messages_nodejs[0m
[35m[1mScanning dependencies of target tf_generate_messages_eus[0m
[  0%] Built target vector_map_msgs_generate_messages_lisp
[  0%] Built target _vector_map_server_generate_messages_check_deps_PositionState
[  0%] Built target vector_map_msgs_generate_messages_cpp
[  0%] Built target actionlib_generate_messages_cpp
[35m[1mScanning dependencies of target rosgraph_msgs_generate_messages_eus[0m
[  0%] Built target pcl_msgs_generate_messages_nodejs
[  0%] Built target rosgraph_msgs_generate_messages_py
[  0%] Built target tf_generate_messages_lisp
[  0%] Built target _vector_map_server_generate_messages_check_deps_GetStopLine
[35m[1mScanning dependencies of target roscpp_generate_messages_eus[0m
[  0%] Built target sensor_msgs_generate_messages_py
[  0%] Built target _vector_map_server_generate_messages_check_deps_GetCrossWalk
[  0%] Built target rosgraph_msgs_generate_messages_lisp
[  0%] Built target roscpp_generate_messages_nodejs
[  0%] Built target tf_generate_messages_eus
[35m[1mScanning dependencies of target rosgraph_msgs_generate_messages_nodejs[0m
[  0%] Built target _vector_map_server_generate_messages_check_deps_GetLane
[35m[1mScanning dependencies of target geometry_msgs_generate_messages_lisp[0m
[35m[1mScanning dependencies of target autoware_msgs_generate_messages_lisp[0m
[35m[1mScanning dependencies of target actionlib_msgs_generate_messages_py[0m
[35m[1mScanning dependencies of target roscpp_generate_messages_cpp[0m
[  0%] Built target rosgraph_msgs_generate_messages_eus
[35m[1mScanning dependencies of target rosgraph_msgs_generate_messages_cpp[0m
[35m[1mScanning dependencies of target pcl_msgs_generate_messages_eus[0m
[35m[1mScanning dependencies of target jsk_recognition_msgs_generate_messages_eus[0m
[  0%] Built target roscpp_generate_messages_eus
[35m[1mScanning dependencies of target roscpp_generate_messages_py[0m
[35m[1mScanning dependencies of target tf_generate_messages_nodejs[0m
[35m[1mScanning dependencies of target roscpp_generate_messages_lisp[0m
[35m[1mScanning dependencies of target std_msgs_generate_messages_cpp[0m
[35m[1mScanning dependencies of target sensor_msgs_generate_messages_nodejs[0m
[35m[1mScanning dependencies of target geometry_msgs_generate_messages_py[0m
[  0%] Built target rosgraph_msgs_generate_messages_nodejs
[  0%] Built target autoware_msgs_generate_messages_lisp
[  0%] Built target actionlib_msgs_generate_messages_py
[  0%] Built target geometry_msgs_generate_messages_lisp
[35m[1mScanning dependencies of target std_msgs_generate_messages_lisp[0m
[  0%] Built target rosgraph_msgs_generate_messages_cpp
[  0%] Built target roscpp_generate_messages_cpp
[  0%] Built target pcl_msgs_generate_messages_eus
[  0%] Built target roscpp_generate_messages_py
[  0%] Built target jsk_recognition_msgs_generate_messages_eus
[  0%] Built target tf_generate_messages_nodejs
[  0%] Built target geometry_msgs_generate_messages_py
[  0%] Built target sensor_msgs_generate_messages_nodejs
[35m[1mScanning dependencies of target tf_generate_messages_py[0m
[  0%] Built target std_msgs_generate_messages_cpp
[  0%] Built target roscpp_generate_messages_lisp
[35m[1mScanning dependencies of target tf2_msgs_generate_messages_eus[0m
[  0%] Built target std_msgs_generate_messages_lisp
[35m[1mScanning dependencies of target tf2_msgs_generate_messages_lisp[0m
[35m[1mScanning dependencies of target tf2_msgs_generate_messages_cpp[0m
[35m[1mScanning dependencies of target visualization_msgs_generate_messages_cpp[0m
[35m[1mScanning dependencies of target tf2_msgs_generate_messages_nodejs[0m
[35m[1mScanning dependencies of target visualization_msgs_generate_messages_nodejs[0m
[35m[1mScanning dependencies of target jsk_footstep_msgs_generate_messages_lisp[0m
[35m[1mScanning dependencies of target sensor_msgs_generate_messages_cpp[0m
[35m[1mScanning dependencies of target jsk_footstep_msgs_generate_messages_nodejs[0m
[35m[1mScanning dependencies of target visualization_msgs_generate_messages_py[0m
[35m[1mScanning dependencies of target vector_map_msgs_generate_messages_py[0m
[35m[1mScanning dependencies of target tf_generate_messages_cpp[0m
[  0%] Built target tf_generate_messages_py
[35m[1mScanning dependencies of target jsk_footstep_msgs_generate_messages_eus[0m
[35m[1mScanning dependencies of target visualization_msgs_generate_messages_lisp[0m
[35m[1mScanning dependencies of target jsk_recognition_msgs_generate_messages_lisp[0m
[  0%] Built target tf2_msgs_generate_messages_cpp
[  0%] Built target tf2_msgs_generate_messages_lisp
[  0%] Built target tf2_msgs_generate_messages_eus
[  0%] Built target tf2_msgs_generate_messages_nodejs
[  0%] Built target visualization_msgs_generate_messages_cpp
[  0%] Built target jsk_footstep_msgs_generate_messages_lisp
[  0%] Built target visualization_msgs_generate_messages_nodejs
[  0%] Built target sensor_msgs_generate_messages_cpp
[  0%] Built target jsk_footstep_msgs_generate_messages_nodejs
[  0%] Built target vector_map_msgs_generate_messages_py
[  0%] Built target visualization_msgs_generate_messages_py
[  0%] Built target tf_generate_messages_cpp
[  0%] Built target jsk_footstep_msgs_generate_messages_eus
[  0%] Built target jsk_recognition_msgs_generate_messages_lisp
[35m[1mScanning dependencies of target jsk_footstep_msgs_generate_messages_cpp[0m
[  0%] Built target visualization_msgs_generate_messages_lisp
[35m[1mScanning dependencies of target jsk_recognition_msgs_generate_messages_py[0m
[35m[1mScanning dependencies of target jsk_recognition_msgs_generate_messages_nodejs[0m
[35m[1mScanning dependencies of target pcl_msgs_generate_messages_cpp[0m
[35m[1mScanning dependencies of target pcl_msgs_generate_messages_lisp[0m
[35m[1mScanning dependencies of target pcl_msgs_generate_messages_py[0m
[35m[1mScanning dependencies of target std_msgs_generate_messages_eus[0m
[35m[1mScanning dependencies of target visualization_msgs_generate_messages_eus[0m
[35m[1mScanning dependencies of target vector_map_server_generate_messages_nodejs[0m
[  0%] Built target jsk_footstep_msgs_generate_messages_cpp
[35m[1mScanning dependencies of target vector_map_server_generate_messages_cpp[0m
[  0%] Built target jsk_recognition_msgs_generate_messages_py
[  0%] Built target jsk_recognition_msgs_generate_messages_nodejs
[35m[1mScanning dependencies of target vector_map_server_generate_messages_eus[0m
[  0%] Built target pcl_msgs_generate_messages_cpp
[  0%] Built target pcl_msgs_generate_messages_py
[35m[1mScanning dependencies of target vector_map_server_generate_messages_lisp[0m
[35m[1mScanning dependencies of target vector_map_server_generate_messages_py[0m
[  0%] Built target pcl_msgs_generate_messages_lisp
[  0%] Built target visualization_msgs_generate_messages_eus
[  0%] Built target std_msgs_generate_messages_eus
[  0%] [34m[1mGenerating Lisp code from vector_map_server/GetGutter.srv[0m
[  2%] [34m[1mGenerating Javascript code from vector_map_server/GetNode.srv[0m
[  2%] [34m[1mGenerating EusLisp code from vector_map_server/GetGutter.srv[0m
[  2%] [34m[1mGenerating C++ code from vector_map_server/GetGutter.srv[0m
[  3%] [34m[1mGenerating Lisp code from vector_map_server/GetUtilityPole.srv[0m
[  6%] [34m[1mGenerating Javascript code from vector_map_server/GetGutter.srv[0m
[  6%] [34m[1mGenerating Javascript code from vector_map_server/GetUtilityPole.srv[0m
[  6%] [34m[1mGenerating C++ code from vector_map_server/GetUtilityPole.srv[0m
[  6%] [34m[1mGenerating EusLisp code from vector_map_server/GetUtilityPole.srv[0m
[  7%] [34m[1mGenerating C++ code from vector_map_server/GetFence.srv[0m
[  8%] [34m[1mGenerating Javascript code from vector_map_server/GetFence.srv[0m
[  8%] [34m[1mGenerating C++ code from vector_map_server/GetNode.srv[0m
[  9%] [34m[1mGenerating EusLisp code from vector_map_server/GetNode.srv[0m
[ 10%] [34m[1mGenerating Lisp code from vector_map_server/GetNode.srv[0m
[ 11%] [34m[1mGenerating Python code from SRV vector_map_server/GetGutter[0m
[ 11%] [34m[1mGenerating Lisp code from vector_map_server/GetFence.srv[0m
[ 12%] [34m[1mGenerating Lisp code from vector_map_server/GetGuardRail.srv[0m
[ 13%] [34m[1mGenerating EusLisp code from vector_map_server/GetFence.srv[0m
[ 15%] [34m[1mGenerating Lisp code from vector_map_server/GetDTLane.srv[0m
[ 16%] [34m[1mGenerating Javascript code from vector_map_server/GetGuardRail.srv[0m
[ 16%] [34m[1mGenerating Javascript code from vector_map_server/GetDTLane.srv[0m
[ 16%] [34m[1mGenerating Lisp code from vector_map_server/GetStopLine.srv[0m
[ 17%] [34m[1mGenerating Javascript code from vector_map_server/GetStopLine.srv[0m
[ 18%] [34m[1mGenerating C++ code from vector_map_server/GetGuardRail.srv[0m
[ 19%] [34m[1mGenerating Lisp code from vector_map_server/GetSideStrip.srv[0m
[ 19%] [34m[1mGenerating Python code from SRV vector_map_server/GetUtilityPole[0m
[ 19%] [34m[1mGenerating EusLisp code from vector_map_server/GetGuardRail.srv[0m
[ 20%] [34m[1mGenerating EusLisp code from vector_map_server/GetDTLane.srv[0m
[ 20%] [34m[1mGenerating Lisp code from vector_map_server/GetLane.srv[0m
[ 21%] [34m[1mGenerating EusLisp code from vector_map_server/GetStopLine.srv[0m
[ 22%] [34m[1mGenerating Lisp code from vector_map_server/GetRoadSign.srv[0m
[ 23%] [34m[1mGenerating Javascript code from vector_map_server/GetSideStrip.srv[0m
[ 24%] [34m[1mGenerating Lisp code from vector_map_server/GetCrossRoad.srv[0m
[ 24%] [34m[1mGenerating Javascript code from vector_map_server/GetLane.srv[0m
[ 25%] [34m[1mGenerating Javascript code from vector_map_server/GetRoadSign.srv[0m
[ 25%] [34m[1mGenerating Lisp code from vector_map_server/PositionState.srv[0m
[ 25%] [34m[1mGenerating EusLisp code from vector_map_server/GetSideStrip.srv[0m
[ 26%] [34m[1mGenerating Lisp code from vector_map_server/GetRoadMark.srv[0m
[ 27%] [34m[1mGenerating Lisp code from vector_map_server/GetRailCrossing.srv[0m
[ 29%] [34m[1mGenerating Python code from SRV vector_map_server/GetNode[0m
[ 30%] [34m[1mGenerating EusLisp code from vector_map_server/GetLane.srv[0m
[ 31%] [34m[1mGenerating EusLisp code from vector_map_server/GetRoadSign.srv[0m
[ 31%] [34m[1mGenerating EusLisp code from vector_map_server/GetCrossRoad.srv[0m
[ 32%] [34m[1mGenerating Javascript code from vector_map_server/GetCrossRoad.srv[0m
[ 32%] [34m[1mGenerating Lisp code from vector_map_server/GetDriveOnPortion.srv[0m
[ 32%] [34m[1mGenerating Javascript code from vector_map_server/PositionState.srv[0m
[ 33%] [34m[1mGenerating Javascript code from vector_map_server/GetRoadMark.srv[0m
[ 34%] [34m[1mGenerating Lisp code from vector_map_server/GetStreetLight.srv[0m
[ 35%] [34m[1mGenerating Lisp code from vector_map_server/GetRoadEdge.srv[0m
[ 35%] [34m[1mGenerating C++ code from vector_map_server/GetDTLane.srv[0m
[ 35%] [34m[1mGenerating Lisp code from vector_map_server/GetSignal.srv[0m
[ 36%] [34m[1mGenerating C++ code from vector_map_server/GetStopLine.srv[0m
[ 37%] [34m[1mGenerating EusLisp code from vector_map_server/PositionState.srv[0m
[ 38%] [34m[1mGenerating C++ code from vector_map_server/GetSideStrip.srv[0m
[ 39%] [34m[1mGenerating Javascript code from vector_map_server/GetRailCrossing.srv[0m
[ 40%] [34m[1mGenerating Lisp code from vector_map_server/GetWayArea.srv[0m
[ 41%] [34m[1mGenerating EusLisp code from vector_map_server/GetRoadMark.srv[0m
[ 41%] [34m[1mGenerating Javascript code from vector_map_server/GetDriveOnPortion.srv[0m
[ 43%] [34m[1mGenerating Python code from SRV vector_map_server/GetFence[0m
[ 44%] [34m[1mGenerating Javascript code from vector_map_server/GetStreetLight.srv[0m
[ 44%] [34m[1mGenerating Python code from SRV vector_map_server/GetGuardRail[0m
[ 44%] [34m[1mGenerating EusLisp code from vector_map_server/GetRailCrossing.srv[0m
[ 45%] [34m[1mGenerating EusLisp code from vector_map_server/GetDriveOnPortion.srv[0m
[ 46%] [34m[1mGenerating EusLisp code from vector_map_server/GetStreetLight.srv[0m
[ 47%] [34m[1mGenerating Lisp code from vector_map_server/GetSideWalk.srv[0m
[ 47%] [34m[1mGenerating C++ code from vector_map_server/GetLane.srv[0m
[ 47%] [34m[1mGenerating Lisp code from vector_map_server/GetWall.srv[0m
[ 48%] [34m[1mGenerating Javascript code from vector_map_server/GetRoadEdge.srv[0m
[ 48%] [34m[1mGenerating Javascript code from vector_map_server/GetSignal.srv[0m
[ 49%] [34m[1mGenerating Lisp code from vector_map_server/GetWhiteLine.srv[0m
[ 50%] [34m[1mGenerating Javascript code from vector_map_server/GetWayArea.srv[0m
[ 51%] [34m[1mGenerating Python code from SRV vector_map_server/GetDTLane[0m
[ 52%] [34m[1mGenerating Lisp code from vector_map_server/GetCrossWalk.srv[0m
[ 52%] [34m[1mGenerating EusLisp code from vector_map_server/GetRoadEdge.srv[0m
[ 53%] [34m[1mGenerating EusLisp code from vector_map_server/GetSignal.srv[0m
[ 53%] [34m[1mGenerating Lisp code from vector_map_server/GetZebraZone.srv[0m
[ 54%] [34m[1mGenerating Python code from SRV vector_map_server/GetStopLine[0m
[ 55%] [34m[1mGenerating EusLisp code from vector_map_server/GetWayArea.srv[0m
[ 55%] [34m[1mGenerating EusLisp code from vector_map_server/GetSideWalk.srv[0m
[ 55%] [34m[1mGenerating Javascript code from vector_map_server/GetSideWalk.srv[0m
[ 56%] [34m[1mGenerating EusLisp code from vector_map_server/GetWall.srv[0m
[ 58%] [34m[1mGenerating Javascript code from vector_map_server/GetWall.srv[0m
[ 59%] [34m[1mGenerating Lisp code from vector_map_server/GetCurveMirror.srv[0m
[ 60%] [34m[1mGenerating Javascript code from vector_map_server/GetWhiteLine.srv[0m
[ 61%] [34m[1mGenerating Lisp code from vector_map_server/GetCurb.srv[0m
[ 61%] [34m[1mGenerating Lisp code from vector_map_server/GetRoadPole.srv[0m
[ 61%] [34m[1mGenerating Python code from SRV vector_map_server/GetSideStrip[0m
[ 62%] [34m[1mGenerating EusLisp code from vector_map_server/GetWhiteLine.srv[0m
[ 62%] [34m[1mGenerating Javascript code from vector_map_server/GetCrossWalk.srv[0m
[ 63%] [34m[1mGenerating Javascript code from vector_map_server/GetZebraZone.srv[0m
[ 64%] [34m[1mGenerating Javascript code from vector_map_server/GetCurveMirror.srv[0m
[ 64%] [34m[1mGenerating EusLisp code from vector_map_server/GetCrossWalk.srv[0m
[ 65%] [34m[1mGenerating Python code from SRV vector_map_server/GetLane[0m
[ 65%] [34m[1mGenerating Javascript code from vector_map_server/GetCurb.srv[0m
[ 66%] [34m[1mGenerating Javascript code from vector_map_server/GetRoadPole.srv[0m
[ 67%] [34m[1mGenerating EusLisp code from vector_map_server/GetZebraZone.srv[0m
[ 68%] [34m[1mGenerating EusLisp code from vector_map_server/GetCurveMirror.srv[0m
[ 68%] [34m[1mGenerating EusLisp code from vector_map_server/GetCurb.srv[0m
[ 69%] [34m[1mGenerating EusLisp code from vector_map_server/GetRoadPole.srv[0m
[ 69%] Built target vector_map_server_generate_messages_lisp
[ 70%] [34m[1mGenerating EusLisp manifest code for vector_map_server[0m
[ 72%] [34m[1mGenerating C++ code from vector_map_server/GetRoadSign.srv[0m
[ 73%] [34m[1mGenerating C++ code from vector_map_server/GetCrossRoad.srv[0m
[ 74%] [34m[1mGenerating Python code from SRV vector_map_server/GetRoadSign[0m
[ 74%] [34m[1mGenerating Python code from SRV vector_map_server/GetCrossRoad[0m
[ 74%] [34m[1mGenerating C++ code from vector_map_server/PositionState.srv[0m
[ 75%] [34m[1mGenerating Python code from SRV vector_map_server/PositionState[0m
[ 76%] [34m[1mGenerating Python code from SRV vector_map_server/GetRoadMark[0m
[ 76%] [34m[1mGenerating Python code from SRV vector_map_server/GetRailCrossing[0m
[ 77%] [34m[1mGenerating C++ code from vector_map_server/GetRoadMark.srv[0m
[ 78%] [34m[1mGenerating Python code from SRV vector_map_server/GetDriveOnPortion[0m
[ 79%] [34m[1mGenerating Python code from SRV vector_map_server/GetStreetLight[0m
[ 80%] [34m[1mGenerating C++ code from vector_map_server/GetRailCrossing.srv[0m
[ 80%] [34m[1mGenerating C++ code from vector_map_server/GetDriveOnPortion.srv[0m
[ 81%] [34m[1mGenerating C++ code from vector_map_server/GetStreetLight.srv[0m
[ 81%] [34m[1mGenerating Python code from SRV vector_map_server/GetRoadEdge[0m
[ 82%] [34m[1mGenerating Python code from SRV vector_map_server/GetSignal[0m
[ 83%] [34m[1mGenerating Python code from SRV vector_map_server/GetWayArea[0m
[ 83%] [34m[1mGenerating Python code from SRV vector_map_server/GetSideWalk[0m
[ 84%] [34m[1mGenerating Python code from SRV vector_map_server/GetWall[0m
[ 86%] [34m[1mGenerating Python code from SRV vector_map_server/GetWhiteLine[0m
[ 86%] [34m[1mGenerating Python code from SRV vector_map_server/GetCrossWalk[0m
[ 87%] [34m[1mGenerating Python code from SRV vector_map_server/GetZebraZone[0m
[ 88%] [34m[1mGenerating Python code from SRV vector_map_server/GetCurveMirror[0m
[ 88%] [34m[1mGenerating Python code from SRV vector_map_server/GetCurb[0m
[ 89%] [34m[1mGenerating Python code from SRV vector_map_server/GetRoadPole[0m
[ 90%] [34m[1mGenerating C++ code from vector_map_server/GetRoadEdge.srv[0m
[ 90%] [34m[1mGenerating C++ code from vector_map_server/GetSignal.srv[0m
[ 91%] [34m[1mGenerating C++ code from vector_map_server/GetWayArea.srv[0m
[ 92%] [34m[1mGenerating C++ code from vector_map_server/GetSideWalk.srv[0m
[ 92%] [34m[1mGenerating C++ code from vector_map_server/GetWall.srv[0m
[ 93%] [34m[1mGenerating C++ code from vector_map_server/GetWhiteLine.srv[0m
[ 94%] [34m[1mGenerating C++ code from vector_map_server/GetCrossWalk.srv[0m
[ 94%] [34m[1mGenerating C++ code from vector_map_server/GetZebraZone.srv[0m
[ 95%] [34m[1mGenerating C++ code from vector_map_server/GetCurveMirror.srv[0m
[ 96%] [34m[1mGenerating Python srv __init__.py for vector_map_server[0m
[ 96%] [34m[1mGenerating C++ code from vector_map_server/GetCurb.srv[0m
[ 97%] [34m[1mGenerating C++ code from vector_map_server/GetRoadPole.srv[0m
[ 97%] Built target vector_map_server_generate_messages_nodejs
[ 97%] Built target vector_map_server_generate_messages_py
[ 97%] Built target vector_map_server_generate_messages_cpp
[ 97%] Built target vector_map_server_generate_messages_eus
[35m[1mScanning dependencies of target vector_map_client[0m
[35m[1mScanning dependencies of target vector_map_server_generate_messages[0m
[35m[1mScanning dependencies of target vector_map_server[0m
[ 97%] Built target vector_map_server_generate_messages
[ 97%] [32mBuilding CXX object CMakeFiles/vector_map_client.dir/nodes/vector_map_client/vector_map_client.cpp.o[0m
[ 98%] [32mBuilding CXX object CMakeFiles/vector_map_server.dir/nodes/vector_map_server/vector_map_server.cpp.o[0m
[100%] [32m[1mLinking CXX executable /home/myr907/autoware.ai/devel/.private/vector_map_server/lib/vector_map_server/vector_map_client[0m
[100%] Built target vector_map_client
[01m[K/home/myr907/autoware.ai/src/autoware/common/vector_map_server/nodes/vector_map_server/vector_map_server.cpp:315:19:[m[K [01;35m[Kwarning: [m[K‘[01m[Kstd::vector<vector_map_msgs::Lane_<std::allocator<void> >, std::allocator<vector_map_msgs::Lane_<std::allocator<void> > > > {anonymous}::findNearLanes(const vector_map::VectorMap&, const std::vector<vector_map_msgs::Lane_<std::allocator<void> >, std::allocator<vector_map_msgs::Lane_<std::allocator<void> > > >&, const Point&, double)[m[K’ defined but not used [[01;35m[K-Wunused-function[m[K]
 std::vector<Lane> [01;35m[KfindNearLanes[m[K(const VectorMap& vmap, const std::vector<Lane>& lanes, const Point& base_point,
                   [01;35m[K^~~~~~~~~~~~~[m[K
[01m[K/home/myr907/autoware.ai/src/autoware/common/vector_map_server/nodes/vector_map_server/vector_map_server.cpp:102:6:[m[K [01;35m[Kwarning: [m[K‘[01m[Kbool {anonymous}::isMergingLane(const Lane&)[m[K’ defined but not used [[01;35m[K-Wunused-function[m[K]
 bool [01;35m[KisMergingLane[m[K(const Lane& lane)
      [01;35m[K^~~~~~~~~~~~~[m[K
[100%] [32m[1mLinking CXX executable /home/myr907/autoware.ai/devel/.private/vector_map_server/lib/vector_map_server/vector_map_server[0m
[100%] Built target vector_map_server
