Symlinking /home/myr907/autoware.ai/devel/share/roseus/ros/vector_map_server/manifest.l
Symlinking /home/myr907/autoware.ai/devel/share/roseus/ros/vector_map_server/srv/GetSideStrip.l
Symlinking /home/myr907/autoware.ai/devel/share/roseus/ros/vector_map_server/srv/GetGuardRail.l
Symlinking /home/myr907/autoware.ai/devel/share/roseus/ros/vector_map_server/srv/GetWall.l
Symlinking /home/myr907/autoware.ai/devel/share/roseus/ros/vector_map_server/srv/PositionState.l
Symlinking /home/myr907/autoware.ai/devel/share/roseus/ros/vector_map_server/srv/GetStreetLight.l
Symlinking /home/myr907/autoware.ai/devel/share/roseus/ros/vector_map_server/srv/GetStopLine.l
Symlinking /home/myr907/autoware.ai/devel/share/roseus/ros/vector_map_server/srv/GetSignal.l
Symlinking /home/myr907/autoware.ai/devel/share/roseus/ros/vector_map_server/srv/GetWayArea.l
Symlinking /home/myr907/autoware.ai/devel/share/roseus/ros/vector_map_server/srv/GetRailCrossing.l
Symlinking /home/myr907/autoware.ai/devel/share/roseus/ros/vector_map_server/srv/GetRoadPole.l
Symlinking /home/myr907/autoware.ai/devel/share/roseus/ros/vector_map_server/srv/GetUtilityPole.l
Symlinking /home/myr907/autoware.ai/devel/share/roseus/ros/vector_map_server/srv/GetCrossRoad.l
Symlinking /home/myr907/autoware.ai/devel/share/roseus/ros/vector_map_server/srv/GetWhiteLine.l
Symlinking /home/myr907/autoware.ai/devel/share/roseus/ros/vector_map_server/srv/GetSideWalk.l
Symlinking /home/myr907/autoware.ai/devel/share/roseus/ros/vector_map_server/srv/GetRoadSign.l
Symlinking /home/myr907/autoware.ai/devel/share/roseus/ros/vector_map_server/srv/GetDTLane.l
Symlinking /home/myr907/autoware.ai/devel/share/roseus/ros/vector_map_server/srv/GetCurveMirror.l
Symlinking /home/myr907/autoware.ai/devel/share/roseus/ros/vector_map_server/srv/GetCrossWalk.l
Symlinking /home/myr907/autoware.ai/devel/share/roseus/ros/vector_map_server/srv/GetCurb.l
Symlinking /home/myr907/autoware.ai/devel/share/roseus/ros/vector_map_server/srv/GetFence.l
Symlinking /home/myr907/autoware.ai/devel/share/roseus/ros/vector_map_server/srv/GetNode.l
Symlinking /home/myr907/autoware.ai/devel/share/roseus/ros/vector_map_server/srv/GetRoadEdge.l
Symlinking /home/myr907/autoware.ai/devel/share/roseus/ros/vector_map_server/srv/GetLane.l
Symlinking /home/myr907/autoware.ai/devel/share/roseus/ros/vector_map_server/srv/GetDriveOnPortion.l
Symlinking /home/myr907/autoware.ai/devel/share/roseus/ros/vector_map_server/srv/GetRoadMark.l
Symlinking /home/myr907/autoware.ai/devel/share/roseus/ros/vector_map_server/srv/GetZebraZone.l
Symlinking /home/myr907/autoware.ai/devel/share/roseus/ros/vector_map_server/srv/GetGutter.l
Symlinking /home/myr907/autoware.ai/devel/share/common-lisp/ros/vector_map_server/srv/_package_GetRoadSign.lisp
Symlinking /home/myr907/autoware.ai/devel/share/common-lisp/ros/vector_map_server/srv/_package_GetLane.lisp
Symlinking /home/myr907/autoware.ai/devel/share/common-lisp/ros/vector_map_server/srv/GetCurveMirror.lisp
Symlinking /home/myr907/autoware.ai/devel/share/common-lisp/ros/vector_map_server/srv/GetDriveOnPortion.lisp
Symlinking /home/myr907/autoware.ai/devel/share/common-lisp/ros/vector_map_server/srv/_package_GetRoadPole.lisp
Symlinking /home/myr907/autoware.ai/devel/share/common-lisp/ros/vector_map_server/srv/GetNode.lisp
Symlinking /home/myr907/autoware.ai/devel/share/common-lisp/ros/vector_map_server/srv/GetStreetLight.lisp
Symlinking /home/myr907/autoware.ai/devel/share/common-lisp/ros/vector_map_server/srv/_package_GetCurveMirror.lisp
Symlinking /home/myr907/autoware.ai/devel/share/common-lisp/ros/vector_map_server/srv/GetRoadEdge.lisp
Symlinking /home/myr907/autoware.ai/devel/share/common-lisp/ros/vector_map_server/srv/_package_GetGuardRail.lisp
Symlinking /home/myr907/autoware.ai/devel/share/common-lisp/ros/vector_map_server/srv/_package_GetNode.lisp
Symlinking /home/myr907/autoware.ai/devel/share/common-lisp/ros/vector_map_server/srv/GetSideStrip.lisp
Symlinking /home/myr907/autoware.ai/devel/share/common-lisp/ros/vector_map_server/srv/_package_GetRailCrossing.lisp
Symlinking /home/myr907/autoware.ai/devel/share/common-lisp/ros/vector_map_server/srv/_package_GetZebraZone.lisp
Symlinking /home/myr907/autoware.ai/devel/share/common-lisp/ros/vector_map_server/srv/GetRoadSign.lisp
Symlinking /home/myr907/autoware.ai/devel/share/common-lisp/ros/vector_map_server/srv/GetCrossRoad.lisp
Symlinking /home/myr907/autoware.ai/devel/share/common-lisp/ros/vector_map_server/srv/_package_GetRoadMark.lisp
Symlinking /home/myr907/autoware.ai/devel/share/common-lisp/ros/vector_map_server/srv/_package_GetSignal.lisp
Symlinking /home/myr907/autoware.ai/devel/share/common-lisp/ros/vector_map_server/srv/_package_GetWhiteLine.lisp
Symlinking /home/myr907/autoware.ai/devel/share/common-lisp/ros/vector_map_server/srv/_package_GetDriveOnPortion.lisp
Symlinking /home/myr907/autoware.ai/devel/share/common-lisp/ros/vector_map_server/srv/GetStopLine.lisp
Symlinking /home/myr907/autoware.ai/devel/share/common-lisp/ros/vector_map_server/srv/GetFence.lisp
Symlinking /home/myr907/autoware.ai/devel/share/common-lisp/ros/vector_map_server/srv/_package_GetUtilityPole.lisp
Symlinking /home/myr907/autoware.ai/devel/share/common-lisp/ros/vector_map_server/srv/GetWhiteLine.lisp
Symlinking /home/myr907/autoware.ai/devel/share/common-lisp/ros/vector_map_server/srv/_package_GetSideStrip.lisp
Symlinking /home/myr907/autoware.ai/devel/share/common-lisp/ros/vector_map_server/srv/_package_GetFence.lisp
Symlinking /home/myr907/autoware.ai/devel/share/common-lisp/ros/vector_map_server/srv/_package_GetRoadEdge.lisp
Symlinking /home/myr907/autoware.ai/devel/share/common-lisp/ros/vector_map_server/srv/PositionState.lisp
Symlinking /home/myr907/autoware.ai/devel/share/common-lisp/ros/vector_map_server/srv/GetCrossWalk.lisp
Symlinking /home/myr907/autoware.ai/devel/share/common-lisp/ros/vector_map_server/srv/GetRoadPole.lisp
Symlinking /home/myr907/autoware.ai/devel/share/common-lisp/ros/vector_map_server/srv/GetWayArea.lisp
Symlinking /home/myr907/autoware.ai/devel/share/common-lisp/ros/vector_map_server/srv/_package_GetWall.lisp
Symlinking /home/myr907/autoware.ai/devel/share/common-lisp/ros/vector_map_server/srv/_package_GetGutter.lisp
Symlinking /home/myr907/autoware.ai/devel/share/common-lisp/ros/vector_map_server/srv/GetGuardRail.lisp
Symlinking /home/myr907/autoware.ai/devel/share/common-lisp/ros/vector_map_server/srv/_package_GetStopLine.lisp
Symlinking /home/myr907/autoware.ai/devel/share/common-lisp/ros/vector_map_server/srv/vector_map_server-srv.asd
Symlinking /home/myr907/autoware.ai/devel/share/common-lisp/ros/vector_map_server/srv/_package_GetCrossRoad.lisp
Symlinking /home/myr907/autoware.ai/devel/share/common-lisp/ros/vector_map_server/srv/GetUtilityPole.lisp
Symlinking /home/myr907/autoware.ai/devel/share/common-lisp/ros/vector_map_server/srv/_package_GetCurb.lisp
Symlinking /home/myr907/autoware.ai/devel/share/common-lisp/ros/vector_map_server/srv/GetSignal.lisp
Symlinking /home/myr907/autoware.ai/devel/share/common-lisp/ros/vector_map_server/srv/_package_GetStreetLight.lisp
Symlinking /home/myr907/autoware.ai/devel/share/common-lisp/ros/vector_map_server/srv/_package_GetDTLane.lisp
Symlinking /home/myr907/autoware.ai/devel/share/common-lisp/ros/vector_map_server/srv/_package_PositionState.lisp
Symlinking /home/myr907/autoware.ai/devel/share/common-lisp/ros/vector_map_server/srv/GetSideWalk.lisp
Symlinking /home/myr907/autoware.ai/devel/share/common-lisp/ros/vector_map_server/srv/GetRoadMark.lisp
Symlinking /home/myr907/autoware.ai/devel/share/common-lisp/ros/vector_map_server/srv/_package_GetWayArea.lisp
Symlinking /home/myr907/autoware.ai/devel/share/common-lisp/ros/vector_map_server/srv/_package_GetSideWalk.lisp
Symlinking /home/myr907/autoware.ai/devel/share/common-lisp/ros/vector_map_server/srv/GetDTLane.lisp
Symlinking /home/myr907/autoware.ai/devel/share/common-lisp/ros/vector_map_server/srv/_package_GetCrossWalk.lisp
Symlinking /home/myr907/autoware.ai/devel/share/common-lisp/ros/vector_map_server/srv/GetLane.lisp
Symlinking /home/myr907/autoware.ai/devel/share/common-lisp/ros/vector_map_server/srv/GetCurb.lisp
Symlinking /home/myr907/autoware.ai/devel/share/common-lisp/ros/vector_map_server/srv/GetRailCrossing.lisp
Symlinking /home/myr907/autoware.ai/devel/share/common-lisp/ros/vector_map_server/srv/GetZebraZone.lisp
Symlinking /home/myr907/autoware.ai/devel/share/common-lisp/ros/vector_map_server/srv/GetGutter.lisp
Symlinking /home/myr907/autoware.ai/devel/share/common-lisp/ros/vector_map_server/srv/GetWall.lisp
Symlinking /home/myr907/autoware.ai/devel/share/common-lisp/ros/vector_map_server/srv/_package.lisp
Symlinking /home/myr907/autoware.ai/devel/share/vector_map_server/cmake/vector_map_serverConfig-version.cmake
Symlinking /home/myr907/autoware.ai/devel/share/vector_map_server/cmake/vector_map_serverConfig.cmake
Symlinking /home/myr907/autoware.ai/devel/share/vector_map_server/cmake/vector_map_server-msg-paths.cmake
Symlinking /home/myr907/autoware.ai/devel/share/vector_map_server/cmake/vector_map_server-msg-extras.cmake
Symlinking /home/myr907/autoware.ai/devel/share/gennodejs/ros/vector_map_server/_index.js
Symlinking /home/myr907/autoware.ai/devel/share/gennodejs/ros/vector_map_server/srv/GetSideWalk.js
Symlinking /home/myr907/autoware.ai/devel/share/gennodejs/ros/vector_map_server/srv/GetNode.js
Symlinking /home/myr907/autoware.ai/devel/share/gennodejs/ros/vector_map_server/srv/GetRailCrossing.js
Symlinking /home/myr907/autoware.ai/devel/share/gennodejs/ros/vector_map_server/srv/GetCrossRoad.js
Symlinking /home/myr907/autoware.ai/devel/share/gennodejs/ros/vector_map_server/srv/PositionState.js
Symlinking /home/myr907/autoware.ai/devel/share/gennodejs/ros/vector_map_server/srv/GetWall.js
Symlinking /home/myr907/autoware.ai/devel/share/gennodejs/ros/vector_map_server/srv/GetStreetLight.js
Symlinking /home/myr907/autoware.ai/devel/share/gennodejs/ros/vector_map_server/srv/GetGutter.js
Symlinking /home/myr907/autoware.ai/devel/share/gennodejs/ros/vector_map_server/srv/GetRoadEdge.js
Symlinking /home/myr907/autoware.ai/devel/share/gennodejs/ros/vector_map_server/srv/_index.js
Symlinking /home/myr907/autoware.ai/devel/share/gennodejs/ros/vector_map_server/srv/GetStopLine.js
Symlinking /home/myr907/autoware.ai/devel/share/gennodejs/ros/vector_map_server/srv/GetGuardRail.js
Symlinking /home/myr907/autoware.ai/devel/share/gennodejs/ros/vector_map_server/srv/GetSignal.js
Symlinking /home/myr907/autoware.ai/devel/share/gennodejs/ros/vector_map_server/srv/GetWhiteLine.js
Symlinking /home/myr907/autoware.ai/devel/share/gennodejs/ros/vector_map_server/srv/GetSideStrip.js
Symlinking /home/myr907/autoware.ai/devel/share/gennodejs/ros/vector_map_server/srv/GetFence.js
Symlinking /home/myr907/autoware.ai/devel/share/gennodejs/ros/vector_map_server/srv/GetRoadSign.js
Symlinking /home/myr907/autoware.ai/devel/share/gennodejs/ros/vector_map_server/srv/GetWayArea.js
Symlinking /home/myr907/autoware.ai/devel/share/gennodejs/ros/vector_map_server/srv/GetUtilityPole.js
Symlinking /home/myr907/autoware.ai/devel/share/gennodejs/ros/vector_map_server/srv/GetDTLane.js
Symlinking /home/myr907/autoware.ai/devel/share/gennodejs/ros/vector_map_server/srv/GetDriveOnPortion.js
Symlinking /home/myr907/autoware.ai/devel/share/gennodejs/ros/vector_map_server/srv/GetCurveMirror.js
Symlinking /home/myr907/autoware.ai/devel/share/gennodejs/ros/vector_map_server/srv/GetCrossWalk.js
Symlinking /home/myr907/autoware.ai/devel/share/gennodejs/ros/vector_map_server/srv/GetRoadPole.js
Symlinking /home/myr907/autoware.ai/devel/share/gennodejs/ros/vector_map_server/srv/GetZebraZone.js
Symlinking /home/myr907/autoware.ai/devel/share/gennodejs/ros/vector_map_server/srv/GetCurb.js
Symlinking /home/myr907/autoware.ai/devel/share/gennodejs/ros/vector_map_server/srv/GetLane.js
Symlinking /home/myr907/autoware.ai/devel/share/gennodejs/ros/vector_map_server/srv/GetRoadMark.js
Symlinking /home/myr907/autoware.ai/devel/include/vector_map_server/GetCrossWalkResponse.h
Symlinking /home/myr907/autoware.ai/devel/include/vector_map_server/GetRoadPoleResponse.h
Symlinking /home/myr907/autoware.ai/devel/include/vector_map_server/GetNodeRequest.h
Symlinking /home/myr907/autoware.ai/devel/include/vector_map_server/GetRoadMark.h
Symlinking /home/myr907/autoware.ai/devel/include/vector_map_server/GetCurbRequest.h
Symlinking /home/myr907/autoware.ai/devel/include/vector_map_server/GetUtilityPole.h
Symlinking /home/myr907/autoware.ai/devel/include/vector_map_server/GetLaneResponse.h
Symlinking /home/myr907/autoware.ai/devel/include/vector_map_server/PositionState.h
Symlinking /home/myr907/autoware.ai/devel/include/vector_map_server/GetWhiteLineRequest.h
Symlinking /home/myr907/autoware.ai/devel/include/vector_map_server/GetLane.h
Symlinking /home/myr907/autoware.ai/devel/include/vector_map_server/GetCurveMirror.h
Symlinking /home/myr907/autoware.ai/devel/include/vector_map_server/GetNodeResponse.h
Symlinking /home/myr907/autoware.ai/devel/include/vector_map_server/GetFence.h
Symlinking /home/myr907/autoware.ai/devel/include/vector_map_server/GetGutter.h
Symlinking /home/myr907/autoware.ai/devel/include/vector_map_server/GetUtilityPoleRequest.h
Symlinking /home/myr907/autoware.ai/devel/include/vector_map_server/GetUtilityPoleResponse.h
Symlinking /home/myr907/autoware.ai/devel/include/vector_map_server/GetRoadEdge.h
Symlinking /home/myr907/autoware.ai/devel/include/vector_map_server/GetRoadMarkResponse.h
Symlinking /home/myr907/autoware.ai/devel/include/vector_map_server/GetCrossWalk.h
Symlinking /home/myr907/autoware.ai/devel/include/vector_map_server/GetSideWalkRequest.h
Symlinking /home/myr907/autoware.ai/devel/include/vector_map_server/GetWallRequest.h
Symlinking /home/myr907/autoware.ai/devel/include/vector_map_server/GetCrossWalkRequest.h
Symlinking /home/myr907/autoware.ai/devel/include/vector_map_server/GetWhiteLineResponse.h
Symlinking /home/myr907/autoware.ai/devel/include/vector_map_server/GetSideStripResponse.h
Symlinking /home/myr907/autoware.ai/devel/include/vector_map_server/GetCrossRoad.h
Symlinking /home/myr907/autoware.ai/devel/include/vector_map_server/GetDriveOnPortionResponse.h
Symlinking /home/myr907/autoware.ai/devel/include/vector_map_server/GetSignalResponse.h
Symlinking /home/myr907/autoware.ai/devel/include/vector_map_server/GetFenceResponse.h
Symlinking /home/myr907/autoware.ai/devel/include/vector_map_server/GetWayArea.h
Symlinking /home/myr907/autoware.ai/devel/include/vector_map_server/GetGutterRequest.h
Symlinking /home/myr907/autoware.ai/devel/include/vector_map_server/GetNode.h
Symlinking /home/myr907/autoware.ai/devel/include/vector_map_server/GetDTLane.h
Symlinking /home/myr907/autoware.ai/devel/include/vector_map_server/GetCurb.h
Symlinking /home/myr907/autoware.ai/devel/include/vector_map_server/GetRailCrossingResponse.h
Symlinking /home/myr907/autoware.ai/devel/include/vector_map_server/GetWayAreaResponse.h
Symlinking /home/myr907/autoware.ai/devel/include/vector_map_server/GetGuardRailRequest.h
Symlinking /home/myr907/autoware.ai/devel/include/vector_map_server/GetStopLine.h
Symlinking /home/myr907/autoware.ai/devel/include/vector_map_server/GetWayAreaRequest.h
Symlinking /home/myr907/autoware.ai/devel/include/vector_map_server/GetSignalRequest.h
Symlinking /home/myr907/autoware.ai/devel/include/vector_map_server/GetZebraZone.h
Symlinking /home/myr907/autoware.ai/devel/include/vector_map_server/GetRailCrossing.h
Symlinking /home/myr907/autoware.ai/devel/include/vector_map_server/GetDriveOnPortion.h
Symlinking /home/myr907/autoware.ai/devel/include/vector_map_server/GetCrossRoadResponse.h
Symlinking /home/myr907/autoware.ai/devel/include/vector_map_server/GetRoadPoleRequest.h
Symlinking /home/myr907/autoware.ai/devel/include/vector_map_server/GetCrossRoadRequest.h
Symlinking /home/myr907/autoware.ai/devel/include/vector_map_server/GetRoadEdgeResponse.h
Symlinking /home/myr907/autoware.ai/devel/include/vector_map_server/GetRoadSignRequest.h
Symlinking /home/myr907/autoware.ai/devel/include/vector_map_server/GetGuardRail.h
Symlinking /home/myr907/autoware.ai/devel/include/vector_map_server/GetSideStrip.h
Symlinking /home/myr907/autoware.ai/devel/include/vector_map_server/GetSideStripRequest.h
Symlinking /home/myr907/autoware.ai/devel/include/vector_map_server/GetStreetLightRequest.h
Symlinking /home/myr907/autoware.ai/devel/include/vector_map_server/GetFenceRequest.h
Symlinking /home/myr907/autoware.ai/devel/include/vector_map_server/GetSideWalk.h
Symlinking /home/myr907/autoware.ai/devel/include/vector_map_server/GetStopLineResponse.h
Symlinking /home/myr907/autoware.ai/devel/include/vector_map_server/GetStreetLight.h
Symlinking /home/myr907/autoware.ai/devel/include/vector_map_server/GetCurbResponse.h
Symlinking /home/myr907/autoware.ai/devel/include/vector_map_server/GetDTLaneRequest.h
Symlinking /home/myr907/autoware.ai/devel/include/vector_map_server/GetCurveMirrorResponse.h
Symlinking /home/myr907/autoware.ai/devel/include/vector_map_server/GetDriveOnPortionRequest.h
Symlinking /home/myr907/autoware.ai/devel/include/vector_map_server/GetCurveMirrorRequest.h
Symlinking /home/myr907/autoware.ai/devel/include/vector_map_server/GetWhiteLine.h
Symlinking /home/myr907/autoware.ai/devel/include/vector_map_server/GetRoadPole.h
Symlinking /home/myr907/autoware.ai/devel/include/vector_map_server/GetGuardRailResponse.h
Symlinking /home/myr907/autoware.ai/devel/include/vector_map_server/GetRoadMarkRequest.h
Symlinking /home/myr907/autoware.ai/devel/include/vector_map_server/GetRoadSign.h
Symlinking /home/myr907/autoware.ai/devel/include/vector_map_server/GetStreetLightResponse.h
Symlinking /home/myr907/autoware.ai/devel/include/vector_map_server/GetZebraZoneResponse.h
Symlinking /home/myr907/autoware.ai/devel/include/vector_map_server/GetLaneRequest.h
Symlinking /home/myr907/autoware.ai/devel/include/vector_map_server/GetGutterResponse.h
Symlinking /home/myr907/autoware.ai/devel/include/vector_map_server/GetRoadSignResponse.h
Symlinking /home/myr907/autoware.ai/devel/include/vector_map_server/PositionStateResponse.h
Symlinking /home/myr907/autoware.ai/devel/include/vector_map_server/GetSideWalkResponse.h
Symlinking /home/myr907/autoware.ai/devel/include/vector_map_server/GetStopLineRequest.h
Symlinking /home/myr907/autoware.ai/devel/include/vector_map_server/PositionStateRequest.h
Symlinking /home/myr907/autoware.ai/devel/include/vector_map_server/GetSignal.h
Symlinking /home/myr907/autoware.ai/devel/include/vector_map_server/GetWall.h
Symlinking /home/myr907/autoware.ai/devel/include/vector_map_server/GetDTLaneResponse.h
Symlinking /home/myr907/autoware.ai/devel/include/vector_map_server/GetZebraZoneRequest.h
Symlinking /home/myr907/autoware.ai/devel/include/vector_map_server/GetWallResponse.h
Symlinking /home/myr907/autoware.ai/devel/include/vector_map_server/GetRailCrossingRequest.h
Symlinking /home/myr907/autoware.ai/devel/include/vector_map_server/GetRoadEdgeRequest.h
Symlinking /home/myr907/autoware.ai/devel/lib/vector_map_server/vector_map_client
Symlinking /home/myr907/autoware.ai/devel/lib/vector_map_server/vector_map_server
Symlinking /home/myr907/autoware.ai/devel/lib/pkgconfig/vector_map_server.pc
Symlinking /home/myr907/autoware.ai/devel/lib/python2.7/dist-packages/vector_map_server/__init__.py
Symlinking /home/myr907/autoware.ai/devel/lib/python2.7/dist-packages/vector_map_server/srv/_GetGuardRail.py
Symlinking /home/myr907/autoware.ai/devel/lib/python2.7/dist-packages/vector_map_server/srv/_GetCurb.py
Symlinking /home/myr907/autoware.ai/devel/lib/python2.7/dist-packages/vector_map_server/srv/_GetDriveOnPortion.py
Symlinking /home/myr907/autoware.ai/devel/lib/python2.7/dist-packages/vector_map_server/srv/_GetRoadEdge.py
Symlinking /home/myr907/autoware.ai/devel/lib/python2.7/dist-packages/vector_map_server/srv/_GetStopLine.py
Symlinking /home/myr907/autoware.ai/devel/lib/python2.7/dist-packages/vector_map_server/srv/_GetRoadSign.py
Symlinking /home/myr907/autoware.ai/devel/lib/python2.7/dist-packages/vector_map_server/srv/_GetWall.py
Symlinking /home/myr907/autoware.ai/devel/lib/python2.7/dist-packages/vector_map_server/srv/_PositionState.py
Symlinking /home/myr907/autoware.ai/devel/lib/python2.7/dist-packages/vector_map_server/srv/_GetWhiteLine.py
Symlinking /home/myr907/autoware.ai/devel/lib/python2.7/dist-packages/vector_map_server/srv/_GetRoadMark.py
Symlinking /home/myr907/autoware.ai/devel/lib/python2.7/dist-packages/vector_map_server/srv/__init__.py
Symlinking /home/myr907/autoware.ai/devel/lib/python2.7/dist-packages/vector_map_server/srv/_GetCrossRoad.py
Symlinking /home/myr907/autoware.ai/devel/lib/python2.7/dist-packages/vector_map_server/srv/_GetSideWalk.py
Symlinking /home/myr907/autoware.ai/devel/lib/python2.7/dist-packages/vector_map_server/srv/_GetStreetLight.py
Symlinking /home/myr907/autoware.ai/devel/lib/python2.7/dist-packages/vector_map_server/srv/_GetDTLane.py
Symlinking /home/myr907/autoware.ai/devel/lib/python2.7/dist-packages/vector_map_server/srv/_GetLane.py
Symlinking /home/myr907/autoware.ai/devel/lib/python2.7/dist-packages/vector_map_server/srv/_GetZebraZone.py
Symlinking /home/myr907/autoware.ai/devel/lib/python2.7/dist-packages/vector_map_server/srv/_GetUtilityPole.py
Symlinking /home/myr907/autoware.ai/devel/lib/python2.7/dist-packages/vector_map_server/srv/_GetNode.py
Symlinking /home/myr907/autoware.ai/devel/lib/python2.7/dist-packages/vector_map_server/srv/_GetRailCrossing.py
Symlinking /home/myr907/autoware.ai/devel/lib/python2.7/dist-packages/vector_map_server/srv/_GetRoadPole.py
Symlinking /home/myr907/autoware.ai/devel/lib/python2.7/dist-packages/vector_map_server/srv/_GetCrossWalk.py
Symlinking /home/myr907/autoware.ai/devel/lib/python2.7/dist-packages/vector_map_server/srv/_GetSideStrip.py
Symlinking /home/myr907/autoware.ai/devel/lib/python2.7/dist-packages/vector_map_server/srv/_GetGutter.py
Symlinking /home/myr907/autoware.ai/devel/lib/python2.7/dist-packages/vector_map_server/srv/_GetFence.py
Symlinking /home/myr907/autoware.ai/devel/lib/python2.7/dist-packages/vector_map_server/srv/_GetWayArea.py
Symlinking /home/myr907/autoware.ai/devel/lib/python2.7/dist-packages/vector_map_server/srv/_GetSignal.py
Symlinking /home/myr907/autoware.ai/devel/lib/python2.7/dist-packages/vector_map_server/srv/_GetCurveMirror.py
