Invoking command in '/home/muyangren907/autoware/autoware.ai/1.12.0_cuda/build/op_simulation_package': CMAKE_PREFIX_PATH=/home/muyangren907/autoware/autoware.ai/1.12.0_cuda/install/op_ros_helpers:/home/muyangren907/autoware/autoware.ai/1.12.0_cuda/install/op_simu:/home/muyangren907/autoware/autoware.ai/1.12.0_cuda/install/op_planner:/home/muyangren907/autoware/autoware.ai/1.12.0_cuda/install/op_utility:/home/muyangren907/autoware/autoware.ai/1.12.0_cuda/install/waypoint_follower:/home/muyangren907/autoware/autoware.ai/1.12.0_cuda/install/vector_map_server:/home/muyangren907/autoware/autoware.ai/1.12.0_cuda/install/map_file:/home/muyangren907/autoware/autoware.ai/1.12.0_cuda/install/vector_map:/home/muyangren907/autoware/autoware.ai/1.12.0_cuda/install/autoware_health_checker:/home/muyangren907/autoware/autoware.ai/1.12.0_cuda/install/amathutils_lib:/home/muyangren907/autoware/autoware.ai/1.12.0_cuda/install/vector_map_msgs:/home/muyangren907/autoware/autoware.ai/1.12.0_cuda/install/tablet_socket_msgs:/home/muyangren907/autoware/autoware.ai/1.12.0_cuda/install/autoware_system_msgs:/home/muyangren907/autoware/autoware.ai/1.12.0_cuda/install/autoware_msgs:/home/muyangren907/autoware/autoware.ai/1.12.0_cuda/install/autoware_config_msgs:/home/muyangren907/autoware/autoware.ai/1.12.0_cuda/install/autoware_build_flags:${CMAKE_PREFIX_PATH} LD_LIBRARY_PATH=/home/muyangren907/autoware/autoware.ai/1.12.0_cuda/install/op_ros_helpers/lib:/home/muyangren907/autoware/autoware.ai/1.12.0_cuda/install/op_simu/lib:/home/muyangren907/autoware/autoware.ai/1.12.0_cuda/install/op_planner/lib:/home/muyangren907/autoware/autoware.ai/1.12.0_cuda/install/op_utility/lib:/home/muyangren907/autoware/autoware.ai/1.12.0_cuda/install/waypoint_follower/lib:/home/muyangren907/autoware/autoware.ai/1.12.0_cuda/install/map_file/lib:/home/muyangren907/autoware/autoware.ai/1.12.0_cuda/install/vector_map/lib:/home/muyangren907/autoware/autoware.ai/1.12.0_cuda/install/autoware_health_checker/lib:/home/muyangren907/autoware/autoware.ai/1.12.0_cuda/install/amathutils_lib/lib:${LD_LIBRARY_PATH} PKG_CONFIG_PATH=/home/muyangren907/autoware/autoware.ai/1.12.0_cuda/install/op_ros_helpers/lib/x86_64-linux-gnu/pkgconfig:/home/muyangren907/autoware/autoware.ai/1.12.0_cuda/install/op_ros_helpers/lib/pkgconfig:/home/muyangren907/autoware/autoware.ai/1.12.0_cuda/install/op_simu/lib/x86_64-linux-gnu/pkgconfig:/home/muyangren907/autoware/autoware.ai/1.12.0_cuda/install/op_simu/lib/pkgconfig:/home/muyangren907/autoware/autoware.ai/1.12.0_cuda/install/op_planner/lib/x86_64-linux-gnu/pkgconfig:/home/muyangren907/autoware/autoware.ai/1.12.0_cuda/install/op_planner/lib/pkgconfig:/home/muyangren907/autoware/autoware.ai/1.12.0_cuda/install/op_utility/lib/x86_64-linux-gnu/pkgconfig:/home/muyangren907/autoware/autoware.ai/1.12.0_cuda/install/op_utility/lib/pkgconfig:/home/muyangren907/autoware/autoware.ai/1.12.0_cuda/install/waypoint_follower/lib/x86_64-linux-gnu/pkgconfig:/home/muyangren907/autoware/autoware.ai/1.12.0_cuda/install/waypoint_follower/lib/pkgconfig:/home/muyangren907/autoware/autoware.ai/1.12.0_cuda/install/vector_map_server/lib/x86_64-linux-gnu/pkgconfig:/home/muyangren907/autoware/autoware.ai/1.12.0_cuda/install/vector_map_server/lib/pkgconfig:/home/muyangren907/autoware/autoware.ai/1.12.0_cuda/install/map_file/lib/x86_64-linux-gnu/pkgconfig:/home/muyangren907/autoware/autoware.ai/1.12.0_cuda/install/map_file/lib/pkgconfig:/home/muyangren907/autoware/autoware.ai/1.12.0_cuda/install/vector_map/lib/x86_64-linux-gnu/pkgconfig:/home/muyangren907/autoware/autoware.ai/1.12.0_cuda/install/vector_map/lib/pkgconfig:/home/muyangren907/autoware/autoware.ai/1.12.0_cuda/install/autoware_health_checker/lib/x86_64-linux-gnu/pkgconfig:/home/muyangren907/autoware/autoware.ai/1.12.0_cuda/install/autoware_health_checker/lib/pkgconfig:/home/muyangren907/autoware/autoware.ai/1.12.0_cuda/install/amathutils_lib/lib/x86_64-linux-gnu/pkgconfig:/home/muyangren907/autoware/autoware.ai/1.12.0_cuda/install/amathutils_lib/lib/pkgconfig:/home/muyangren907/autoware/autoware.ai/1.12.0_cuda/install/vector_map_msgs/lib/x86_64-linux-gnu/pkgconfig:/home/muyangren907/autoware/autoware.ai/1.12.0_cuda/install/vector_map_msgs/lib/pkgconfig:/home/muyangren907/autoware/autoware.ai/1.12.0_cuda/install/tablet_socket_msgs/lib/x86_64-linux-gnu/pkgconfig:/home/muyangren907/autoware/autoware.ai/1.12.0_cuda/install/tablet_socket_msgs/lib/pkgconfig:/home/muyangren907/autoware/autoware.ai/1.12.0_cuda/install/autoware_system_msgs/lib/x86_64-linux-gnu/pkgconfig:/home/muyangren907/autoware/autoware.ai/1.12.0_cuda/install/autoware_system_msgs/lib/pkgconfig:/home/muyangren907/autoware/autoware.ai/1.12.0_cuda/install/autoware_msgs/lib/x86_64-linux-gnu/pkgconfig:/home/muyangren907/autoware/autoware.ai/1.12.0_cuda/install/autoware_msgs/lib/pkgconfig:/home/muyangren907/autoware/autoware.ai/1.12.0_cuda/install/autoware_config_msgs/lib/x86_64-linux-gnu/pkgconfig:/home/muyangren907/autoware/autoware.ai/1.12.0_cuda/install/autoware_config_msgs/lib/pkgconfig:/home/muyangren907/autoware/autoware.ai/1.12.0_cuda/install/autoware_build_flags/lib/x86_64-linux-gnu/pkgconfig:/home/muyangren907/autoware/autoware.ai/1.12.0_cuda/install/autoware_build_flags/lib/pkgconfig:${PKG_CONFIG_PATH} PYTHONPATH=/home/muyangren907/autoware/autoware.ai/1.12.0_cuda/install/vector_map_server/lib/python2.7/dist-packages:/home/muyangren907/autoware/autoware.ai/1.12.0_cuda/install/vector_map_msgs/lib/python2.7/dist-packages:/home/muyangren907/autoware/autoware.ai/1.12.0_cuda/install/tablet_socket_msgs/lib/python2.7/dist-packages:/home/muyangren907/autoware/autoware.ai/1.12.0_cuda/install/autoware_system_msgs/lib/python2.7/dist-packages:/home/muyangren907/autoware/autoware.ai/1.12.0_cuda/install/autoware_msgs/lib/python2.7/dist-packages:/home/muyangren907/autoware/autoware.ai/1.12.0_cuda/install/autoware_config_msgs/lib/python2.7/dist-packages:${PYTHONPATH} ROS_PACKAGE_PATH=/home/muyangren907/autoware/autoware.ai/1.12.0_cuda/install/op_ros_helpers/share:/home/muyangren907/autoware/autoware.ai/1.12.0_cuda/install/op_simu/share:/home/muyangren907/autoware/autoware.ai/1.12.0_cuda/install/op_planner/share:/home/muyangren907/autoware/autoware.ai/1.12.0_cuda/install/op_utility/share:/home/muyangren907/autoware/autoware.ai/1.12.0_cuda/install/waypoint_follower/share:/home/muyangren907/autoware/autoware.ai/1.12.0_cuda/install/vector_map_server/share:/home/muyangren907/autoware/autoware.ai/1.12.0_cuda/install/map_file/share:/home/muyangren907/autoware/autoware.ai/1.12.0_cuda/install/vector_map/share:/home/muyangren907/autoware/autoware.ai/1.12.0_cuda/install/autoware_health_checker/share:/home/muyangren907/autoware/autoware.ai/1.12.0_cuda/install/amathutils_lib/share:/home/muyangren907/autoware/autoware.ai/1.12.0_cuda/install/vector_map_msgs/share:/home/muyangren907/autoware/autoware.ai/1.12.0_cuda/install/tablet_socket_msgs/share:/home/muyangren907/autoware/autoware.ai/1.12.0_cuda/install/autoware_system_msgs/share:/home/muyangren907/autoware/autoware.ai/1.12.0_cuda/install/autoware_msgs/share:/home/muyangren907/autoware/autoware.ai/1.12.0_cuda/install/autoware_config_msgs/share:/home/muyangren907/autoware/autoware.ai/1.12.0_cuda/install/autoware_build_flags/share:${ROS_PACKAGE_PATH} /usr/local/bin/cmake /home/muyangren907/autoware/autoware.ai/1.12.0_cuda/src/autoware/core_planning/op_simulation_package -DCMAKE_BUILD_TYPE=Release -DCATKIN_INSTALL_INTO_PREFIX_ROOT=0 -DCMAKE_INSTALL_PREFIX=/home/muyangren907/autoware/autoware.ai/1.12.0_cuda/install/op_simulation_package
-- The C compiler identification is GNU 7.4.0
-- The CXX compiler identification is GNU 7.4.0
-- Check for working C compiler: /usr/bin/cc
-- Check for working C compiler: /usr/bin/cc -- works
-- Detecting C compiler ABI info
-- Detecting C compiler ABI info - done
-- Detecting C compile features
-- Detecting C compile features - done
-- Check for working CXX compiler: /usr/bin/c++
-- Check for working CXX compiler: /usr/bin/c++ -- works
-- Detecting CXX compiler ABI info
-- Detecting CXX compiler ABI info - done
-- Detecting CXX compile features
-- Detecting CXX compile features - done
-- CUDA compilation status: 1.
-- Using CATKIN_DEVEL_PREFIX: /home/muyangren907/autoware/autoware.ai/1.12.0_cuda/build/op_simulation_package/devel
-- Using CMAKE_PREFIX_PATH: /home/muyangren907/autoware/autoware.ai/1.12.0_cuda/install/op_ros_helpers;/home/muyangren907/autoware/autoware.ai/1.12.0_cuda/install/op_simu;/home/muyangren907/autoware/autoware.ai/1.12.0_cuda/install/op_planner;/home/muyangren907/autoware/autoware.ai/1.12.0_cuda/install/op_utility;/home/muyangren907/autoware/autoware.ai/1.12.0_cuda/install/waypoint_follower;/home/muyangren907/autoware/autoware.ai/1.12.0_cuda/install/vector_map_server;/home/muyangren907/autoware/autoware.ai/1.12.0_cuda/install/map_file;/home/muyangren907/autoware/autoware.ai/1.12.0_cuda/install/vector_map;/home/muyangren907/autoware/autoware.ai/1.12.0_cuda/install/autoware_health_checker;/home/muyangren907/autoware/autoware.ai/1.12.0_cuda/install/amathutils_lib;/home/muyangren907/autoware/autoware.ai/1.12.0_cuda/install/vector_map_msgs;/home/muyangren907/autoware/autoware.ai/1.12.0_cuda/install/tablet_socket_msgs;/home/muyangren907/autoware/autoware.ai/1.12.0_cuda/install/autoware_system_msgs;/home/muyangren907/autoware/autoware.ai/1.12.0_cuda/install/autoware_msgs;/home/muyangren907/autoware/autoware.ai/1.12.0_cuda/install/autoware_config_msgs;/home/muyangren907/autoware/autoware.ai/1.12.0_cuda/install/autoware_build_flags;/opt/ros/melodic
-- This workspace overlays: /home/muyangren907/autoware/autoware.ai/1.12.0_cuda/install/op_ros_helpers;/home/muyangren907/autoware/autoware.ai/1.12.0_cuda/install/op_simu;/home/muyangren907/autoware/autoware.ai/1.12.0_cuda/install/op_planner;/home/muyangren907/autoware/autoware.ai/1.12.0_cuda/install/op_utility;/home/muyangren907/autoware/autoware.ai/1.12.0_cuda/install/waypoint_follower;/home/muyangren907/autoware/autoware.ai/1.12.0_cuda/install/vector_map_server;/home/muyangren907/autoware/autoware.ai/1.12.0_cuda/install/map_file;/home/muyangren907/autoware/autoware.ai/1.12.0_cuda/install/vector_map;/home/muyangren907/autoware/autoware.ai/1.12.0_cuda/install/autoware_health_checker;/home/muyangren907/autoware/autoware.ai/1.12.0_cuda/install/amathutils_lib;/home/muyangren907/autoware/autoware.ai/1.12.0_cuda/install/vector_map_msgs;/home/muyangren907/autoware/autoware.ai/1.12.0_cuda/install/tablet_socket_msgs;/home/muyangren907/autoware/autoware.ai/1.12.0_cuda/install/autoware_system_msgs;/home/muyangren907/autoware/autoware.ai/1.12.0_cuda/install/autoware_msgs;/home/muyangren907/autoware/autoware.ai/1.12.0_cuda/install/autoware_config_msgs;/home/muyangren907/autoware/autoware.ai/1.12.0_cuda/install/autoware_build_flags;/opt/ros/melodic
-- Found PythonInterp: /usr/bin/python2 (found suitable version "2.7.15", minimum required is "2") 
-- Using PYTHON_EXECUTABLE: /usr/bin/python2
-- Using Debian Python package layout
-- Using empy: /usr/bin/empy
-- Using CATKIN_ENABLE_TESTING: ON
-- Call enable_testing()
-- Using CATKIN_TEST_RESULTS_DIR: /home/muyangren907/autoware/autoware.ai/1.12.0_cuda/build/op_simulation_package/test_results
-- Found gtest sources under '/usr/src/googletest': gtests will be built
-- Found gmock sources under '/usr/src/googletest': gmock will be built
-- Found PythonInterp: /usr/bin/python2 (found version "2.7.15") 
-- Looking for pthread.h
-- Looking for pthread.h - found
-- Looking for pthread_create
-- Looking for pthread_create - not found
-- Looking for pthread_create in pthreads
-- Looking for pthread_create in pthreads - not found
-- Looking for pthread_create in pthread
-- Looking for pthread_create in pthread - found
-- Found Threads: TRUE  
-- Using Python nosetests: /usr/local/bin/nosetests-2.7
-- catkin 0.7.19
-- BUILD_SHARED_LIBS is on
-- Using these message generators: gencpp;geneus;genlisp;gennodejs;genpy
-- Found OpenCV: /usr (found version "3.2.0") 
-- Configuring done
-- Generating done
-- Build files have been written to: /home/muyangren907/autoware/autoware.ai/1.12.0_cuda/build/op_simulation_package
Invoked command in '/home/muyangren907/autoware/autoware.ai/1.12.0_cuda/build/op_simulation_package' returned '0': CMAKE_PREFIX_PATH=/home/muyangren907/autoware/autoware.ai/1.12.0_cuda/install/op_ros_helpers:/home/muyangren907/autoware/autoware.ai/1.12.0_cuda/install/op_simu:/home/muyangren907/autoware/autoware.ai/1.12.0_cuda/install/op_planner:/home/muyangren907/autoware/autoware.ai/1.12.0_cuda/install/op_utility:/home/muyangren907/autoware/autoware.ai/1.12.0_cuda/install/waypoint_follower:/home/muyangren907/autoware/autoware.ai/1.12.0_cuda/install/vector_map_server:/home/muyangren907/autoware/autoware.ai/1.12.0_cuda/install/map_file:/home/muyangren907/autoware/autoware.ai/1.12.0_cuda/install/vector_map:/home/muyangren907/autoware/autoware.ai/1.12.0_cuda/install/autoware_health_checker:/home/muyangren907/autoware/autoware.ai/1.12.0_cuda/install/amathutils_lib:/home/muyangren907/autoware/autoware.ai/1.12.0_cuda/install/vector_map_msgs:/home/muyangren907/autoware/autoware.ai/1.12.0_cuda/install/tablet_socket_msgs:/home/muyangren907/autoware/autoware.ai/1.12.0_cuda/install/autoware_system_msgs:/home/muyangren907/autoware/autoware.ai/1.12.0_cuda/install/autoware_msgs:/home/muyangren907/autoware/autoware.ai/1.12.0_cuda/install/autoware_config_msgs:/home/muyangren907/autoware/autoware.ai/1.12.0_cuda/install/autoware_build_flags:${CMAKE_PREFIX_PATH} LD_LIBRARY_PATH=/home/muyangren907/autoware/autoware.ai/1.12.0_cuda/install/op_ros_helpers/lib:/home/muyangren907/autoware/autoware.ai/1.12.0_cuda/install/op_simu/lib:/home/muyangren907/autoware/autoware.ai/1.12.0_cuda/install/op_planner/lib:/home/muyangren907/autoware/autoware.ai/1.12.0_cuda/install/op_utility/lib:/home/muyangren907/autoware/autoware.ai/1.12.0_cuda/install/waypoint_follower/lib:/home/muyangren907/autoware/autoware.ai/1.12.0_cuda/install/map_file/lib:/home/muyangren907/autoware/autoware.ai/1.12.0_cuda/install/vector_map/lib:/home/muyangren907/autoware/autoware.ai/1.12.0_cuda/install/autoware_health_checker/lib:/home/muyangren907/autoware/autoware.ai/1.12.0_cuda/install/amathutils_lib/lib:${LD_LIBRARY_PATH} PKG_CONFIG_PATH=/home/muyangren907/autoware/autoware.ai/1.12.0_cuda/install/op_ros_helpers/lib/x86_64-linux-gnu/pkgconfig:/home/muyangren907/autoware/autoware.ai/1.12.0_cuda/install/op_ros_helpers/lib/pkgconfig:/home/muyangren907/autoware/autoware.ai/1.12.0_cuda/install/op_simu/lib/x86_64-linux-gnu/pkgconfig:/home/muyangren907/autoware/autoware.ai/1.12.0_cuda/install/op_simu/lib/pkgconfig:/home/muyangren907/autoware/autoware.ai/1.12.0_cuda/install/op_planner/lib/x86_64-linux-gnu/pkgconfig:/home/muyangren907/autoware/autoware.ai/1.12.0_cuda/install/op_planner/lib/pkgconfig:/home/muyangren907/autoware/autoware.ai/1.12.0_cuda/install/op_utility/lib/x86_64-linux-gnu/pkgconfig:/home/muyangren907/autoware/autoware.ai/1.12.0_cuda/install/op_utility/lib/pkgconfig:/home/muyangren907/autoware/autoware.ai/1.12.0_cuda/install/waypoint_follower/lib/x86_64-linux-gnu/pkgconfig:/home/muyangren907/autoware/autoware.ai/1.12.0_cuda/install/waypoint_follower/lib/pkgconfig:/home/muyangren907/autoware/autoware.ai/1.12.0_cuda/install/vector_map_server/lib/x86_64-linux-gnu/pkgconfig:/home/muyangren907/autoware/autoware.ai/1.12.0_cuda/install/vector_map_server/lib/pkgconfig:/home/muyangren907/autoware/autoware.ai/1.12.0_cuda/install/map_file/lib/x86_64-linux-gnu/pkgconfig:/home/muyangren907/autoware/autoware.ai/1.12.0_cuda/install/map_file/lib/pkgconfig:/home/muyangren907/autoware/autoware.ai/1.12.0_cuda/install/vector_map/lib/x86_64-linux-gnu/pkgconfig:/home/muyangren907/autoware/autoware.ai/1.12.0_cuda/install/vector_map/lib/pkgconfig:/home/muyangren907/autoware/autoware.ai/1.12.0_cuda/install/autoware_health_checker/lib/x86_64-linux-gnu/pkgconfig:/home/muyangren907/autoware/autoware.ai/1.12.0_cuda/install/autoware_health_checker/lib/pkgconfig:/home/muyangren907/autoware/autoware.ai/1.12.0_cuda/install/amathutils_lib/lib/x86_64-linux-gnu/pkgconfig:/home/muyangren907/autoware/autoware.ai/1.12.0_cuda/install/amathutils_lib/lib/pkgconfig:/home/muyangren907/autoware/autoware.ai/1.12.0_cuda/install/vector_map_msgs/lib/x86_64-linux-gnu/pkgconfig:/home/muyangren907/autoware/autoware.ai/1.12.0_cuda/install/vector_map_msgs/lib/pkgconfig:/home/muyangren907/autoware/autoware.ai/1.12.0_cuda/install/tablet_socket_msgs/lib/x86_64-linux-gnu/pkgconfig:/home/muyangren907/autoware/autoware.ai/1.12.0_cuda/install/tablet_socket_msgs/lib/pkgconfig:/home/muyangren907/autoware/autoware.ai/1.12.0_cuda/install/autoware_system_msgs/lib/x86_64-linux-gnu/pkgconfig:/home/muyangren907/autoware/autoware.ai/1.12.0_cuda/install/autoware_system_msgs/lib/pkgconfig:/home/muyangren907/autoware/autoware.ai/1.12.0_cuda/install/autoware_msgs/lib/x86_64-linux-gnu/pkgconfig:/home/muyangren907/autoware/autoware.ai/1.12.0_cuda/install/autoware_msgs/lib/pkgconfig:/home/muyangren907/autoware/autoware.ai/1.12.0_cuda/install/autoware_config_msgs/lib/x86_64-linux-gnu/pkgconfig:/home/muyangren907/autoware/autoware.ai/1.12.0_cuda/install/autoware_config_msgs/lib/pkgconfig:/home/muyangren907/autoware/autoware.ai/1.12.0_cuda/install/autoware_build_flags/lib/x86_64-linux-gnu/pkgconfig:/home/muyangren907/autoware/autoware.ai/1.12.0_cuda/install/autoware_build_flags/lib/pkgconfig:${PKG_CONFIG_PATH} PYTHONPATH=/home/muyangren907/autoware/autoware.ai/1.12.0_cuda/install/vector_map_server/lib/python2.7/dist-packages:/home/muyangren907/autoware/autoware.ai/1.12.0_cuda/install/vector_map_msgs/lib/python2.7/dist-packages:/home/muyangren907/autoware/autoware.ai/1.12.0_cuda/install/tablet_socket_msgs/lib/python2.7/dist-packages:/home/muyangren907/autoware/autoware.ai/1.12.0_cuda/install/autoware_system_msgs/lib/python2.7/dist-packages:/home/muyangren907/autoware/autoware.ai/1.12.0_cuda/install/autoware_msgs/lib/python2.7/dist-packages:/home/muyangren907/autoware/autoware.ai/1.12.0_cuda/install/autoware_config_msgs/lib/python2.7/dist-packages:${PYTHONPATH} ROS_PACKAGE_PATH=/home/muyangren907/autoware/autoware.ai/1.12.0_cuda/install/op_ros_helpers/share:/home/muyangren907/autoware/autoware.ai/1.12.0_cuda/install/op_simu/share:/home/muyangren907/autoware/autoware.ai/1.12.0_cuda/install/op_planner/share:/home/muyangren907/autoware/autoware.ai/1.12.0_cuda/install/op_utility/share:/home/muyangren907/autoware/autoware.ai/1.12.0_cuda/install/waypoint_follower/share:/home/muyangren907/autoware/autoware.ai/1.12.0_cuda/install/vector_map_server/share:/home/muyangren907/autoware/autoware.ai/1.12.0_cuda/install/map_file/share:/home/muyangren907/autoware/autoware.ai/1.12.0_cuda/install/vector_map/share:/home/muyangren907/autoware/autoware.ai/1.12.0_cuda/install/autoware_health_checker/share:/home/muyangren907/autoware/autoware.ai/1.12.0_cuda/install/amathutils_lib/share:/home/muyangren907/autoware/autoware.ai/1.12.0_cuda/install/vector_map_msgs/share:/home/muyangren907/autoware/autoware.ai/1.12.0_cuda/install/tablet_socket_msgs/share:/home/muyangren907/autoware/autoware.ai/1.12.0_cuda/install/autoware_system_msgs/share:/home/muyangren907/autoware/autoware.ai/1.12.0_cuda/install/autoware_msgs/share:/home/muyangren907/autoware/autoware.ai/1.12.0_cuda/install/autoware_config_msgs/share:/home/muyangren907/autoware/autoware.ai/1.12.0_cuda/install/autoware_build_flags/share:${ROS_PACKAGE_PATH} /usr/local/bin/cmake /home/muyangren907/autoware/autoware.ai/1.12.0_cuda/src/autoware/core_planning/op_simulation_package -DCMAKE_BUILD_TYPE=Release -DCATKIN_INSTALL_INTO_PREFIX_ROOT=0 -DCMAKE_INSTALL_PREFIX=/home/muyangren907/autoware/autoware.ai/1.12.0_cuda/install/op_simulation_package
Invoking command in '/home/muyangren907/autoware/autoware.ai/1.12.0_cuda/build/op_simulation_package': CMAKE_PREFIX_PATH=/home/muyangren907/autoware/autoware.ai/1.12.0_cuda/install/op_ros_helpers:/home/muyangren907/autoware/autoware.ai/1.12.0_cuda/install/op_simu:/home/muyangren907/autoware/autoware.ai/1.12.0_cuda/install/op_planner:/home/muyangren907/autoware/autoware.ai/1.12.0_cuda/install/op_utility:/home/muyangren907/autoware/autoware.ai/1.12.0_cuda/install/waypoint_follower:/home/muyangren907/autoware/autoware.ai/1.12.0_cuda/install/vector_map_server:/home/muyangren907/autoware/autoware.ai/1.12.0_cuda/install/map_file:/home/muyangren907/autoware/autoware.ai/1.12.0_cuda/install/vector_map:/home/muyangren907/autoware/autoware.ai/1.12.0_cuda/install/autoware_health_checker:/home/muyangren907/autoware/autoware.ai/1.12.0_cuda/install/amathutils_lib:/home/muyangren907/autoware/autoware.ai/1.12.0_cuda/install/vector_map_msgs:/home/muyangren907/autoware/autoware.ai/1.12.0_cuda/install/tablet_socket_msgs:/home/muyangren907/autoware/autoware.ai/1.12.0_cuda/install/autoware_system_msgs:/home/muyangren907/autoware/autoware.ai/1.12.0_cuda/install/autoware_msgs:/home/muyangren907/autoware/autoware.ai/1.12.0_cuda/install/autoware_config_msgs:/home/muyangren907/autoware/autoware.ai/1.12.0_cuda/install/autoware_build_flags:${CMAKE_PREFIX_PATH} LD_LIBRARY_PATH=/home/muyangren907/autoware/autoware.ai/1.12.0_cuda/install/op_ros_helpers/lib:/home/muyangren907/autoware/autoware.ai/1.12.0_cuda/install/op_simu/lib:/home/muyangren907/autoware/autoware.ai/1.12.0_cuda/install/op_planner/lib:/home/muyangren907/autoware/autoware.ai/1.12.0_cuda/install/op_utility/lib:/home/muyangren907/autoware/autoware.ai/1.12.0_cuda/install/waypoint_follower/lib:/home/muyangren907/autoware/autoware.ai/1.12.0_cuda/install/map_file/lib:/home/muyangren907/autoware/autoware.ai/1.12.0_cuda/install/vector_map/lib:/home/muyangren907/autoware/autoware.ai/1.12.0_cuda/install/autoware_health_checker/lib:/home/muyangren907/autoware/autoware.ai/1.12.0_cuda/install/amathutils_lib/lib:${LD_LIBRARY_PATH} PKG_CONFIG_PATH=/home/muyangren907/autoware/autoware.ai/1.12.0_cuda/install/op_ros_helpers/lib/x86_64-linux-gnu/pkgconfig:/home/muyangren907/autoware/autoware.ai/1.12.0_cuda/install/op_ros_helpers/lib/pkgconfig:/home/muyangren907/autoware/autoware.ai/1.12.0_cuda/install/op_simu/lib/x86_64-linux-gnu/pkgconfig:/home/muyangren907/autoware/autoware.ai/1.12.0_cuda/install/op_simu/lib/pkgconfig:/home/muyangren907/autoware/autoware.ai/1.12.0_cuda/install/op_planner/lib/x86_64-linux-gnu/pkgconfig:/home/muyangren907/autoware/autoware.ai/1.12.0_cuda/install/op_planner/lib/pkgconfig:/home/muyangren907/autoware/autoware.ai/1.12.0_cuda/install/op_utility/lib/x86_64-linux-gnu/pkgconfig:/home/muyangren907/autoware/autoware.ai/1.12.0_cuda/install/op_utility/lib/pkgconfig:/home/muyangren907/autoware/autoware.ai/1.12.0_cuda/install/waypoint_follower/lib/x86_64-linux-gnu/pkgconfig:/home/muyangren907/autoware/autoware.ai/1.12.0_cuda/install/waypoint_follower/lib/pkgconfig:/home/muyangren907/autoware/autoware.ai/1.12.0_cuda/install/vector_map_server/lib/x86_64-linux-gnu/pkgconfig:/home/muyangren907/autoware/autoware.ai/1.12.0_cuda/install/vector_map_server/lib/pkgconfig:/home/muyangren907/autoware/autoware.ai/1.12.0_cuda/install/map_file/lib/x86_64-linux-gnu/pkgconfig:/home/muyangren907/autoware/autoware.ai/1.12.0_cuda/install/map_file/lib/pkgconfig:/home/muyangren907/autoware/autoware.ai/1.12.0_cuda/install/vector_map/lib/x86_64-linux-gnu/pkgconfig:/home/muyangren907/autoware/autoware.ai/1.12.0_cuda/install/vector_map/lib/pkgconfig:/home/muyangren907/autoware/autoware.ai/1.12.0_cuda/install/autoware_health_checker/lib/x86_64-linux-gnu/pkgconfig:/home/muyangren907/autoware/autoware.ai/1.12.0_cuda/install/autoware_health_checker/lib/pkgconfig:/home/muyangren907/autoware/autoware.ai/1.12.0_cuda/install/amathutils_lib/lib/x86_64-linux-gnu/pkgconfig:/home/muyangren907/autoware/autoware.ai/1.12.0_cuda/install/amathutils_lib/lib/pkgconfig:/home/muyangren907/autoware/autoware.ai/1.12.0_cuda/install/vector_map_msgs/lib/x86_64-linux-gnu/pkgconfig:/home/muyangren907/autoware/autoware.ai/1.12.0_cuda/install/vector_map_msgs/lib/pkgconfig:/home/muyangren907/autoware/autoware.ai/1.12.0_cuda/install/tablet_socket_msgs/lib/x86_64-linux-gnu/pkgconfig:/home/muyangren907/autoware/autoware.ai/1.12.0_cuda/install/tablet_socket_msgs/lib/pkgconfig:/home/muyangren907/autoware/autoware.ai/1.12.0_cuda/install/autoware_system_msgs/lib/x86_64-linux-gnu/pkgconfig:/home/muyangren907/autoware/autoware.ai/1.12.0_cuda/install/autoware_system_msgs/lib/pkgconfig:/home/muyangren907/autoware/autoware.ai/1.12.0_cuda/install/autoware_msgs/lib/x86_64-linux-gnu/pkgconfig:/home/muyangren907/autoware/autoware.ai/1.12.0_cuda/install/autoware_msgs/lib/pkgconfig:/home/muyangren907/autoware/autoware.ai/1.12.0_cuda/install/autoware_config_msgs/lib/x86_64-linux-gnu/pkgconfig:/home/muyangren907/autoware/autoware.ai/1.12.0_cuda/install/autoware_config_msgs/lib/pkgconfig:/home/muyangren907/autoware/autoware.ai/1.12.0_cuda/install/autoware_build_flags/lib/x86_64-linux-gnu/pkgconfig:/home/muyangren907/autoware/autoware.ai/1.12.0_cuda/install/autoware_build_flags/lib/pkgconfig:${PKG_CONFIG_PATH} PYTHONPATH=/home/muyangren907/autoware/autoware.ai/1.12.0_cuda/install/vector_map_server/lib/python2.7/dist-packages:/home/muyangren907/autoware/autoware.ai/1.12.0_cuda/install/vector_map_msgs/lib/python2.7/dist-packages:/home/muyangren907/autoware/autoware.ai/1.12.0_cuda/install/tablet_socket_msgs/lib/python2.7/dist-packages:/home/muyangren907/autoware/autoware.ai/1.12.0_cuda/install/autoware_system_msgs/lib/python2.7/dist-packages:/home/muyangren907/autoware/autoware.ai/1.12.0_cuda/install/autoware_msgs/lib/python2.7/dist-packages:/home/muyangren907/autoware/autoware.ai/1.12.0_cuda/install/autoware_config_msgs/lib/python2.7/dist-packages:${PYTHONPATH} ROS_PACKAGE_PATH=/home/muyangren907/autoware/autoware.ai/1.12.0_cuda/install/op_ros_helpers/share:/home/muyangren907/autoware/autoware.ai/1.12.0_cuda/install/op_simu/share:/home/muyangren907/autoware/autoware.ai/1.12.0_cuda/install/op_planner/share:/home/muyangren907/autoware/autoware.ai/1.12.0_cuda/install/op_utility/share:/home/muyangren907/autoware/autoware.ai/1.12.0_cuda/install/waypoint_follower/share:/home/muyangren907/autoware/autoware.ai/1.12.0_cuda/install/vector_map_server/share:/home/muyangren907/autoware/autoware.ai/1.12.0_cuda/install/map_file/share:/home/muyangren907/autoware/autoware.ai/1.12.0_cuda/install/vector_map/share:/home/muyangren907/autoware/autoware.ai/1.12.0_cuda/install/autoware_health_checker/share:/home/muyangren907/autoware/autoware.ai/1.12.0_cuda/install/amathutils_lib/share:/home/muyangren907/autoware/autoware.ai/1.12.0_cuda/install/vector_map_msgs/share:/home/muyangren907/autoware/autoware.ai/1.12.0_cuda/install/tablet_socket_msgs/share:/home/muyangren907/autoware/autoware.ai/1.12.0_cuda/install/autoware_system_msgs/share:/home/muyangren907/autoware/autoware.ai/1.12.0_cuda/install/autoware_msgs/share:/home/muyangren907/autoware/autoware.ai/1.12.0_cuda/install/autoware_config_msgs/share:/home/muyangren907/autoware/autoware.ai/1.12.0_cuda/install/autoware_build_flags/share:${ROS_PACKAGE_PATH} /usr/local/bin/cmake --build /home/muyangren907/autoware/autoware.ai/1.12.0_cuda/build/op_simulation_package -- -j40 -l40
[35m[1mScanning dependencies of target geometry_msgs_generate_messages_lisp[0m
[35m[1mScanning dependencies of target geometry_msgs_generate_messages_cpp[0m
[35m[1mScanning dependencies of target jsk_recognition_msgs_generate_messages_nodejs[0m
[35m[1mScanning dependencies of target geometry_msgs_generate_messages_eus[0m
[35m[1mScanning dependencies of target pcl_msgs_generate_messages_eus[0m
[35m[1mScanning dependencies of target roscpp_generate_messages_lisp[0m
[35m[1mScanning dependencies of target rosgraph_msgs_generate_messages_cpp[0m
[35m[1mScanning dependencies of target jsk_recognition_msgs_generate_messages_cpp[0m
[35m[1mScanning dependencies of target bond_generate_messages_py[0m
[35m[1mScanning dependencies of target roscpp_generate_messages_cpp[0m
[35m[1mScanning dependencies of target trajectory_msgs_generate_messages_lisp[0m
[35m[1mScanning dependencies of target geometry_msgs_generate_messages_py[0m
[35m[1mScanning dependencies of target jsk_footstep_msgs_generate_messages_lisp[0m
[35m[1mScanning dependencies of target op_perception_simulator[0m
[35m[1mScanning dependencies of target std_msgs_generate_messages_nodejs[0m
[35m[1mScanning dependencies of target jsk_footstep_msgs_generate_messages_nodejs[0m
[35m[1mScanning dependencies of target std_msgs_generate_messages_lisp[0m
[35m[1mScanning dependencies of target nodelet_generate_messages_py[0m
[35m[1mScanning dependencies of target op_signs_simulator[0m
[35m[1mScanning dependencies of target vector_map_server_generate_messages_cpp[0m
[35m[1mScanning dependencies of target autoware_msgs_generate_messages_cpp[0m
[35m[1mScanning dependencies of target autoware_msgs_generate_messages_lisp[0m
[35m[1mScanning dependencies of target jsk_footstep_msgs_generate_messages_cpp[0m
[35m[1mScanning dependencies of target sensor_msgs_generate_messages_nodejs[0m
[35m[1mScanning dependencies of target pcl_msgs_generate_messages_nodejs[0m
[35m[1mScanning dependencies of target autoware_msgs_generate_messages_eus[0m
[35m[1mScanning dependencies of target geometry_msgs_generate_messages_nodejs[0m
[35m[1mScanning dependencies of target bond_generate_messages_eus[0m
[35m[1mScanning dependencies of target std_srvs_generate_messages_lisp[0m
[35m[1mScanning dependencies of target roscpp_generate_messages_eus[0m
[35m[1mScanning dependencies of target dynamic_reconfigure_generate_messages_nodejs[0m
[35m[1mScanning dependencies of target actionlib_msgs_generate_messages_py[0m
[35m[1mScanning dependencies of target jsk_footstep_msgs_generate_messages_eus[0m
[35m[1mScanning dependencies of target jsk_recognition_msgs_generate_messages_py[0m
[35m[1mScanning dependencies of target std_msgs_generate_messages_cpp[0m
[35m[1mScanning dependencies of target sensor_msgs_generate_messages_py[0m
[35m[1mScanning dependencies of target jsk_recognition_msgs_generate_messages_lisp[0m
[35m[1mScanning dependencies of target std_srvs_generate_messages_nodejs[0m
[35m[1mScanning dependencies of target pcl_msgs_generate_messages_lisp[0m
[  0%] Built target geometry_msgs_generate_messages_cpp
[35m[1mScanning dependencies of target sensor_msgs_generate_messages_cpp[0m
[  0%] Built target trajectory_msgs_generate_messages_lisp
[  0%] Built target jsk_recognition_msgs_generate_messages_nodejs
[  0%] Built target geometry_msgs_generate_messages_eus
[  0%] Built target bond_generate_messages_py
[  0%] Built target rosgraph_msgs_generate_messages_cpp
[  0%] Built target roscpp_generate_messages_cpp
[  0%] Built target jsk_footstep_msgs_generate_messages_lisp
[  0%] Built target geometry_msgs_generate_messages_py
[  0%] Built target vector_map_server_generate_messages_cpp
[  0%] Built target pcl_msgs_generate_messages_eus
[  0%] Built target jsk_recognition_msgs_generate_messages_cpp
[  0%] Built target sensor_msgs_generate_messages_py
[  0%] Built target dynamic_reconfigure_generate_messages_nodejs
[  0%] Built target std_msgs_generate_messages_lisp
[  0%] Built target autoware_msgs_generate_messages_cpp
[  0%] Built target std_srvs_generate_messages_nodejs
[  0%] Built target roscpp_generate_messages_lisp
[  0%] Built target std_msgs_generate_messages_nodejs
[  0%] Built target jsk_footstep_msgs_generate_messages_cpp
[  0%] Built target actionlib_msgs_generate_messages_py
[  0%] Built target nodelet_generate_messages_py
[  0%] Built target pcl_msgs_generate_messages_nodejs
[  0%] Built target jsk_recognition_msgs_generate_messages_lisp
[  0%] Built target autoware_msgs_generate_messages_eus
[  0%] Built target jsk_footstep_msgs_generate_messages_nodejs
[  0%] Built target jsk_recognition_msgs_generate_messages_py
[  0%] Built target geometry_msgs_generate_messages_lisp
[  0%] Built target jsk_footstep_msgs_generate_messages_eus
[35m[1mScanning dependencies of target jsk_recognition_msgs_generate_messages_eus[0m
[  0%] Built target pcl_msgs_generate_messages_lisp
[  0%] Built target sensor_msgs_generate_messages_nodejs
[35m[1mScanning dependencies of target roscpp_generate_messages_py[0m
[  0%] Built target autoware_msgs_generate_messages_lisp
[  0%] Built target bond_generate_messages_eus
[  0%] Built target roscpp_generate_messages_eus
[  0%] Built target sensor_msgs_generate_messages_cpp
[35m[1mScanning dependencies of target roscpp_generate_messages_nodejs[0m
[  0%] Built target std_srvs_generate_messages_lisp
[  0%] Built target geometry_msgs_generate_messages_nodejs
[  0%] Built target std_msgs_generate_messages_cpp
[35m[1mScanning dependencies of target rosgraph_msgs_generate_messages_nodejs[0m
[35m[1mScanning dependencies of target std_msgs_generate_messages_py[0m
[35m[1mScanning dependencies of target std_srvs_generate_messages_py[0m
[35m[1mScanning dependencies of target actionlib_generate_messages_cpp[0m
[35m[1mScanning dependencies of target tf_generate_messages_lisp[0m
[35m[1mScanning dependencies of target tf_generate_messages_nodejs[0m
[35m[1mScanning dependencies of target actionlib_generate_messages_py[0m
[35m[1mScanning dependencies of target autoware_config_msgs_generate_messages_cpp[0m
[35m[1mScanning dependencies of target vector_map_server_generate_messages_eus[0m
[35m[1mScanning dependencies of target rosgraph_msgs_generate_messages_eus[0m
[35m[1mScanning dependencies of target dynamic_reconfigure_generate_messages_cpp[0m
[35m[1mScanning dependencies of target dynamic_reconfigure_gencfg[0m
[35m[1mScanning dependencies of target pcl_ros_gencfg[0m
[35m[1mScanning dependencies of target dynamic_reconfigure_generate_messages_eus[0m
[35m[1mScanning dependencies of target dynamic_reconfigure_generate_messages_py[0m
[35m[1mScanning dependencies of target tf2_msgs_generate_messages_eus[0m
[35m[1mScanning dependencies of target nodelet_generate_messages_cpp[0m
[35m[1mScanning dependencies of target pcl_msgs_generate_messages_py[0m
[35m[1mScanning dependencies of target vector_map_msgs_generate_messages_nodejs[0m
[35m[1mScanning dependencies of target dynamic_reconfigure_generate_messages_lisp[0m
[35m[1mScanning dependencies of target visualization_msgs_generate_messages_eus[0m
[35m[1mScanning dependencies of target rosgraph_msgs_generate_messages_lisp[0m
[35m[1mScanning dependencies of target rosgraph_msgs_generate_messages_py[0m
[35m[1mScanning dependencies of target vector_map_server_generate_messages_py[0m
[35m[1mScanning dependencies of target nodelet_generate_messages_lisp[0m
[35m[1mScanning dependencies of target nodelet_topic_tools_gencfg[0m
[35m[1mScanning dependencies of target autoware_system_msgs_generate_messages_py[0m
[  0%] Built target jsk_recognition_msgs_generate_messages_eus
[35m[1mScanning dependencies of target bond_generate_messages_cpp[0m
[35m[1mScanning dependencies of target bond_generate_messages_nodejs[0m
[35m[1mScanning dependencies of target topic_tools_generate_messages_cpp[0m
[35m[1mScanning dependencies of target nodelet_generate_messages_nodejs[0m
[  0%] Built target rosgraph_msgs_generate_messages_nodejs
[35m[1mScanning dependencies of target autoware_msgs_generate_messages_nodejs[0m
[  0%] Built target roscpp_generate_messages_py
[35m[1mScanning dependencies of target nodelet_generate_messages_eus[0m
[  0%] Built target std_srvs_generate_messages_py
[35m[1mScanning dependencies of target bond_generate_messages_lisp[0m
[35m[1mScanning dependencies of target topic_tools_generate_messages_eus[0m
[  0%] Built target roscpp_generate_messages_nodejs
[  0%] Built target dynamic_reconfigure_generate_messages_cpp
[  0%] Built target dynamic_reconfigure_generate_messages_eus
[  0%] Built target tf_generate_messages_lisp
[  0%] Built target dynamic_reconfigure_gencfg
[  0%] Built target std_msgs_generate_messages_py
[  0%] Built target nodelet_generate_messages_cpp
[  0%] Built target actionlib_generate_messages_py
[  0%] Built target tf_generate_messages_nodejs
[  0%] Built target vector_map_server_generate_messages_eus
[  0%] Built target rosgraph_msgs_generate_messages_lisp
[  0%] Built target autoware_config_msgs_generate_messages_cpp
[  0%] Built target dynamic_reconfigure_generate_messages_lisp
[  0%] Built target rosgraph_msgs_generate_messages_eus
[  0%] Built target actionlib_generate_messages_cpp
[  0%] Built target dynamic_reconfigure_generate_messages_py
[  0%] Built target pcl_ros_gencfg
[  0%] Built target rosgraph_msgs_generate_messages_py
[  0%] Built target bond_generate_messages_cpp
[  0%] Built target visualization_msgs_generate_messages_eus
[35m[1mScanning dependencies of target std_srvs_generate_messages_cpp[0m
[  0%] Built target tf2_msgs_generate_messages_eus
[  0%] Built target pcl_msgs_generate_messages_py
[  0%] Built target vector_map_server_generate_messages_py
[  0%] Built target nodelet_generate_messages_lisp
[  0%] Built target nodelet_topic_tools_gencfg
[  0%] Built target autoware_system_msgs_generate_messages_py
[  0%] Built target bond_generate_messages_nodejs
[  0%] Built target topic_tools_generate_messages_cpp
[35m[1mScanning dependencies of target pcl_msgs_generate_messages_cpp[0m
[  0%] Built target nodelet_generate_messages_eus
[  0%] Built target nodelet_generate_messages_nodejs
[  0%] Built target vector_map_msgs_generate_messages_nodejs
[  0%] Built target bond_generate_messages_lisp
[  0%] Built target autoware_msgs_generate_messages_nodejs
[35m[1mScanning dependencies of target sensor_msgs_generate_messages_lisp[0m
[  0%] Built target topic_tools_generate_messages_eus
[35m[1mScanning dependencies of target topic_tools_generate_messages_nodejs[0m
[35m[1mScanning dependencies of target tf_generate_messages_eus[0m
[35m[1mScanning dependencies of target std_msgs_generate_messages_eus[0m
[35m[1mScanning dependencies of target trajectory_msgs_generate_messages_eus[0m
[35m[1mScanning dependencies of target trajectory_msgs_generate_messages_cpp[0m
[35m[1mScanning dependencies of target topic_tools_generate_messages_lisp[0m
[35m[1mScanning dependencies of target trajectory_msgs_generate_messages_nodejs[0m
[35m[1mScanning dependencies of target autoware_system_msgs_generate_messages_nodejs[0m
[35m[1mScanning dependencies of target gazebo_msgs_generate_messages_py[0m
[35m[1mScanning dependencies of target actionlib_generate_messages_eus[0m
[35m[1mScanning dependencies of target tf2_msgs_generate_messages_cpp[0m
[35m[1mScanning dependencies of target tablet_socket_msgs_generate_messages_cpp[0m
[35m[1mScanning dependencies of target visualization_msgs_generate_messages_lisp[0m
[35m[1mScanning dependencies of target autoware_config_msgs_generate_messages_py[0m
[35m[1mScanning dependencies of target autoware_system_msgs_generate_messages_cpp[0m
[35m[1mScanning dependencies of target trajectory_msgs_generate_messages_py[0m
[35m[1mScanning dependencies of target gazebo_msgs_generate_messages_cpp[0m
[35m[1mScanning dependencies of target autoware_config_msgs_generate_messages_eus[0m
[35m[1mScanning dependencies of target visualization_msgs_generate_messages_nodejs[0m
[  0%] Built target std_srvs_generate_messages_cpp
[35m[1mScanning dependencies of target tablet_socket_msgs_generate_messages_nodejs[0m
[35m[1mScanning dependencies of target tf_generate_messages_py[0m
[35m[1mScanning dependencies of target autoware_config_msgs_generate_messages_lisp[0m
[35m[1mScanning dependencies of target visualization_msgs_generate_messages_cpp[0m
[35m[1mScanning dependencies of target gazebo_msgs_generate_messages_eus[0m
[35m[1mScanning dependencies of target tablet_socket_msgs_generate_messages_eus[0m
[35m[1mScanning dependencies of target gazebo_msgs_generate_messages_lisp[0m
[  0%] Built target pcl_msgs_generate_messages_cpp
[35m[1mScanning dependencies of target autoware_config_msgs_generate_messages_nodejs[0m
[35m[1mScanning dependencies of target tablet_socket_msgs_generate_messages_lisp[0m
[35m[1mScanning dependencies of target visualization_msgs_generate_messages_py[0m
[  0%] Built target tf_generate_messages_eus
[35m[1mScanning dependencies of target vector_map_server_generate_messages_lisp[0m
[35m[1mScanning dependencies of target vector_map_msgs_generate_messages_py[0m
[35m[1mScanning dependencies of target vector_map_msgs_generate_messages_cpp[0m
[35m[1mScanning dependencies of target tf2_msgs_generate_messages_py[0m
[  0%] Built target sensor_msgs_generate_messages_lisp
[35m[1mScanning dependencies of target vector_map_server_generate_messages_nodejs[0m
[  0%] Built target topic_tools_generate_messages_nodejs
[  0%] Built target trajectory_msgs_generate_messages_nodejs
[35m[1mScanning dependencies of target vector_map_msgs_generate_messages_lisp[0m
[  0%] Built target autoware_system_msgs_generate_messages_nodejs
[  0%] Built target trajectory_msgs_generate_messages_eus
[  0%] Built target visualization_msgs_generate_messages_lisp
[  0%] Built target actionlib_generate_messages_eus
[  0%] Built target trajectory_msgs_generate_messages_cpp
[  0%] Built target topic_tools_generate_messages_lisp
[  0%] Built target std_msgs_generate_messages_eus
[  0%] Built target tf2_msgs_generate_messages_cpp
[  0%] Built target gazebo_msgs_generate_messages_py
[  0%] Built target autoware_config_msgs_generate_messages_py
[  0%] Built target trajectory_msgs_generate_messages_py
[  0%] Built target tablet_socket_msgs_generate_messages_cpp
[  0%] Built target autoware_config_msgs_generate_messages_lisp
[  0%] Built target tablet_socket_msgs_generate_messages_lisp
[  0%] Built target visualization_msgs_generate_messages_nodejs
[  0%] Built target tablet_socket_msgs_generate_messages_eus
[  0%] Built target autoware_system_msgs_generate_messages_cpp
[  0%] Built target gazebo_msgs_generate_messages_cpp
[  0%] Built target tf_generate_messages_py
[  0%] Built target autoware_config_msgs_generate_messages_eus
[  0%] Built target autoware_config_msgs_generate_messages_nodejs
[  0%] Built target vector_map_server_generate_messages_lisp
[35m[1mScanning dependencies of target actionlib_msgs_generate_messages_lisp[0m
[  0%] Built target gazebo_msgs_generate_messages_lisp
[35m[1mScanning dependencies of target tf2_msgs_generate_messages_lisp[0m
[  0%] Built target gazebo_msgs_generate_messages_eus
[35m[1mScanning dependencies of target tf2_msgs_generate_messages_nodejs[0m
[35m[1mScanning dependencies of target vector_map_msgs_generate_messages_eus[0m
[  0%] Built target tablet_socket_msgs_generate_messages_nodejs
[35m[1mScanning dependencies of target gazebo_msgs_generate_messages_nodejs[0m
[  0%] Built target vector_map_msgs_generate_messages_cpp
[  0%] Built target visualization_msgs_generate_messages_py
[  0%] Built target visualization_msgs_generate_messages_cpp
[  0%] Built target vector_map_msgs_generate_messages_py
[  0%] Built target tf2_msgs_generate_messages_py
[35m[1mScanning dependencies of target jsk_footstep_msgs_generate_messages_py[0m
[35m[1mScanning dependencies of target autoware_system_msgs_generate_messages_eus[0m
[35m[1mScanning dependencies of target tf_generate_messages_cpp[0m
[35m[1mScanning dependencies of target actionlib_msgs_generate_messages_eus[0m
[  0%] Built target vector_map_server_generate_messages_nodejs
[35m[1mScanning dependencies of target std_srvs_generate_messages_eus[0m
[35m[1mScanning dependencies of target autoware_msgs_generate_messages_py[0m
[35m[1mScanning dependencies of target actionlib_generate_messages_lisp[0m
[35m[1mScanning dependencies of target tablet_socket_msgs_generate_messages_py[0m
[35m[1mScanning dependencies of target actionlib_msgs_generate_messages_nodejs[0m
[35m[1mScanning dependencies of target actionlib_generate_messages_nodejs[0m
[35m[1mScanning dependencies of target autoware_system_msgs_generate_messages_lisp[0m
[35m[1mScanning dependencies of target topic_tools_generate_messages_py[0m
[  0%] Built target vector_map_msgs_generate_messages_lisp
[35m[1mScanning dependencies of target sensor_msgs_generate_messages_eus[0m
[35m[1mScanning dependencies of target actionlib_msgs_generate_messages_cpp[0m
[  0%] Built target actionlib_msgs_generate_messages_lisp
[  0%] Built target tf2_msgs_generate_messages_nodejs
[  0%] Built target tf2_msgs_generate_messages_lisp
[  0%] Built target vector_map_msgs_generate_messages_eus
[  0%] Built target gazebo_msgs_generate_messages_nodejs
[  0%] Built target autoware_system_msgs_generate_messages_eus
[  0%] Built target tf_generate_messages_cpp
[  0%] Built target jsk_footstep_msgs_generate_messages_py
[  0%] Built target std_srvs_generate_messages_eus
[  0%] Built target actionlib_msgs_generate_messages_eus
[  0%] Built target tablet_socket_msgs_generate_messages_py
[  0%] Built target autoware_msgs_generate_messages_py
[  0%] Built target actionlib_msgs_generate_messages_nodejs
[  0%] Built target actionlib_generate_messages_lisp
[  0%] Built target actionlib_generate_messages_nodejs
[  0%] Built target autoware_system_msgs_generate_messages_lisp
[  0%] Built target topic_tools_generate_messages_py
[  0%] Built target sensor_msgs_generate_messages_eus
[  0%] Built target actionlib_msgs_generate_messages_cpp
[ 11%] [32mBuilding CXX object CMakeFiles/op_perception_simulator.dir/nodes/op_perception_simulator/op_perception_simulator.cpp.o[0m
[ 22%] [32mBuilding CXX object CMakeFiles/op_perception_simulator.dir/nodes/op_perception_simulator/op_perception_simulator_core.cpp.o[0m
[ 33%] [32mBuilding CXX object CMakeFiles/op_signs_simulator.dir/nodes/op_signs_simulator/op_signs_simulator.cpp.o[0m
[ 44%] [32mBuilding CXX object CMakeFiles/op_signs_simulator.dir/nodes/op_signs_simulator/op_signs_simulator_core.cpp.o[0m
In file included from [01m[K/home/muyangren907/autoware/autoware.ai/1.12.0_cuda/install/op_planner/include/op_planner/RoadNetwork.h:14:0[m[K,
                 from [01m[K/home/muyangren907/autoware/autoware.ai/1.12.0_cuda/install/op_ros_helpers/include/op_ros_helpers/op_ROSHelpers.h:10[m[K,
                 from [01m[K/home/muyangren907/autoware/autoware.ai/1.12.0_cuda/src/autoware/core_planning/op_simulation_package/nodes/op_perception_simulator/op_perception_simulator_core.cpp:25[m[K:
[01m[K/home/muyangren907/autoware/autoware.ai/1.12.0_cuda/install/op_utility/include/op_utility/UtilityH.h:18:0:[m[K [01;35m[Kwarning: [m[K"DEG2RAD" redefined
 #define DEG2RAD M_PI / 180.
 
In file included from [01m[K/usr/include/pcl-1.8/pcl/PCLPointField.h:12:0[m[K,
                 from [01m[K/usr/include/pcl-1.8/pcl/conversions.h:47[m[K,
                 from [01m[K/opt/ros/melodic/include/pcl_conversions/pcl_conversions.h:44[m[K,
                 from [01m[K/home/muyangren907/autoware/autoware.ai/1.12.0_cuda/src/autoware/core_planning/op_simulation_package/nodes/op_perception_simulator/op_perception_simulator_core.cpp:19[m[K:
[01m[K/usr/include/pcl-1.8/pcl/pcl_macros.h:139:0:[m[K [01;36m[Knote: [m[Kthis is the location of the previous definition
 #define DEG2RAD(x) ((x)*0.017453293)
 
In file included from [01m[K/home/muyangren907/autoware/autoware.ai/1.12.0_cuda/install/op_planner/include/op_planner/RoadNetwork.h:14:0[m[K,
                 from [01m[K/home/muyangren907/autoware/autoware.ai/1.12.0_cuda/install/op_ros_helpers/include/op_ros_helpers/op_ROSHelpers.h:10[m[K,
                 from [01m[K/home/muyangren907/autoware/autoware.ai/1.12.0_cuda/src/autoware/core_planning/op_simulation_package/nodes/op_perception_simulator/op_perception_simulator_core.cpp:25[m[K:
[01m[K/home/muyangren907/autoware/autoware.ai/1.12.0_cuda/install/op_utility/include/op_utility/UtilityH.h:19:0:[m[K [01;35m[Kwarning: [m[K"RAD2DEG" redefined
 #define RAD2DEG 180. / M_PI
 
In file included from [01m[K/usr/include/pcl-1.8/pcl/PCLPointField.h:12:0[m[K,
                 from [01m[K/usr/include/pcl-1.8/pcl/conversions.h:47[m[K,
                 from [01m[K/opt/ros/melodic/include/pcl_conversions/pcl_conversions.h:44[m[K,
                 from [01m[K/home/muyangren907/autoware/autoware.ai/1.12.0_cuda/src/autoware/core_planning/op_simulation_package/nodes/op_perception_simulator/op_perception_simulator_core.cpp:19[m[K:
[01m[K/usr/include/pcl-1.8/pcl/pcl_macros.h:143:0:[m[K [01;36m[Knote: [m[Kthis is the location of the previous definition
 #define RAD2DEG(x) ((x)*57.29578)
 
[ 55%] [32m[1mLinking CXX executable devel/lib/op_simulation_package/op_perception_simulator[0m
[ 55%] Built target op_perception_simulator
[ 66%] [32m[1mLinking CXX executable devel/lib/op_simulation_package/op_signs_simulator[0m
[ 66%] Built target op_signs_simulator
[35m[1mScanning dependencies of target op_car_simulator[0m
[ 77%] [32mBuilding CXX object CMakeFiles/op_car_simulator.dir/nodes/op_car_simulator/op_car_simulator.cpp.o[0m
[ 88%] [32mBuilding CXX object CMakeFiles/op_car_simulator.dir/nodes/op_car_simulator/op_car_simulator_core.cpp.o[0m
[01m[K/home/muyangren907/autoware/autoware.ai/1.12.0_cuda/src/autoware/core_planning/op_simulation_package/nodes/op_car_simulator/op_car_simulator_core.cpp:[m[K In member function ‘[01m[Kvoid CarSimulatorNS::OpenPlannerCarSimulator::MainLoop()[m[K’:
[01m[K/home/muyangren907/autoware/autoware.ai/1.12.0_cuda/src/autoware/core_planning/op_simulation_package/nodes/op_car_simulator/op_car_simulator_core.cpp:796:49:[m[K [01;35m[Kwarning: [m[Kcomparison between ‘[01m[Kenum CarSimulatorNS::MAP_SOURCE_TYPE[m[K’ and ‘[01m[Kenum PlannerHNS::MAP_SOURCE_TYPE[m[K’ [[01;35m[K-Wenum-compare[m[K]
   else if (m_SimParams.mapSource == PlannerHNS::[01;35m[KMAP_AUTOWARE[m[K && !m_bMap)
                                                 [01;35m[K^~~~~~~~~~~~[m[K
[100%] [32m[1mLinking CXX executable devel/lib/op_simulation_package/op_car_simulator[0m
[100%] Built target op_car_simulator
Invoked command in '/home/muyangren907/autoware/autoware.ai/1.12.0_cuda/build/op_simulation_package' returned '0': CMAKE_PREFIX_PATH=/home/muyangren907/autoware/autoware.ai/1.12.0_cuda/install/op_ros_helpers:/home/muyangren907/autoware/autoware.ai/1.12.0_cuda/install/op_simu:/home/muyangren907/autoware/autoware.ai/1.12.0_cuda/install/op_planner:/home/muyangren907/autoware/autoware.ai/1.12.0_cuda/install/op_utility:/home/muyangren907/autoware/autoware.ai/1.12.0_cuda/install/waypoint_follower:/home/muyangren907/autoware/autoware.ai/1.12.0_cuda/install/vector_map_server:/home/muyangren907/autoware/autoware.ai/1.12.0_cuda/install/map_file:/home/muyangren907/autoware/autoware.ai/1.12.0_cuda/install/vector_map:/home/muyangren907/autoware/autoware.ai/1.12.0_cuda/install/autoware_health_checker:/home/muyangren907/autoware/autoware.ai/1.12.0_cuda/install/amathutils_lib:/home/muyangren907/autoware/autoware.ai/1.12.0_cuda/install/vector_map_msgs:/home/muyangren907/autoware/autoware.ai/1.12.0_cuda/install/tablet_socket_msgs:/home/muyangren907/autoware/autoware.ai/1.12.0_cuda/install/autoware_system_msgs:/home/muyangren907/autoware/autoware.ai/1.12.0_cuda/install/autoware_msgs:/home/muyangren907/autoware/autoware.ai/1.12.0_cuda/install/autoware_config_msgs:/home/muyangren907/autoware/autoware.ai/1.12.0_cuda/install/autoware_build_flags:${CMAKE_PREFIX_PATH} LD_LIBRARY_PATH=/home/muyangren907/autoware/autoware.ai/1.12.0_cuda/install/op_ros_helpers/lib:/home/muyangren907/autoware/autoware.ai/1.12.0_cuda/install/op_simu/lib:/home/muyangren907/autoware/autoware.ai/1.12.0_cuda/install/op_planner/lib:/home/muyangren907/autoware/autoware.ai/1.12.0_cuda/install/op_utility/lib:/home/muyangren907/autoware/autoware.ai/1.12.0_cuda/install/waypoint_follower/lib:/home/muyangren907/autoware/autoware.ai/1.12.0_cuda/install/map_file/lib:/home/muyangren907/autoware/autoware.ai/1.12.0_cuda/install/vector_map/lib:/home/muyangren907/autoware/autoware.ai/1.12.0_cuda/install/autoware_health_checker/lib:/home/muyangren907/autoware/autoware.ai/1.12.0_cuda/install/amathutils_lib/lib:${LD_LIBRARY_PATH} PKG_CONFIG_PATH=/home/muyangren907/autoware/autoware.ai/1.12.0_cuda/install/op_ros_helpers/lib/x86_64-linux-gnu/pkgconfig:/home/muyangren907/autoware/autoware.ai/1.12.0_cuda/install/op_ros_helpers/lib/pkgconfig:/home/muyangren907/autoware/autoware.ai/1.12.0_cuda/install/op_simu/lib/x86_64-linux-gnu/pkgconfig:/home/muyangren907/autoware/autoware.ai/1.12.0_cuda/install/op_simu/lib/pkgconfig:/home/muyangren907/autoware/autoware.ai/1.12.0_cuda/install/op_planner/lib/x86_64-linux-gnu/pkgconfig:/home/muyangren907/autoware/autoware.ai/1.12.0_cuda/install/op_planner/lib/pkgconfig:/home/muyangren907/autoware/autoware.ai/1.12.0_cuda/install/op_utility/lib/x86_64-linux-gnu/pkgconfig:/home/muyangren907/autoware/autoware.ai/1.12.0_cuda/install/op_utility/lib/pkgconfig:/home/muyangren907/autoware/autoware.ai/1.12.0_cuda/install/waypoint_follower/lib/x86_64-linux-gnu/pkgconfig:/home/muyangren907/autoware/autoware.ai/1.12.0_cuda/install/waypoint_follower/lib/pkgconfig:/home/muyangren907/autoware/autoware.ai/1.12.0_cuda/install/vector_map_server/lib/x86_64-linux-gnu/pkgconfig:/home/muyangren907/autoware/autoware.ai/1.12.0_cuda/install/vector_map_server/lib/pkgconfig:/home/muyangren907/autoware/autoware.ai/1.12.0_cuda/install/map_file/lib/x86_64-linux-gnu/pkgconfig:/home/muyangren907/autoware/autoware.ai/1.12.0_cuda/install/map_file/lib/pkgconfig:/home/muyangren907/autoware/autoware.ai/1.12.0_cuda/install/vector_map/lib/x86_64-linux-gnu/pkgconfig:/home/muyangren907/autoware/autoware.ai/1.12.0_cuda/install/vector_map/lib/pkgconfig:/home/muyangren907/autoware/autoware.ai/1.12.0_cuda/install/autoware_health_checker/lib/x86_64-linux-gnu/pkgconfig:/home/muyangren907/autoware/autoware.ai/1.12.0_cuda/install/autoware_health_checker/lib/pkgconfig:/home/muyangren907/autoware/autoware.ai/1.12.0_cuda/install/amathutils_lib/lib/x86_64-linux-gnu/pkgconfig:/home/muyangren907/autoware/autoware.ai/1.12.0_cuda/install/amathutils_lib/lib/pkgconfig:/home/muyangren907/autoware/autoware.ai/1.12.0_cuda/install/vector_map_msgs/lib/x86_64-linux-gnu/pkgconfig:/home/muyangren907/autoware/autoware.ai/1.12.0_cuda/install/vector_map_msgs/lib/pkgconfig:/home/muyangren907/autoware/autoware.ai/1.12.0_cuda/install/tablet_socket_msgs/lib/x86_64-linux-gnu/pkgconfig:/home/muyangren907/autoware/autoware.ai/1.12.0_cuda/install/tablet_socket_msgs/lib/pkgconfig:/home/muyangren907/autoware/autoware.ai/1.12.0_cuda/install/autoware_system_msgs/lib/x86_64-linux-gnu/pkgconfig:/home/muyangren907/autoware/autoware.ai/1.12.0_cuda/install/autoware_system_msgs/lib/pkgconfig:/home/muyangren907/autoware/autoware.ai/1.12.0_cuda/install/autoware_msgs/lib/x86_64-linux-gnu/pkgconfig:/home/muyangren907/autoware/autoware.ai/1.12.0_cuda/install/autoware_msgs/lib/pkgconfig:/home/muyangren907/autoware/autoware.ai/1.12.0_cuda/install/autoware_config_msgs/lib/x86_64-linux-gnu/pkgconfig:/home/muyangren907/autoware/autoware.ai/1.12.0_cuda/install/autoware_config_msgs/lib/pkgconfig:/home/muyangren907/autoware/autoware.ai/1.12.0_cuda/install/autoware_build_flags/lib/x86_64-linux-gnu/pkgconfig:/home/muyangren907/autoware/autoware.ai/1.12.0_cuda/install/autoware_build_flags/lib/pkgconfig:${PKG_CONFIG_PATH} PYTHONPATH=/home/muyangren907/autoware/autoware.ai/1.12.0_cuda/install/vector_map_server/lib/python2.7/dist-packages:/home/muyangren907/autoware/autoware.ai/1.12.0_cuda/install/vector_map_msgs/lib/python2.7/dist-packages:/home/muyangren907/autoware/autoware.ai/1.12.0_cuda/install/tablet_socket_msgs/lib/python2.7/dist-packages:/home/muyangren907/autoware/autoware.ai/1.12.0_cuda/install/autoware_system_msgs/lib/python2.7/dist-packages:/home/muyangren907/autoware/autoware.ai/1.12.0_cuda/install/autoware_msgs/lib/python2.7/dist-packages:/home/muyangren907/autoware/autoware.ai/1.12.0_cuda/install/autoware_config_msgs/lib/python2.7/dist-packages:${PYTHONPATH} ROS_PACKAGE_PATH=/home/muyangren907/autoware/autoware.ai/1.12.0_cuda/install/op_ros_helpers/share:/home/muyangren907/autoware/autoware.ai/1.12.0_cuda/install/op_simu/share:/home/muyangren907/autoware/autoware.ai/1.12.0_cuda/install/op_planner/share:/home/muyangren907/autoware/autoware.ai/1.12.0_cuda/install/op_utility/share:/home/muyangren907/autoware/autoware.ai/1.12.0_cuda/install/waypoint_follower/share:/home/muyangren907/autoware/autoware.ai/1.12.0_cuda/install/vector_map_server/share:/home/muyangren907/autoware/autoware.ai/1.12.0_cuda/install/map_file/share:/home/muyangren907/autoware/autoware.ai/1.12.0_cuda/install/vector_map/share:/home/muyangren907/autoware/autoware.ai/1.12.0_cuda/install/autoware_health_checker/share:/home/muyangren907/autoware/autoware.ai/1.12.0_cuda/install/amathutils_lib/share:/home/muyangren907/autoware/autoware.ai/1.12.0_cuda/install/vector_map_msgs/share:/home/muyangren907/autoware/autoware.ai/1.12.0_cuda/install/tablet_socket_msgs/share:/home/muyangren907/autoware/autoware.ai/1.12.0_cuda/install/autoware_system_msgs/share:/home/muyangren907/autoware/autoware.ai/1.12.0_cuda/install/autoware_msgs/share:/home/muyangren907/autoware/autoware.ai/1.12.0_cuda/install/autoware_config_msgs/share:/home/muyangren907/autoware/autoware.ai/1.12.0_cuda/install/autoware_build_flags/share:${ROS_PACKAGE_PATH} /usr/local/bin/cmake --build /home/muyangren907/autoware/autoware.ai/1.12.0_cuda/build/op_simulation_package -- -j40 -l40
Invoking command in '/home/muyangren907/autoware/autoware.ai/1.12.0_cuda/build/op_simulation_package': CMAKE_PREFIX_PATH=/home/muyangren907/autoware/autoware.ai/1.12.0_cuda/install/op_ros_helpers:/home/muyangren907/autoware/autoware.ai/1.12.0_cuda/install/op_simu:/home/muyangren907/autoware/autoware.ai/1.12.0_cuda/install/op_planner:/home/muyangren907/autoware/autoware.ai/1.12.0_cuda/install/op_utility:/home/muyangren907/autoware/autoware.ai/1.12.0_cuda/install/waypoint_follower:/home/muyangren907/autoware/autoware.ai/1.12.0_cuda/install/vector_map_server:/home/muyangren907/autoware/autoware.ai/1.12.0_cuda/install/map_file:/home/muyangren907/autoware/autoware.ai/1.12.0_cuda/install/vector_map:/home/muyangren907/autoware/autoware.ai/1.12.0_cuda/install/autoware_health_checker:/home/muyangren907/autoware/autoware.ai/1.12.0_cuda/install/amathutils_lib:/home/muyangren907/autoware/autoware.ai/1.12.0_cuda/install/vector_map_msgs:/home/muyangren907/autoware/autoware.ai/1.12.0_cuda/install/tablet_socket_msgs:/home/muyangren907/autoware/autoware.ai/1.12.0_cuda/install/autoware_system_msgs:/home/muyangren907/autoware/autoware.ai/1.12.0_cuda/install/autoware_msgs:/home/muyangren907/autoware/autoware.ai/1.12.0_cuda/install/autoware_config_msgs:/home/muyangren907/autoware/autoware.ai/1.12.0_cuda/install/autoware_build_flags:${CMAKE_PREFIX_PATH} LD_LIBRARY_PATH=/home/muyangren907/autoware/autoware.ai/1.12.0_cuda/install/op_ros_helpers/lib:/home/muyangren907/autoware/autoware.ai/1.12.0_cuda/install/op_simu/lib:/home/muyangren907/autoware/autoware.ai/1.12.0_cuda/install/op_planner/lib:/home/muyangren907/autoware/autoware.ai/1.12.0_cuda/install/op_utility/lib:/home/muyangren907/autoware/autoware.ai/1.12.0_cuda/install/waypoint_follower/lib:/home/muyangren907/autoware/autoware.ai/1.12.0_cuda/install/map_file/lib:/home/muyangren907/autoware/autoware.ai/1.12.0_cuda/install/vector_map/lib:/home/muyangren907/autoware/autoware.ai/1.12.0_cuda/install/autoware_health_checker/lib:/home/muyangren907/autoware/autoware.ai/1.12.0_cuda/install/amathutils_lib/lib:${LD_LIBRARY_PATH} PKG_CONFIG_PATH=/home/muyangren907/autoware/autoware.ai/1.12.0_cuda/install/op_ros_helpers/lib/x86_64-linux-gnu/pkgconfig:/home/muyangren907/autoware/autoware.ai/1.12.0_cuda/install/op_ros_helpers/lib/pkgconfig:/home/muyangren907/autoware/autoware.ai/1.12.0_cuda/install/op_simu/lib/x86_64-linux-gnu/pkgconfig:/home/muyangren907/autoware/autoware.ai/1.12.0_cuda/install/op_simu/lib/pkgconfig:/home/muyangren907/autoware/autoware.ai/1.12.0_cuda/install/op_planner/lib/x86_64-linux-gnu/pkgconfig:/home/muyangren907/autoware/autoware.ai/1.12.0_cuda/install/op_planner/lib/pkgconfig:/home/muyangren907/autoware/autoware.ai/1.12.0_cuda/install/op_utility/lib/x86_64-linux-gnu/pkgconfig:/home/muyangren907/autoware/autoware.ai/1.12.0_cuda/install/op_utility/lib/pkgconfig:/home/muyangren907/autoware/autoware.ai/1.12.0_cuda/install/waypoint_follower/lib/x86_64-linux-gnu/pkgconfig:/home/muyangren907/autoware/autoware.ai/1.12.0_cuda/install/waypoint_follower/lib/pkgconfig:/home/muyangren907/autoware/autoware.ai/1.12.0_cuda/install/vector_map_server/lib/x86_64-linux-gnu/pkgconfig:/home/muyangren907/autoware/autoware.ai/1.12.0_cuda/install/vector_map_server/lib/pkgconfig:/home/muyangren907/autoware/autoware.ai/1.12.0_cuda/install/map_file/lib/x86_64-linux-gnu/pkgconfig:/home/muyangren907/autoware/autoware.ai/1.12.0_cuda/install/map_file/lib/pkgconfig:/home/muyangren907/autoware/autoware.ai/1.12.0_cuda/install/vector_map/lib/x86_64-linux-gnu/pkgconfig:/home/muyangren907/autoware/autoware.ai/1.12.0_cuda/install/vector_map/lib/pkgconfig:/home/muyangren907/autoware/autoware.ai/1.12.0_cuda/install/autoware_health_checker/lib/x86_64-linux-gnu/pkgconfig:/home/muyangren907/autoware/autoware.ai/1.12.0_cuda/install/autoware_health_checker/lib/pkgconfig:/home/muyangren907/autoware/autoware.ai/1.12.0_cuda/install/amathutils_lib/lib/x86_64-linux-gnu/pkgconfig:/home/muyangren907/autoware/autoware.ai/1.12.0_cuda/install/amathutils_lib/lib/pkgconfig:/home/muyangren907/autoware/autoware.ai/1.12.0_cuda/install/vector_map_msgs/lib/x86_64-linux-gnu/pkgconfig:/home/muyangren907/autoware/autoware.ai/1.12.0_cuda/install/vector_map_msgs/lib/pkgconfig:/home/muyangren907/autoware/autoware.ai/1.12.0_cuda/install/tablet_socket_msgs/lib/x86_64-linux-gnu/pkgconfig:/home/muyangren907/autoware/autoware.ai/1.12.0_cuda/install/tablet_socket_msgs/lib/pkgconfig:/home/muyangren907/autoware/autoware.ai/1.12.0_cuda/install/autoware_system_msgs/lib/x86_64-linux-gnu/pkgconfig:/home/muyangren907/autoware/autoware.ai/1.12.0_cuda/install/autoware_system_msgs/lib/pkgconfig:/home/muyangren907/autoware/autoware.ai/1.12.0_cuda/install/autoware_msgs/lib/x86_64-linux-gnu/pkgconfig:/home/muyangren907/autoware/autoware.ai/1.12.0_cuda/install/autoware_msgs/lib/pkgconfig:/home/muyangren907/autoware/autoware.ai/1.12.0_cuda/install/autoware_config_msgs/lib/x86_64-linux-gnu/pkgconfig:/home/muyangren907/autoware/autoware.ai/1.12.0_cuda/install/autoware_config_msgs/lib/pkgconfig:/home/muyangren907/autoware/autoware.ai/1.12.0_cuda/install/autoware_build_flags/lib/x86_64-linux-gnu/pkgconfig:/home/muyangren907/autoware/autoware.ai/1.12.0_cuda/install/autoware_build_flags/lib/pkgconfig:${PKG_CONFIG_PATH} PYTHONPATH=/home/muyangren907/autoware/autoware.ai/1.12.0_cuda/install/vector_map_server/lib/python2.7/dist-packages:/home/muyangren907/autoware/autoware.ai/1.12.0_cuda/install/vector_map_msgs/lib/python2.7/dist-packages:/home/muyangren907/autoware/autoware.ai/1.12.0_cuda/install/tablet_socket_msgs/lib/python2.7/dist-packages:/home/muyangren907/autoware/autoware.ai/1.12.0_cuda/install/autoware_system_msgs/lib/python2.7/dist-packages:/home/muyangren907/autoware/autoware.ai/1.12.0_cuda/install/autoware_msgs/lib/python2.7/dist-packages:/home/muyangren907/autoware/autoware.ai/1.12.0_cuda/install/autoware_config_msgs/lib/python2.7/dist-packages:${PYTHONPATH} ROS_PACKAGE_PATH=/home/muyangren907/autoware/autoware.ai/1.12.0_cuda/install/op_ros_helpers/share:/home/muyangren907/autoware/autoware.ai/1.12.0_cuda/install/op_simu/share:/home/muyangren907/autoware/autoware.ai/1.12.0_cuda/install/op_planner/share:/home/muyangren907/autoware/autoware.ai/1.12.0_cuda/install/op_utility/share:/home/muyangren907/autoware/autoware.ai/1.12.0_cuda/install/waypoint_follower/share:/home/muyangren907/autoware/autoware.ai/1.12.0_cuda/install/vector_map_server/share:/home/muyangren907/autoware/autoware.ai/1.12.0_cuda/install/map_file/share:/home/muyangren907/autoware/autoware.ai/1.12.0_cuda/install/vector_map/share:/home/muyangren907/autoware/autoware.ai/1.12.0_cuda/install/autoware_health_checker/share:/home/muyangren907/autoware/autoware.ai/1.12.0_cuda/install/amathutils_lib/share:/home/muyangren907/autoware/autoware.ai/1.12.0_cuda/install/vector_map_msgs/share:/home/muyangren907/autoware/autoware.ai/1.12.0_cuda/install/tablet_socket_msgs/share:/home/muyangren907/autoware/autoware.ai/1.12.0_cuda/install/autoware_system_msgs/share:/home/muyangren907/autoware/autoware.ai/1.12.0_cuda/install/autoware_msgs/share:/home/muyangren907/autoware/autoware.ai/1.12.0_cuda/install/autoware_config_msgs/share:/home/muyangren907/autoware/autoware.ai/1.12.0_cuda/install/autoware_build_flags/share:${ROS_PACKAGE_PATH} /usr/local/bin/cmake --build /home/muyangren907/autoware/autoware.ai/1.12.0_cuda/build/op_simulation_package --target tests -- -j40 -l40
[35m[1mScanning dependencies of target tests[0m
Built target tests
Invoked command in '/home/muyangren907/autoware/autoware.ai/1.12.0_cuda/build/op_simulation_package' returned '0': CMAKE_PREFIX_PATH=/home/muyangren907/autoware/autoware.ai/1.12.0_cuda/install/op_ros_helpers:/home/muyangren907/autoware/autoware.ai/1.12.0_cuda/install/op_simu:/home/muyangren907/autoware/autoware.ai/1.12.0_cuda/install/op_planner:/home/muyangren907/autoware/autoware.ai/1.12.0_cuda/install/op_utility:/home/muyangren907/autoware/autoware.ai/1.12.0_cuda/install/waypoint_follower:/home/muyangren907/autoware/autoware.ai/1.12.0_cuda/install/vector_map_server:/home/muyangren907/autoware/autoware.ai/1.12.0_cuda/install/map_file:/home/muyangren907/autoware/autoware.ai/1.12.0_cuda/install/vector_map:/home/muyangren907/autoware/autoware.ai/1.12.0_cuda/install/autoware_health_checker:/home/muyangren907/autoware/autoware.ai/1.12.0_cuda/install/amathutils_lib:/home/muyangren907/autoware/autoware.ai/1.12.0_cuda/install/vector_map_msgs:/home/muyangren907/autoware/autoware.ai/1.12.0_cuda/install/tablet_socket_msgs:/home/muyangren907/autoware/autoware.ai/1.12.0_cuda/install/autoware_system_msgs:/home/muyangren907/autoware/autoware.ai/1.12.0_cuda/install/autoware_msgs:/home/muyangren907/autoware/autoware.ai/1.12.0_cuda/install/autoware_config_msgs:/home/muyangren907/autoware/autoware.ai/1.12.0_cuda/install/autoware_build_flags:${CMAKE_PREFIX_PATH} LD_LIBRARY_PATH=/home/muyangren907/autoware/autoware.ai/1.12.0_cuda/install/op_ros_helpers/lib:/home/muyangren907/autoware/autoware.ai/1.12.0_cuda/install/op_simu/lib:/home/muyangren907/autoware/autoware.ai/1.12.0_cuda/install/op_planner/lib:/home/muyangren907/autoware/autoware.ai/1.12.0_cuda/install/op_utility/lib:/home/muyangren907/autoware/autoware.ai/1.12.0_cuda/install/waypoint_follower/lib:/home/muyangren907/autoware/autoware.ai/1.12.0_cuda/install/map_file/lib:/home/muyangren907/autoware/autoware.ai/1.12.0_cuda/install/vector_map/lib:/home/muyangren907/autoware/autoware.ai/1.12.0_cuda/install/autoware_health_checker/lib:/home/muyangren907/autoware/autoware.ai/1.12.0_cuda/install/amathutils_lib/lib:${LD_LIBRARY_PATH} PKG_CONFIG_PATH=/home/muyangren907/autoware/autoware.ai/1.12.0_cuda/install/op_ros_helpers/lib/x86_64-linux-gnu/pkgconfig:/home/muyangren907/autoware/autoware.ai/1.12.0_cuda/install/op_ros_helpers/lib/pkgconfig:/home/muyangren907/autoware/autoware.ai/1.12.0_cuda/install/op_simu/lib/x86_64-linux-gnu/pkgconfig:/home/muyangren907/autoware/autoware.ai/1.12.0_cuda/install/op_simu/lib/pkgconfig:/home/muyangren907/autoware/autoware.ai/1.12.0_cuda/install/op_planner/lib/x86_64-linux-gnu/pkgconfig:/home/muyangren907/autoware/autoware.ai/1.12.0_cuda/install/op_planner/lib/pkgconfig:/home/muyangren907/autoware/autoware.ai/1.12.0_cuda/install/op_utility/lib/x86_64-linux-gnu/pkgconfig:/home/muyangren907/autoware/autoware.ai/1.12.0_cuda/install/op_utility/lib/pkgconfig:/home/muyangren907/autoware/autoware.ai/1.12.0_cuda/install/waypoint_follower/lib/x86_64-linux-gnu/pkgconfig:/home/muyangren907/autoware/autoware.ai/1.12.0_cuda/install/waypoint_follower/lib/pkgconfig:/home/muyangren907/autoware/autoware.ai/1.12.0_cuda/install/vector_map_server/lib/x86_64-linux-gnu/pkgconfig:/home/muyangren907/autoware/autoware.ai/1.12.0_cuda/install/vector_map_server/lib/pkgconfig:/home/muyangren907/autoware/autoware.ai/1.12.0_cuda/install/map_file/lib/x86_64-linux-gnu/pkgconfig:/home/muyangren907/autoware/autoware.ai/1.12.0_cuda/install/map_file/lib/pkgconfig:/home/muyangren907/autoware/autoware.ai/1.12.0_cuda/install/vector_map/lib/x86_64-linux-gnu/pkgconfig:/home/muyangren907/autoware/autoware.ai/1.12.0_cuda/install/vector_map/lib/pkgconfig:/home/muyangren907/autoware/autoware.ai/1.12.0_cuda/install/autoware_health_checker/lib/x86_64-linux-gnu/pkgconfig:/home/muyangren907/autoware/autoware.ai/1.12.0_cuda/install/autoware_health_checker/lib/pkgconfig:/home/muyangren907/autoware/autoware.ai/1.12.0_cuda/install/amathutils_lib/lib/x86_64-linux-gnu/pkgconfig:/home/muyangren907/autoware/autoware.ai/1.12.0_cuda/install/amathutils_lib/lib/pkgconfig:/home/muyangren907/autoware/autoware.ai/1.12.0_cuda/install/vector_map_msgs/lib/x86_64-linux-gnu/pkgconfig:/home/muyangren907/autoware/autoware.ai/1.12.0_cuda/install/vector_map_msgs/lib/pkgconfig:/home/muyangren907/autoware/autoware.ai/1.12.0_cuda/install/tablet_socket_msgs/lib/x86_64-linux-gnu/pkgconfig:/home/muyangren907/autoware/autoware.ai/1.12.0_cuda/install/tablet_socket_msgs/lib/pkgconfig:/home/muyangren907/autoware/autoware.ai/1.12.0_cuda/install/autoware_system_msgs/lib/x86_64-linux-gnu/pkgconfig:/home/muyangren907/autoware/autoware.ai/1.12.0_cuda/install/autoware_system_msgs/lib/pkgconfig:/home/muyangren907/autoware/autoware.ai/1.12.0_cuda/install/autoware_msgs/lib/x86_64-linux-gnu/pkgconfig:/home/muyangren907/autoware/autoware.ai/1.12.0_cuda/install/autoware_msgs/lib/pkgconfig:/home/muyangren907/autoware/autoware.ai/1.12.0_cuda/install/autoware_config_msgs/lib/x86_64-linux-gnu/pkgconfig:/home/muyangren907/autoware/autoware.ai/1.12.0_cuda/install/autoware_config_msgs/lib/pkgconfig:/home/muyangren907/autoware/autoware.ai/1.12.0_cuda/install/autoware_build_flags/lib/x86_64-linux-gnu/pkgconfig:/home/muyangren907/autoware/autoware.ai/1.12.0_cuda/install/autoware_build_flags/lib/pkgconfig:${PKG_CONFIG_PATH} PYTHONPATH=/home/muyangren907/autoware/autoware.ai/1.12.0_cuda/install/vector_map_server/lib/python2.7/dist-packages:/home/muyangren907/autoware/autoware.ai/1.12.0_cuda/install/vector_map_msgs/lib/python2.7/dist-packages:/home/muyangren907/autoware/autoware.ai/1.12.0_cuda/install/tablet_socket_msgs/lib/python2.7/dist-packages:/home/muyangren907/autoware/autoware.ai/1.12.0_cuda/install/autoware_system_msgs/lib/python2.7/dist-packages:/home/muyangren907/autoware/autoware.ai/1.12.0_cuda/install/autoware_msgs/lib/python2.7/dist-packages:/home/muyangren907/autoware/autoware.ai/1.12.0_cuda/install/autoware_config_msgs/lib/python2.7/dist-packages:${PYTHONPATH} ROS_PACKAGE_PATH=/home/muyangren907/autoware/autoware.ai/1.12.0_cuda/install/op_ros_helpers/share:/home/muyangren907/autoware/autoware.ai/1.12.0_cuda/install/op_simu/share:/home/muyangren907/autoware/autoware.ai/1.12.0_cuda/install/op_planner/share:/home/muyangren907/autoware/autoware.ai/1.12.0_cuda/install/op_utility/share:/home/muyangren907/autoware/autoware.ai/1.12.0_cuda/install/waypoint_follower/share:/home/muyangren907/autoware/autoware.ai/1.12.0_cuda/install/vector_map_server/share:/home/muyangren907/autoware/autoware.ai/1.12.0_cuda/install/map_file/share:/home/muyangren907/autoware/autoware.ai/1.12.0_cuda/install/vector_map/share:/home/muyangren907/autoware/autoware.ai/1.12.0_cuda/install/autoware_health_checker/share:/home/muyangren907/autoware/autoware.ai/1.12.0_cuda/install/amathutils_lib/share:/home/muyangren907/autoware/autoware.ai/1.12.0_cuda/install/vector_map_msgs/share:/home/muyangren907/autoware/autoware.ai/1.12.0_cuda/install/tablet_socket_msgs/share:/home/muyangren907/autoware/autoware.ai/1.12.0_cuda/install/autoware_system_msgs/share:/home/muyangren907/autoware/autoware.ai/1.12.0_cuda/install/autoware_msgs/share:/home/muyangren907/autoware/autoware.ai/1.12.0_cuda/install/autoware_config_msgs/share:/home/muyangren907/autoware/autoware.ai/1.12.0_cuda/install/autoware_build_flags/share:${ROS_PACKAGE_PATH} /usr/local/bin/cmake --build /home/muyangren907/autoware/autoware.ai/1.12.0_cuda/build/op_simulation_package --target tests -- -j40 -l40
Invoking command in '/home/muyangren907/autoware/autoware.ai/1.12.0_cuda/build/op_simulation_package': CMAKE_PREFIX_PATH=/home/muyangren907/autoware/autoware.ai/1.12.0_cuda/install/op_ros_helpers:/home/muyangren907/autoware/autoware.ai/1.12.0_cuda/install/op_simu:/home/muyangren907/autoware/autoware.ai/1.12.0_cuda/install/op_planner:/home/muyangren907/autoware/autoware.ai/1.12.0_cuda/install/op_utility:/home/muyangren907/autoware/autoware.ai/1.12.0_cuda/install/waypoint_follower:/home/muyangren907/autoware/autoware.ai/1.12.0_cuda/install/vector_map_server:/home/muyangren907/autoware/autoware.ai/1.12.0_cuda/install/map_file:/home/muyangren907/autoware/autoware.ai/1.12.0_cuda/install/vector_map:/home/muyangren907/autoware/autoware.ai/1.12.0_cuda/install/autoware_health_checker:/home/muyangren907/autoware/autoware.ai/1.12.0_cuda/install/amathutils_lib:/home/muyangren907/autoware/autoware.ai/1.12.0_cuda/install/vector_map_msgs:/home/muyangren907/autoware/autoware.ai/1.12.0_cuda/install/tablet_socket_msgs:/home/muyangren907/autoware/autoware.ai/1.12.0_cuda/install/autoware_system_msgs:/home/muyangren907/autoware/autoware.ai/1.12.0_cuda/install/autoware_msgs:/home/muyangren907/autoware/autoware.ai/1.12.0_cuda/install/autoware_config_msgs:/home/muyangren907/autoware/autoware.ai/1.12.0_cuda/install/autoware_build_flags:${CMAKE_PREFIX_PATH} LD_LIBRARY_PATH=/home/muyangren907/autoware/autoware.ai/1.12.0_cuda/install/op_ros_helpers/lib:/home/muyangren907/autoware/autoware.ai/1.12.0_cuda/install/op_simu/lib:/home/muyangren907/autoware/autoware.ai/1.12.0_cuda/install/op_planner/lib:/home/muyangren907/autoware/autoware.ai/1.12.0_cuda/install/op_utility/lib:/home/muyangren907/autoware/autoware.ai/1.12.0_cuda/install/waypoint_follower/lib:/home/muyangren907/autoware/autoware.ai/1.12.0_cuda/install/map_file/lib:/home/muyangren907/autoware/autoware.ai/1.12.0_cuda/install/vector_map/lib:/home/muyangren907/autoware/autoware.ai/1.12.0_cuda/install/autoware_health_checker/lib:/home/muyangren907/autoware/autoware.ai/1.12.0_cuda/install/amathutils_lib/lib:${LD_LIBRARY_PATH} PKG_CONFIG_PATH=/home/muyangren907/autoware/autoware.ai/1.12.0_cuda/install/op_ros_helpers/lib/x86_64-linux-gnu/pkgconfig:/home/muyangren907/autoware/autoware.ai/1.12.0_cuda/install/op_ros_helpers/lib/pkgconfig:/home/muyangren907/autoware/autoware.ai/1.12.0_cuda/install/op_simu/lib/x86_64-linux-gnu/pkgconfig:/home/muyangren907/autoware/autoware.ai/1.12.0_cuda/install/op_simu/lib/pkgconfig:/home/muyangren907/autoware/autoware.ai/1.12.0_cuda/install/op_planner/lib/x86_64-linux-gnu/pkgconfig:/home/muyangren907/autoware/autoware.ai/1.12.0_cuda/install/op_planner/lib/pkgconfig:/home/muyangren907/autoware/autoware.ai/1.12.0_cuda/install/op_utility/lib/x86_64-linux-gnu/pkgconfig:/home/muyangren907/autoware/autoware.ai/1.12.0_cuda/install/op_utility/lib/pkgconfig:/home/muyangren907/autoware/autoware.ai/1.12.0_cuda/install/waypoint_follower/lib/x86_64-linux-gnu/pkgconfig:/home/muyangren907/autoware/autoware.ai/1.12.0_cuda/install/waypoint_follower/lib/pkgconfig:/home/muyangren907/autoware/autoware.ai/1.12.0_cuda/install/vector_map_server/lib/x86_64-linux-gnu/pkgconfig:/home/muyangren907/autoware/autoware.ai/1.12.0_cuda/install/vector_map_server/lib/pkgconfig:/home/muyangren907/autoware/autoware.ai/1.12.0_cuda/install/map_file/lib/x86_64-linux-gnu/pkgconfig:/home/muyangren907/autoware/autoware.ai/1.12.0_cuda/install/map_file/lib/pkgconfig:/home/muyangren907/autoware/autoware.ai/1.12.0_cuda/install/vector_map/lib/x86_64-linux-gnu/pkgconfig:/home/muyangren907/autoware/autoware.ai/1.12.0_cuda/install/vector_map/lib/pkgconfig:/home/muyangren907/autoware/autoware.ai/1.12.0_cuda/install/autoware_health_checker/lib/x86_64-linux-gnu/pkgconfig:/home/muyangren907/autoware/autoware.ai/1.12.0_cuda/install/autoware_health_checker/lib/pkgconfig:/home/muyangren907/autoware/autoware.ai/1.12.0_cuda/install/amathutils_lib/lib/x86_64-linux-gnu/pkgconfig:/home/muyangren907/autoware/autoware.ai/1.12.0_cuda/install/amathutils_lib/lib/pkgconfig:/home/muyangren907/autoware/autoware.ai/1.12.0_cuda/install/vector_map_msgs/lib/x86_64-linux-gnu/pkgconfig:/home/muyangren907/autoware/autoware.ai/1.12.0_cuda/install/vector_map_msgs/lib/pkgconfig:/home/muyangren907/autoware/autoware.ai/1.12.0_cuda/install/tablet_socket_msgs/lib/x86_64-linux-gnu/pkgconfig:/home/muyangren907/autoware/autoware.ai/1.12.0_cuda/install/tablet_socket_msgs/lib/pkgconfig:/home/muyangren907/autoware/autoware.ai/1.12.0_cuda/install/autoware_system_msgs/lib/x86_64-linux-gnu/pkgconfig:/home/muyangren907/autoware/autoware.ai/1.12.0_cuda/install/autoware_system_msgs/lib/pkgconfig:/home/muyangren907/autoware/autoware.ai/1.12.0_cuda/install/autoware_msgs/lib/x86_64-linux-gnu/pkgconfig:/home/muyangren907/autoware/autoware.ai/1.12.0_cuda/install/autoware_msgs/lib/pkgconfig:/home/muyangren907/autoware/autoware.ai/1.12.0_cuda/install/autoware_config_msgs/lib/x86_64-linux-gnu/pkgconfig:/home/muyangren907/autoware/autoware.ai/1.12.0_cuda/install/autoware_config_msgs/lib/pkgconfig:/home/muyangren907/autoware/autoware.ai/1.12.0_cuda/install/autoware_build_flags/lib/x86_64-linux-gnu/pkgconfig:/home/muyangren907/autoware/autoware.ai/1.12.0_cuda/install/autoware_build_flags/lib/pkgconfig:${PKG_CONFIG_PATH} PYTHONPATH=/home/muyangren907/autoware/autoware.ai/1.12.0_cuda/install/vector_map_server/lib/python2.7/dist-packages:/home/muyangren907/autoware/autoware.ai/1.12.0_cuda/install/vector_map_msgs/lib/python2.7/dist-packages:/home/muyangren907/autoware/autoware.ai/1.12.0_cuda/install/tablet_socket_msgs/lib/python2.7/dist-packages:/home/muyangren907/autoware/autoware.ai/1.12.0_cuda/install/autoware_system_msgs/lib/python2.7/dist-packages:/home/muyangren907/autoware/autoware.ai/1.12.0_cuda/install/autoware_msgs/lib/python2.7/dist-packages:/home/muyangren907/autoware/autoware.ai/1.12.0_cuda/install/autoware_config_msgs/lib/python2.7/dist-packages:${PYTHONPATH} ROS_PACKAGE_PATH=/home/muyangren907/autoware/autoware.ai/1.12.0_cuda/install/op_ros_helpers/share:/home/muyangren907/autoware/autoware.ai/1.12.0_cuda/install/op_simu/share:/home/muyangren907/autoware/autoware.ai/1.12.0_cuda/install/op_planner/share:/home/muyangren907/autoware/autoware.ai/1.12.0_cuda/install/op_utility/share:/home/muyangren907/autoware/autoware.ai/1.12.0_cuda/install/waypoint_follower/share:/home/muyangren907/autoware/autoware.ai/1.12.0_cuda/install/vector_map_server/share:/home/muyangren907/autoware/autoware.ai/1.12.0_cuda/install/map_file/share:/home/muyangren907/autoware/autoware.ai/1.12.0_cuda/install/vector_map/share:/home/muyangren907/autoware/autoware.ai/1.12.0_cuda/install/autoware_health_checker/share:/home/muyangren907/autoware/autoware.ai/1.12.0_cuda/install/amathutils_lib/share:/home/muyangren907/autoware/autoware.ai/1.12.0_cuda/install/vector_map_msgs/share:/home/muyangren907/autoware/autoware.ai/1.12.0_cuda/install/tablet_socket_msgs/share:/home/muyangren907/autoware/autoware.ai/1.12.0_cuda/install/autoware_system_msgs/share:/home/muyangren907/autoware/autoware.ai/1.12.0_cuda/install/autoware_msgs/share:/home/muyangren907/autoware/autoware.ai/1.12.0_cuda/install/autoware_config_msgs/share:/home/muyangren907/autoware/autoware.ai/1.12.0_cuda/install/autoware_build_flags/share:${ROS_PACKAGE_PATH} /usr/local/bin/cmake --build /home/muyangren907/autoware/autoware.ai/1.12.0_cuda/build/op_simulation_package --target install -- -j40 -l40
[  0%] Built target jsk_footstep_msgs_generate_messages_eus
[  0%] Built target jsk_footstep_msgs_generate_messages_nodejs
[  0%] Built target pcl_msgs_generate_messages_nodejs
[  0%] Built target dynamic_reconfigure_generate_messages_nodejs
[  0%] Built target std_srvs_generate_messages_lisp
[  0%] Built target trajectory_msgs_generate_messages_lisp
[  0%] Built target autoware_msgs_generate_messages_lisp
[  0%] Built target std_srvs_generate_messages_nodejs
[  0%] Built target pcl_msgs_generate_messages_eus
[  0%] Built target jsk_footstep_msgs_generate_messages_cpp
[  0%] Built target rosgraph_msgs_generate_messages_cpp
[  0%] Built target jsk_recognition_msgs_generate_messages_nodejs
[  0%] Built target jsk_recognition_msgs_generate_messages_py
[  0%] Built target actionlib_msgs_generate_messages_py
[  0%] Built target jsk_recognition_msgs_generate_messages_lisp
[  0%] Built target pcl_msgs_generate_messages_lisp
[  0%] Built target geometry_msgs_generate_messages_lisp
[  0%] Built target std_msgs_generate_messages_nodejs
[  0%] Built target std_msgs_generate_messages_lisp
[  0%] Built target autoware_msgs_generate_messages_eus
[  0%] Built target geometry_msgs_generate_messages_py
[  0%] Built target jsk_recognition_msgs_generate_messages_cpp
[  0%] Built target bond_generate_messages_py
[  0%] Built target geometry_msgs_generate_messages_eus
[  0%] Built target geometry_msgs_generate_messages_nodejs
[  0%] Built target jsk_footstep_msgs_generate_messages_lisp
[  0%] Built target std_msgs_generate_messages_cpp
[  0%] Built target sensor_msgs_generate_messages_cpp
[  0%] Built target sensor_msgs_generate_messages_nodejs
[  0%] Built target roscpp_generate_messages_cpp
[  0%] Built target autoware_msgs_generate_messages_cpp
[  0%] Built target geometry_msgs_generate_messages_cpp
[  0%] Built target vector_map_server_generate_messages_cpp
[  0%] Built target sensor_msgs_generate_messages_py
[  0%] Built target roscpp_generate_messages_eus
[  0%] Built target roscpp_generate_messages_lisp
[  0%] Built target bond_generate_messages_eus
[  0%] Built target nodelet_generate_messages_py
[  0%] Built target roscpp_generate_messages_nodejs
[  0%] Built target jsk_recognition_msgs_generate_messages_eus
[  0%] Built target std_msgs_generate_messages_py
[  0%] Built target roscpp_generate_messages_py
[  0%] Built target tf_generate_messages_nodejs
[  0%] Built target std_srvs_generate_messages_py
[  0%] Built target tf_generate_messages_lisp
[  0%] Built target dynamic_reconfigure_generate_messages_py
[  0%] Built target rosgraph_msgs_generate_messages_nodejs
[  0%] Built target rosgraph_msgs_generate_messages_eus
[  0%] Built target rosgraph_msgs_generate_messages_lisp
[  0%] Built target actionlib_generate_messages_py
[  0%] Built target visualization_msgs_generate_messages_eus
[  0%] Built target rosgraph_msgs_generate_messages_py
[  0%] Built target dynamic_reconfigure_generate_messages_cpp
[  0%] Built target dynamic_reconfigure_gencfg
[  0%] Built target autoware_config_msgs_generate_messages_cpp
[  0%] Built target actionlib_generate_messages_cpp
[  0%] Built target vector_map_msgs_generate_messages_nodejs
[  0%] Built target pcl_ros_gencfg
[  0%] Built target pcl_msgs_generate_messages_py
[  0%] Built target nodelet_generate_messages_nodejs
[  0%] Built target nodelet_generate_messages_cpp
[  0%] Built target autoware_system_msgs_generate_messages_py
[  0%] Built target vector_map_server_generate_messages_py
[  0%] Built target tf2_msgs_generate_messages_eus
[  0%] Built target vector_map_server_generate_messages_eus
[  0%] Built target bond_generate_messages_nodejs
[  0%] Built target nodelet_generate_messages_lisp
[  0%] Built target topic_tools_generate_messages_cpp
[  0%] Built target bond_generate_messages_lisp
[  0%] Built target nodelet_topic_tools_gencfg
[  0%] Built target dynamic_reconfigure_generate_messages_lisp
[  0%] Built target bond_generate_messages_cpp
[  0%] Built target dynamic_reconfigure_generate_messages_eus
[  0%] Built target autoware_msgs_generate_messages_nodejs
[  0%] Built target topic_tools_generate_messages_eus
[  0%] Built target nodelet_generate_messages_eus
[ 44%] Built target op_signs_simulator
[ 66%] Built target op_perception_simulator
[ 66%] Built target pcl_msgs_generate_messages_cpp
[ 66%] Built target topic_tools_generate_messages_nodejs
[ 66%] Built target sensor_msgs_generate_messages_lisp
[ 66%] Built target actionlib_generate_messages_eus
[ 66%] Built target std_srvs_generate_messages_cpp
[ 66%] Built target std_msgs_generate_messages_eus
[ 66%] Built target tf2_msgs_generate_messages_cpp
[ 66%] Built target tf_generate_messages_py
[ 66%] Built target tf_generate_messages_eus
[ 66%] Built target trajectory_msgs_generate_messages_cpp
[ 66%] Built target topic_tools_generate_messages_lisp
[ 66%] Built target trajectory_msgs_generate_messages_nodejs
[ 66%] Built target gazebo_msgs_generate_messages_py
[ 66%] Built target trajectory_msgs_generate_messages_py
[ 66%] Built target autoware_system_msgs_generate_messages_nodejs
[ 66%] Built target tablet_socket_msgs_generate_messages_cpp
[ 66%] Built target autoware_system_msgs_generate_messages_cpp
[ 66%] Built target trajectory_msgs_generate_messages_eus
[ 66%] Built target gazebo_msgs_generate_messages_cpp
[ 66%] Built target autoware_config_msgs_generate_messages_lisp
[ 66%] Built target tablet_socket_msgs_generate_messages_lisp
[ 66%] Built target autoware_config_msgs_generate_messages_py
[ 66%] Built target tablet_socket_msgs_generate_messages_eus
[ 66%] Built target gazebo_msgs_generate_messages_lisp
[ 66%] Built target autoware_config_msgs_generate_messages_eus
[ 66%] Built target visualization_msgs_generate_messages_nodejs
[ 66%] Built target visualization_msgs_generate_messages_lisp
[ 66%] Built target visualization_msgs_generate_messages_py
[ 66%] Built target tablet_socket_msgs_generate_messages_nodejs
[ 66%] Built target autoware_config_msgs_generate_messages_nodejs
[ 66%] Built target visualization_msgs_generate_messages_cpp
[ 66%] Built target vector_map_server_generate_messages_nodejs
[ 66%] Built target gazebo_msgs_generate_messages_eus
[ 66%] Built target vector_map_msgs_generate_messages_py
[ 66%] Built target tf2_msgs_generate_messages_py
[ 66%] Built target vector_map_msgs_generate_messages_lisp
[ 66%] Built target vector_map_server_generate_messages_lisp
[ 66%] Built target vector_map_msgs_generate_messages_cpp
[ 66%] Built target tf2_msgs_generate_messages_nodejs
[ 66%] Built target tf2_msgs_generate_messages_lisp
[ 66%] Built target autoware_system_msgs_generate_messages_eus
[ 66%] Built target actionlib_msgs_generate_messages_lisp
[ 66%] Built target vector_map_msgs_generate_messages_eus
[ 66%] Built target tf_generate_messages_cpp
[ 66%] Built target std_srvs_generate_messages_eus
[ 66%] Built target autoware_msgs_generate_messages_py
[ 66%] Built target actionlib_msgs_generate_messages_cpp
[ 66%] Built target actionlib_msgs_generate_messages_eus
[ 66%] Built target tablet_socket_msgs_generate_messages_py
[ 66%] Built target sensor_msgs_generate_messages_eus
[ 66%] Built target gazebo_msgs_generate_messages_nodejs
[ 66%] Built target actionlib_generate_messages_nodejs
[ 66%] Built target actionlib_generate_messages_lisp
[ 66%] Built target autoware_system_msgs_generate_messages_lisp
[ 66%] Built target actionlib_msgs_generate_messages_nodejs
[ 66%] Built target jsk_footstep_msgs_generate_messages_py
[ 66%] Built target topic_tools_generate_messages_py
[100%] Built target op_car_simulator
[36mInstall the project...[0m
-- Install configuration: "Release"
-- Installing: /home/muyangren907/autoware/autoware.ai/1.12.0_cuda/install/op_simulation_package/lib/pkgconfig/op_simulation_package.pc
-- Installing: /home/muyangren907/autoware/autoware.ai/1.12.0_cuda/install/op_simulation_package/share/op_simulation_package/cmake/op_simulation_packageConfig.cmake
-- Installing: /home/muyangren907/autoware/autoware.ai/1.12.0_cuda/install/op_simulation_package/share/op_simulation_package/cmake/op_simulation_packageConfig-version.cmake
-- Installing: /home/muyangren907/autoware/autoware.ai/1.12.0_cuda/install/op_simulation_package/share/op_simulation_package/package.xml
-- Installing: /home/muyangren907/autoware/autoware.ai/1.12.0_cuda/install/op_simulation_package/lib/op_simulation_package/op_car_simulator
-- Set runtime path of "/home/muyangren907/autoware/autoware.ai/1.12.0_cuda/install/op_simulation_package/lib/op_simulation_package/op_car_simulator" to ""
-- Installing: /home/muyangren907/autoware/autoware.ai/1.12.0_cuda/install/op_simulation_package/lib/op_simulation_package/op_perception_simulator
-- Set runtime path of "/home/muyangren907/autoware/autoware.ai/1.12.0_cuda/install/op_simulation_package/lib/op_simulation_package/op_perception_simulator" to ""
-- Installing: /home/muyangren907/autoware/autoware.ai/1.12.0_cuda/install/op_simulation_package/lib/op_simulation_package/op_signs_simulator
-- Set runtime path of "/home/muyangren907/autoware/autoware.ai/1.12.0_cuda/install/op_simulation_package/lib/op_simulation_package/op_signs_simulator" to ""
-- Installing: /home/muyangren907/autoware/autoware.ai/1.12.0_cuda/install/op_simulation_package/share/op_simulation_package/launch
-- Installing: /home/muyangren907/autoware/autoware.ai/1.12.0_cuda/install/op_simulation_package/share/op_simulation_package/launch/op_car_simulator_3.launch
-- Installing: /home/muyangren907/autoware/autoware.ai/1.12.0_cuda/install/op_simulation_package/share/op_simulation_package/launch/op_car_simulator_5.launch
-- Installing: /home/muyangren907/autoware/autoware.ai/1.12.0_cuda/install/op_simulation_package/share/op_simulation_package/launch/op_perception_simulator.launch
-- Installing: /home/muyangren907/autoware/autoware.ai/1.12.0_cuda/install/op_simulation_package/share/op_simulation_package/launch/op_car_simulator_4.launch
-- Installing: /home/muyangren907/autoware/autoware.ai/1.12.0_cuda/install/op_simulation_package/share/op_simulation_package/launch/op_car_simulator_2.launch
-- Installing: /home/muyangren907/autoware/autoware.ai/1.12.0_cuda/install/op_simulation_package/share/op_simulation_package/launch/op_car_simulator_1.launch
-- Installing: /home/muyangren907/autoware/autoware.ai/1.12.0_cuda/install/op_simulation_package/share/op_simulation_package/launch/op_signs_simulator.launch
Invoked command in '/home/muyangren907/autoware/autoware.ai/1.12.0_cuda/build/op_simulation_package' returned '0': CMAKE_PREFIX_PATH=/home/muyangren907/autoware/autoware.ai/1.12.0_cuda/install/op_ros_helpers:/home/muyangren907/autoware/autoware.ai/1.12.0_cuda/install/op_simu:/home/muyangren907/autoware/autoware.ai/1.12.0_cuda/install/op_planner:/home/muyangren907/autoware/autoware.ai/1.12.0_cuda/install/op_utility:/home/muyangren907/autoware/autoware.ai/1.12.0_cuda/install/waypoint_follower:/home/muyangren907/autoware/autoware.ai/1.12.0_cuda/install/vector_map_server:/home/muyangren907/autoware/autoware.ai/1.12.0_cuda/install/map_file:/home/muyangren907/autoware/autoware.ai/1.12.0_cuda/install/vector_map:/home/muyangren907/autoware/autoware.ai/1.12.0_cuda/install/autoware_health_checker:/home/muyangren907/autoware/autoware.ai/1.12.0_cuda/install/amathutils_lib:/home/muyangren907/autoware/autoware.ai/1.12.0_cuda/install/vector_map_msgs:/home/muyangren907/autoware/autoware.ai/1.12.0_cuda/install/tablet_socket_msgs:/home/muyangren907/autoware/autoware.ai/1.12.0_cuda/install/autoware_system_msgs:/home/muyangren907/autoware/autoware.ai/1.12.0_cuda/install/autoware_msgs:/home/muyangren907/autoware/autoware.ai/1.12.0_cuda/install/autoware_config_msgs:/home/muyangren907/autoware/autoware.ai/1.12.0_cuda/install/autoware_build_flags:${CMAKE_PREFIX_PATH} LD_LIBRARY_PATH=/home/muyangren907/autoware/autoware.ai/1.12.0_cuda/install/op_ros_helpers/lib:/home/muyangren907/autoware/autoware.ai/1.12.0_cuda/install/op_simu/lib:/home/muyangren907/autoware/autoware.ai/1.12.0_cuda/install/op_planner/lib:/home/muyangren907/autoware/autoware.ai/1.12.0_cuda/install/op_utility/lib:/home/muyangren907/autoware/autoware.ai/1.12.0_cuda/install/waypoint_follower/lib:/home/muyangren907/autoware/autoware.ai/1.12.0_cuda/install/map_file/lib:/home/muyangren907/autoware/autoware.ai/1.12.0_cuda/install/vector_map/lib:/home/muyangren907/autoware/autoware.ai/1.12.0_cuda/install/autoware_health_checker/lib:/home/muyangren907/autoware/autoware.ai/1.12.0_cuda/install/amathutils_lib/lib:${LD_LIBRARY_PATH} PKG_CONFIG_PATH=/home/muyangren907/autoware/autoware.ai/1.12.0_cuda/install/op_ros_helpers/lib/x86_64-linux-gnu/pkgconfig:/home/muyangren907/autoware/autoware.ai/1.12.0_cuda/install/op_ros_helpers/lib/pkgconfig:/home/muyangren907/autoware/autoware.ai/1.12.0_cuda/install/op_simu/lib/x86_64-linux-gnu/pkgconfig:/home/muyangren907/autoware/autoware.ai/1.12.0_cuda/install/op_simu/lib/pkgconfig:/home/muyangren907/autoware/autoware.ai/1.12.0_cuda/install/op_planner/lib/x86_64-linux-gnu/pkgconfig:/home/muyangren907/autoware/autoware.ai/1.12.0_cuda/install/op_planner/lib/pkgconfig:/home/muyangren907/autoware/autoware.ai/1.12.0_cuda/install/op_utility/lib/x86_64-linux-gnu/pkgconfig:/home/muyangren907/autoware/autoware.ai/1.12.0_cuda/install/op_utility/lib/pkgconfig:/home/muyangren907/autoware/autoware.ai/1.12.0_cuda/install/waypoint_follower/lib/x86_64-linux-gnu/pkgconfig:/home/muyangren907/autoware/autoware.ai/1.12.0_cuda/install/waypoint_follower/lib/pkgconfig:/home/muyangren907/autoware/autoware.ai/1.12.0_cuda/install/vector_map_server/lib/x86_64-linux-gnu/pkgconfig:/home/muyangren907/autoware/autoware.ai/1.12.0_cuda/install/vector_map_server/lib/pkgconfig:/home/muyangren907/autoware/autoware.ai/1.12.0_cuda/install/map_file/lib/x86_64-linux-gnu/pkgconfig:/home/muyangren907/autoware/autoware.ai/1.12.0_cuda/install/map_file/lib/pkgconfig:/home/muyangren907/autoware/autoware.ai/1.12.0_cuda/install/vector_map/lib/x86_64-linux-gnu/pkgconfig:/home/muyangren907/autoware/autoware.ai/1.12.0_cuda/install/vector_map/lib/pkgconfig:/home/muyangren907/autoware/autoware.ai/1.12.0_cuda/install/autoware_health_checker/lib/x86_64-linux-gnu/pkgconfig:/home/muyangren907/autoware/autoware.ai/1.12.0_cuda/install/autoware_health_checker/lib/pkgconfig:/home/muyangren907/autoware/autoware.ai/1.12.0_cuda/install/amathutils_lib/lib/x86_64-linux-gnu/pkgconfig:/home/muyangren907/autoware/autoware.ai/1.12.0_cuda/install/amathutils_lib/lib/pkgconfig:/home/muyangren907/autoware/autoware.ai/1.12.0_cuda/install/vector_map_msgs/lib/x86_64-linux-gnu/pkgconfig:/home/muyangren907/autoware/autoware.ai/1.12.0_cuda/install/vector_map_msgs/lib/pkgconfig:/home/muyangren907/autoware/autoware.ai/1.12.0_cuda/install/tablet_socket_msgs/lib/x86_64-linux-gnu/pkgconfig:/home/muyangren907/autoware/autoware.ai/1.12.0_cuda/install/tablet_socket_msgs/lib/pkgconfig:/home/muyangren907/autoware/autoware.ai/1.12.0_cuda/install/autoware_system_msgs/lib/x86_64-linux-gnu/pkgconfig:/home/muyangren907/autoware/autoware.ai/1.12.0_cuda/install/autoware_system_msgs/lib/pkgconfig:/home/muyangren907/autoware/autoware.ai/1.12.0_cuda/install/autoware_msgs/lib/x86_64-linux-gnu/pkgconfig:/home/muyangren907/autoware/autoware.ai/1.12.0_cuda/install/autoware_msgs/lib/pkgconfig:/home/muyangren907/autoware/autoware.ai/1.12.0_cuda/install/autoware_config_msgs/lib/x86_64-linux-gnu/pkgconfig:/home/muyangren907/autoware/autoware.ai/1.12.0_cuda/install/autoware_config_msgs/lib/pkgconfig:/home/muyangren907/autoware/autoware.ai/1.12.0_cuda/install/autoware_build_flags/lib/x86_64-linux-gnu/pkgconfig:/home/muyangren907/autoware/autoware.ai/1.12.0_cuda/install/autoware_build_flags/lib/pkgconfig:${PKG_CONFIG_PATH} PYTHONPATH=/home/muyangren907/autoware/autoware.ai/1.12.0_cuda/install/vector_map_server/lib/python2.7/dist-packages:/home/muyangren907/autoware/autoware.ai/1.12.0_cuda/install/vector_map_msgs/lib/python2.7/dist-packages:/home/muyangren907/autoware/autoware.ai/1.12.0_cuda/install/tablet_socket_msgs/lib/python2.7/dist-packages:/home/muyangren907/autoware/autoware.ai/1.12.0_cuda/install/autoware_system_msgs/lib/python2.7/dist-packages:/home/muyangren907/autoware/autoware.ai/1.12.0_cuda/install/autoware_msgs/lib/python2.7/dist-packages:/home/muyangren907/autoware/autoware.ai/1.12.0_cuda/install/autoware_config_msgs/lib/python2.7/dist-packages:${PYTHONPATH} ROS_PACKAGE_PATH=/home/muyangren907/autoware/autoware.ai/1.12.0_cuda/install/op_ros_helpers/share:/home/muyangren907/autoware/autoware.ai/1.12.0_cuda/install/op_simu/share:/home/muyangren907/autoware/autoware.ai/1.12.0_cuda/install/op_planner/share:/home/muyangren907/autoware/autoware.ai/1.12.0_cuda/install/op_utility/share:/home/muyangren907/autoware/autoware.ai/1.12.0_cuda/install/waypoint_follower/share:/home/muyangren907/autoware/autoware.ai/1.12.0_cuda/install/vector_map_server/share:/home/muyangren907/autoware/autoware.ai/1.12.0_cuda/install/map_file/share:/home/muyangren907/autoware/autoware.ai/1.12.0_cuda/install/vector_map/share:/home/muyangren907/autoware/autoware.ai/1.12.0_cuda/install/autoware_health_checker/share:/home/muyangren907/autoware/autoware.ai/1.12.0_cuda/install/amathutils_lib/share:/home/muyangren907/autoware/autoware.ai/1.12.0_cuda/install/vector_map_msgs/share:/home/muyangren907/autoware/autoware.ai/1.12.0_cuda/install/tablet_socket_msgs/share:/home/muyangren907/autoware/autoware.ai/1.12.0_cuda/install/autoware_system_msgs/share:/home/muyangren907/autoware/autoware.ai/1.12.0_cuda/install/autoware_msgs/share:/home/muyangren907/autoware/autoware.ai/1.12.0_cuda/install/autoware_config_msgs/share:/home/muyangren907/autoware/autoware.ai/1.12.0_cuda/install/autoware_build_flags/share:${ROS_PACKAGE_PATH} /usr/local/bin/cmake --build /home/muyangren907/autoware/autoware.ai/1.12.0_cuda/build/op_simulation_package --target install -- -j40 -l40
