Determining if the pthread_create exist failed with the following output:
Change Dir: /home/myr907/autoware.ai/build/pos_db/CMakeFiles/CMakeTmp

Run Build Command:"/usr/bin/make" "cmTC_b8e95/fast"
/usr/bin/make -f CMakeFiles/cmTC_b8e95.dir/build.make CMakeFiles/cmTC_b8e95.dir/build
make[1]: Entering directory '/home/myr907/autoware.ai/build/pos_db/CMakeFiles/CMakeTmp'
Building C object CMakeFiles/cmTC_b8e95.dir/CheckSymbolExists.c.o
/usr/bin/cc    -o CMakeFiles/cmTC_b8e95.dir/CheckSymbolExists.c.o   -c /home/myr907/autoware.ai/build/pos_db/CMakeFiles/CMakeTmp/CheckSymbolExists.c
Linking C executable cmTC_b8e95
/usr/local/lib/python2.7/dist-packages/cmake/data/bin/cmake -E cmake_link_script CMakeFiles/cmTC_b8e95.dir/link.txt --verbose=1
/usr/bin/cc      -rdynamic CMakeFiles/cmTC_b8e95.dir/CheckSymbolExists.c.o  -o cmTC_b8e95 
CMakeFiles/cmTC_b8e95.dir/CheckSymbolExists.c.o: In function `main':
CheckSymbolExists.c:(.text+0x1b): undefined reference to `pthread_create'
collect2: error: ld returned 1 exit status
CMakeFiles/cmTC_b8e95.dir/build.make:86: recipe for target 'cmTC_b8e95' failed
make[1]: *** [cmTC_b8e95] Error 1
make[1]: Leaving directory '/home/myr907/autoware.ai/build/pos_db/CMakeFiles/CMakeTmp'
Makefile:121: recipe for target 'cmTC_b8e95/fast' failed
make: *** [cmTC_b8e95/fast] Error 2

File /home/myr907/autoware.ai/build/pos_db/CMakeFiles/CMakeTmp/CheckSymbolExists.c:
/* */
#include <pthread.h>

int main(int argc, char** argv)
{
  (void)argv;
#ifndef pthread_create
  return ((int*)(&pthread_create))[argc];
#else
  (void)argc;
  return 0;
#endif
}

Determining if the function pthread_create exists in the pthreads failed with the following output:
Change Dir: /home/myr907/autoware.ai/build/pos_db/CMakeFiles/CMakeTmp

Run Build Command:"/usr/bin/make" "cmTC_c79ad/fast"
/usr/bin/make -f CMakeFiles/cmTC_c79ad.dir/build.make CMakeFiles/cmTC_c79ad.dir/build
make[1]: Entering directory '/home/myr907/autoware.ai/build/pos_db/CMakeFiles/CMakeTmp'
Building C object CMakeFiles/cmTC_c79ad.dir/CheckFunctionExists.c.o
/usr/bin/cc   -DCHECK_FUNCTION_EXISTS=pthread_create   -o CMakeFiles/cmTC_c79ad.dir/CheckFunctionExists.c.o   -c /usr/local/lib/python2.7/dist-packages/cmake/data/share/cmake-3.12/Modules/CheckFunctionExists.c
Linking C executable cmTC_c79ad
/usr/local/lib/python2.7/dist-packages/cmake/data/bin/cmake -E cmake_link_script CMakeFiles/cmTC_c79ad.dir/link.txt --verbose=1
/usr/bin/cc  -DCHECK_FUNCTION_EXISTS=pthread_create    -rdynamic CMakeFiles/cmTC_c79ad.dir/CheckFunctionExists.c.o  -o cmTC_c79ad -lpthreads 
/usr/bin/ld: cannot find -lpthreads
collect2: error: ld returned 1 exit status
CMakeFiles/cmTC_c79ad.dir/build.make:86: recipe for target 'cmTC_c79ad' failed
make[1]: *** [cmTC_c79ad] Error 1
make[1]: Leaving directory '/home/myr907/autoware.ai/build/pos_db/CMakeFiles/CMakeTmp'
Makefile:121: recipe for target 'cmTC_c79ad/fast' failed
make: *** [cmTC_c79ad/fast] Error 2


