-- The C compiler identification is GNU 7.4.0
-- The CXX compiler identification is GNU 7.4.0
-- Check for working C compiler: /usr/bin/cc
-- Check for working C compiler: /usr/bin/cc -- works
-- Detecting C compiler ABI info
-- Detecting C compiler ABI info - done
-- Detecting C compile features
-- Detecting C compile features - done
-- Check for working CXX compiler: /usr/bin/c++
-- Check for working CXX compiler: /usr/bin/c++ -- works
-- Detecting CXX compiler ABI info
-- Detecting CXX compiler ABI info - done
-- Detecting CXX compile features
-- Detecting CXX compile features - done
-- Found PkgConfig: /usr/bin/pkg-config (found version "0.29.1") 
-- CUDA compilation status: 1.
-- Using CATKIN_DEVEL_PREFIX: /home/muyangren907/autoware/autoware.ai/1.12.0_cuda/build/points2image/devel
-- Using CMAKE_PREFIX_PATH: /home/muyangren907/autoware/autoware.ai/1.12.0_cuda/install/rosinterface;/home/muyangren907/autoware/autoware.ai/1.12.0_cuda/install/fastvirtualscan;/home/muyangren907/autoware/autoware.ai/1.12.0_cuda/install/autoware_msgs;/home/muyangren907/autoware/autoware.ai/1.12.0_cuda/install/autoware_build_flags;/opt/ros/melodic
-- This workspace overlays: /home/muyangren907/autoware/autoware.ai/1.12.0_cuda/install/rosinterface;/home/muyangren907/autoware/autoware.ai/1.12.0_cuda/install/fastvirtualscan;/home/muyangren907/autoware/autoware.ai/1.12.0_cuda/install/autoware_msgs;/home/muyangren907/autoware/autoware.ai/1.12.0_cuda/install/autoware_build_flags;/opt/ros/melodic
-- Found PythonInterp: /usr/bin/python2 (found suitable version "2.7.15", minimum required is "2") 
-- Using PYTHON_EXECUTABLE: /usr/bin/python2
-- Using Debian Python package layout
-- Using empy: /usr/bin/empy
-- Using CATKIN_ENABLE_TESTING: ON
-- Call enable_testing()
-- Using CATKIN_TEST_RESULTS_DIR: /home/muyangren907/autoware/autoware.ai/1.12.0_cuda/build/points2image/test_results
-- Found gtest sources under '/usr/src/googletest': gtests will be built
-- Found gmock sources under '/usr/src/googletest': gmock will be built
-- Found PythonInterp: /usr/bin/python2 (found version "2.7.15") 
-- Looking for pthread.h
-- Looking for pthread.h - found
-- Looking for pthread_create
-- Looking for pthread_create - not found
-- Looking for pthread_create in pthreads
-- Looking for pthread_create in pthreads - not found
-- Looking for pthread_create in pthread
-- Looking for pthread_create in pthread - found
-- Found Threads: TRUE  
-- Using Python nosetests: /usr/local/bin/nosetests-2.7
-- catkin 0.7.19
-- BUILD_SHARED_LIBS is on
-- Using these message generators: gencpp;geneus;genlisp;gennodejs;genpy
-- Found OpenCV: /usr (found version "3.2.0") 
-- Found GLUT: /usr/lib/x86_64-linux-gnu/libglut.so  
CMake Warning (dev) at /usr/local/lib/python2.7/dist-packages/cmake/data/share/cmake-3.12/Modules/FindOpenGL.cmake:270 (message):
  Policy CMP0072 is not set: FindOpenGL prefers GLVND by default when
  available.  Run "cmake --help-policy CMP0072" for policy details.  Use the
  cmake_policy command to set the policy and suppress this warning.

  FindOpenGL found both a legacy GL library:

    OPENGL_gl_LIBRARY: /usr/lib/x86_64-linux-gnu/libGL.so

  and GLVND libraries for OpenGL and GLX:

    OPENGL_opengl_LIBRARY: /usr/lib/x86_64-linux-gnu/libOpenGL.so
    OPENGL_glx_LIBRARY: /usr/lib/x86_64-linux-gnu/libGLX.so

  OpenGL_GL_PREFERENCE has not been set to "GLVND" or "LEGACY", so for
  compatibility with CMake 3.10 and below the legacy GL library will be used.
Call Stack (most recent call first):
  CMakeLists.txt:33 (find_package)
This warning is for project developers.  Use -Wno-dev to suppress it.

-- Found OpenGL: /usr/lib/x86_64-linux-gnu/libOpenGL.so   
-- Configuring done
-- Generating done
-- Build files have been written to: /home/muyangren907/autoware/autoware.ai/1.12.0_cuda/build/points2image
[35m[1mScanning dependencies of target std_srvs_generate_messages_cpp[0m
[  0%] Built target std_srvs_generate_messages_cpp
[35m[1mScanning dependencies of target geometry_msgs_generate_messages_eus[0m
[  0%] Built target geometry_msgs_generate_messages_eus
[35m[1mScanning dependencies of target geometry_msgs_generate_messages_nodejs[0m
[  0%] Built target geometry_msgs_generate_messages_nodejs
[35m[1mScanning dependencies of target jsk_footstep_msgs_generate_messages_lisp[0m
[  0%] Built target jsk_footstep_msgs_generate_messages_lisp
[35m[1mScanning dependencies of target sensor_msgs_generate_messages_cpp[0m
[  0%] Built target sensor_msgs_generate_messages_cpp
[35m[1mScanning dependencies of target geometry_msgs_generate_messages_cpp[0m
[  0%] Built target geometry_msgs_generate_messages_cpp
[35m[1mScanning dependencies of target std_msgs_generate_messages_cpp[0m
[  0%] Built target std_msgs_generate_messages_cpp
[35m[1mScanning dependencies of target sensor_msgs_generate_messages_nodejs[0m
[  0%] Built target sensor_msgs_generate_messages_nodejs
[35m[1mScanning dependencies of target autoware_msgs_generate_messages_cpp[0m
[  0%] Built target autoware_msgs_generate_messages_cpp
[35m[1mScanning dependencies of target roscpp_generate_messages_cpp[0m
[  0%] Built target roscpp_generate_messages_cpp
[35m[1mScanning dependencies of target nodelet_generate_messages_py[0m
[  0%] Built target nodelet_generate_messages_py
[35m[1mScanning dependencies of target roscpp_generate_messages_eus[0m
[  0%] Built target roscpp_generate_messages_eus
[35m[1mScanning dependencies of target bond_generate_messages_eus[0m
[  0%] Built target bond_generate_messages_eus
[35m[1mScanning dependencies of target roscpp_generate_messages_lisp[0m
[  0%] Built target roscpp_generate_messages_lisp
[35m[1mScanning dependencies of target sensor_msgs_generate_messages_py[0m
[  0%] Built target sensor_msgs_generate_messages_py
[35m[1mScanning dependencies of target roscpp_generate_messages_nodejs[0m
[  0%] Built target roscpp_generate_messages_nodejs
[35m[1mScanning dependencies of target jsk_recognition_msgs_generate_messages_eus[0m
[  0%] Built target jsk_recognition_msgs_generate_messages_eus
[35m[1mScanning dependencies of target roscpp_generate_messages_py[0m
[  0%] Built target roscpp_generate_messages_py
[35m[1mScanning dependencies of target std_srvs_generate_messages_py[0m
[  0%] Built target std_srvs_generate_messages_py
[35m[1mScanning dependencies of target tf_generate_messages_nodejs[0m
[  0%] Built target tf_generate_messages_nodejs
[35m[1mScanning dependencies of target std_msgs_generate_messages_py[0m
[  0%] Built target std_msgs_generate_messages_py
[35m[1mScanning dependencies of target rosgraph_msgs_generate_messages_eus[0m
[  0%] Built target rosgraph_msgs_generate_messages_eus
[35m[1mScanning dependencies of target rosgraph_msgs_generate_messages_lisp[0m
[  0%] Built target rosgraph_msgs_generate_messages_lisp
[35m[1mScanning dependencies of target rosgraph_msgs_generate_messages_nodejs[0m
[  0%] Built target rosgraph_msgs_generate_messages_nodejs
[35m[1mScanning dependencies of target actionlib_generate_messages_cpp[0m
[  0%] Built target actionlib_generate_messages_cpp
[35m[1mScanning dependencies of target rosgraph_msgs_generate_messages_py[0m
[  0%] Built target rosgraph_msgs_generate_messages_py
[35m[1mScanning dependencies of target tf_generate_messages_lisp[0m
[  0%] Built target tf_generate_messages_lisp
[35m[1mScanning dependencies of target tf_generate_messages_eus[0m
[  0%] Built target tf_generate_messages_eus
[35m[1mScanning dependencies of target tf_generate_messages_py[0m
[  0%] Built target tf_generate_messages_py
[35m[1mScanning dependencies of target std_msgs_generate_messages_eus[0m
[  0%] Built target std_msgs_generate_messages_eus
[35m[1mScanning dependencies of target actionlib_generate_messages_eus[0m
[  0%] Built target actionlib_generate_messages_eus
[35m[1mScanning dependencies of target tf2_msgs_generate_messages_cpp[0m
[  0%] Built target tf2_msgs_generate_messages_cpp
[35m[1mScanning dependencies of target pcl_ros_gencfg[0m
[  0%] Built target pcl_ros_gencfg
[35m[1mScanning dependencies of target tf2_msgs_generate_messages_eus[0m
[  0%] Built target tf2_msgs_generate_messages_eus
[35m[1mScanning dependencies of target nodelet_generate_messages_cpp[0m
[  0%] Built target nodelet_generate_messages_cpp
[35m[1mScanning dependencies of target tf2_msgs_generate_messages_lisp[0m
[  0%] Built target tf2_msgs_generate_messages_lisp
[35m[1mScanning dependencies of target tf2_msgs_generate_messages_nodejs[0m
[  0%] Built target tf2_msgs_generate_messages_nodejs
[35m[1mScanning dependencies of target dynamic_reconfigure_generate_messages_cpp[0m
[  0%] Built target dynamic_reconfigure_generate_messages_cpp
[35m[1mScanning dependencies of target pcl_msgs_generate_messages_py[0m
[  0%] Built target pcl_msgs_generate_messages_py
[35m[1mScanning dependencies of target bond_generate_messages_nodejs[0m
[  0%] Built target bond_generate_messages_nodejs
[35m[1mScanning dependencies of target dynamic_reconfigure_generate_messages_eus[0m
[  0%] Built target dynamic_reconfigure_generate_messages_eus
[35m[1mScanning dependencies of target dynamic_reconfigure_generate_messages_lisp[0m
[  0%] Built target dynamic_reconfigure_generate_messages_lisp
[35m[1mScanning dependencies of target actionlib_generate_messages_py[0m
[  0%] Built target actionlib_generate_messages_py
[35m[1mScanning dependencies of target dynamic_reconfigure_generate_messages_py[0m
[  0%] Built target dynamic_reconfigure_generate_messages_py
[35m[1mScanning dependencies of target dynamic_reconfigure_gencfg[0m
[  0%] Built target dynamic_reconfigure_gencfg
[35m[1mScanning dependencies of target nodelet_generate_messages_lisp[0m
[  0%] Built target nodelet_generate_messages_lisp
[35m[1mScanning dependencies of target nodelet_generate_messages_nodejs[0m
[  0%] Built target nodelet_generate_messages_nodejs
[35m[1mScanning dependencies of target bond_generate_messages_cpp[0m
[  0%] Built target bond_generate_messages_cpp
[35m[1mScanning dependencies of target bond_generate_messages_lisp[0m
[  0%] Built target bond_generate_messages_lisp
[35m[1mScanning dependencies of target nodelet_generate_messages_eus[0m
[  0%] Built target nodelet_generate_messages_eus
[35m[1mScanning dependencies of target topic_tools_generate_messages_cpp[0m
[  0%] Built target topic_tools_generate_messages_cpp
[35m[1mScanning dependencies of target topic_tools_generate_messages_eus[0m
[  0%] Built target topic_tools_generate_messages_eus
[35m[1mScanning dependencies of target nodelet_topic_tools_gencfg[0m
[  0%] Built target nodelet_topic_tools_gencfg
[35m[1mScanning dependencies of target autoware_msgs_generate_messages_nodejs[0m
[  0%] Built target autoware_msgs_generate_messages_nodejs
[35m[1mScanning dependencies of target pcl_msgs_generate_messages_cpp[0m
[  0%] Built target pcl_msgs_generate_messages_cpp
[35m[1mScanning dependencies of target vscan2linelist_autogen[0m
[  4%] [34m[1mAutomatic MOC for target vscan2linelist[0m
[  4%] Built target vscan2linelist_autogen
[35m[1mScanning dependencies of target jsk_recognition_msgs_generate_messages_cpp[0m
[  4%] Built target jsk_recognition_msgs_generate_messages_cpp
[35m[1mScanning dependencies of target vscan2linelist[0m
[  9%] [32mBuilding CXX object CMakeFiles/vscan2linelist.dir/nodes/vscan2linelist/vscan2linelist.cpp.o[0m
[ 13%] [32mBuilding CXX object CMakeFiles/vscan2linelist.dir/vscan2linelist_autogen/mocs_compilation.cpp.o[0m
[ 18%] [32m[1mLinking CXX executable devel/lib/points2image/vscan2linelist[0m
[ 18%] Built target vscan2linelist
[35m[1mScanning dependencies of target std_msgs_generate_messages_lisp[0m
[ 18%] Built target std_msgs_generate_messages_lisp
[35m[1mScanning dependencies of target autoware_msgs_generate_messages_eus[0m
[ 18%] Built target autoware_msgs_generate_messages_eus
[35m[1mScanning dependencies of target bond_generate_messages_py[0m
[ 18%] Built target bond_generate_messages_py
[35m[1mScanning dependencies of target pcl_msgs_generate_messages_lisp[0m
[ 18%] Built target pcl_msgs_generate_messages_lisp
[35m[1mScanning dependencies of target jsk_recognition_msgs_generate_messages_lisp[0m
[ 18%] Built target jsk_recognition_msgs_generate_messages_lisp
[35m[1mScanning dependencies of target geometry_msgs_generate_messages_py[0m
[ 18%] Built target geometry_msgs_generate_messages_py
[35m[1mScanning dependencies of target geometry_msgs_generate_messages_lisp[0m
[ 18%] Built target geometry_msgs_generate_messages_lisp
[35m[1mScanning dependencies of target std_msgs_generate_messages_nodejs[0m
[ 18%] Built target std_msgs_generate_messages_nodejs
[35m[1mScanning dependencies of target actionlib_msgs_generate_messages_py[0m
[ 18%] Built target actionlib_msgs_generate_messages_py
[35m[1mScanning dependencies of target jsk_recognition_msgs_generate_messages_nodejs[0m
[ 18%] Built target jsk_recognition_msgs_generate_messages_nodejs
[35m[1mScanning dependencies of target jsk_recognition_msgs_generate_messages_py[0m
[ 18%] Built target jsk_recognition_msgs_generate_messages_py
[35m[1mScanning dependencies of target rosgraph_msgs_generate_messages_cpp[0m
[ 18%] Built target rosgraph_msgs_generate_messages_cpp
[35m[1mScanning dependencies of target autoware_msgs_generate_messages_lisp[0m
[ 18%] Built target autoware_msgs_generate_messages_lisp
[35m[1mScanning dependencies of target jsk_footstep_msgs_generate_messages_cpp[0m
[ 18%] Built target jsk_footstep_msgs_generate_messages_cpp
[35m[1mScanning dependencies of target pcl_msgs_generate_messages_eus[0m
[ 18%] Built target pcl_msgs_generate_messages_eus
[35m[1mScanning dependencies of target std_srvs_generate_messages_lisp[0m
[ 18%] Built target std_srvs_generate_messages_lisp
[35m[1mScanning dependencies of target std_srvs_generate_messages_nodejs[0m
[ 18%] Built target std_srvs_generate_messages_nodejs
[35m[1mScanning dependencies of target pcl_msgs_generate_messages_nodejs[0m
[ 18%] Built target pcl_msgs_generate_messages_nodejs
[35m[1mScanning dependencies of target jsk_footstep_msgs_generate_messages_eus[0m
[ 18%] Built target jsk_footstep_msgs_generate_messages_eus
[35m[1mScanning dependencies of target dynamic_reconfigure_generate_messages_nodejs[0m
[ 18%] Built target dynamic_reconfigure_generate_messages_nodejs
[35m[1mScanning dependencies of target jsk_footstep_msgs_generate_messages_nodejs[0m
[ 18%] Built target jsk_footstep_msgs_generate_messages_nodejs
[35m[1mScanning dependencies of target tf2_msgs_generate_messages_py[0m
[ 18%] Built target tf2_msgs_generate_messages_py
[35m[1mScanning dependencies of target actionlib_msgs_generate_messages_nodejs[0m
[ 18%] Built target actionlib_msgs_generate_messages_nodejs
[35m[1mScanning dependencies of target actionlib_generate_messages_nodejs[0m
[ 18%] Built target actionlib_generate_messages_nodejs
[35m[1mScanning dependencies of target sensor_msgs_generate_messages_eus[0m
[ 18%] Built target sensor_msgs_generate_messages_eus
[35m[1mScanning dependencies of target actionlib_msgs_generate_messages_cpp[0m
[ 18%] Built target actionlib_msgs_generate_messages_cpp
[35m[1mScanning dependencies of target actionlib_generate_messages_lisp[0m
[ 18%] Built target actionlib_generate_messages_lisp
[35m[1mScanning dependencies of target jsk_footstep_msgs_generate_messages_py[0m
[ 18%] Built target jsk_footstep_msgs_generate_messages_py
[35m[1mScanning dependencies of target actionlib_msgs_generate_messages_eus[0m
[ 18%] Built target actionlib_msgs_generate_messages_eus
[35m[1mScanning dependencies of target std_srvs_generate_messages_eus[0m
[ 18%] Built target std_srvs_generate_messages_eus
[35m[1mScanning dependencies of target tf_generate_messages_cpp[0m
[ 18%] Built target tf_generate_messages_cpp
[35m[1mScanning dependencies of target autoware_msgs_generate_messages_py[0m
[ 18%] Built target autoware_msgs_generate_messages_py
[35m[1mScanning dependencies of target actionlib_msgs_generate_messages_lisp[0m
[ 18%] Built target actionlib_msgs_generate_messages_lisp
[35m[1mScanning dependencies of target sensor_msgs_generate_messages_lisp[0m
[ 18%] Built target sensor_msgs_generate_messages_lisp
[35m[1mScanning dependencies of target topic_tools_generate_messages_nodejs[0m
[ 18%] Built target topic_tools_generate_messages_nodejs
[35m[1mScanning dependencies of target topic_tools_generate_messages_lisp[0m
[ 18%] Built target topic_tools_generate_messages_lisp
[35m[1mScanning dependencies of target topic_tools_generate_messages_py[0m
[ 18%] Built target topic_tools_generate_messages_py
[35m[1mScanning dependencies of target points_image_autogen[0m
[ 22%] [34m[1mAutomatic MOC for target points_image[0m
[ 22%] Built target points_image_autogen
[35m[1mScanning dependencies of target points_image[0m
[ 27%] [32mBuilding CXX object CMakeFiles/points_image.dir/lib/points_image/points_image.cpp.o[0m
[ 31%] [32mBuilding CXX object CMakeFiles/points_image.dir/points_image_autogen/mocs_compilation.cpp.o[0m
[ 36%] [32m[1mLinking CXX shared library devel/lib/libpoints_image.so[0m
[ 36%] Built target points_image
[35m[1mScanning dependencies of target vscan2image_autogen[0m
[35m[1mScanning dependencies of target points2image_autogen[0m
[35m[1mScanning dependencies of target points2vscan_autogen[0m
[ 40%] [34m[1mAutomatic MOC for target vscan2image[0m
[ 45%] [34m[1mAutomatic MOC for target points2image[0m
[ 50%] [34m[1mAutomatic MOC for target points2vscan[0m
[ 50%] Built target vscan2image_autogen
[ 50%] Built target points2image_autogen
[35m[1mScanning dependencies of target points2image[0m
[35m[1mScanning dependencies of target vscan2image[0m
[ 54%] [32mBuilding CXX object CMakeFiles/points2image.dir/nodes/points2image/points2image.cpp.o[0m
[ 59%] [32mBuilding CXX object CMakeFiles/points2image.dir/points2image_autogen/mocs_compilation.cpp.o[0m
[ 63%] [32mBuilding CXX object CMakeFiles/vscan2image.dir/nodes/vscan2image/vscan2image.cpp.o[0m
[ 68%] [32mBuilding CXX object CMakeFiles/vscan2image.dir/vscan2image_autogen/mocs_compilation.cpp.o[0m
[ 68%] Built target points2vscan_autogen
[ 72%] [34m[1mGenerating ui_mainwindow.h[0m
[35m[1mScanning dependencies of target points2vscan[0m
[ 77%] [32mBuilding CXX object CMakeFiles/points2vscan.dir/nodes/points2vscan/main.cpp.o[0m
[ 81%] [32mBuilding CXX object CMakeFiles/points2vscan.dir/nodes/points2vscan/mainwindow.cpp.o[0m
[ 86%] [32mBuilding CXX object CMakeFiles/points2vscan.dir/points2vscan_autogen/mocs_compilation.cpp.o[0m
[ 90%] [32m[1mLinking CXX executable devel/lib/points2image/points2image[0m
[ 95%] [32m[1mLinking CXX executable devel/lib/points2image/vscan2image[0m
[ 95%] Built target points2image
[ 95%] Built target vscan2image
[100%] [32m[1mLinking CXX executable devel/lib/points2image/points2vscan[0m
[100%] Built target points2vscan
[35m[1mScanning dependencies of target tests[0m
Built target tests
[  0%] Built target std_srvs_generate_messages_cpp
[  0%] Built target topic_tools_generate_messages_lisp
[  0%] Built target topic_tools_generate_messages_nodejs
[  0%] Built target autoware_msgs_generate_messages_py
[  0%] Built target actionlib_msgs_generate_messages_lisp
[  0%] Built target topic_tools_generate_messages_py
[  0%] Built target sensor_msgs_generate_messages_lisp
[  0%] Built target jsk_footstep_msgs_generate_messages_lisp
[  0%] Built target geometry_msgs_generate_messages_eus
[  0%] Built target jsk_recognition_msgs_generate_messages_cpp
[  0%] Built target geometry_msgs_generate_messages_cpp
[  0%] Built target sensor_msgs_generate_messages_cpp
[  0%] Built target std_msgs_generate_messages_cpp
[  0%] Built target sensor_msgs_generate_messages_nodejs
[  0%] Built target geometry_msgs_generate_messages_nodejs
[  0%] Built target nodelet_generate_messages_py
[  0%] Built target autoware_msgs_generate_messages_cpp
[  0%] Built target roscpp_generate_messages_eus
[  0%] Built target bond_generate_messages_eus
[  0%] Built target roscpp_generate_messages_cpp
[  0%] Built target roscpp_generate_messages_lisp
[  0%] Built target roscpp_generate_messages_nodejs
[  0%] Built target sensor_msgs_generate_messages_py
[  0%] Built target std_srvs_generate_messages_py
[  0%] Built target roscpp_generate_messages_py
[  0%] Built target jsk_recognition_msgs_generate_messages_eus
[  0%] Built target tf_generate_messages_nodejs
[  0%] Built target std_msgs_generate_messages_py
[  0%] Built target rosgraph_msgs_generate_messages_lisp
[  0%] Built target rosgraph_msgs_generate_messages_eus
[  0%] Built target rosgraph_msgs_generate_messages_py
[  0%] Built target rosgraph_msgs_generate_messages_nodejs
[  0%] Built target tf_generate_messages_lisp
[  0%] Built target tf_generate_messages_eus
[  0%] Built target tf_generate_messages_py
[  0%] Built target std_msgs_generate_messages_eus
[  0%] Built target actionlib_generate_messages_eus
[  0%] Built target tf2_msgs_generate_messages_eus
[  0%] Built target tf2_msgs_generate_messages_cpp
[  0%] Built target pcl_ros_gencfg
[  0%] Built target nodelet_generate_messages_cpp
[  0%] Built target tf2_msgs_generate_messages_lisp
[  0%] Built target actionlib_generate_messages_cpp
[  0%] Built target tf2_msgs_generate_messages_nodejs
[  0%] Built target dynamic_reconfigure_generate_messages_cpp
[  0%] Built target std_msgs_generate_messages_lisp
[  0%] Built target dynamic_reconfigure_generate_messages_lisp
[  0%] Built target dynamic_reconfigure_generate_messages_eus
[  0%] Built target actionlib_generate_messages_py
[  0%] Built target bond_generate_messages_nodejs
[  0%] Built target dynamic_reconfigure_generate_messages_py
[  0%] Built target dynamic_reconfigure_gencfg
[  0%] Built target nodelet_generate_messages_lisp
[  0%] Built target bond_generate_messages_cpp
[  0%] Built target bond_generate_messages_lisp
[  0%] Built target nodelet_generate_messages_eus
[  0%] Built target topic_tools_generate_messages_cpp
[  0%] Built target autoware_msgs_generate_messages_nodejs
[  0%] Built target topic_tools_generate_messages_eus
[  0%] Built target nodelet_generate_messages_nodejs
[  0%] Built target pcl_msgs_generate_messages_cpp
[  4%] [34m[1mAutomatic MOC for target vscan2linelist[0m
[  4%] Built target nodelet_topic_tools_gencfg
[  4%] Built target pcl_msgs_generate_messages_py
[  4%] Built target autoware_msgs_generate_messages_eus
[  4%] Built target bond_generate_messages_py
[  4%] Built target vscan2linelist_autogen
[  4%] Built target jsk_recognition_msgs_generate_messages_lisp
[  4%] Built target pcl_msgs_generate_messages_lisp
[  4%] Built target geometry_msgs_generate_messages_py
[  4%] Built target geometry_msgs_generate_messages_lisp
[  4%] Built target std_msgs_generate_messages_nodejs
[  4%] Built target actionlib_msgs_generate_messages_py
[  4%] Built target jsk_recognition_msgs_generate_messages_nodejs
[  4%] Built target jsk_recognition_msgs_generate_messages_py
[  4%] Built target rosgraph_msgs_generate_messages_cpp
[  4%] Built target autoware_msgs_generate_messages_lisp
[  4%] Built target jsk_footstep_msgs_generate_messages_cpp
[  4%] Built target pcl_msgs_generate_messages_eus
[  4%] Built target std_srvs_generate_messages_lisp
[  4%] Built target std_srvs_generate_messages_nodejs
[  4%] Built target pcl_msgs_generate_messages_nodejs
[  4%] Built target jsk_footstep_msgs_generate_messages_eus
[  4%] Built target dynamic_reconfigure_generate_messages_nodejs
[  4%] Built target jsk_footstep_msgs_generate_messages_nodejs
[ 18%] Built target vscan2linelist
[ 18%] Built target tf2_msgs_generate_messages_py
[ 18%] Built target actionlib_msgs_generate_messages_nodejs
[ 18%] Built target actionlib_msgs_generate_messages_cpp
[ 18%] Built target sensor_msgs_generate_messages_eus
[ 18%] Built target actionlib_generate_messages_nodejs
[ 18%] Built target actionlib_generate_messages_lisp
[ 18%] Built target jsk_footstep_msgs_generate_messages_py
[ 18%] Built target actionlib_msgs_generate_messages_eus
[ 18%] Built target std_srvs_generate_messages_eus
[ 18%] Built target tf_generate_messages_cpp
[ 22%] [34m[1mAutomatic MOC for target points_image[0m
[ 22%] Built target points_image_autogen
[ 36%] Built target points_image
[ 40%] [34m[1mAutomatic MOC for target vscan2image[0m
[ 45%] [34m[1mAutomatic MOC for target points2image[0m
[ 50%] [34m[1mAutomatic MOC for target points2vscan[0m
[ 50%] Built target points2image_autogen
[ 50%] Built target vscan2image_autogen
[ 50%] Built target points2vscan_autogen
[ 63%] Built target vscan2image
[ 77%] Built target points2image
[100%] Built target points2vscan
[36mInstall the project...[0m
-- Install configuration: "Release"
-- Installing: /home/muyangren907/autoware/autoware.ai/1.12.0_cuda/install/points2image/lib/pkgconfig/points2image.pc
-- Installing: /home/muyangren907/autoware/autoware.ai/1.12.0_cuda/install/points2image/share/points2image/cmake/points2imageConfig.cmake
-- Installing: /home/muyangren907/autoware/autoware.ai/1.12.0_cuda/install/points2image/share/points2image/cmake/points2imageConfig-version.cmake
-- Installing: /home/muyangren907/autoware/autoware.ai/1.12.0_cuda/install/points2image/share/points2image/package.xml
-- Installing: /home/muyangren907/autoware/autoware.ai/1.12.0_cuda/install/points2image/lib/libpoints_image.so
-- Installing: /home/muyangren907/autoware/autoware.ai/1.12.0_cuda/install/points2image/lib/points2image/vscan2linelist
-- Set runtime path of "/home/muyangren907/autoware/autoware.ai/1.12.0_cuda/install/points2image/lib/points2image/vscan2linelist" to ""
-- Installing: /home/muyangren907/autoware/autoware.ai/1.12.0_cuda/install/points2image/lib/points2image/vscan2image
-- Set runtime path of "/home/muyangren907/autoware/autoware.ai/1.12.0_cuda/install/points2image/lib/points2image/vscan2image" to ""
-- Installing: /home/muyangren907/autoware/autoware.ai/1.12.0_cuda/install/points2image/lib/points2image/points2image
-- Set runtime path of "/home/muyangren907/autoware/autoware.ai/1.12.0_cuda/install/points2image/lib/points2image/points2image" to ""
-- Installing: /home/muyangren907/autoware/autoware.ai/1.12.0_cuda/install/points2image/lib/points2image/points2vscan
-- Set runtime path of "/home/muyangren907/autoware/autoware.ai/1.12.0_cuda/install/points2image/lib/points2image/points2vscan" to ""
