Symlinking /home/myr907/autoware.ai/devel/share/roseus/ros/points_downsampler/manifest.l
Symlinking /home/myr907/autoware.ai/devel/share/roseus/ros/points_downsampler/msg/PointsDownsamplerInfo.l
Symlinking /home/myr907/autoware.ai/devel/share/common-lisp/ros/points_downsampler/msg/points_downsampler-msg.asd
Symlinking /home/myr907/autoware.ai/devel/share/common-lisp/ros/points_downsampler/msg/_package_PointsDownsamplerInfo.lisp
Symlinking /home/myr907/autoware.ai/devel/share/common-lisp/ros/points_downsampler/msg/PointsDownsamplerInfo.lisp
Symlinking /home/myr907/autoware.ai/devel/share/common-lisp/ros/points_downsampler/msg/_package.lisp
Symlinking /home/myr907/autoware.ai/devel/share/points_downsampler/cmake/points_downsampler-msg-paths.cmake
Symlinking /home/myr907/autoware.ai/devel/share/points_downsampler/cmake/points_downsamplerConfig.cmake
Symlinking /home/myr907/autoware.ai/devel/share/points_downsampler/cmake/points_downsamplerConfig-version.cmake
Symlinking /home/myr907/autoware.ai/devel/share/points_downsampler/cmake/points_downsampler-msg-extras.cmake
Symlinking /home/myr907/autoware.ai/devel/share/gennodejs/ros/points_downsampler/_index.js
Symlinking /home/myr907/autoware.ai/devel/share/gennodejs/ros/points_downsampler/msg/_index.js
Symlinking /home/myr907/autoware.ai/devel/share/gennodejs/ros/points_downsampler/msg/PointsDownsamplerInfo.js
Symlinking /home/myr907/autoware.ai/devel/include/points_downsampler/PointsDownsamplerInfo.h
Symlinking /home/myr907/autoware.ai/devel/lib/points_downsampler/distance_filter
Symlinking /home/myr907/autoware.ai/devel/lib/points_downsampler/ring_filter
Symlinking /home/myr907/autoware.ai/devel/lib/points_downsampler/voxel_grid_filter
Symlinking /home/myr907/autoware.ai/devel/lib/points_downsampler/random_filter
Symlinking /home/myr907/autoware.ai/devel/lib/pkgconfig/points_downsampler.pc
Symlinking /home/myr907/autoware.ai/devel/lib/python2.7/dist-packages/points_downsampler/__init__.py
Symlinking /home/myr907/autoware.ai/devel/lib/python2.7/dist-packages/points_downsampler/msg/_PointsDownsamplerInfo.py
Symlinking /home/myr907/autoware.ai/devel/lib/python2.7/dist-packages/points_downsampler/msg/__init__.py
