-- The C compiler identification is GNU 7.4.0
-- The CXX compiler identification is GNU 7.4.0
-- Check for working C compiler: /usr/bin/cc
-- Check for working C compiler: /usr/bin/cc -- works
-- Detecting C compiler ABI info
-- Detecting C compiler ABI info - done
-- Detecting C compile features
-- Detecting C compile features - done
-- Check for working CXX compiler: /usr/bin/c++
-- Check for working CXX compiler: /usr/bin/c++ -- works
-- Detecting CXX compiler ABI info
-- Detecting CXX compiler ABI info - done
-- Detecting CXX compile features
-- Detecting CXX compile features - done
-- CUDA compilation status: 1.
-- Using CATKIN_DEVEL_PREFIX: /home/muyangren907/autoware/autoware.ai/1.12.0_cuda/build/op_utility/devel
-- Using CMAKE_PREFIX_PATH: /home/muyangren907/autoware/autoware.ai/1.12.0_cuda/install/vector_map_server;/home/muyangren907/autoware/autoware.ai/1.12.0_cuda/install/vector_map;/home/muyangren907/autoware/autoware.ai/1.12.0_cuda/install/vector_map_msgs;/home/muyangren907/autoware/autoware.ai/1.12.0_cuda/install/autoware_msgs;/home/muyangren907/autoware/autoware.ai/1.12.0_cuda/install/autoware_build_flags;/opt/ros/melodic
-- This workspace overlays: /home/muyangren907/autoware/autoware.ai/1.12.0_cuda/install/vector_map_server;/home/muyangren907/autoware/autoware.ai/1.12.0_cuda/install/vector_map;/home/muyangren907/autoware/autoware.ai/1.12.0_cuda/install/vector_map_msgs;/home/muyangren907/autoware/autoware.ai/1.12.0_cuda/install/autoware_msgs;/home/muyangren907/autoware/autoware.ai/1.12.0_cuda/install/autoware_build_flags;/opt/ros/melodic
-- Found PythonInterp: /usr/bin/python2 (found suitable version "2.7.15", minimum required is "2") 
-- Using PYTHON_EXECUTABLE: /usr/bin/python2
-- Using Debian Python package layout
-- Using empy: /usr/bin/empy
-- Using CATKIN_ENABLE_TESTING: ON
-- Call enable_testing()
-- Using CATKIN_TEST_RESULTS_DIR: /home/muyangren907/autoware/autoware.ai/1.12.0_cuda/build/op_utility/test_results
-- Found gtest sources under '/usr/src/googletest': gtests will be built
-- Found gmock sources under '/usr/src/googletest': gmock will be built
-- Found PythonInterp: /usr/bin/python2 (found version "2.7.15") 
-- Looking for pthread.h
-- Looking for pthread.h - found
-- Looking for pthread_create
-- Looking for pthread_create - not found
-- Looking for pthread_create in pthreads
-- Looking for pthread_create in pthreads - not found
-- Looking for pthread_create in pthread
-- Looking for pthread_create in pthread - found
-- Found Threads: TRUE  
-- Using Python nosetests: /usr/local/bin/nosetests-2.7
-- catkin 0.7.19
-- BUILD_SHARED_LIBS is on
-- Using these message generators: gencpp;geneus;genlisp;gennodejs;genpy
-- Found TinyXML: /usr/lib/x86_64-linux-gnu/libtinyxml.so  
-- Configuring done
-- Generating done
-- Build files have been written to: /home/muyangren907/autoware/autoware.ai/1.12.0_cuda/build/op_utility
[35m[1mScanning dependencies of target op_utility[0m
[ 66%] [32mBuilding CXX object CMakeFiles/op_utility.dir/src/DataRW.cpp.o[0m
[ 66%] [32mBuilding CXX object CMakeFiles/op_utility.dir/src/UtilityH.cpp.o[0m
[100%] [32m[1mLinking CXX shared library devel/lib/libop_utility.so[0m
[100%] Built target op_utility
[35m[1mScanning dependencies of target geometry_msgs_generate_messages_py[0m
[35m[1mScanning dependencies of target tf_generate_messages_nodejs[0m
[35m[1mScanning dependencies of target autoware_msgs_generate_messages_cpp[0m
[35m[1mScanning dependencies of target roscpp_generate_messages_cpp[0m
[35m[1mScanning dependencies of target geometry_msgs_generate_messages_lisp[0m
[35m[1mScanning dependencies of target std_msgs_generate_messages_lisp[0m
[35m[1mScanning dependencies of target gtest[0m
[35m[1mScanning dependencies of target vector_map_msgs_generate_messages_py[0m
[35m[1mScanning dependencies of target actionlib_generate_messages_nodejs[0m
[35m[1mScanning dependencies of target geometry_msgs_generate_messages_eus[0m
[35m[1mScanning dependencies of target std_msgs_generate_messages_nodejs[0m
[35m[1mScanning dependencies of target geometry_msgs_generate_messages_nodejs[0m
[35m[1mScanning dependencies of target actionlib_generate_messages_cpp[0m
[35m[1mScanning dependencies of target sensor_msgs_generate_messages_nodejs[0m
[  0%] Built target roscpp_generate_messages_cpp
[  0%] Built target geometry_msgs_generate_messages_lisp
[  0%] Built target actionlib_generate_messages_nodejs
[  0%] Built target std_msgs_generate_messages_lisp
[  0%] Built target std_msgs_generate_messages_nodejs
[  0%] Built target tf_generate_messages_nodejs
[  0%] Built target geometry_msgs_generate_messages_py
[  0%] Built target geometry_msgs_generate_messages_eus
[  0%] Built target actionlib_generate_messages_cpp
[  0%] Built target autoware_msgs_generate_messages_cpp
[  0%] Built target vector_map_msgs_generate_messages_py
[35m[1mScanning dependencies of target rosgraph_msgs_generate_messages_lisp[0m
[35m[1mScanning dependencies of target vector_map_msgs_generate_messages_eus[0m
[35m[1mScanning dependencies of target sensor_msgs_generate_messages_py[0m
[35m[1mScanning dependencies of target autoware_msgs_generate_messages_eus[0m
[35m[1mScanning dependencies of target roscpp_generate_messages_nodejs[0m
[35m[1mScanning dependencies of target rosgraph_msgs_generate_messages_cpp[0m
[  0%] Built target geometry_msgs_generate_messages_nodejs
[  0%] Built target sensor_msgs_generate_messages_nodejs
[35m[1mScanning dependencies of target pcl_msgs_generate_messages_nodejs[0m
[35m[1mScanning dependencies of target roscpp_generate_messages_lisp[0m
[35m[1mScanning dependencies of target jsk_recognition_msgs_generate_messages_eus[0m
[35m[1mScanning dependencies of target rosgraph_msgs_generate_messages_eus[0m
[  0%] Built target autoware_msgs_generate_messages_eus
[  0%] Built target vector_map_msgs_generate_messages_eus
[35m[1mScanning dependencies of target actionlib_msgs_generate_messages_cpp[0m
[35m[1mScanning dependencies of target jsk_recognition_msgs_generate_messages_nodejs[0m
[35m[1mScanning dependencies of target jsk_recognition_msgs_generate_messages_py[0m
[35m[1mScanning dependencies of target sensor_msgs_generate_messages_eus[0m
[  0%] Built target rosgraph_msgs_generate_messages_cpp
[  0%] Built target rosgraph_msgs_generate_messages_lisp
[  0%] Built target sensor_msgs_generate_messages_py
[  0%] Built target jsk_recognition_msgs_generate_messages_eus
[  0%] Built target pcl_msgs_generate_messages_nodejs
[  0%] Built target rosgraph_msgs_generate_messages_eus
[ 14%] [32mBuilding CXX object gtest/googlemock/gtest/CMakeFiles/gtest.dir/src/gtest-all.cc.o[0m
[ 14%] Built target roscpp_generate_messages_nodejs
[ 14%] Built target jsk_recognition_msgs_generate_messages_nodejs
[ 14%] Built target sensor_msgs_generate_messages_eus
[35m[1mScanning dependencies of target jsk_recognition_msgs_generate_messages_lisp[0m
[ 14%] Built target jsk_recognition_msgs_generate_messages_py
[35m[1mScanning dependencies of target pcl_msgs_generate_messages_lisp[0m
[35m[1mScanning dependencies of target sensor_msgs_generate_messages_cpp[0m
[35m[1mScanning dependencies of target autoware_msgs_generate_messages_nodejs[0m
[35m[1mScanning dependencies of target jsk_footstep_msgs_generate_messages_lisp[0m
[ 14%] Built target actionlib_msgs_generate_messages_cpp
[35m[1mScanning dependencies of target actionlib_msgs_generate_messages_eus[0m
[ 14%] Built target roscpp_generate_messages_lisp
[35m[1mScanning dependencies of target actionlib_generate_messages_lisp[0m
[35m[1mScanning dependencies of target pcl_msgs_generate_messages_cpp[0m
[35m[1mScanning dependencies of target jsk_footstep_msgs_generate_messages_py[0m
[ 14%] Built target jsk_recognition_msgs_generate_messages_lisp
[35m[1mScanning dependencies of target visualization_msgs_generate_messages_nodejs[0m
[ 14%] Built target autoware_msgs_generate_messages_nodejs
[ 14%] Built target actionlib_generate_messages_lisp
[35m[1mScanning dependencies of target tf_generate_messages_eus[0m
[ 14%] Built target pcl_msgs_generate_messages_cpp
[ 14%] Built target jsk_footstep_msgs_generate_messages_lisp
[35m[1mScanning dependencies of target actionlib_msgs_generate_messages_lisp[0m
[ 14%] Built target jsk_footstep_msgs_generate_messages_py
[ 14%] Built target actionlib_msgs_generate_messages_eus
[35m[1mScanning dependencies of target tf2_msgs_generate_messages_py[0m
[ 14%] Built target pcl_msgs_generate_messages_lisp
[35m[1mScanning dependencies of target tf_generate_messages_py[0m
[35m[1mScanning dependencies of target actionlib_msgs_generate_messages_py[0m
[35m[1mScanning dependencies of target tf2_msgs_generate_messages_eus[0m
[ 14%] Built target visualization_msgs_generate_messages_nodejs
[ 14%] Built target actionlib_msgs_generate_messages_lisp
[ 14%] Built target sensor_msgs_generate_messages_cpp
[35m[1mScanning dependencies of target tf2_msgs_generate_messages_lisp[0m
[35m[1mScanning dependencies of target tf2_msgs_generate_messages_cpp[0m
[35m[1mScanning dependencies of target actionlib_generate_messages_eus[0m
[35m[1mScanning dependencies of target std_msgs_generate_messages_eus[0m
[ 14%] Built target tf2_msgs_generate_messages_py
[35m[1mScanning dependencies of target tf2_msgs_generate_messages_nodejs[0m
[ 14%] Built target tf_generate_messages_eus
[35m[1mScanning dependencies of target visualization_msgs_generate_messages_cpp[0m
[ 14%] Built target actionlib_msgs_generate_messages_py
[35m[1mScanning dependencies of target vector_map_server_generate_messages_py[0m
[35m[1mScanning dependencies of target actionlib_msgs_generate_messages_nodejs[0m
[ 14%] Built target tf2_msgs_generate_messages_lisp
[ 14%] Built target tf_generate_messages_py
[35m[1mScanning dependencies of target visualization_msgs_generate_messages_eus[0m
[35m[1mScanning dependencies of target roscpp_generate_messages_eus[0m
[35m[1mScanning dependencies of target visualization_msgs_generate_messages_lisp[0m
[ 14%] Built target tf2_msgs_generate_messages_eus
[ 14%] Built target std_msgs_generate_messages_eus
[ 14%] Built target vector_map_server_generate_messages_py
[ 14%] Built target actionlib_generate_messages_eus
[ 14%] Built target roscpp_generate_messages_eus
[35m[1mScanning dependencies of target autoware_msgs_generate_messages_py[0m
[ 14%] Built target visualization_msgs_generate_messages_eus
[ 14%] Built target tf2_msgs_generate_messages_nodejs
[35m[1mScanning dependencies of target rosgraph_msgs_generate_messages_nodejs[0m
[ 14%] Built target actionlib_msgs_generate_messages_nodejs
[35m[1mScanning dependencies of target visualization_msgs_generate_messages_py[0m
[ 14%] Built target visualization_msgs_generate_messages_cpp
[ 14%] Built target tf2_msgs_generate_messages_cpp
[35m[1mScanning dependencies of target std_msgs_generate_messages_py[0m
[ 14%] Built target visualization_msgs_generate_messages_lisp
[35m[1mScanning dependencies of target vector_map_server_generate_messages_nodejs[0m
[35m[1mScanning dependencies of target jsk_footstep_msgs_generate_messages_eus[0m
[35m[1mScanning dependencies of target pcl_msgs_generate_messages_py[0m
[35m[1mScanning dependencies of target jsk_recognition_msgs_generate_messages_cpp[0m
[35m[1mScanning dependencies of target vector_map_server_generate_messages_eus[0m
[35m[1mScanning dependencies of target vector_map_msgs_generate_messages_nodejs[0m
[ 14%] Built target autoware_msgs_generate_messages_py
[ 14%] Built target rosgraph_msgs_generate_messages_nodejs
[ 57%] Built target op_utility
[ 57%] Built target std_msgs_generate_messages_py
[ 57%] Built target visualization_msgs_generate_messages_py
[ 57%] Built target pcl_msgs_generate_messages_py
[35m[1mScanning dependencies of target tf_generate_messages_cpp[0m
[35m[1mScanning dependencies of target vector_map_msgs_generate_messages_lisp[0m
[35m[1mScanning dependencies of target autoware_msgs_generate_messages_lisp[0m
[ 57%] Built target vector_map_server_generate_messages_nodejs
[35m[1mScanning dependencies of target pcl_msgs_generate_messages_eus[0m
[ 57%] Built target jsk_recognition_msgs_generate_messages_cpp
[ 57%] Built target vector_map_server_generate_messages_eus
[35m[1mScanning dependencies of target jsk_footstep_msgs_generate_messages_cpp[0m
[35m[1mScanning dependencies of target vector_map_server_generate_messages_lisp[0m
[35m[1mScanning dependencies of target vector_map_server_generate_messages_cpp[0m
[ 57%] Built target jsk_footstep_msgs_generate_messages_eus
[ 57%] Built target vector_map_msgs_generate_messages_lisp
[35m[1mScanning dependencies of target actionlib_generate_messages_py[0m
[ 57%] Built target vector_map_msgs_generate_messages_nodejs
[ 57%] Built target tf_generate_messages_cpp
[ 57%] Built target autoware_msgs_generate_messages_lisp
[ 57%] Built target vector_map_server_generate_messages_lisp
[35m[1mScanning dependencies of target jsk_footstep_msgs_generate_messages_nodejs[0m
[ 57%] Built target pcl_msgs_generate_messages_eus
[35m[1mScanning dependencies of target roscpp_generate_messages_py[0m
[35m[1mScanning dependencies of target std_msgs_generate_messages_cpp[0m
[35m[1mScanning dependencies of target sensor_msgs_generate_messages_lisp[0m
[ 57%] Built target actionlib_generate_messages_py
[ 57%] Built target vector_map_server_generate_messages_cpp
[35m[1mScanning dependencies of target rosgraph_msgs_generate_messages_py[0m
[35m[1mScanning dependencies of target tf_generate_messages_lisp[0m
[ 57%] Built target jsk_footstep_msgs_generate_messages_cpp
[35m[1mScanning dependencies of target vector_map_msgs_generate_messages_cpp[0m
[35m[1mScanning dependencies of target geometry_msgs_generate_messages_cpp[0m
[ 57%] Built target roscpp_generate_messages_py
[ 57%] Built target std_msgs_generate_messages_cpp
[ 57%] Built target sensor_msgs_generate_messages_lisp
[ 57%] Built target jsk_footstep_msgs_generate_messages_nodejs
[ 57%] Built target vector_map_msgs_generate_messages_cpp
[ 57%] Built target rosgraph_msgs_generate_messages_py
[ 57%] Built target tf_generate_messages_lisp
[ 57%] Built target geometry_msgs_generate_messages_cpp
[ 71%] [32m[1mLinking CXX shared library libgtest.so[0m
[ 71%] Built target gtest
[35m[1mScanning dependencies of target test-op_utility[0m
[ 85%] [32mBuilding CXX object CMakeFiles/test-op_utility.dir/test/src/test_op_utility.cpp.o[0m
[100%] [32m[1mLinking CXX executable devel/lib/op_utility/test-op_utility[0m
[100%] Built target test-op_utility
[35m[1mScanning dependencies of target tests[0m
[100%] Built target tests
[100%] Built target op_utility
[36mInstall the project...[0m
-- Install configuration: "Release"
-- Installing: /home/muyangren907/autoware/autoware.ai/1.12.0_cuda/install/op_utility/lib/pkgconfig/op_utility.pc
-- Installing: /home/muyangren907/autoware/autoware.ai/1.12.0_cuda/install/op_utility/share/op_utility/cmake/op_utilityConfig.cmake
-- Installing: /home/muyangren907/autoware/autoware.ai/1.12.0_cuda/install/op_utility/share/op_utility/cmake/op_utilityConfig-version.cmake
-- Installing: /home/muyangren907/autoware/autoware.ai/1.12.0_cuda/install/op_utility/share/op_utility/package.xml
-- Installing: /home/muyangren907/autoware/autoware.ai/1.12.0_cuda/install/op_utility/include/op_utility
-- Installing: /home/muyangren907/autoware/autoware.ai/1.12.0_cuda/install/op_utility/include/op_utility/DataRW.h
-- Installing: /home/muyangren907/autoware/autoware.ai/1.12.0_cuda/install/op_utility/include/op_utility/UtilityH.h
-- Installing: /home/muyangren907/autoware/autoware.ai/1.12.0_cuda/install/op_utility/lib/libop_utility.so
-- Set runtime path of "/home/muyangren907/autoware/autoware.ai/1.12.0_cuda/install/op_utility/lib/libop_utility.so" to ""
