Invoking command in '/home/muyangren907/autoware/autoware.ai/1.12.0_cuda/build/sick_ldmrs_msgs': /usr/local/bin/cmake /home/muyangren907/autoware/autoware.ai/1.12.0_cuda/src/drivers/awf_drivers/sick_ldmrs_msgs -DCMAKE_BUILD_TYPE=Release -DCATKIN_INSTALL_INTO_PREFIX_ROOT=0 -DCMAKE_INSTALL_PREFIX=/home/muyangren907/autoware/autoware.ai/1.12.0_cuda/install/sick_ldmrs_msgs
-- The C compiler identification is GNU 7.4.0
-- The CXX compiler identification is GNU 7.4.0
-- Check for working C compiler: /usr/bin/cc
-- Check for working C compiler: /usr/bin/cc -- works
-- Detecting C compiler ABI info
-- Detecting C compiler ABI info - done
-- Detecting C compile features
-- Detecting C compile features - done
-- Check for working CXX compiler: /usr/bin/c++
-- Check for working CXX compiler: /usr/bin/c++ -- works
-- Detecting CXX compiler ABI info
-- Detecting CXX compiler ABI info - done
-- Detecting CXX compile features
-- Detecting CXX compile features - done
-- Using CATKIN_DEVEL_PREFIX: /home/muyangren907/autoware/autoware.ai/1.12.0_cuda/build/sick_ldmrs_msgs/devel
-- Using CMAKE_PREFIX_PATH: /opt/ros/melodic
-- This workspace overlays: /opt/ros/melodic
-- Found PythonInterp: /usr/bin/python2 (found suitable version "2.7.15", minimum required is "2") 
-- Using PYTHON_EXECUTABLE: /usr/bin/python2
-- Using Debian Python package layout
-- Using empy: /usr/bin/empy
-- Using CATKIN_ENABLE_TESTING: ON
-- Call enable_testing()
-- Using CATKIN_TEST_RESULTS_DIR: /home/muyangren907/autoware/autoware.ai/1.12.0_cuda/build/sick_ldmrs_msgs/test_results
-- Found gtest sources under '/usr/src/googletest': gtests will be built
-- Found gmock sources under '/usr/src/googletest': gmock will be built
-- Found PythonInterp: /usr/bin/python2 (found version "2.7.15") 
-- Looking for pthread.h
-- Looking for pthread.h - found
-- Looking for pthread_create
-- Looking for pthread_create - not found
-- Looking for pthread_create in pthreads
-- Looking for pthread_create in pthreads - not found
-- Looking for pthread_create in pthread
-- Looking for pthread_create in pthread - found
-- Found Threads: TRUE  
-- Using Python nosetests: /usr/local/bin/nosetests-2.7
-- catkin 0.7.19
-- BUILD_SHARED_LIBS is on
-- Using these message generators: gencpp;geneus;genlisp;gennodejs;genpy
-- sick_ldmrs_msgs: 2 messages, 0 services
-- Configuring done
-- Generating done
-- Build files have been written to: /home/muyangren907/autoware/autoware.ai/1.12.0_cuda/build/sick_ldmrs_msgs
Invoked command in '/home/muyangren907/autoware/autoware.ai/1.12.0_cuda/build/sick_ldmrs_msgs' returned '0': /usr/local/bin/cmake /home/muyangren907/autoware/autoware.ai/1.12.0_cuda/src/drivers/awf_drivers/sick_ldmrs_msgs -DCMAKE_BUILD_TYPE=Release -DCATKIN_INSTALL_INTO_PREFIX_ROOT=0 -DCMAKE_INSTALL_PREFIX=/home/muyangren907/autoware/autoware.ai/1.12.0_cuda/install/sick_ldmrs_msgs
Invoking command in '/home/muyangren907/autoware/autoware.ai/1.12.0_cuda/build/sick_ldmrs_msgs': /usr/local/bin/cmake --build /home/muyangren907/autoware/autoware.ai/1.12.0_cuda/build/sick_ldmrs_msgs -- -j40 -l40
[35m[1mScanning dependencies of target geometry_msgs_generate_messages_nodejs[0m
[35m[1mScanning dependencies of target geometry_msgs_generate_messages_py[0m
[35m[1mScanning dependencies of target std_msgs_generate_messages_lisp[0m
[35m[1mScanning dependencies of target geometry_msgs_generate_messages_lisp[0m
[35m[1mScanning dependencies of target _sick_ldmrs_msgs_generate_messages_check_deps_ObjectArray[0m
[35m[1mScanning dependencies of target std_msgs_generate_messages_cpp[0m
[35m[1mScanning dependencies of target geometry_msgs_generate_messages_cpp[0m
[35m[1mScanning dependencies of target std_msgs_generate_messages_eus[0m
[35m[1mScanning dependencies of target geometry_msgs_generate_messages_eus[0m
[35m[1mScanning dependencies of target _sick_ldmrs_msgs_generate_messages_check_deps_Object[0m
[35m[1mScanning dependencies of target std_msgs_generate_messages_nodejs[0m
[  0%] Built target geometry_msgs_generate_messages_lisp
[35m[1mScanning dependencies of target std_msgs_generate_messages_py[0m
[  0%] Built target geometry_msgs_generate_messages_py
[  0%] Built target geometry_msgs_generate_messages_nodejs
[  0%] Built target geometry_msgs_generate_messages_cpp
[  0%] Built target std_msgs_generate_messages_cpp
[  0%] Built target std_msgs_generate_messages_lisp
[  0%] Built target geometry_msgs_generate_messages_eus
[  0%] Built target std_msgs_generate_messages_nodejs
[  0%] Built target std_msgs_generate_messages_py
[  0%] Built target std_msgs_generate_messages_eus
[  0%] Built target _sick_ldmrs_msgs_generate_messages_check_deps_ObjectArray
[  0%] Built target _sick_ldmrs_msgs_generate_messages_check_deps_Object
[35m[1mScanning dependencies of target sick_ldmrs_msgs_generate_messages_py[0m
[35m[1mScanning dependencies of target sick_ldmrs_msgs_generate_messages_eus[0m
[35m[1mScanning dependencies of target sick_ldmrs_msgs_generate_messages_cpp[0m
[35m[1mScanning dependencies of target sick_ldmrs_msgs_generate_messages_lisp[0m
[35m[1mScanning dependencies of target sick_ldmrs_msgs_generate_messages_nodejs[0m
[  8%] [34m[1mGenerating Python from MSG sick_ldmrs_msgs/Object[0m
[ 16%] [34m[1mGenerating Lisp code from sick_ldmrs_msgs/ObjectArray.msg[0m
[ 25%] [34m[1mGenerating Javascript code from sick_ldmrs_msgs/Object.msg[0m
[ 33%] [34m[1mGenerating Python from MSG sick_ldmrs_msgs/ObjectArray[0m
[ 41%] [34m[1mGenerating EusLisp code from sick_ldmrs_msgs/ObjectArray.msg[0m
[ 50%] [34m[1mGenerating C++ code from sick_ldmrs_msgs/Object.msg[0m
[ 66%] [34m[1mGenerating EusLisp code from sick_ldmrs_msgs/Object.msg[0m
[ 75%] [34m[1mGenerating Javascript code from sick_ldmrs_msgs/ObjectArray.msg[0m
[ 83%] [34m[1mGenerating EusLisp manifest code for sick_ldmrs_msgs[0m
[ 91%] [34m[1mGenerating C++ code from sick_ldmrs_msgs/ObjectArray.msg[0m
[ 91%] [34m[1mGenerating Lisp code from sick_ldmrs_msgs/Object.msg[0m
[ 91%] Built target sick_ldmrs_msgs_generate_messages_nodejs
[100%] [34m[1mGenerating Python msg __init__.py for sick_ldmrs_msgs[0m
[100%] Built target sick_ldmrs_msgs_generate_messages_lisp
[100%] Built target sick_ldmrs_msgs_generate_messages_cpp
[100%] Built target sick_ldmrs_msgs_generate_messages_py
[100%] Built target sick_ldmrs_msgs_generate_messages_eus
[35m[1mScanning dependencies of target sick_ldmrs_msgs_generate_messages[0m
[100%] Built target sick_ldmrs_msgs_generate_messages
Invoked command in '/home/muyangren907/autoware/autoware.ai/1.12.0_cuda/build/sick_ldmrs_msgs' returned '0': /usr/local/bin/cmake --build /home/muyangren907/autoware/autoware.ai/1.12.0_cuda/build/sick_ldmrs_msgs -- -j40 -l40
Invoking command in '/home/muyangren907/autoware/autoware.ai/1.12.0_cuda/build/sick_ldmrs_msgs': /usr/local/bin/cmake --build /home/muyangren907/autoware/autoware.ai/1.12.0_cuda/build/sick_ldmrs_msgs --target tests -- -j40 -l40
[35m[1mScanning dependencies of target tests[0m
Built target tests
Invoked command in '/home/muyangren907/autoware/autoware.ai/1.12.0_cuda/build/sick_ldmrs_msgs' returned '0': /usr/local/bin/cmake --build /home/muyangren907/autoware/autoware.ai/1.12.0_cuda/build/sick_ldmrs_msgs --target tests -- -j40 -l40
Invoking command in '/home/muyangren907/autoware/autoware.ai/1.12.0_cuda/build/sick_ldmrs_msgs': /usr/local/bin/cmake --build /home/muyangren907/autoware/autoware.ai/1.12.0_cuda/build/sick_ldmrs_msgs --target install -- -j40 -l40
[  0%] Built target geometry_msgs_generate_messages_nodejs
[  0%] Built target std_msgs_generate_messages_py
[  0%] Built target geometry_msgs_generate_messages_eus
[  0%] Built target std_msgs_generate_messages_nodejs
[  0%] Built target std_msgs_generate_messages_eus
[  0%] Built target geometry_msgs_generate_messages_py
[  0%] Built target std_msgs_generate_messages_lisp
[  0%] Built target geometry_msgs_generate_messages_lisp
[  0%] Built target geometry_msgs_generate_messages_cpp
[  0%] Built target std_msgs_generate_messages_cpp
[  0%] Built target _sick_ldmrs_msgs_generate_messages_check_deps_Object
[  0%] Built target _sick_ldmrs_msgs_generate_messages_check_deps_ObjectArray
[ 16%] Built target sick_ldmrs_msgs_generate_messages_cpp
[ 33%] Built target sick_ldmrs_msgs_generate_messages_nodejs
[ 50%] Built target sick_ldmrs_msgs_generate_messages_lisp
[ 75%] Built target sick_ldmrs_msgs_generate_messages_eus
[100%] Built target sick_ldmrs_msgs_generate_messages_py
[100%] Built target sick_ldmrs_msgs_generate_messages
[36mInstall the project...[0m
-- Install configuration: "Release"
-- Installing: /home/muyangren907/autoware/autoware.ai/1.12.0_cuda/install/sick_ldmrs_msgs/share/sick_ldmrs_msgs/msg/Object.msg
-- Installing: /home/muyangren907/autoware/autoware.ai/1.12.0_cuda/install/sick_ldmrs_msgs/share/sick_ldmrs_msgs/msg/ObjectArray.msg
-- Installing: /home/muyangren907/autoware/autoware.ai/1.12.0_cuda/install/sick_ldmrs_msgs/share/sick_ldmrs_msgs/cmake/sick_ldmrs_msgs-msg-paths.cmake
-- Installing: /home/muyangren907/autoware/autoware.ai/1.12.0_cuda/install/sick_ldmrs_msgs/include/sick_ldmrs_msgs
-- Installing: /home/muyangren907/autoware/autoware.ai/1.12.0_cuda/install/sick_ldmrs_msgs/include/sick_ldmrs_msgs/Object.h
-- Installing: /home/muyangren907/autoware/autoware.ai/1.12.0_cuda/install/sick_ldmrs_msgs/include/sick_ldmrs_msgs/ObjectArray.h
-- Installing: /home/muyangren907/autoware/autoware.ai/1.12.0_cuda/install/sick_ldmrs_msgs/share/roseus/ros/sick_ldmrs_msgs
-- Installing: /home/muyangren907/autoware/autoware.ai/1.12.0_cuda/install/sick_ldmrs_msgs/share/roseus/ros/sick_ldmrs_msgs/manifest.l
-- Installing: /home/muyangren907/autoware/autoware.ai/1.12.0_cuda/install/sick_ldmrs_msgs/share/roseus/ros/sick_ldmrs_msgs/msg
-- Installing: /home/muyangren907/autoware/autoware.ai/1.12.0_cuda/install/sick_ldmrs_msgs/share/roseus/ros/sick_ldmrs_msgs/msg/ObjectArray.l
-- Installing: /home/muyangren907/autoware/autoware.ai/1.12.0_cuda/install/sick_ldmrs_msgs/share/roseus/ros/sick_ldmrs_msgs/msg/Object.l
-- Installing: /home/muyangren907/autoware/autoware.ai/1.12.0_cuda/install/sick_ldmrs_msgs/share/common-lisp/ros/sick_ldmrs_msgs
-- Installing: /home/muyangren907/autoware/autoware.ai/1.12.0_cuda/install/sick_ldmrs_msgs/share/common-lisp/ros/sick_ldmrs_msgs/msg
-- Installing: /home/muyangren907/autoware/autoware.ai/1.12.0_cuda/install/sick_ldmrs_msgs/share/common-lisp/ros/sick_ldmrs_msgs/msg/Object.lisp
-- Installing: /home/muyangren907/autoware/autoware.ai/1.12.0_cuda/install/sick_ldmrs_msgs/share/common-lisp/ros/sick_ldmrs_msgs/msg/_package_ObjectArray.lisp
-- Installing: /home/muyangren907/autoware/autoware.ai/1.12.0_cuda/install/sick_ldmrs_msgs/share/common-lisp/ros/sick_ldmrs_msgs/msg/_package_Object.lisp
-- Installing: /home/muyangren907/autoware/autoware.ai/1.12.0_cuda/install/sick_ldmrs_msgs/share/common-lisp/ros/sick_ldmrs_msgs/msg/sick_ldmrs_msgs-msg.asd
-- Installing: /home/muyangren907/autoware/autoware.ai/1.12.0_cuda/install/sick_ldmrs_msgs/share/common-lisp/ros/sick_ldmrs_msgs/msg/_package.lisp
-- Installing: /home/muyangren907/autoware/autoware.ai/1.12.0_cuda/install/sick_ldmrs_msgs/share/common-lisp/ros/sick_ldmrs_msgs/msg/ObjectArray.lisp
-- Installing: /home/muyangren907/autoware/autoware.ai/1.12.0_cuda/install/sick_ldmrs_msgs/share/gennodejs/ros/sick_ldmrs_msgs
-- Installing: /home/muyangren907/autoware/autoware.ai/1.12.0_cuda/install/sick_ldmrs_msgs/share/gennodejs/ros/sick_ldmrs_msgs/_index.js
-- Installing: /home/muyangren907/autoware/autoware.ai/1.12.0_cuda/install/sick_ldmrs_msgs/share/gennodejs/ros/sick_ldmrs_msgs/msg
-- Installing: /home/muyangren907/autoware/autoware.ai/1.12.0_cuda/install/sick_ldmrs_msgs/share/gennodejs/ros/sick_ldmrs_msgs/msg/_index.js
-- Installing: /home/muyangren907/autoware/autoware.ai/1.12.0_cuda/install/sick_ldmrs_msgs/share/gennodejs/ros/sick_ldmrs_msgs/msg/ObjectArray.js
-- Installing: /home/muyangren907/autoware/autoware.ai/1.12.0_cuda/install/sick_ldmrs_msgs/share/gennodejs/ros/sick_ldmrs_msgs/msg/Object.js
Listing /home/muyangren907/autoware/autoware.ai/1.12.0_cuda/build/sick_ldmrs_msgs/devel/lib/python2.7/dist-packages/sick_ldmrs_msgs ...
Compiling /home/muyangren907/autoware/autoware.ai/1.12.0_cuda/build/sick_ldmrs_msgs/devel/lib/python2.7/dist-packages/sick_ldmrs_msgs/__init__.py ...
Listing /home/muyangren907/autoware/autoware.ai/1.12.0_cuda/build/sick_ldmrs_msgs/devel/lib/python2.7/dist-packages/sick_ldmrs_msgs/msg ...
Compiling /home/muyangren907/autoware/autoware.ai/1.12.0_cuda/build/sick_ldmrs_msgs/devel/lib/python2.7/dist-packages/sick_ldmrs_msgs/msg/_Object.py ...
Compiling /home/muyangren907/autoware/autoware.ai/1.12.0_cuda/build/sick_ldmrs_msgs/devel/lib/python2.7/dist-packages/sick_ldmrs_msgs/msg/_ObjectArray.py ...
Compiling /home/muyangren907/autoware/autoware.ai/1.12.0_cuda/build/sick_ldmrs_msgs/devel/lib/python2.7/dist-packages/sick_ldmrs_msgs/msg/__init__.py ...
-- Installing: /home/muyangren907/autoware/autoware.ai/1.12.0_cuda/install/sick_ldmrs_msgs/lib/python2.7/dist-packages/sick_ldmrs_msgs
-- Installing: /home/muyangren907/autoware/autoware.ai/1.12.0_cuda/install/sick_ldmrs_msgs/lib/python2.7/dist-packages/sick_ldmrs_msgs/__init__.py
-- Installing: /home/muyangren907/autoware/autoware.ai/1.12.0_cuda/install/sick_ldmrs_msgs/lib/python2.7/dist-packages/sick_ldmrs_msgs/msg
-- Installing: /home/muyangren907/autoware/autoware.ai/1.12.0_cuda/install/sick_ldmrs_msgs/lib/python2.7/dist-packages/sick_ldmrs_msgs/msg/_ObjectArray.pyc
-- Installing: /home/muyangren907/autoware/autoware.ai/1.12.0_cuda/install/sick_ldmrs_msgs/lib/python2.7/dist-packages/sick_ldmrs_msgs/msg/_Object.pyc
-- Installing: /home/muyangren907/autoware/autoware.ai/1.12.0_cuda/install/sick_ldmrs_msgs/lib/python2.7/dist-packages/sick_ldmrs_msgs/msg/__init__.py
-- Installing: /home/muyangren907/autoware/autoware.ai/1.12.0_cuda/install/sick_ldmrs_msgs/lib/python2.7/dist-packages/sick_ldmrs_msgs/msg/_ObjectArray.py
-- Installing: /home/muyangren907/autoware/autoware.ai/1.12.0_cuda/install/sick_ldmrs_msgs/lib/python2.7/dist-packages/sick_ldmrs_msgs/msg/_Object.py
-- Installing: /home/muyangren907/autoware/autoware.ai/1.12.0_cuda/install/sick_ldmrs_msgs/lib/python2.7/dist-packages/sick_ldmrs_msgs/msg/__init__.pyc
-- Installing: /home/muyangren907/autoware/autoware.ai/1.12.0_cuda/install/sick_ldmrs_msgs/lib/python2.7/dist-packages/sick_ldmrs_msgs/__init__.pyc
-- Installing: /home/muyangren907/autoware/autoware.ai/1.12.0_cuda/install/sick_ldmrs_msgs/lib/pkgconfig/sick_ldmrs_msgs.pc
-- Installing: /home/muyangren907/autoware/autoware.ai/1.12.0_cuda/install/sick_ldmrs_msgs/share/sick_ldmrs_msgs/cmake/sick_ldmrs_msgs-msg-extras.cmake
-- Installing: /home/muyangren907/autoware/autoware.ai/1.12.0_cuda/install/sick_ldmrs_msgs/share/sick_ldmrs_msgs/cmake/sick_ldmrs_msgsConfig.cmake
-- Installing: /home/muyangren907/autoware/autoware.ai/1.12.0_cuda/install/sick_ldmrs_msgs/share/sick_ldmrs_msgs/cmake/sick_ldmrs_msgsConfig-version.cmake
-- Installing: /home/muyangren907/autoware/autoware.ai/1.12.0_cuda/install/sick_ldmrs_msgs/share/sick_ldmrs_msgs/package.xml
-- Up-to-date: /home/muyangren907/autoware/autoware.ai/1.12.0_cuda/install/sick_ldmrs_msgs/include/sick_ldmrs_msgs
-- Installing: /home/muyangren907/autoware/autoware.ai/1.12.0_cuda/install/sick_ldmrs_msgs/include/sick_ldmrs_msgs/sick_ldmrs_point_type.h
Invoked command in '/home/muyangren907/autoware/autoware.ai/1.12.0_cuda/build/sick_ldmrs_msgs' returned '0': /usr/local/bin/cmake --build /home/muyangren907/autoware/autoware.ai/1.12.0_cuda/build/sick_ldmrs_msgs --target install -- -j40 -l40
