-- USING ACCELERATED CLUSTERING --
Version: 10.0
Library: /usr/lib/x86_64-linux-gnu/libcuda.so
Runtime: /usr/local/cuda-10.0/lib64/libcudart.so
[01m[K/home/muyangren907/autoware/autoware.ai/1.12.0_cuda/src/autoware/core_perception/lidar_euclidean_cluster_detect/nodes/lidar_euclidean_cluster_detect/lidar_euclidean_cluster_detect.cpp:[m[K In function ‘[01m[Kvoid segmentByDistance(pcl::PointCloud<pcl::PointXYZ>::Ptr, pcl::PointCloud<pcl::PointXYZRGB>::Ptr, autoware_msgs::Centroids&, autoware_msgs::CloudClusterArray&)[m[K’:
[01m[K/home/muyangren907/autoware/autoware.ai/1.12.0_cuda/src/autoware/core_perception/lidar_euclidean_cluster_detect/nodes/lidar_euclidean_cluster_detect/lidar_euclidean_cluster_detect.cpp:663:3:[m[K [01;35m[Kwarning: [m[Kthis ‘[01m[Kelse[m[K’ clause does not guard... [[01;35m[K-Wmisleading-indentation[m[K]
   [01;35m[Kelse[m[K
   [01;35m[K^~~~[m[K
[01m[K/home/muyangren907/autoware/autoware.ai/1.12.0_cuda/src/autoware/core_perception/lidar_euclidean_cluster_detect/nodes/lidar_euclidean_cluster_detect/lidar_euclidean_cluster_detect.cpp:667:5:[m[K [01;36m[Knote: [m[K...this statement, but the latter is misleadingly indented as if it were guarded by the ‘[01m[Kelse[m[K’
     [01;36m[Kfor[m[K (unsigned int i = 0; i < final_clusters.size(); i++)
     [01;36m[K^~~[m[K
In file included from [01m[K/home/muyangren907/autoware/autoware.ai/1.12.0_cuda/src/autoware/core_perception/lidar_euclidean_cluster_detect/include/cluster.h:30:0[m[K,
                 from [01m[K/home/muyangren907/autoware/autoware.ai/1.12.0_cuda/src/autoware/core_perception/lidar_euclidean_cluster_detect/nodes/lidar_euclidean_cluster_detect/cluster.cpp:8[m[K:
[01m[K/usr/include/pcl-1.8/pcl/sample_consensus/model_types.h:[m[K In function ‘[01m[Kvoid __static_initialization_and_destruction_0(int, int)[m[K’:
[01m[K/usr/include/pcl-1.8/pcl/sample_consensus/model_types.h:99:3:[m[K [01;35m[Kwarning: [m[K‘[01m[Kpcl::SAC_SAMPLE_SIZE[m[K’ is deprecated: This map is deprecated and is kept only to prevent breaking existing user code. Starting from PCL 1.8.0 model sample size is a protected member of the SampleConsensusModel class [[01;35m[K-Wdeprecated-declarations[m[K]
   [01;35m[KSAC_SAMPLE_SIZE[m[K (sample_size_pairs, sample_size_pairs + sizeof (sample_size_pairs) / sizeof (SampleSizeModel));
   [01;35m[K^~~~~~~~~~~~~~~[m[K
[01m[K/usr/include/pcl-1.8/pcl/sample_consensus/model_types.h:99:3:[m[K [01;36m[Knote: [m[Kdeclared here
In file included from [01m[K/home/muyangren907/autoware/autoware.ai/1.12.0_cuda/src/autoware/core_perception/lidar_euclidean_cluster_detect/nodes/lidar_euclidean_cluster_detect/lidar_euclidean_cluster_detect.cpp:31:0[m[K:
[01m[K/usr/include/pcl-1.8/pcl/sample_consensus/model_types.h:[m[K In function ‘[01m[Kvoid __static_initialization_and_destruction_0(int, int)[m[K’:
[01m[K/usr/include/pcl-1.8/pcl/sample_consensus/model_types.h:99:3:[m[K [01;35m[Kwarning: [m[K‘[01m[Kpcl::SAC_SAMPLE_SIZE[m[K’ is deprecated: This map is deprecated and is kept only to prevent breaking existing user code. Starting from PCL 1.8.0 model sample size is a protected member of the SampleConsensusModel class [[01;35m[K-Wdeprecated-declarations[m[K]
   [01;35m[KSAC_SAMPLE_SIZE[m[K (sample_size_pairs, sample_size_pairs + sizeof (sample_size_pairs) / sizeof (SampleSizeModel));
   [01;35m[K^~~~~~~~~~~~~~~[m[K
[01m[K/usr/include/pcl-1.8/pcl/sample_consensus/model_types.h:99:3:[m[K [01;36m[Knote: [m[Kdeclared here
-- USING ACCELERATED CLUSTERING --
Version: 10.0
Library: /usr/lib/x86_64-linux-gnu/libcuda.so
Runtime: /usr/local/cuda-10.0/lib64/libcudart.so
