-- The C compiler identification is GNU 7.4.0
-- The CXX compiler identification is GNU 7.4.0
-- Check for working C compiler: /usr/bin/cc
-- Check for working C compiler: /usr/bin/cc -- works
-- Detecting C compiler ABI info
-- Detecting C compiler ABI info - done
-- Detecting C compile features
-- Detecting C compile features - done
-- Check for working CXX compiler: /usr/bin/c++
-- Check for working CXX compiler: /usr/bin/c++ -- works
-- Detecting CXX compiler ABI info
-- Detecting CXX compiler ABI info - done
-- Detecting CXX compile features
-- Detecting CXX compile features - done
-- CUDA compilation status: 1.
-- Using CATKIN_DEVEL_PREFIX: /home/muyangren907/autoware/autoware.ai/1.12.0_cuda/build/lidar_euclidean_cluster_detect/devel
-- Using CMAKE_PREFIX_PATH: /home/muyangren907/autoware/autoware.ai/1.12.0_cuda/install/vector_map_server;/home/muyangren907/autoware/autoware.ai/1.12.0_cuda/install/vector_map;/home/muyangren907/autoware/autoware.ai/1.12.0_cuda/install/vector_map_msgs;/home/muyangren907/autoware/autoware.ai/1.12.0_cuda/install/autoware_msgs;/home/muyangren907/autoware/autoware.ai/1.12.0_cuda/install/autoware_build_flags;/opt/ros/melodic
-- This workspace overlays: /home/muyangren907/autoware/autoware.ai/1.12.0_cuda/install/vector_map_server;/home/muyangren907/autoware/autoware.ai/1.12.0_cuda/install/vector_map;/home/muyangren907/autoware/autoware.ai/1.12.0_cuda/install/vector_map_msgs;/home/muyangren907/autoware/autoware.ai/1.12.0_cuda/install/autoware_msgs;/home/muyangren907/autoware/autoware.ai/1.12.0_cuda/install/autoware_build_flags;/opt/ros/melodic
-- Found PythonInterp: /usr/bin/python2 (found suitable version "2.7.15", minimum required is "2") 
-- Using PYTHON_EXECUTABLE: /usr/bin/python2
-- Using Debian Python package layout
-- Using empy: /usr/bin/empy
-- Using CATKIN_ENABLE_TESTING: ON
-- Call enable_testing()
-- Using CATKIN_TEST_RESULTS_DIR: /home/muyangren907/autoware/autoware.ai/1.12.0_cuda/build/lidar_euclidean_cluster_detect/test_results
-- Found gtest sources under '/usr/src/googletest': gtests will be built
-- Found gmock sources under '/usr/src/googletest': gmock will be built
-- Found PythonInterp: /usr/bin/python2 (found version "2.7.15") 
-- Looking for pthread.h
-- Looking for pthread.h - found
-- Looking for pthread_create
-- Looking for pthread_create - not found
-- Looking for pthread_create in pthreads
-- Looking for pthread_create in pthreads - not found
-- Looking for pthread_create in pthread
-- Looking for pthread_create in pthread - found
-- Found Threads: TRUE  
-- Using Python nosetests: /usr/local/bin/nosetests-2.7
-- catkin 0.7.19
-- BUILD_SHARED_LIBS is on
-- Using these message generators: gencpp;geneus;genlisp;gennodejs;genpy
-- Found OpenMP_C: -fopenmp (found version "4.5") 
-- Found OpenMP_CXX: -fopenmp (found version "4.5") 
-- Found OpenMP: TRUE (found version "4.5")  
-- Found OpenCV: /usr (found version "3.2.0") 
-- Found PkgConfig: /usr/bin/pkg-config (found version "0.29.1") 
-- Checking for module 'yaml-cpp'
--   Found yaml-cpp, version 0.5.2
-- Found CUDA: /usr/local/cuda-10.0 (found version "10.0") 
-- USING ACCELERATED CLUSTERING --
Version: 10.0
Library: /usr/lib/x86_64-linux-gnu/libcuda.so
Runtime: /usr/local/cuda-10.0/lib64/libcudart.so
-- Configuring done
-- Generating done
-- Build files have been written to: /home/muyangren907/autoware/autoware.ai/1.12.0_cuda/build/lidar_euclidean_cluster_detect
[ 20%] [34m[1mBuilding NVCC (Device) object CMakeFiles/gpu_euclidean_clustering.dir/nodes/lidar_euclidean_cluster_detect/gpu_euclidean_clustering_generated_gpu_euclidean_clustering.cu.o[0m
[35m[1mScanning dependencies of target tf2_msgs_generate_messages_cpp[0m
[35m[1mScanning dependencies of target map_msgs_generate_messages_lisp[0m
[35m[1mScanning dependencies of target map_msgs_generate_messages_cpp[0m
[35m[1mScanning dependencies of target people_msgs_generate_messages_nodejs[0m
[35m[1mScanning dependencies of target people_msgs_generate_messages_cpp[0m
[35m[1mScanning dependencies of target jsk_rviz_plugins_generate_messages_eus[0m
[35m[1mScanning dependencies of target jsk_rviz_plugins_generate_messages_lisp[0m
[35m[1mScanning dependencies of target map_msgs_generate_messages_py[0m
[35m[1mScanning dependencies of target nav_msgs_generate_messages_py[0m
[ 20%] Built target map_msgs_generate_messages_lisp
[ 20%] Built target tf2_msgs_generate_messages_cpp
[35m[1mScanning dependencies of target jsk_rviz_plugins_generate_messages_cpp[0m
[35m[1mScanning dependencies of target jsk_rviz_plugins_generate_messages_py[0m
[35m[1mScanning dependencies of target map_msgs_generate_messages_eus[0m
[35m[1mScanning dependencies of target map_msgs_generate_messages_nodejs[0m
[ 20%] Built target jsk_rviz_plugins_generate_messages_eus
[ 20%] Built target map_msgs_generate_messages_py
[ 20%] Built target people_msgs_generate_messages_cpp
[35m[1mScanning dependencies of target jsk_recognition_utils_gencfg[0m
[ 20%] Built target people_msgs_generate_messages_nodejs
[ 20%] Built target map_msgs_generate_messages_cpp
[ 20%] Built target jsk_rviz_plugins_generate_messages_py
[ 20%] Built target jsk_rviz_plugins_generate_messages_cpp
[ 20%] Built target nav_msgs_generate_messages_py
[ 20%] Built target map_msgs_generate_messages_eus
[35m[1mScanning dependencies of target actionlib_msgs_generate_messages_eus[0m
[35m[1mScanning dependencies of target actionlib_msgs_generate_messages_cpp[0m
[35m[1mScanning dependencies of target jsk_footstep_msgs_generate_messages_py[0m
[35m[1mScanning dependencies of target actionlib_generate_messages_nodejs[0m
[35m[1mScanning dependencies of target sensor_msgs_generate_messages_eus[0m
[35m[1mScanning dependencies of target actionlib_generate_messages_lisp[0m
[35m[1mScanning dependencies of target actionlib_msgs_generate_messages_nodejs[0m
[ 20%] Built target jsk_recognition_utils_gencfg
[35m[1mScanning dependencies of target dynamic_reconfigure_generate_messages_nodejs[0m
[ 20%] Built target jsk_rviz_plugins_generate_messages_lisp
[ 20%] Built target map_msgs_generate_messages_nodejs
[ 20%] Built target actionlib_msgs_generate_messages_eus
[ 20%] Built target jsk_footstep_msgs_generate_messages_py
[35m[1mScanning dependencies of target jsk_footstep_msgs_generate_messages_nodejs[0m
[ 20%] Built target actionlib_msgs_generate_messages_cpp
[35m[1mScanning dependencies of target topic_tools_generate_messages_py[0m
[ 20%] Built target actionlib_generate_messages_nodejs
[ 20%] Built target actionlib_msgs_generate_messages_nodejs
[35m[1mScanning dependencies of target pcl_msgs_generate_messages_nodejs[0m
[35m[1mScanning dependencies of target people_msgs_generate_messages_eus[0m
[35m[1mScanning dependencies of target jsk_footstep_msgs_generate_messages_eus[0m
[35m[1mScanning dependencies of target tf_generate_messages_cpp[0m
[35m[1mScanning dependencies of target jsk_hark_msgs_generate_messages_lisp[0m
[ 20%] Built target actionlib_generate_messages_lisp
[ 20%] Built target jsk_footstep_msgs_generate_messages_nodejs
[35m[1mScanning dependencies of target people_msgs_generate_messages_lisp[0m
[35m[1mScanning dependencies of target std_srvs_generate_messages_nodejs[0m
[ 20%] Built target topic_tools_generate_messages_py
[ 20%] Built target sensor_msgs_generate_messages_eus
[ 20%] Built target dynamic_reconfigure_generate_messages_nodejs
[35m[1mScanning dependencies of target std_srvs_generate_messages_lisp[0m
[35m[1mScanning dependencies of target rosgraph_msgs_generate_messages_cpp[0m
[ 20%] Built target people_msgs_generate_messages_eus
[35m[1mScanning dependencies of target jsk_recognition_msgs_generate_messages_py[0m
[ 20%] Built target jsk_footstep_msgs_generate_messages_eus
[ 20%] Built target people_msgs_generate_messages_lisp
[ 20%] Built target tf_generate_messages_cpp
[ 20%] Built target jsk_hark_msgs_generate_messages_lisp
[35m[1mScanning dependencies of target autoware_msgs_generate_messages_lisp[0m
[35m[1mScanning dependencies of target jsk_footstep_msgs_generate_messages_cpp[0m
[35m[1mScanning dependencies of target jsk_recognition_msgs_generate_messages_nodejs[0m
[ 20%] Built target rosgraph_msgs_generate_messages_cpp
[35m[1mScanning dependencies of target actionlib_msgs_generate_messages_py[0m
[ 20%] Built target pcl_msgs_generate_messages_nodejs
[ 20%] Built target std_srvs_generate_messages_nodejs
[ 20%] Built target jsk_recognition_msgs_generate_messages_py
[35m[1mScanning dependencies of target std_msgs_generate_messages_nodejs[0m
[35m[1mScanning dependencies of target jsk_hark_msgs_generate_messages_cpp[0m
[ 20%] Built target std_srvs_generate_messages_lisp
[35m[1mScanning dependencies of target grid_map_msgs_generate_messages_eus[0m
[ 20%] Built target jsk_footstep_msgs_generate_messages_cpp
[35m[1mScanning dependencies of target geometry_msgs_generate_messages_lisp[0m
[ 20%] Built target autoware_msgs_generate_messages_lisp
[35m[1mScanning dependencies of target bond_generate_messages_py[0m
[35m[1mScanning dependencies of target jsk_rviz_plugins_gencfg[0m
[ 20%] Built target std_msgs_generate_messages_nodejs
[ 20%] Built target actionlib_msgs_generate_messages_py
[35m[1mScanning dependencies of target geometry_msgs_generate_messages_py[0m
[ 20%] Built target jsk_hark_msgs_generate_messages_cpp
[35m[1mScanning dependencies of target jsk_recognition_msgs_generate_messages_lisp[0m
[35m[1mScanning dependencies of target std_msgs_generate_messages_lisp[0m
[35m[1mScanning dependencies of target geometry_msgs_generate_messages_eus[0m
[ 20%] Built target jsk_recognition_msgs_generate_messages_nodejs
[ 20%] Built target grid_map_msgs_generate_messages_eus
[ 20%] Built target geometry_msgs_generate_messages_lisp
[35m[1mScanning dependencies of target geometry_msgs_generate_messages_nodejs[0m
[35m[1mScanning dependencies of target jsk_recognition_msgs_generate_messages_cpp[0m
[35m[1mScanning dependencies of target jsk_hark_msgs_generate_messages_eus[0m
[35m[1mScanning dependencies of target pcl_msgs_generate_messages_lisp[0m
[ 20%] Built target bond_generate_messages_py
[35m[1mScanning dependencies of target jsk_footstep_msgs_generate_messages_lisp[0m
[ 20%] Built target jsk_rviz_plugins_gencfg
[35m[1mScanning dependencies of target sensor_msgs_generate_messages_cpp[0m
[ 20%] Built target std_msgs_generate_messages_lisp
[35m[1mScanning dependencies of target autoware_msgs_generate_messages_eus[0m
[35m[1mScanning dependencies of target std_msgs_generate_messages_cpp[0m
[ 20%] Built target geometry_msgs_generate_messages_nodejs
[ 20%] Built target geometry_msgs_generate_messages_eus
[ 20%] Built target pcl_msgs_generate_messages_lisp
[ 20%] Built target geometry_msgs_generate_messages_py
[ 20%] Built target jsk_hark_msgs_generate_messages_eus
[ 20%] Built target jsk_recognition_msgs_generate_messages_cpp
[ 20%] Built target jsk_recognition_msgs_generate_messages_lisp
[ 20%] Built target sensor_msgs_generate_messages_cpp
[ 20%] Built target std_msgs_generate_messages_cpp
[ 20%] Built target jsk_footstep_msgs_generate_messages_lisp
[35m[1mScanning dependencies of target geometry_msgs_generate_messages_cpp[0m
[35m[1mScanning dependencies of target sensor_msgs_generate_messages_nodejs[0m
[ 20%] Built target autoware_msgs_generate_messages_eus
[35m[1mScanning dependencies of target autoware_msgs_generate_messages_cpp[0m
[35m[1mScanning dependencies of target vector_map_msgs_generate_messages_nodejs[0m
[35m[1mScanning dependencies of target dynamic_reconfigure_generate_messages_lisp[0m
[35m[1mScanning dependencies of target actionlib_generate_messages_py[0m
[35m[1mScanning dependencies of target dynamic_reconfigure_generate_messages_cpp[0m
[35m[1mScanning dependencies of target nodelet_generate_messages_py[0m
[35m[1mScanning dependencies of target bond_generate_messages_eus[0m
[35m[1mScanning dependencies of target roscpp_generate_messages_eus[0m
[ 20%] Built target geometry_msgs_generate_messages_cpp
[ 20%] Built target sensor_msgs_generate_messages_nodejs
[ 20%] Built target vector_map_msgs_generate_messages_nodejs
[ 20%] Built target dynamic_reconfigure_generate_messages_lisp
[35m[1mScanning dependencies of target dynamic_reconfigure_generate_messages_py[0m
[ 20%] Built target dynamic_reconfigure_generate_messages_cpp
[ 20%] Built target roscpp_generate_messages_eus
[ 20%] Built target autoware_msgs_generate_messages_cpp
[35m[1mScanning dependencies of target roscpp_generate_messages_lisp[0m
[35m[1mScanning dependencies of target vector_map_server_generate_messages_cpp[0m
[ 20%] Built target bond_generate_messages_eus
[35m[1mScanning dependencies of target sensor_msgs_generate_messages_py[0m
[35m[1mScanning dependencies of target dynamic_reconfigure_gencfg[0m
[ 20%] Built target nodelet_generate_messages_py
[35m[1mScanning dependencies of target grid_map_msgs_generate_messages_cpp[0m
[ 20%] Built target dynamic_reconfigure_generate_messages_py
[35m[1mScanning dependencies of target std_srvs_generate_messages_py[0m
[35m[1mScanning dependencies of target roscpp_generate_messages_py[0m
[ 20%] Built target roscpp_generate_messages_lisp
[ 20%] Built target sensor_msgs_generate_messages_py
[ 20%] Built target vector_map_server_generate_messages_cpp
[ 20%] Built target dynamic_reconfigure_gencfg
[ 20%] Built target actionlib_generate_messages_py
[35m[1mScanning dependencies of target jsk_recognition_msgs_generate_messages_eus[0m
[ 20%] Built target grid_map_msgs_generate_messages_cpp
[35m[1mScanning dependencies of target std_msgs_generate_messages_py[0m
[35m[1mScanning dependencies of target rosgraph_msgs_generate_messages_eus[0m
[35m[1mScanning dependencies of target jsk_hark_msgs_generate_messages_nodejs[0m
[35m[1mScanning dependencies of target roscpp_generate_messages_cpp[0m
[35m[1mScanning dependencies of target rosgraph_msgs_generate_messages_lisp[0m
[ 20%] Built target roscpp_generate_messages_py
[35m[1mScanning dependencies of target rosgraph_msgs_generate_messages_py[0m
[35m[1mScanning dependencies of target jsk_hark_msgs_generate_messages_py[0m
[35m[1mScanning dependencies of target tf_generate_messages_nodejs[0m
[ 20%] Built target jsk_recognition_msgs_generate_messages_eus
[ 20%] Built target std_msgs_generate_messages_py
[ 20%] Built target rosgraph_msgs_generate_messages_eus
[ 20%] Built target jsk_hark_msgs_generate_messages_nodejs
[ 20%] Built target rosgraph_msgs_generate_messages_lisp
[ 20%] Built target std_srvs_generate_messages_py
[35m[1mScanning dependencies of target actionlib_generate_messages_cpp[0m
[35m[1mScanning dependencies of target nodelet_generate_messages_cpp[0m
[35m[1mScanning dependencies of target tf_generate_messages_lisp[0m
[ 20%] Built target roscpp_generate_messages_cpp
[35m[1mScanning dependencies of target rosgraph_msgs_generate_messages_nodejs[0m
[ 20%] Built target jsk_hark_msgs_generate_messages_py
[ 20%] Built target rosgraph_msgs_generate_messages_py
[ 20%] Built target tf_generate_messages_nodejs
[35m[1mScanning dependencies of target vector_map_msgs_generate_messages_eus[0m
[35m[1mScanning dependencies of target pcl_msgs_generate_messages_eus[0m
[35m[1mScanning dependencies of target vector_map_server_generate_messages_py[0m
[35m[1mScanning dependencies of target nav_msgs_generate_messages_eus[0m
[35m[1mScanning dependencies of target roscpp_generate_messages_nodejs[0m
[ 20%] Built target nodelet_generate_messages_cpp
[35m[1mScanning dependencies of target dynamic_reconfigure_generate_messages_eus[0m
[ 20%] Built target actionlib_generate_messages_cpp
[35m[1mScanning dependencies of target tf2_msgs_generate_messages_eus[0m
[35m[1mScanning dependencies of target pcl_msgs_generate_messages_py[0m
[ 20%] Built target tf_generate_messages_lisp
[ 20%] Built target vector_map_msgs_generate_messages_eus
[ 20%] Built target vector_map_server_generate_messages_py
[ 20%] Built target roscpp_generate_messages_nodejs
[35m[1mScanning dependencies of target pcl_ros_gencfg[0m
[ 20%] Built target nav_msgs_generate_messages_eus
[ 20%] Built target pcl_msgs_generate_messages_eus
[35m[1mScanning dependencies of target bond_generate_messages_nodejs[0m
[ 20%] Built target rosgraph_msgs_generate_messages_nodejs
[ 20%] Built target tf2_msgs_generate_messages_eus
[35m[1mScanning dependencies of target nodelet_generate_messages_nodejs[0m
[35m[1mScanning dependencies of target bond_generate_messages_cpp[0m
[35m[1mScanning dependencies of target people_msgs_generate_messages_py[0m
[35m[1mScanning dependencies of target nodelet_generate_messages_lisp[0m
[ 20%] Built target pcl_msgs_generate_messages_py
[35m[1mScanning dependencies of target topic_tools_generate_messages_cpp[0m
[ 20%] Built target bond_generate_messages_nodejs
[35m[1mScanning dependencies of target autoware_msgs_generate_messages_nodejs[0m
[35m[1mScanning dependencies of target visualization_msgs_generate_messages_eus[0m
[35m[1mScanning dependencies of target nodelet_generate_messages_eus[0m
[35m[1mScanning dependencies of target vector_map_server_generate_messages_eus[0m
[ 20%] Built target pcl_ros_gencfg
[ 20%] Built target nodelet_generate_messages_nodejs
[35m[1mScanning dependencies of target jsk_rviz_plugins_generate_messages_nodejs[0m
[ 20%] Built target topic_tools_generate_messages_cpp
[ 20%] Built target people_msgs_generate_messages_py
[35m[1mScanning dependencies of target pcl_msgs_generate_messages_cpp[0m
[ 20%] Built target dynamic_reconfigure_generate_messages_eus
[35m[1mScanning dependencies of target std_srvs_generate_messages_cpp[0m
[ 20%] Built target autoware_msgs_generate_messages_nodejs
[ 20%] Built target visualization_msgs_generate_messages_eus
[ 20%] Built target bond_generate_messages_cpp
[35m[1mScanning dependencies of target sensor_msgs_generate_messages_lisp[0m
[ 20%] Built target vector_map_server_generate_messages_eus
[35m[1mScanning dependencies of target topic_tools_generate_messages_lisp[0m
[ 20%] Built target pcl_msgs_generate_messages_cpp
[35m[1mScanning dependencies of target nodelet_topic_tools_gencfg[0m
[ 20%] Built target nodelet_generate_messages_lisp
[35m[1mScanning dependencies of target tf_generate_messages_py[0m
[ 20%] Built target jsk_rviz_plugins_generate_messages_nodejs
[ 20%] Built target nodelet_generate_messages_eus
[35m[1mScanning dependencies of target std_msgs_generate_messages_eus[0m
[35m[1mScanning dependencies of target tf_generate_messages_eus[0m
[ 20%] Built target std_srvs_generate_messages_cpp
[35m[1mScanning dependencies of target bond_generate_messages_lisp[0m
[ 20%] Built target sensor_msgs_generate_messages_lisp
[35m[1mScanning dependencies of target std_srvs_generate_messages_eus[0m
[35m[1mScanning dependencies of target topic_tools_generate_messages_nodejs[0m
[35m[1mScanning dependencies of target autoware_msgs_generate_messages_py[0m
[35m[1mScanning dependencies of target actionlib_msgs_generate_messages_lisp[0m
[ 20%] Built target nodelet_topic_tools_gencfg
[35m[1mScanning dependencies of target actionlib_generate_messages_eus[0m
[ 20%] Built target tf_generate_messages_eus
[ 20%] Built target tf_generate_messages_py
[35m[1mScanning dependencies of target tf2_msgs_generate_messages_lisp[0m
[ 20%] Built target bond_generate_messages_lisp
[ 20%] Built target std_msgs_generate_messages_eus
[ 20%] Built target topic_tools_generate_messages_lisp
[35m[1mScanning dependencies of target topic_tools_generate_messages_eus[0m
[35m[1mScanning dependencies of target grid_map_msgs_generate_messages_nodejs[0m
[ 20%] Built target std_srvs_generate_messages_eus
[ 20%] Built target topic_tools_generate_messages_nodejs
[ 20%] Built target actionlib_generate_messages_eus
[35m[1mScanning dependencies of target nav_msgs_generate_messages_cpp[0m
[35m[1mScanning dependencies of target tf2_msgs_generate_messages_nodejs[0m
[35m[1mScanning dependencies of target vector_map_server_generate_messages_lisp[0m
[35m[1mScanning dependencies of target tf2_msgs_generate_messages_py[0m
[ 20%] Built target tf2_msgs_generate_messages_lisp
[ 20%] Built target autoware_msgs_generate_messages_py
[35m[1mScanning dependencies of target vector_map_msgs_generate_messages_cpp[0m
[ 20%] Built target actionlib_msgs_generate_messages_lisp
[ 20%] Built target topic_tools_generate_messages_eus
[ 20%] Built target grid_map_msgs_generate_messages_nodejs
[ 20%] Built target nav_msgs_generate_messages_cpp
[35m[1mScanning dependencies of target vector_map_server_generate_messages_nodejs[0m
[ 20%] Built target tf2_msgs_generate_messages_nodejs
[ 20%] Built target tf2_msgs_generate_messages_py
[35m[1mScanning dependencies of target vector_map_msgs_generate_messages_lisp[0m
[ 20%] Built target vector_map_server_generate_messages_lisp
[35m[1mScanning dependencies of target vector_map_msgs_generate_messages_py[0m
[35m[1mScanning dependencies of target visualization_msgs_generate_messages_cpp[0m
[35m[1mScanning dependencies of target visualization_msgs_generate_messages_lisp[0m
[35m[1mScanning dependencies of target visualization_msgs_generate_messages_nodejs[0m
[35m[1mScanning dependencies of target grid_map_msgs_generate_messages_lisp[0m
[35m[1mScanning dependencies of target grid_map_msgs_generate_messages_py[0m
[35m[1mScanning dependencies of target nav_msgs_generate_messages_lisp[0m
[ 20%] Built target vector_map_server_generate_messages_nodejs
[ 20%] Built target vector_map_msgs_generate_messages_cpp
[35m[1mScanning dependencies of target nav_msgs_generate_messages_nodejs[0m
[ 20%] Built target vector_map_msgs_generate_messages_lisp
[35m[1mScanning dependencies of target visualization_msgs_generate_messages_py[0m
[ 20%] Built target visualization_msgs_generate_messages_lisp
[ 20%] Built target visualization_msgs_generate_messages_nodejs
[ 20%] Built target grid_map_msgs_generate_messages_lisp
[ 20%] Built target vector_map_msgs_generate_messages_py
[ 20%] Built target nav_msgs_generate_messages_lisp
[ 20%] Built target visualization_msgs_generate_messages_cpp
[ 20%] Built target grid_map_msgs_generate_messages_py
[ 20%] Built target visualization_msgs_generate_messages_py
[ 20%] Built target nav_msgs_generate_messages_nodejs
[35m[1mScanning dependencies of target gpu_euclidean_clustering[0m
[ 40%] [32m[1mLinking CXX shared library devel/lib/libgpu_euclidean_clustering.so[0m
[ 40%] Built target gpu_euclidean_clustering
[35m[1mScanning dependencies of target lidar_euclidean_cluster_detect[0m
[ 80%] [32mBuilding CXX object CMakeFiles/lidar_euclidean_cluster_detect.dir/nodes/lidar_euclidean_cluster_detect/lidar_euclidean_cluster_detect.cpp.o[0m
[ 80%] [32mBuilding CXX object CMakeFiles/lidar_euclidean_cluster_detect.dir/nodes/lidar_euclidean_cluster_detect/cluster.cpp.o[0m
[01m[K/home/muyangren907/autoware/autoware.ai/1.12.0_cuda/src/autoware/core_perception/lidar_euclidean_cluster_detect/nodes/lidar_euclidean_cluster_detect/lidar_euclidean_cluster_detect.cpp:[m[K In function ‘[01m[Kvoid segmentByDistance(pcl::PointCloud<pcl::PointXYZ>::Ptr, pcl::PointCloud<pcl::PointXYZRGB>::Ptr, autoware_msgs::Centroids&, autoware_msgs::CloudClusterArray&)[m[K’:
[01m[K/home/muyangren907/autoware/autoware.ai/1.12.0_cuda/src/autoware/core_perception/lidar_euclidean_cluster_detect/nodes/lidar_euclidean_cluster_detect/lidar_euclidean_cluster_detect.cpp:663:3:[m[K [01;35m[Kwarning: [m[Kthis ‘[01m[Kelse[m[K’ clause does not guard... [[01;35m[K-Wmisleading-indentation[m[K]
   [01;35m[Kelse[m[K
   [01;35m[K^~~~[m[K
[01m[K/home/muyangren907/autoware/autoware.ai/1.12.0_cuda/src/autoware/core_perception/lidar_euclidean_cluster_detect/nodes/lidar_euclidean_cluster_detect/lidar_euclidean_cluster_detect.cpp:667:5:[m[K [01;36m[Knote: [m[K...this statement, but the latter is misleadingly indented as if it were guarded by the ‘[01m[Kelse[m[K’
     [01;36m[Kfor[m[K (unsigned int i = 0; i < final_clusters.size(); i++)
     [01;36m[K^~~[m[K
In file included from [01m[K/home/muyangren907/autoware/autoware.ai/1.12.0_cuda/src/autoware/core_perception/lidar_euclidean_cluster_detect/include/cluster.h:30:0[m[K,
                 from [01m[K/home/muyangren907/autoware/autoware.ai/1.12.0_cuda/src/autoware/core_perception/lidar_euclidean_cluster_detect/nodes/lidar_euclidean_cluster_detect/cluster.cpp:8[m[K:
[01m[K/usr/include/pcl-1.8/pcl/sample_consensus/model_types.h:[m[K In function ‘[01m[Kvoid __static_initialization_and_destruction_0(int, int)[m[K’:
[01m[K/usr/include/pcl-1.8/pcl/sample_consensus/model_types.h:99:3:[m[K [01;35m[Kwarning: [m[K‘[01m[Kpcl::SAC_SAMPLE_SIZE[m[K’ is deprecated: This map is deprecated and is kept only to prevent breaking existing user code. Starting from PCL 1.8.0 model sample size is a protected member of the SampleConsensusModel class [[01;35m[K-Wdeprecated-declarations[m[K]
   [01;35m[KSAC_SAMPLE_SIZE[m[K (sample_size_pairs, sample_size_pairs + sizeof (sample_size_pairs) / sizeof (SampleSizeModel));
   [01;35m[K^~~~~~~~~~~~~~~[m[K
[01m[K/usr/include/pcl-1.8/pcl/sample_consensus/model_types.h:99:3:[m[K [01;36m[Knote: [m[Kdeclared here
In file included from [01m[K/home/muyangren907/autoware/autoware.ai/1.12.0_cuda/src/autoware/core_perception/lidar_euclidean_cluster_detect/nodes/lidar_euclidean_cluster_detect/lidar_euclidean_cluster_detect.cpp:31:0[m[K:
[01m[K/usr/include/pcl-1.8/pcl/sample_consensus/model_types.h:[m[K In function ‘[01m[Kvoid __static_initialization_and_destruction_0(int, int)[m[K’:
[01m[K/usr/include/pcl-1.8/pcl/sample_consensus/model_types.h:99:3:[m[K [01;35m[Kwarning: [m[K‘[01m[Kpcl::SAC_SAMPLE_SIZE[m[K’ is deprecated: This map is deprecated and is kept only to prevent breaking existing user code. Starting from PCL 1.8.0 model sample size is a protected member of the SampleConsensusModel class [[01;35m[K-Wdeprecated-declarations[m[K]
   [01;35m[KSAC_SAMPLE_SIZE[m[K (sample_size_pairs, sample_size_pairs + sizeof (sample_size_pairs) / sizeof (SampleSizeModel));
   [01;35m[K^~~~~~~~~~~~~~~[m[K
[01m[K/usr/include/pcl-1.8/pcl/sample_consensus/model_types.h:99:3:[m[K [01;36m[Knote: [m[Kdeclared here
[100%] [32m[1mLinking CXX executable devel/lib/lidar_euclidean_cluster_detect/lidar_euclidean_cluster_detect[0m
[100%] Built target lidar_euclidean_cluster_detect
-- CUDA compilation status: 1.
-- Using CATKIN_DEVEL_PREFIX: /home/muyangren907/autoware/autoware.ai/1.12.0_cuda/build/lidar_euclidean_cluster_detect/devel
-- Using CMAKE_PREFIX_PATH: /home/muyangren907/autoware/autoware.ai/1.12.0_cuda/install/vector_map_server;/home/muyangren907/autoware/autoware.ai/1.12.0_cuda/install/vector_map;/home/muyangren907/autoware/autoware.ai/1.12.0_cuda/install/vector_map_msgs;/home/muyangren907/autoware/autoware.ai/1.12.0_cuda/install/autoware_msgs;/home/muyangren907/autoware/autoware.ai/1.12.0_cuda/install/autoware_build_flags;/opt/ros/melodic
-- This workspace overlays: /home/muyangren907/autoware/autoware.ai/1.12.0_cuda/install/vector_map_server;/home/muyangren907/autoware/autoware.ai/1.12.0_cuda/install/vector_map;/home/muyangren907/autoware/autoware.ai/1.12.0_cuda/install/vector_map_msgs;/home/muyangren907/autoware/autoware.ai/1.12.0_cuda/install/autoware_msgs;/home/muyangren907/autoware/autoware.ai/1.12.0_cuda/install/autoware_build_flags;/opt/ros/melodic
-- Found PythonInterp: /usr/bin/python2 (found suitable version "2.7.15", minimum required is "2") 
-- Using PYTHON_EXECUTABLE: /usr/bin/python2
-- Using Debian Python package layout
-- Using empy: /usr/bin/empy
-- Using CATKIN_ENABLE_TESTING: ON
-- Call enable_testing()
-- Using CATKIN_TEST_RESULTS_DIR: /home/muyangren907/autoware/autoware.ai/1.12.0_cuda/build/lidar_euclidean_cluster_detect/test_results
-- Found gtest sources under '/usr/src/googletest': gtests will be built
-- Found gmock sources under '/usr/src/googletest': gmock will be built
-- Found PythonInterp: /usr/bin/python2 (found version "2.7.15") 
-- Using Python nosetests: /usr/local/bin/nosetests-2.7
-- catkin 0.7.19
-- BUILD_SHARED_LIBS is on
-- Using these message generators: gencpp;geneus;genlisp;gennodejs;genpy
-- Found OpenMP_C: -fopenmp  
-- Found OpenMP_CXX: -fopenmp  
-- Found OpenMP: TRUE   
-- USING ACCELERATED CLUSTERING --
Version: 10.0
Library: /usr/lib/x86_64-linux-gnu/libcuda.so
Runtime: /usr/local/cuda-10.0/lib64/libcudart.so
-- Configuring done
-- Generating done
-- Build files have been written to: /home/muyangren907/autoware/autoware.ai/1.12.0_cuda/build/lidar_euclidean_cluster_detect
[35m[1mScanning dependencies of target tests[0m
Built target tests
[  0%] Built target vector_map_msgs_generate_messages_lisp
[  0%] Built target vector_map_server_generate_messages_lisp
[  0%] Built target tf2_msgs_generate_messages_cpp
[  0%] Built target visualization_msgs_generate_messages_nodejs
[  0%] Built target visualization_msgs_generate_messages_lisp
[  0%] Built target nav_msgs_generate_messages_cpp
[  0%] Built target visualization_msgs_generate_messages_cpp
[  0%] Built target actionlib_msgs_generate_messages_cpp
[  0%] Built target tf2_msgs_generate_messages_py
[  0%] Built target vector_map_server_generate_messages_nodejs
[  0%] Built target grid_map_msgs_generate_messages_nodejs
[  0%] Built target actionlib_msgs_generate_messages_eus
[  0%] Built target vector_map_msgs_generate_messages_py
[  0%] Built target actionlib_msgs_generate_messages_lisp
[  0%] Built target vector_map_msgs_generate_messages_cpp
[  0%] Built target std_srvs_generate_messages_eus
[  0%] Built target tf2_msgs_generate_messages_nodejs
[  0%] Built target autoware_msgs_generate_messages_py
[  0%] Built target sensor_msgs_generate_messages_eus
[  0%] Built target map_msgs_generate_messages_eus
[  0%] Built target tf2_msgs_generate_messages_lisp
[  0%] Built target tf_generate_messages_cpp
[  0%] Built target jsk_footstep_msgs_generate_messages_eus
[  0%] Built target dynamic_reconfigure_generate_messages_nodejs
[  0%] Built target topic_tools_generate_messages_py
[  0%] Built target actionlib_generate_messages_lisp
[  0%] Built target actionlib_generate_messages_nodejs
[  0%] Built target jsk_footstep_msgs_generate_messages_py
[  0%] Built target map_msgs_generate_messages_cpp
[  0%] Built target jsk_footstep_msgs_generate_messages_nodejs
[  0%] Built target actionlib_msgs_generate_messages_nodejs
[  0%] Built target map_msgs_generate_messages_nodejs
[  0%] Built target map_msgs_generate_messages_py
[  0%] Built target vector_map_msgs_generate_messages_eus
[  0%] Built target people_msgs_generate_messages_nodejs
[  0%] Built target jsk_recognition_utils_gencfg
[  0%] Built target people_msgs_generate_messages_cpp
[  0%] Built target pcl_msgs_generate_messages_nodejs
[  0%] Built target map_msgs_generate_messages_lisp
[  0%] Built target jsk_rviz_plugins_generate_messages_cpp
[  0%] Built target jsk_rviz_plugins_generate_messages_py
[  0%] Built target jsk_rviz_plugins_generate_messages_eus
[  0%] Built target rosgraph_msgs_generate_messages_cpp
[  0%] Built target jsk_footstep_msgs_generate_messages_cpp
[  0%] Built target grid_map_msgs_generate_messages_lisp
[  0%] Built target jsk_rviz_plugins_generate_messages_lisp
[  0%] Built target nav_msgs_generate_messages_nodejs
[  0%] Built target nav_msgs_generate_messages_py
[  0%] Built target pcl_msgs_generate_messages_eus
[  0%] Built target std_srvs_generate_messages_lisp
[  0%] Built target nav_msgs_generate_messages_lisp
[  0%] Built target autoware_msgs_generate_messages_lisp
[  0%] Built target jsk_recognition_msgs_generate_messages_nodejs
[  0%] Built target jsk_hark_msgs_generate_messages_lisp
[  0%] Built target actionlib_msgs_generate_messages_py
[  0%] Built target pcl_msgs_generate_messages_lisp
[  0%] Built target jsk_recognition_msgs_generate_messages_lisp
[  0%] Built target jsk_hark_msgs_generate_messages_cpp
[  0%] Built target grid_map_msgs_generate_messages_eus
[  0%] Built target geometry_msgs_generate_messages_py
[  0%] Built target std_msgs_generate_messages_lisp
[  0%] Built target jsk_recognition_msgs_generate_messages_py
[  0%] Built target jsk_rviz_plugins_gencfg
[  0%] Built target jsk_hark_msgs_generate_messages_eus
[  0%] Built target bond_generate_messages_py
[  0%] Built target std_msgs_generate_messages_nodejs
[  0%] Built target geometry_msgs_generate_messages_nodejs
[  0%] Built target geometry_msgs_generate_messages_lisp
[  0%] Built target people_msgs_generate_messages_eus
[  0%] Built target geometry_msgs_generate_messages_eus
[  0%] Built target autoware_msgs_generate_messages_eus
[  0%] Built target visualization_msgs_generate_messages_py
[  0%] Built target grid_map_msgs_generate_messages_py
[  0%] Built target std_srvs_generate_messages_nodejs
[  0%] Built target jsk_footstep_msgs_generate_messages_lisp
[  0%] Built target people_msgs_generate_messages_lisp
[  0%] Built target jsk_recognition_msgs_generate_messages_cpp
[  0%] Built target sensor_msgs_generate_messages_cpp
[  0%] Built target geometry_msgs_generate_messages_cpp
[  0%] Built target roscpp_generate_messages_cpp
[  0%] Built target dynamic_reconfigure_generate_messages_py
[  0%] Built target autoware_msgs_generate_messages_cpp
[  0%] Built target vector_map_msgs_generate_messages_nodejs
[  0%] Built target roscpp_generate_messages_eus
[  0%] Built target dynamic_reconfigure_gencfg
[  0%] Built target bond_generate_messages_eus
[  0%] Built target vector_map_server_generate_messages_cpp
[  0%] Built target sensor_msgs_generate_messages_nodejs
[  0%] Built target roscpp_generate_messages_py
[  0%] Built target std_msgs_generate_messages_cpp
[  0%] Built target dynamic_reconfigure_generate_messages_lisp
[  0%] Built target actionlib_generate_messages_py
[  0%] Built target rosgraph_msgs_generate_messages_eus
[  0%] Built target jsk_hark_msgs_generate_messages_py
[  0%] Built target roscpp_generate_messages_nodejs
[  0%] Built target nodelet_generate_messages_cpp
[  0%] Built target std_msgs_generate_messages_py
[  0%] Built target grid_map_msgs_generate_messages_cpp
[  0%] Built target sensor_msgs_generate_messages_py
[  0%] Built target std_srvs_generate_messages_py
[  0%] Built target jsk_hark_msgs_generate_messages_nodejs
[  0%] Built target tf_generate_messages_nodejs
[  0%] Built target rosgraph_msgs_generate_messages_lisp
[  0%] Built target dynamic_reconfigure_generate_messages_cpp
[  0%] Built target actionlib_generate_messages_cpp
[  0%] Built target rosgraph_msgs_generate_messages_py
[  0%] Built target tf_generate_messages_lisp
[  0%] Built target jsk_recognition_msgs_generate_messages_eus
[  0%] Built target pcl_msgs_generate_messages_py
[  0%] Built target rosgraph_msgs_generate_messages_nodejs
[  0%] Built target pcl_ros_gencfg
[  0%] Built target tf2_msgs_generate_messages_eus
[  0%] Built target nodelet_generate_messages_py
[  0%] Built target nav_msgs_generate_messages_eus
[  0%] Built target roscpp_generate_messages_lisp
[  0%] Built target vector_map_server_generate_messages_py
[  0%] Built target dynamic_reconfigure_generate_messages_eus
[  0%] Built target visualization_msgs_generate_messages_eus
[  0%] Built target nodelet_generate_messages_nodejs
[  0%] Built target bond_generate_messages_nodejs
[  0%] Built target vector_map_server_generate_messages_eus
[  0%] Built target nodelet_topic_tools_gencfg
[  0%] Built target people_msgs_generate_messages_py
[  0%] Built target bond_generate_messages_lisp
[  0%] Built target bond_generate_messages_cpp
[  0%] Built target nodelet_generate_messages_lisp
[  0%] Built target autoware_msgs_generate_messages_nodejs
[  0%] Built target nodelet_generate_messages_eus
[  0%] Built target topic_tools_generate_messages_cpp
[  0%] Built target jsk_rviz_plugins_generate_messages_nodejs
[  0%] Built target topic_tools_generate_messages_nodejs
[  0%] Built target topic_tools_generate_messages_eus
[  0%] Built target pcl_msgs_generate_messages_cpp
[  0%] Built target tf_generate_messages_eus
[  0%] Built target sensor_msgs_generate_messages_lisp
[  0%] Built target topic_tools_generate_messages_lisp
[  0%] Built target actionlib_generate_messages_eus
[  0%] Built target tf_generate_messages_py
[  0%] Built target std_msgs_generate_messages_eus
[  0%] Built target std_srvs_generate_messages_cpp
[ 20%] [32m[1mLinking CXX shared library devel/lib/libgpu_euclidean_clustering.so[0m
[ 40%] Built target gpu_euclidean_clustering
[ 60%] [32m[1mLinking CXX executable devel/lib/lidar_euclidean_cluster_detect/lidar_euclidean_cluster_detect[0m
[100%] Built target lidar_euclidean_cluster_detect
[36mInstall the project...[0m
-- Install configuration: "Release"
-- Installing: /home/muyangren907/autoware/autoware.ai/1.12.0_cuda/install/lidar_euclidean_cluster_detect/lib/pkgconfig/lidar_euclidean_cluster_detect.pc
-- Installing: /home/muyangren907/autoware/autoware.ai/1.12.0_cuda/install/lidar_euclidean_cluster_detect/share/lidar_euclidean_cluster_detect/cmake/lidar_euclidean_cluster_detectConfig.cmake
-- Installing: /home/muyangren907/autoware/autoware.ai/1.12.0_cuda/install/lidar_euclidean_cluster_detect/share/lidar_euclidean_cluster_detect/cmake/lidar_euclidean_cluster_detectConfig-version.cmake
-- Installing: /home/muyangren907/autoware/autoware.ai/1.12.0_cuda/install/lidar_euclidean_cluster_detect/share/lidar_euclidean_cluster_detect/package.xml
-- Installing: /home/muyangren907/autoware/autoware.ai/1.12.0_cuda/install/lidar_euclidean_cluster_detect/lib/libgpu_euclidean_clustering.so
-- Installing: /home/muyangren907/autoware/autoware.ai/1.12.0_cuda/install/lidar_euclidean_cluster_detect/include/lidar_euclidean_cluster_detect
-- Installing: /home/muyangren907/autoware/autoware.ai/1.12.0_cuda/install/lidar_euclidean_cluster_detect/include/lidar_euclidean_cluster_detect/gencolors.cpp
-- Installing: /home/muyangren907/autoware/autoware.ai/1.12.0_cuda/install/lidar_euclidean_cluster_detect/include/lidar_euclidean_cluster_detect/gpu_euclidean_clustering.h
-- Installing: /home/muyangren907/autoware/autoware.ai/1.12.0_cuda/install/lidar_euclidean_cluster_detect/include/lidar_euclidean_cluster_detect/cluster.h
-- Installing: /home/muyangren907/autoware/autoware.ai/1.12.0_cuda/install/lidar_euclidean_cluster_detect/lib/lidar_euclidean_cluster_detect/lidar_euclidean_cluster_detect
-- Set runtime path of "/home/muyangren907/autoware/autoware.ai/1.12.0_cuda/install/lidar_euclidean_cluster_detect/lib/lidar_euclidean_cluster_detect/lidar_euclidean_cluster_detect" to ""
-- Installing: /home/muyangren907/autoware/autoware.ai/1.12.0_cuda/install/lidar_euclidean_cluster_detect/share/lidar_euclidean_cluster_detect/launch
-- Installing: /home/muyangren907/autoware/autoware.ai/1.12.0_cuda/install/lidar_euclidean_cluster_detect/share/lidar_euclidean_cluster_detect/launch/euclidean_clustering_Exp.launch
-- Installing: /home/muyangren907/autoware/autoware.ai/1.12.0_cuda/install/lidar_euclidean_cluster_detect/share/lidar_euclidean_cluster_detect/launch/lidar_euclidean_cluster_detect.launch
