Determining if the pthread_create exist failed with the following output:
Change Dir: /home/myr907/autoware.ai/build/op_simulation_package/CMakeFiles/CMakeTmp

Run Build Command:"/usr/bin/make" "cmTC_bc1ec/fast"
/usr/bin/make -f CMakeFiles/cmTC_bc1ec.dir/build.make CMakeFiles/cmTC_bc1ec.dir/build
make[1]: Entering directory '/home/myr907/autoware.ai/build/op_simulation_package/CMakeFiles/CMakeTmp'
Building C object CMakeFiles/cmTC_bc1ec.dir/CheckSymbolExists.c.o
/usr/bin/cc    -o CMakeFiles/cmTC_bc1ec.dir/CheckSymbolExists.c.o   -c /home/myr907/autoware.ai/build/op_simulation_package/CMakeFiles/CMakeTmp/CheckSymbolExists.c
Linking C executable cmTC_bc1ec
/usr/local/lib/python2.7/dist-packages/cmake/data/bin/cmake -E cmake_link_script CMakeFiles/cmTC_bc1ec.dir/link.txt --verbose=1
/usr/bin/cc      -rdynamic CMakeFiles/cmTC_bc1ec.dir/CheckSymbolExists.c.o  -o cmTC_bc1ec 
CMakeFiles/cmTC_bc1ec.dir/CheckSymbolExists.c.o: In function `main':
CheckSymbolExists.c:(.text+0x1b): undefined reference to `pthread_create'
collect2: error: ld returned 1 exit status
CMakeFiles/cmTC_bc1ec.dir/build.make:86: recipe for target 'cmTC_bc1ec' failed
make[1]: *** [cmTC_bc1ec] Error 1
make[1]: Leaving directory '/home/myr907/autoware.ai/build/op_simulation_package/CMakeFiles/CMakeTmp'
Makefile:121: recipe for target 'cmTC_bc1ec/fast' failed
make: *** [cmTC_bc1ec/fast] Error 2

File /home/myr907/autoware.ai/build/op_simulation_package/CMakeFiles/CMakeTmp/CheckSymbolExists.c:
/* */
#include <pthread.h>

int main(int argc, char** argv)
{
  (void)argv;
#ifndef pthread_create
  return ((int*)(&pthread_create))[argc];
#else
  (void)argc;
  return 0;
#endif
}

Determining if the function pthread_create exists in the pthreads failed with the following output:
Change Dir: /home/myr907/autoware.ai/build/op_simulation_package/CMakeFiles/CMakeTmp

Run Build Command:"/usr/bin/make" "cmTC_515f6/fast"
/usr/bin/make -f CMakeFiles/cmTC_515f6.dir/build.make CMakeFiles/cmTC_515f6.dir/build
make[1]: Entering directory '/home/myr907/autoware.ai/build/op_simulation_package/CMakeFiles/CMakeTmp'
Building C object CMakeFiles/cmTC_515f6.dir/CheckFunctionExists.c.o
/usr/bin/cc   -DCHECK_FUNCTION_EXISTS=pthread_create   -o CMakeFiles/cmTC_515f6.dir/CheckFunctionExists.c.o   -c /usr/local/lib/python2.7/dist-packages/cmake/data/share/cmake-3.12/Modules/CheckFunctionExists.c
Linking C executable cmTC_515f6
/usr/local/lib/python2.7/dist-packages/cmake/data/bin/cmake -E cmake_link_script CMakeFiles/cmTC_515f6.dir/link.txt --verbose=1
/usr/bin/cc  -DCHECK_FUNCTION_EXISTS=pthread_create    -rdynamic CMakeFiles/cmTC_515f6.dir/CheckFunctionExists.c.o  -o cmTC_515f6 -lpthreads 
/usr/bin/ld: cannot find -lpthreads
collect2: error: ld returned 1 exit status
CMakeFiles/cmTC_515f6.dir/build.make:86: recipe for target 'cmTC_515f6' failed
make[1]: *** [cmTC_515f6] Error 1
make[1]: Leaving directory '/home/myr907/autoware.ai/build/op_simulation_package/CMakeFiles/CMakeTmp'
Makefile:121: recipe for target 'cmTC_515f6/fast' failed
make: *** [cmTC_515f6/fast] Error 2


