[35m[1mScanning dependencies of target jsk_rviz_plugins_gencfg[0m
[35m[1mScanning dependencies of target nav_msgs_generate_messages_nodejs[0m
[35m[1mScanning dependencies of target map_msgs_generate_messages_py[0m
[35m[1mScanning dependencies of target map_msgs_generate_messages_lisp[0m
[35m[1mScanning dependencies of target map_msgs_generate_messages_eus[0m
[35m[1mScanning dependencies of target nav_msgs_generate_messages_lisp[0m
[35m[1mScanning dependencies of target map_msgs_generate_messages_nodejs[0m
[35m[1mScanning dependencies of target map_msgs_generate_messages_cpp[0m
[35m[1mScanning dependencies of target people_msgs_generate_messages_cpp[0m
[35m[1mScanning dependencies of target topic_tools_generate_messages_lisp[0m
[35m[1mScanning dependencies of target people_msgs_generate_messages_eus[0m
[35m[1mScanning dependencies of target topic_tools_generate_messages_py[0m
[35m[1mScanning dependencies of target topic_tools_generate_messages_eus[0m
[35m[1mScanning dependencies of target std_srvs_generate_messages_eus[0m
[35m[1mScanning dependencies of target std_srvs_generate_messages_nodejs[0m
[  0%] Built target jsk_rviz_plugins_gencfg
[  0%] Built target map_msgs_generate_messages_py
[  0%] Built target nav_msgs_generate_messages_nodejs
[  0%] Built target nav_msgs_generate_messages_lisp
[  0%] Built target map_msgs_generate_messages_eus
[  0%] Built target map_msgs_generate_messages_cpp
[  0%] Built target people_msgs_generate_messages_cpp
[  0%] Built target map_msgs_generate_messages_nodejs
[  0%] Built target map_msgs_generate_messages_lisp
[  0%] Built target people_msgs_generate_messages_eus
[  0%] Built target topic_tools_generate_messages_eus
[  0%] Built target topic_tools_generate_messages_py
[  0%] Built target std_srvs_generate_messages_nodejs
[  0%] Built target topic_tools_generate_messages_lisp
[  0%] Built target std_srvs_generate_messages_eus
[35m[1mScanning dependencies of target bond_generate_messages_lisp[0m
[35m[1mScanning dependencies of target bond_generate_messages_eus[0m
[35m[1mScanning dependencies of target bond_generate_messages_cpp[0m
[35m[1mScanning dependencies of target people_msgs_generate_messages_py[0m
[35m[1mScanning dependencies of target nodelet_generate_messages_py[0m
[35m[1mScanning dependencies of target nodelet_generate_messages_cpp[0m
[35m[1mScanning dependencies of target nodelet_generate_messages_lisp[0m
[35m[1mScanning dependencies of target nodelet_topic_tools_gencfg[0m
[35m[1mScanning dependencies of target nodelet_generate_messages_nodejs[0m
[35m[1mScanning dependencies of target std_srvs_generate_messages_lisp[0m
[35m[1mScanning dependencies of target jsk_hark_msgs_generate_messages_lisp[0m
[35m[1mScanning dependencies of target jsk_recognition_utils_gencfg[0m
[35m[1mScanning dependencies of target topic_tools_generate_messages_cpp[0m
[35m[1mScanning dependencies of target jsk_rviz_plugins_generate_messages_py[0m
[35m[1mScanning dependencies of target nodelet_generate_messages_eus[0m
[  0%] Built target bond_generate_messages_lisp
[  0%] Built target bond_generate_messages_eus
[  0%] Built target bond_generate_messages_cpp
[  0%] Built target people_msgs_generate_messages_py
[  0%] Built target nodelet_generate_messages_lisp
[  0%] Built target nodelet_topic_tools_gencfg
[  0%] Built target nodelet_generate_messages_py
[  0%] Built target nodelet_generate_messages_nodejs
[  0%] Built target jsk_hark_msgs_generate_messages_lisp
[  0%] Built target nodelet_generate_messages_cpp
[  0%] Built target jsk_recognition_utils_gencfg
[  0%] Built target jsk_rviz_plugins_generate_messages_py
[35m[1mScanning dependencies of target jsk_rviz_plugins_generate_messages_nodejs[0m
[  0%] Built target nodelet_generate_messages_eus
[35m[1mScanning dependencies of target topic_tools_generate_messages_nodejs[0m
[  0%] Built target topic_tools_generate_messages_cpp
[  0%] Built target std_srvs_generate_messages_lisp
[35m[1mScanning dependencies of target sensor_msgs_generate_messages_lisp[0m
[35m[1mScanning dependencies of target actionlib_msgs_generate_messages_lisp[0m
[35m[1mScanning dependencies of target autoware_msgs_generate_messages_py[0m
[35m[1mScanning dependencies of target jsk_footstep_msgs_generate_messages_py[0m
[35m[1mScanning dependencies of target actionlib_msgs_generate_messages_eus[0m
[35m[1mScanning dependencies of target actionlib_msgs_generate_messages_cpp[0m
[35m[1mScanning dependencies of target sensor_msgs_generate_messages_eus[0m
[35m[1mScanning dependencies of target vector_map_msgs_generate_messages_lisp[0m
[35m[1mScanning dependencies of target actionlib_msgs_generate_messages_nodejs[0m
[35m[1mScanning dependencies of target tf2_msgs_generate_messages_py[0m
[35m[1mScanning dependencies of target actionlib_generate_messages_nodejs[0m
[35m[1mScanning dependencies of target actionlib_generate_messages_lisp[0m
[  0%] Built target jsk_rviz_plugins_generate_messages_nodejs
[  0%] Built target autoware_msgs_generate_messages_py
[  0%] Built target topic_tools_generate_messages_nodejs
[35m[1mScanning dependencies of target jsk_footstep_msgs_generate_messages_nodejs[0m
[  0%] Built target jsk_footstep_msgs_generate_messages_py
[  0%] Built target actionlib_msgs_generate_messages_eus
[  0%] Built target actionlib_msgs_generate_messages_lisp
[  0%] Built target actionlib_msgs_generate_messages_cpp
[  0%] Built target sensor_msgs_generate_messages_lisp
[  0%] Built target sensor_msgs_generate_messages_eus
[  0%] Built target vector_map_msgs_generate_messages_lisp
[  0%] Built target actionlib_msgs_generate_messages_nodejs
[  0%] Built target actionlib_generate_messages_nodejs
[  0%] Built target actionlib_generate_messages_lisp
[  0%] Built target tf2_msgs_generate_messages_py
[35m[1mScanning dependencies of target visualization_msgs_generate_messages_nodejs[0m
[35m[1mScanning dependencies of target dynamic_reconfigure_generate_messages_nodejs[0m
[35m[1mScanning dependencies of target vector_map_msgs_generate_messages_cpp[0m
[35m[1mScanning dependencies of target jsk_footstep_msgs_generate_messages_eus[0m
[  0%] Built target jsk_footstep_msgs_generate_messages_nodejs
[35m[1mScanning dependencies of target jsk_footstep_msgs_generate_messages_cpp[0m
[35m[1mScanning dependencies of target people_msgs_generate_messages_lisp[0m
[35m[1mScanning dependencies of target pcl_msgs_generate_messages_eus[0m
[35m[1mScanning dependencies of target autoware_msgs_generate_messages_lisp[0m
[35m[1mScanning dependencies of target autoware_msgs_generate_messages_nodejs[0m
[35m[1mScanning dependencies of target pcl_msgs_generate_messages_nodejs[0m
[35m[1mScanning dependencies of target std_srvs_generate_messages_cpp[0m
[35m[1mScanning dependencies of target pcl_msgs_generate_messages_cpp[0m
[35m[1mScanning dependencies of target rosgraph_msgs_generate_messages_cpp[0m
[35m[1mScanning dependencies of target jsk_recognition_msgs_generate_messages_py[0m
[  0%] Built target visualization_msgs_generate_messages_nodejs
[  0%] Built target dynamic_reconfigure_generate_messages_nodejs
[  0%] Built target vector_map_msgs_generate_messages_cpp
[35m[1mScanning dependencies of target actionlib_msgs_generate_messages_py[0m
[  0%] Built target jsk_footstep_msgs_generate_messages_eus
[  0%] Built target jsk_footstep_msgs_generate_messages_cpp
[  0%] Built target pcl_msgs_generate_messages_eus
[  0%] Built target people_msgs_generate_messages_lisp
[  0%] Built target autoware_msgs_generate_messages_lisp
[  0%] Built target autoware_msgs_generate_messages_nodejs
[  0%] Built target pcl_msgs_generate_messages_cpp
[  0%] Built target std_srvs_generate_messages_cpp
[  0%] Built target pcl_msgs_generate_messages_nodejs
[35m[1mScanning dependencies of target nav_msgs_generate_messages_py[0m
[  0%] Built target jsk_recognition_msgs_generate_messages_py
[  0%] Built target rosgraph_msgs_generate_messages_cpp
[35m[1mScanning dependencies of target jsk_rviz_plugins_generate_messages_eus[0m
[  0%] Built target actionlib_msgs_generate_messages_py
[35m[1mScanning dependencies of target geometry_msgs_generate_messages_py[0m
[35m[1mScanning dependencies of target jsk_recognition_msgs_generate_messages_lisp[0m
[35m[1mScanning dependencies of target std_msgs_generate_messages_nodejs[0m
[35m[1mScanning dependencies of target geometry_msgs_generate_messages_lisp[0m
[35m[1mScanning dependencies of target pcl_msgs_generate_messages_lisp[0m
[35m[1mScanning dependencies of target bond_generate_messages_py[0m
[35m[1mScanning dependencies of target autoware_msgs_generate_messages_eus[0m
[35m[1mScanning dependencies of target jsk_recognition_msgs_generate_messages_cpp[0m
[  0%] Built target jsk_rviz_plugins_generate_messages_eus
[  0%] Built target jsk_recognition_msgs_generate_messages_lisp
[  0%] Built target geometry_msgs_generate_messages_py
[  0%] Built target nav_msgs_generate_messages_py
[  0%] Built target std_msgs_generate_messages_nodejs
[  0%] Built target pcl_msgs_generate_messages_lisp
[35m[1mScanning dependencies of target std_msgs_generate_messages_lisp[0m
[  0%] Built target bond_generate_messages_py
[  0%] Built target autoware_msgs_generate_messages_eus
[  0%] Built target geometry_msgs_generate_messages_lisp
[35m[1mScanning dependencies of target geometry_msgs_generate_messages_eus[0m
[35m[1mScanning dependencies of target geometry_msgs_generate_messages_nodejs[0m
[35m[1mScanning dependencies of target jsk_hark_msgs_generate_messages_eus[0m
[  0%] Built target jsk_recognition_msgs_generate_messages_cpp
[35m[1mScanning dependencies of target jsk_footstep_msgs_generate_messages_lisp[0m
[35m[1mScanning dependencies of target geometry_msgs_generate_messages_cpp[0m
[35m[1mScanning dependencies of target std_msgs_generate_messages_cpp[0m
[  0%] Built target std_msgs_generate_messages_lisp
[35m[1mScanning dependencies of target sensor_msgs_generate_messages_cpp[0m
[35m[1mScanning dependencies of target sensor_msgs_generate_messages_nodejs[0m
[  0%] Built target jsk_hark_msgs_generate_messages_eus
[  0%] Built target geometry_msgs_generate_messages_eus
[  0%] Built target jsk_footstep_msgs_generate_messages_lisp
[  0%] Built target geometry_msgs_generate_messages_nodejs
[  0%] Built target sensor_msgs_generate_messages_cpp
[  0%] Built target std_msgs_generate_messages_cpp
[  0%] Built target sensor_msgs_generate_messages_nodejs
[  0%] Built target geometry_msgs_generate_messages_cpp
[35m[1mScanning dependencies of target autoware_msgs_generate_messages_cpp[0m
[35m[1mScanning dependencies of target jsk_rviz_plugins_generate_messages_cpp[0m
[35m[1mScanning dependencies of target std_msgs_generate_messages_py[0m
[35m[1mScanning dependencies of target autoware_config_msgs_generate_messages_lisp[0m
[35m[1mScanning dependencies of target people_msgs_generate_messages_nodejs[0m
[35m[1mScanning dependencies of target rosgraph_msgs_generate_messages_eus[0m
[35m[1mScanning dependencies of target autoware_config_msgs_generate_messages_eus[0m
[  0%] Built target std_msgs_generate_messages_py
[  0%] Built target jsk_rviz_plugins_generate_messages_cpp
[  0%] Built target autoware_config_msgs_generate_messages_lisp
[  0%] Built target people_msgs_generate_messages_nodejs
[  0%] Built target rosgraph_msgs_generate_messages_eus
[35m[1mScanning dependencies of target jsk_rviz_plugins_generate_messages_lisp[0m
[35m[1mScanning dependencies of target autoware_config_msgs_generate_messages_py[0m
[  0%] Built target autoware_msgs_generate_messages_cpp
[35m[1mScanning dependencies of target tf_generate_messages_cpp[0m
[  0%] Built target autoware_config_msgs_generate_messages_eus
[35m[1mScanning dependencies of target vector_map_msgs_generate_messages_eus[0m
[35m[1mScanning dependencies of target vector_map_msgs_generate_messages_py[0m
[35m[1mScanning dependencies of target roscpp_generate_messages_cpp[0m
[  0%] Built target jsk_rviz_plugins_generate_messages_lisp
[  0%] Built target autoware_config_msgs_generate_messages_py
[35m[1mScanning dependencies of target roscpp_generate_messages_eus[0m
[  0%] Built target tf_generate_messages_cpp
[35m[1mScanning dependencies of target roscpp_generate_messages_lisp[0m
[  0%] Built target vector_map_msgs_generate_messages_eus
[35m[1mScanning dependencies of target sensor_msgs_generate_messages_py[0m
[35m[1mScanning dependencies of target roscpp_generate_messages_nodejs[0m
[  0%] Built target vector_map_msgs_generate_messages_py
[  0%] Built target roscpp_generate_messages_cpp
[  0%] Built target roscpp_generate_messages_eus
[35m[1mScanning dependencies of target jsk_recognition_msgs_generate_messages_eus[0m
[35m[1mScanning dependencies of target roscpp_generate_messages_py[0m
[  0%] Built target roscpp_generate_messages_lisp
[35m[1mScanning dependencies of target std_srvs_generate_messages_py[0m
[  0%] Built target sensor_msgs_generate_messages_py
[35m[1mScanning dependencies of target jsk_hark_msgs_generate_messages_nodejs[0m
[  0%] Built target roscpp_generate_messages_nodejs
[35m[1mScanning dependencies of target rosgraph_msgs_generate_messages_nodejs[0m
[35m[1mScanning dependencies of target tf_generate_messages_nodejs[0m
[35m[1mScanning dependencies of target rosgraph_msgs_generate_messages_lisp[0m
[  0%] Built target jsk_recognition_msgs_generate_messages_eus
[  0%] Built target roscpp_generate_messages_py
[35m[1mScanning dependencies of target jsk_hark_msgs_generate_messages_py[0m
[  0%] Built target std_srvs_generate_messages_py
[35m[1mScanning dependencies of target actionlib_generate_messages_cpp[0m
[  0%] Built target jsk_hark_msgs_generate_messages_nodejs
[  0%] Built target tf_generate_messages_nodejs
[35m[1mScanning dependencies of target rosgraph_msgs_generate_messages_py[0m
[  0%] Built target rosgraph_msgs_generate_messages_lisp
[  0%] Built target rosgraph_msgs_generate_messages_nodejs
[35m[1mScanning dependencies of target tf_generate_messages_lisp[0m
[35m[1mScanning dependencies of target tf_generate_messages_eus[0m
[  0%] Built target jsk_hark_msgs_generate_messages_py
[  0%] Built target actionlib_generate_messages_cpp
[35m[1mScanning dependencies of target std_msgs_generate_messages_eus[0m
[35m[1mScanning dependencies of target tf_generate_messages_py[0m
[  0%] Built target rosgraph_msgs_generate_messages_py
[  0%] Built target tf_generate_messages_eus
[  0%] Built target tf_generate_messages_lisp
[  0%] Built target tf_generate_messages_py
[35m[1mScanning dependencies of target actionlib_generate_messages_eus[0m
[  0%] Built target std_msgs_generate_messages_eus
[35m[1mScanning dependencies of target tf2_msgs_generate_messages_cpp[0m
[35m[1mScanning dependencies of target nav_msgs_generate_messages_eus[0m
[  0%] Built target actionlib_generate_messages_eus
[35m[1mScanning dependencies of target tf2_msgs_generate_messages_eus[0m
[35m[1mScanning dependencies of target pcl_ros_gencfg[0m
[35m[1mScanning dependencies of target nav_msgs_generate_messages_cpp[0m
[  0%] Built target tf2_msgs_generate_messages_cpp
[  0%] Built target nav_msgs_generate_messages_eus
[35m[1mScanning dependencies of target tf2_msgs_generate_messages_lisp[0m
[35m[1mScanning dependencies of target tf2_msgs_generate_messages_nodejs[0m
[  0%] Built target tf2_msgs_generate_messages_eus
[  0%] Built target pcl_ros_gencfg
[35m[1mScanning dependencies of target autoware_config_msgs_generate_messages_nodejs[0m
[  0%] Built target nav_msgs_generate_messages_cpp
[35m[1mScanning dependencies of target visualization_msgs_generate_messages_lisp[0m
[  0%] Built target tf2_msgs_generate_messages_nodejs
[35m[1mScanning dependencies of target actionlib_generate_messages_py[0m
[35m[1mScanning dependencies of target visualization_msgs_generate_messages_cpp[0m
[  0%] Built target tf2_msgs_generate_messages_lisp
[35m[1mScanning dependencies of target visualization_msgs_generate_messages_py[0m
[35m[1mScanning dependencies of target dynamic_reconfigure_generate_messages_py[0m
[  0%] Built target autoware_config_msgs_generate_messages_nodejs
[35m[1mScanning dependencies of target bond_generate_messages_nodejs[0m
[  0%] Built target visualization_msgs_generate_messages_lisp
[  0%] Built target visualization_msgs_generate_messages_py
[  0%] Built target actionlib_generate_messages_py
[35m[1mScanning dependencies of target visualization_msgs_generate_messages_eus[0m
[  0%] Built target dynamic_reconfigure_generate_messages_py
[35m[1mScanning dependencies of target dynamic_reconfigure_generate_messages_cpp[0m
[  0%] Built target visualization_msgs_generate_messages_cpp
[35m[1mScanning dependencies of target pcl_msgs_generate_messages_py[0m
[  0%] Built target bond_generate_messages_nodejs
[35m[1mScanning dependencies of target dynamic_reconfigure_generate_messages_eus[0m
[  0%] Built target visualization_msgs_generate_messages_eus
[  0%] Built target dynamic_reconfigure_generate_messages_cpp
[35m[1mScanning dependencies of target autoware_config_msgs_generate_messages_cpp[0m
[35m[1mScanning dependencies of target dynamic_reconfigure_generate_messages_lisp[0m
[35m[1mScanning dependencies of target vector_map_msgs_generate_messages_nodejs[0m
[  0%] Built target dynamic_reconfigure_generate_messages_eus
[35m[1mScanning dependencies of target jsk_hark_msgs_generate_messages_cpp[0m
[35m[1mScanning dependencies of target dynamic_reconfigure_gencfg[0m
[  0%] Built target pcl_msgs_generate_messages_py
[35m[1mScanning dependencies of target jsk_recognition_msgs_generate_messages_nodejs[0m
[  0%] Built target autoware_config_msgs_generate_messages_cpp
[  0%] Built target dynamic_reconfigure_generate_messages_lisp
[  0%] Built target jsk_hark_msgs_generate_messages_cpp
[  0%] Built target dynamic_reconfigure_gencfg
[  0%] Built target vector_map_msgs_generate_messages_nodejs
[  0%] Built target jsk_recognition_msgs_generate_messages_nodejs
[35m[1mScanning dependencies of target decision_maker_node[0m
[  8%] [32mBuilding CXX object CMakeFiles/decision_maker_node.dir/nodes/decision_maker/decision_maker_node.cpp.o[0m
[ 16%] [32mBuilding CXX object CMakeFiles/decision_maker_node.dir/nodes/decision_maker/decision_maker_node_core.cpp.o[0m
[ 25%] [32mBuilding CXX object CMakeFiles/decision_maker_node.dir/nodes/decision_maker/decision_maker_node_decision.cpp.o[0m
[ 33%] [32mBuilding CXX object CMakeFiles/decision_maker_node.dir/nodes/decision_maker/decision_maker_node_init.cpp.o[0m
[ 41%] [32mBuilding CXX object CMakeFiles/decision_maker_node.dir/nodes/decision_maker/decision_maker_node_state_vehicle.cpp.o[0m
[ 50%] [32mBuilding CXX object CMakeFiles/decision_maker_node.dir/nodes/decision_maker/decision_maker_node_state_mission.cpp.o[0m
[ 58%] [32mBuilding CXX object CMakeFiles/decision_maker_node.dir/nodes/decision_maker/decision_maker_node_state_behavior.cpp.o[0m
[ 66%] [32mBuilding CXX object CMakeFiles/decision_maker_node.dir/nodes/decision_maker/decision_maker_node_callback.cpp.o[0m
[ 75%] [32mBuilding CXX object CMakeFiles/decision_maker_node.dir/nodes/decision_maker/decision_maker_node_state_motion.cpp.o[0m
[ 83%] [32mBuilding CXX object CMakeFiles/decision_maker_node.dir/nodes/decision_maker/cross_road_area.cpp.o[0m
[ 91%] [32mBuilding CXX object CMakeFiles/decision_maker_node.dir/nodes/decision_maker/decision_maker_node_publish.cpp.o[0m
[01m[K/home/myr907/autoware.ai/src/autoware/core_planning/decision_maker/nodes/decision_maker/decision_maker_node_state_vehicle.cpp:[m[K In member function ‘[01m[Kvoid decision_maker::DecisionMakerNode::updateSensorInitState(decision_maker::cstring_t&, int)[m[K’:
[01m[K/home/myr907/autoware.ai/src/autoware/core_planning/decision_maker/nodes/decision_maker/decision_maker_node_state_vehicle.cpp:34:16:[m[K [01;35m[Kwarning: [m[Kunused variable ‘[01m[Ktimeout[m[K’ [[01;35m[K-Wunused-variable[m[K]
   const double [01;35m[Ktimeout[m[K = 1;
                [01;35m[K^~~~~~~[m[K
[01m[K/home/myr907/autoware.ai/src/autoware/core_planning/decision_maker/nodes/decision_maker/decision_maker_node_state_motion.cpp:[m[K In member function ‘[01m[Kvoid decision_maker::DecisionMakerNode::updateStoplineState(decision_maker::cstring_t&, int)[m[K’:
[01m[K/home/myr907/autoware.ai/src/autoware/core_planning/decision_maker/nodes/decision_maker/decision_maker_node_state_motion.cpp:208:37:[m[K [01;35m[Kwarning: [m[Knonnull argument ‘[01m[Kthis[m[K’ compared to NULL [[01;35m[K-Wnonnull-compare[m[K]
     stopping_timer = [01;35m[Knh_.createTimer(ros::Duration(0.5),[m[K
                      [01;35m[K~~~~~~~~~~~~~~~^~~~~~~~~~~~~~~~~~~~[m[K
 [01;35m[K                                     [&](const ros::TimerEvent&) {[m[K
                                      [01;35m[K~~~~~~~~~~~~~~~~~~~~~~~~~~~~~[m[K
 [01;35m[K                                       timerflag = false;[m[K
                                        [01;35m[K~~~~~~~~~~~~~~~~~~[m[K
 [01;35m[K                                       current_status_.prev_stopped_wpidx = current_status_.found_stopsign_idx;[m[K
                                        [01;35m[K~~~~~~~~~~~~~~~~~~~~~~~~~~~~~~~~~~~~~~~~~~~~~~~~~~~~~~~~~~~~~~~~~~~~~~~~[m[K
 [01;35m[K                                       current_status_.found_stopsign_idx = -1;[m[K
                                        [01;35m[K~~~~~~~~~~~~~~~~~~~~~~~~~~~~~~~~~~~~~~~~[m[K
 [01;35m[K                                       if (current_status_.ordered_stop_idx != -1)[m[K
                                        [01;35m[K~~~~~~~~~~~~~~~~~~~~~~~~~~~~~~~~~~~~~~~~~~~[m[K
 [01;35m[K                                        tryNextState("received_stop_order");[m[K
                                         [01;35m[K~~~~~~~~~~~~~~~~~~~~~~~~~~~~~~~~~~~~[m[K
 [01;35m[K                                      else[m[K
                                       [01;35m[K~~~~[m[K
 [01;35m[K                                        tryNextState("clear");[m[K
                                         [01;35m[K~~~~~~~~~~~~~~~~~~~~~~[m[K
 [01;35m[K                                       /*if found risk,[m[K
                                        [01;35m[K~~~~~~~~~~~~~~~~[m[K
 [01;35m[K                                        * tryNextState("wait");*/[m[K
                                         [01;35m[K~~~~~~~~~~~~~~~~~~~~~~~~~[m[K
 [01;35m[K                                     },[m[K
                                      [01;35m[K~~[m[K
 [01;35m[K                                     this, true)[m[K;
                                      [01;35m[K~~~~~~~~~~~[m[K
[100%] [32m[1mLinking CXX executable /home/myr907/autoware.ai/devel/.private/decision_maker/lib/decision_maker/decision_maker_node[0m
[100%] Built target decision_maker_node
