[01m[K/home/myr907/autoware.ai/src/autoware/core_planning/decision_maker/nodes/decision_maker/decision_maker_node_state_vehicle.cpp:[m[K In member function ‘[01m[Kvoid decision_maker::DecisionMakerNode::updateSensorInitState(decision_maker::cstring_t&, int)[m[K’:
[01m[K/home/myr907/autoware.ai/src/autoware/core_planning/decision_maker/nodes/decision_maker/decision_maker_node_state_vehicle.cpp:34:16:[m[K [01;35m[Kwarning: [m[Kunused variable ‘[01m[Ktimeout[m[K’ [[01;35m[K-Wunused-variable[m[K]
   const double [01;35m[Ktimeout[m[K = 1;
                [01;35m[K^~~~~~~[m[K
[01m[K/home/myr907/autoware.ai/src/autoware/core_planning/decision_maker/nodes/decision_maker/decision_maker_node_state_motion.cpp:[m[K In member function ‘[01m[Kvoid decision_maker::DecisionMakerNode::updateStoplineState(decision_maker::cstring_t&, int)[m[K’:
[01m[K/home/myr907/autoware.ai/src/autoware/core_planning/decision_maker/nodes/decision_maker/decision_maker_node_state_motion.cpp:208:37:[m[K [01;35m[Kwarning: [m[Knonnull argument ‘[01m[Kthis[m[K’ compared to NULL [[01;35m[K-Wnonnull-compare[m[K]
     stopping_timer = [01;35m[Knh_.createTimer(ros::Duration(0.5),[m[K
                      [01;35m[K~~~~~~~~~~~~~~~^~~~~~~~~~~~~~~~~~~~[m[K
 [01;35m[K                                     [&](const ros::TimerEvent&) {[m[K
                                      [01;35m[K~~~~~~~~~~~~~~~~~~~~~~~~~~~~~[m[K
 [01;35m[K                                       timerflag = false;[m[K
                                        [01;35m[K~~~~~~~~~~~~~~~~~~[m[K
 [01;35m[K                                       current_status_.prev_stopped_wpidx = current_status_.found_stopsign_idx;[m[K
                                        [01;35m[K~~~~~~~~~~~~~~~~~~~~~~~~~~~~~~~~~~~~~~~~~~~~~~~~~~~~~~~~~~~~~~~~~~~~~~~~[m[K
 [01;35m[K                                       current_status_.found_stopsign_idx = -1;[m[K
                                        [01;35m[K~~~~~~~~~~~~~~~~~~~~~~~~~~~~~~~~~~~~~~~~[m[K
 [01;35m[K                                       if (current_status_.ordered_stop_idx != -1)[m[K
                                        [01;35m[K~~~~~~~~~~~~~~~~~~~~~~~~~~~~~~~~~~~~~~~~~~~[m[K
 [01;35m[K                                        tryNextState("received_stop_order");[m[K
                                         [01;35m[K~~~~~~~~~~~~~~~~~~~~~~~~~~~~~~~~~~~~[m[K
 [01;35m[K                                      else[m[K
                                       [01;35m[K~~~~[m[K
 [01;35m[K                                        tryNextState("clear");[m[K
                                         [01;35m[K~~~~~~~~~~~~~~~~~~~~~~[m[K
 [01;35m[K                                       /*if found risk,[m[K
                                        [01;35m[K~~~~~~~~~~~~~~~~[m[K
 [01;35m[K                                        * tryNextState("wait");*/[m[K
                                         [01;35m[K~~~~~~~~~~~~~~~~~~~~~~~~~[m[K
 [01;35m[K                                     },[m[K
                                      [01;35m[K~~[m[K
 [01;35m[K                                     this, true)[m[K;
                                      [01;35m[K~~~~~~~~~~~[m[K
