Determining if the pthread_create exist failed with the following output:
Change Dir: /home/muyangren907/autoware/autoware.ai/1.12.0_cuda/build/graph_tools/CMakeFiles/CMakeTmp

Run Build Command:"/usr/bin/make" "cmTC_c597c/fast"
/usr/bin/make -f CMakeFiles/cmTC_c597c.dir/build.make CMakeFiles/cmTC_c597c.dir/build
make[1]: Entering directory '/home/muyangren907/autoware/autoware.ai/1.12.0_cuda/build/graph_tools/CMakeFiles/CMakeTmp'
Building C object CMakeFiles/cmTC_c597c.dir/CheckSymbolExists.c.o
/usr/bin/cc    -o CMakeFiles/cmTC_c597c.dir/CheckSymbolExists.c.o   -c /home/muyangren907/autoware/autoware.ai/1.12.0_cuda/build/graph_tools/CMakeFiles/CMakeTmp/CheckSymbolExists.c
Linking C executable cmTC_c597c
/usr/local/lib/python2.7/dist-packages/cmake/data/bin/cmake -E cmake_link_script CMakeFiles/cmTC_c597c.dir/link.txt --verbose=1
/usr/bin/cc      -rdynamic CMakeFiles/cmTC_c597c.dir/CheckSymbolExists.c.o  -o cmTC_c597c 
CMakeFiles/cmTC_c597c.dir/CheckSymbolExists.c.o: In function `main':
CheckSymbolExists.c:(.text+0x1b): undefined reference to `pthread_create'
collect2: error: ld returned 1 exit status
CMakeFiles/cmTC_c597c.dir/build.make:86: recipe for target 'cmTC_c597c' failed
make[1]: *** [cmTC_c597c] Error 1
make[1]: Leaving directory '/home/muyangren907/autoware/autoware.ai/1.12.0_cuda/build/graph_tools/CMakeFiles/CMakeTmp'
Makefile:121: recipe for target 'cmTC_c597c/fast' failed
make: *** [cmTC_c597c/fast] Error 2

File /home/muyangren907/autoware/autoware.ai/1.12.0_cuda/build/graph_tools/CMakeFiles/CMakeTmp/CheckSymbolExists.c:
/* */
#include <pthread.h>

int main(int argc, char** argv)
{
  (void)argv;
#ifndef pthread_create
  return ((int*)(&pthread_create))[argc];
#else
  (void)argc;
  return 0;
#endif
}

Determining if the function pthread_create exists in the pthreads failed with the following output:
Change Dir: /home/muyangren907/autoware/autoware.ai/1.12.0_cuda/build/graph_tools/CMakeFiles/CMakeTmp

Run Build Command:"/usr/bin/make" "cmTC_842ad/fast"
/usr/bin/make -f CMakeFiles/cmTC_842ad.dir/build.make CMakeFiles/cmTC_842ad.dir/build
make[1]: Entering directory '/home/muyangren907/autoware/autoware.ai/1.12.0_cuda/build/graph_tools/CMakeFiles/CMakeTmp'
Building C object CMakeFiles/cmTC_842ad.dir/CheckFunctionExists.c.o
/usr/bin/cc   -DCHECK_FUNCTION_EXISTS=pthread_create   -o CMakeFiles/cmTC_842ad.dir/CheckFunctionExists.c.o   -c /usr/local/lib/python2.7/dist-packages/cmake/data/share/cmake-3.12/Modules/CheckFunctionExists.c
Linking C executable cmTC_842ad
/usr/local/lib/python2.7/dist-packages/cmake/data/bin/cmake -E cmake_link_script CMakeFiles/cmTC_842ad.dir/link.txt --verbose=1
/usr/bin/cc  -DCHECK_FUNCTION_EXISTS=pthread_create    -rdynamic CMakeFiles/cmTC_842ad.dir/CheckFunctionExists.c.o  -o cmTC_842ad -lpthreads 
/usr/bin/ld: cannot find -lpthreads
collect2: error: ld returned 1 exit status
CMakeFiles/cmTC_842ad.dir/build.make:86: recipe for target 'cmTC_842ad' failed
make[1]: *** [cmTC_842ad] Error 1
make[1]: Leaving directory '/home/muyangren907/autoware/autoware.ai/1.12.0_cuda/build/graph_tools/CMakeFiles/CMakeTmp'
Makefile:121: recipe for target 'cmTC_842ad/fast' failed
make: *** [cmTC_842ad/fast] Error 2


