Invoking command in '/home/muyangren907/autoware/autoware.ai/1.12.0_cuda/build/log_tools': CMAKE_PREFIX_PATH=/home/muyangren907/autoware/autoware.ai/1.12.0_cuda/install/autoware_build_flags:${CMAKE_PREFIX_PATH} PKG_CONFIG_PATH=/home/muyangren907/autoware/autoware.ai/1.12.0_cuda/install/autoware_build_flags/lib/x86_64-linux-gnu/pkgconfig:/home/muyangren907/autoware/autoware.ai/1.12.0_cuda/install/autoware_build_flags/lib/pkgconfig:${PKG_CONFIG_PATH} ROS_PACKAGE_PATH=/home/muyangren907/autoware/autoware.ai/1.12.0_cuda/install/autoware_build_flags/share:${ROS_PACKAGE_PATH} /usr/local/bin/cmake /home/muyangren907/autoware/autoware.ai/1.12.0_cuda/src/autoware/utilities/log_tools -DCMAKE_BUILD_TYPE=Release -DCATKIN_INSTALL_INTO_PREFIX_ROOT=0 -DCMAKE_INSTALL_PREFIX=/home/muyangren907/autoware/autoware.ai/1.12.0_cuda/install/log_tools
-- The C compiler identification is GNU 7.4.0
-- The CXX compiler identification is GNU 7.4.0
-- Check for working C compiler: /usr/bin/cc
-- Check for working C compiler: /usr/bin/cc -- works
-- Detecting C compiler ABI info
-- Detecting C compiler ABI info - done
-- Detecting C compile features
-- Detecting C compile features - done
-- Check for working CXX compiler: /usr/bin/c++
-- Check for working CXX compiler: /usr/bin/c++ -- works
-- Detecting CXX compiler ABI info
-- Detecting CXX compiler ABI info - done
-- Detecting CXX compile features
-- Detecting CXX compile features - done
-- CUDA compilation status: 1.
-- Using CATKIN_DEVEL_PREFIX: /home/muyangren907/autoware/autoware.ai/1.12.0_cuda/build/log_tools/devel
-- Using CMAKE_PREFIX_PATH: /home/muyangren907/autoware/autoware.ai/1.12.0_cuda/install/autoware_build_flags;/opt/ros/melodic
-- This workspace overlays: /home/muyangren907/autoware/autoware.ai/1.12.0_cuda/install/autoware_build_flags;/opt/ros/melodic
-- Found PythonInterp: /usr/bin/python2 (found suitable version "2.7.15", minimum required is "2") 
-- Using PYTHON_EXECUTABLE: /usr/bin/python2
-- Using Debian Python package layout
-- Using empy: /usr/bin/empy
-- Using CATKIN_ENABLE_TESTING: ON
-- Call enable_testing()
-- Using CATKIN_TEST_RESULTS_DIR: /home/muyangren907/autoware/autoware.ai/1.12.0_cuda/build/log_tools/test_results
-- Found gtest sources under '/usr/src/googletest': gtests will be built
-- Found gmock sources under '/usr/src/googletest': gmock will be built
-- Found PythonInterp: /usr/bin/python2 (found version "2.7.15") 
-- Looking for pthread.h
-- Looking for pthread.h - found
-- Looking for pthread_create
-- Looking for pthread_create - not found
-- Looking for pthread_create in pthreads
-- Looking for pthread_create in pthreads - not found
-- Looking for pthread_create in pthread
-- Looking for pthread_create in pthread - found
-- Found Threads: TRUE  
-- Using Python nosetests: /usr/local/bin/nosetests-2.7
-- catkin 0.7.19
-- BUILD_SHARED_LIBS is on
-- Configuring done
-- Generating done
-- Build files have been written to: /home/muyangren907/autoware/autoware.ai/1.12.0_cuda/build/log_tools
Invoked command in '/home/muyangren907/autoware/autoware.ai/1.12.0_cuda/build/log_tools' returned '0': CMAKE_PREFIX_PATH=/home/muyangren907/autoware/autoware.ai/1.12.0_cuda/install/autoware_build_flags:${CMAKE_PREFIX_PATH} PKG_CONFIG_PATH=/home/muyangren907/autoware/autoware.ai/1.12.0_cuda/install/autoware_build_flags/lib/x86_64-linux-gnu/pkgconfig:/home/muyangren907/autoware/autoware.ai/1.12.0_cuda/install/autoware_build_flags/lib/pkgconfig:${PKG_CONFIG_PATH} ROS_PACKAGE_PATH=/home/muyangren907/autoware/autoware.ai/1.12.0_cuda/install/autoware_build_flags/share:${ROS_PACKAGE_PATH} /usr/local/bin/cmake /home/muyangren907/autoware/autoware.ai/1.12.0_cuda/src/autoware/utilities/log_tools -DCMAKE_BUILD_TYPE=Release -DCATKIN_INSTALL_INTO_PREFIX_ROOT=0 -DCMAKE_INSTALL_PREFIX=/home/muyangren907/autoware/autoware.ai/1.12.0_cuda/install/log_tools
Invoking command in '/home/muyangren907/autoware/autoware.ai/1.12.0_cuda/build/log_tools': CMAKE_PREFIX_PATH=/home/muyangren907/autoware/autoware.ai/1.12.0_cuda/install/autoware_build_flags:${CMAKE_PREFIX_PATH} PKG_CONFIG_PATH=/home/muyangren907/autoware/autoware.ai/1.12.0_cuda/install/autoware_build_flags/lib/x86_64-linux-gnu/pkgconfig:/home/muyangren907/autoware/autoware.ai/1.12.0_cuda/install/autoware_build_flags/lib/pkgconfig:${PKG_CONFIG_PATH} ROS_PACKAGE_PATH=/home/muyangren907/autoware/autoware.ai/1.12.0_cuda/install/autoware_build_flags/share:${ROS_PACKAGE_PATH} /usr/local/bin/cmake --build /home/muyangren907/autoware/autoware.ai/1.12.0_cuda/build/log_tools -- -j40 -l40
Invoked command in '/home/muyangren907/autoware/autoware.ai/1.12.0_cuda/build/log_tools' returned '0': CMAKE_PREFIX_PATH=/home/muyangren907/autoware/autoware.ai/1.12.0_cuda/install/autoware_build_flags:${CMAKE_PREFIX_PATH} PKG_CONFIG_PATH=/home/muyangren907/autoware/autoware.ai/1.12.0_cuda/install/autoware_build_flags/lib/x86_64-linux-gnu/pkgconfig:/home/muyangren907/autoware/autoware.ai/1.12.0_cuda/install/autoware_build_flags/lib/pkgconfig:${PKG_CONFIG_PATH} ROS_PACKAGE_PATH=/home/muyangren907/autoware/autoware.ai/1.12.0_cuda/install/autoware_build_flags/share:${ROS_PACKAGE_PATH} /usr/local/bin/cmake --build /home/muyangren907/autoware/autoware.ai/1.12.0_cuda/build/log_tools -- -j40 -l40
Invoking command in '/home/muyangren907/autoware/autoware.ai/1.12.0_cuda/build/log_tools': CMAKE_PREFIX_PATH=/home/muyangren907/autoware/autoware.ai/1.12.0_cuda/install/autoware_build_flags:${CMAKE_PREFIX_PATH} PKG_CONFIG_PATH=/home/muyangren907/autoware/autoware.ai/1.12.0_cuda/install/autoware_build_flags/lib/x86_64-linux-gnu/pkgconfig:/home/muyangren907/autoware/autoware.ai/1.12.0_cuda/install/autoware_build_flags/lib/pkgconfig:${PKG_CONFIG_PATH} ROS_PACKAGE_PATH=/home/muyangren907/autoware/autoware.ai/1.12.0_cuda/install/autoware_build_flags/share:${ROS_PACKAGE_PATH} /usr/local/bin/cmake --build /home/muyangren907/autoware/autoware.ai/1.12.0_cuda/build/log_tools --target tests -- -j40 -l40
[35m[1mScanning dependencies of target tests[0m
Built target tests
Invoked command in '/home/muyangren907/autoware/autoware.ai/1.12.0_cuda/build/log_tools' returned '0': CMAKE_PREFIX_PATH=/home/muyangren907/autoware/autoware.ai/1.12.0_cuda/install/autoware_build_flags:${CMAKE_PREFIX_PATH} PKG_CONFIG_PATH=/home/muyangren907/autoware/autoware.ai/1.12.0_cuda/install/autoware_build_flags/lib/x86_64-linux-gnu/pkgconfig:/home/muyangren907/autoware/autoware.ai/1.12.0_cuda/install/autoware_build_flags/lib/pkgconfig:${PKG_CONFIG_PATH} ROS_PACKAGE_PATH=/home/muyangren907/autoware/autoware.ai/1.12.0_cuda/install/autoware_build_flags/share:${ROS_PACKAGE_PATH} /usr/local/bin/cmake --build /home/muyangren907/autoware/autoware.ai/1.12.0_cuda/build/log_tools --target tests -- -j40 -l40
Invoking command in '/home/muyangren907/autoware/autoware.ai/1.12.0_cuda/build/log_tools': CMAKE_PREFIX_PATH=/home/muyangren907/autoware/autoware.ai/1.12.0_cuda/install/autoware_build_flags:${CMAKE_PREFIX_PATH} PKG_CONFIG_PATH=/home/muyangren907/autoware/autoware.ai/1.12.0_cuda/install/autoware_build_flags/lib/x86_64-linux-gnu/pkgconfig:/home/muyangren907/autoware/autoware.ai/1.12.0_cuda/install/autoware_build_flags/lib/pkgconfig:${PKG_CONFIG_PATH} ROS_PACKAGE_PATH=/home/muyangren907/autoware/autoware.ai/1.12.0_cuda/install/autoware_build_flags/share:${ROS_PACKAGE_PATH} /usr/local/bin/cmake --build /home/muyangren907/autoware/autoware.ai/1.12.0_cuda/build/log_tools --target install -- -j40 -l40
[36mInstall the project...[0m
-- Install configuration: "Release"
-- Installing: /home/muyangren907/autoware/autoware.ai/1.12.0_cuda/install/log_tools/lib/pkgconfig/log_tools.pc
-- Installing: /home/muyangren907/autoware/autoware.ai/1.12.0_cuda/install/log_tools/share/log_tools/cmake/log_toolsConfig.cmake
-- Installing: /home/muyangren907/autoware/autoware.ai/1.12.0_cuda/install/log_tools/share/log_tools/cmake/log_toolsConfig-version.cmake
-- Installing: /home/muyangren907/autoware/autoware.ai/1.12.0_cuda/install/log_tools/share/log_tools/package.xml
-- Installing: /home/muyangren907/autoware/autoware.ai/1.12.0_cuda/install/log_tools/lib/log_tools/client.py
-- Installing: /home/muyangren907/autoware/autoware.ai/1.12.0_cuda/install/log_tools/lib/log_tools/common.py
-- Installing: /home/muyangren907/autoware/autoware.ai/1.12.0_cuda/install/log_tools/lib/log_tools/recorder.py
-- Installing: /home/muyangren907/autoware/autoware.ai/1.12.0_cuda/install/log_tools/lib/log_tools/server.py
Invoked command in '/home/muyangren907/autoware/autoware.ai/1.12.0_cuda/build/log_tools' returned '0': CMAKE_PREFIX_PATH=/home/muyangren907/autoware/autoware.ai/1.12.0_cuda/install/autoware_build_flags:${CMAKE_PREFIX_PATH} PKG_CONFIG_PATH=/home/muyangren907/autoware/autoware.ai/1.12.0_cuda/install/autoware_build_flags/lib/x86_64-linux-gnu/pkgconfig:/home/muyangren907/autoware/autoware.ai/1.12.0_cuda/install/autoware_build_flags/lib/pkgconfig:${PKG_CONFIG_PATH} ROS_PACKAGE_PATH=/home/muyangren907/autoware/autoware.ai/1.12.0_cuda/install/autoware_build_flags/share:${ROS_PACKAGE_PATH} /usr/local/bin/cmake --build /home/muyangren907/autoware/autoware.ai/1.12.0_cuda/build/log_tools --target install -- -j40 -l40
