Symlinking /home/myr907/autoware.ai/devel/share/roseus/ros/autoware_system_msgs/manifest.l
Symlinking /home/myr907/autoware.ai/devel/share/roseus/ros/autoware_system_msgs/msg/DiagnosticStatus.l
Symlinking /home/myr907/autoware.ai/devel/share/roseus/ros/autoware_system_msgs/msg/SystemStatus.l
Symlinking /home/myr907/autoware.ai/devel/share/roseus/ros/autoware_system_msgs/msg/NodeStatus.l
Symlinking /home/myr907/autoware.ai/devel/share/roseus/ros/autoware_system_msgs/msg/HardwareStatus.l
Symlinking /home/myr907/autoware.ai/devel/share/roseus/ros/autoware_system_msgs/msg/DiagnosticStatusArray.l
Symlinking /home/myr907/autoware.ai/devel/share/common-lisp/ros/autoware_system_msgs/msg/autoware_system_msgs-msg.asd
Symlinking /home/myr907/autoware.ai/devel/share/common-lisp/ros/autoware_system_msgs/msg/NodeStatus.lisp
Symlinking /home/myr907/autoware.ai/devel/share/common-lisp/ros/autoware_system_msgs/msg/HardwareStatus.lisp
Symlinking /home/myr907/autoware.ai/devel/share/common-lisp/ros/autoware_system_msgs/msg/DiagnosticStatus.lisp
Symlinking /home/myr907/autoware.ai/devel/share/common-lisp/ros/autoware_system_msgs/msg/_package_NodeStatus.lisp
Symlinking /home/myr907/autoware.ai/devel/share/common-lisp/ros/autoware_system_msgs/msg/DiagnosticStatusArray.lisp
Symlinking /home/myr907/autoware.ai/devel/share/common-lisp/ros/autoware_system_msgs/msg/_package_HardwareStatus.lisp
Symlinking /home/myr907/autoware.ai/devel/share/common-lisp/ros/autoware_system_msgs/msg/_package_DiagnosticStatus.lisp
Symlinking /home/myr907/autoware.ai/devel/share/common-lisp/ros/autoware_system_msgs/msg/_package_SystemStatus.lisp
Symlinking /home/myr907/autoware.ai/devel/share/common-lisp/ros/autoware_system_msgs/msg/SystemStatus.lisp
Symlinking /home/myr907/autoware.ai/devel/share/common-lisp/ros/autoware_system_msgs/msg/_package.lisp
Symlinking /home/myr907/autoware.ai/devel/share/common-lisp/ros/autoware_system_msgs/msg/_package_DiagnosticStatusArray.lisp
Symlinking /home/myr907/autoware.ai/devel/share/autoware_system_msgs/cmake/autoware_system_msgsConfig.cmake
Symlinking /home/myr907/autoware.ai/devel/share/autoware_system_msgs/cmake/autoware_system_msgs-msg-paths.cmake
Symlinking /home/myr907/autoware.ai/devel/share/autoware_system_msgs/cmake/autoware_system_msgsConfig-version.cmake
Symlinking /home/myr907/autoware.ai/devel/share/autoware_system_msgs/cmake/autoware_system_msgs-msg-extras.cmake
Symlinking /home/myr907/autoware.ai/devel/share/gennodejs/ros/autoware_system_msgs/_index.js
Symlinking /home/myr907/autoware.ai/devel/share/gennodejs/ros/autoware_system_msgs/msg/DiagnosticStatus.js
Symlinking /home/myr907/autoware.ai/devel/share/gennodejs/ros/autoware_system_msgs/msg/_index.js
Symlinking /home/myr907/autoware.ai/devel/share/gennodejs/ros/autoware_system_msgs/msg/DiagnosticStatusArray.js
Symlinking /home/myr907/autoware.ai/devel/share/gennodejs/ros/autoware_system_msgs/msg/HardwareStatus.js
Symlinking /home/myr907/autoware.ai/devel/share/gennodejs/ros/autoware_system_msgs/msg/NodeStatus.js
Symlinking /home/myr907/autoware.ai/devel/share/gennodejs/ros/autoware_system_msgs/msg/SystemStatus.js
Symlinking /home/myr907/autoware.ai/devel/include/autoware_system_msgs/SystemStatus.h
Symlinking /home/myr907/autoware.ai/devel/include/autoware_system_msgs/NodeStatus.h
Symlinking /home/myr907/autoware.ai/devel/include/autoware_system_msgs/DiagnosticStatusArray.h
Symlinking /home/myr907/autoware.ai/devel/include/autoware_system_msgs/DiagnosticStatus.h
Symlinking /home/myr907/autoware.ai/devel/include/autoware_system_msgs/HardwareStatus.h
Symlinking /home/myr907/autoware.ai/devel/lib/pkgconfig/autoware_system_msgs.pc
Symlinking /home/myr907/autoware.ai/devel/lib/python2.7/dist-packages/autoware_system_msgs/__init__.py
Symlinking /home/myr907/autoware.ai/devel/lib/python2.7/dist-packages/autoware_system_msgs/msg/_SystemStatus.py
Symlinking /home/myr907/autoware.ai/devel/lib/python2.7/dist-packages/autoware_system_msgs/msg/_DiagnosticStatus.py
Symlinking /home/myr907/autoware.ai/devel/lib/python2.7/dist-packages/autoware_system_msgs/msg/__init__.py
Symlinking /home/myr907/autoware.ai/devel/lib/python2.7/dist-packages/autoware_system_msgs/msg/_HardwareStatus.py
Symlinking /home/myr907/autoware.ai/devel/lib/python2.7/dist-packages/autoware_system_msgs/msg/_NodeStatus.py
Symlinking /home/myr907/autoware.ai/devel/lib/python2.7/dist-packages/autoware_system_msgs/msg/_DiagnosticStatusArray.py
