[35m[1mScanning dependencies of target _autoware_system_msgs_generate_messages_check_deps_HardwareStatus[0m
[35m[1mScanning dependencies of target std_msgs_generate_messages_cpp[0m
[  0%] Built target std_msgs_generate_messages_cpp
[  0%] Built target _autoware_system_msgs_generate_messages_check_deps_HardwareStatus
[35m[1mScanning dependencies of target rosgraph_msgs_generate_messages_cpp[0m
[  0%] Built target rosgraph_msgs_generate_messages_cpp
[35m[1mScanning dependencies of target _autoware_system_msgs_generate_messages_check_deps_DiagnosticStatusArray[0m
[  0%] Built target _autoware_system_msgs_generate_messages_check_deps_DiagnosticStatusArray
[35m[1mScanning dependencies of target _autoware_system_msgs_generate_messages_check_deps_DiagnosticStatus[0m
[  0%] Built target _autoware_system_msgs_generate_messages_check_deps_DiagnosticStatus
[35m[1mScanning dependencies of target _autoware_system_msgs_generate_messages_check_deps_SystemStatus[0m
[35m[1mScanning dependencies of target _autoware_system_msgs_generate_messages_check_deps_NodeStatus[0m
[  0%] Built target _autoware_system_msgs_generate_messages_check_deps_NodeStatus
[  0%] Built target _autoware_system_msgs_generate_messages_check_deps_SystemStatus
[35m[1mScanning dependencies of target std_msgs_generate_messages_py[0m
[35m[1mScanning dependencies of target rosgraph_msgs_generate_messages_py[0m
[  0%] Built target std_msgs_generate_messages_py
[  0%] Built target rosgraph_msgs_generate_messages_py
[35m[1mScanning dependencies of target std_msgs_generate_messages_nodejs[0m
[35m[1mScanning dependencies of target rosgraph_msgs_generate_messages_nodejs[0m
[  0%] Built target std_msgs_generate_messages_nodejs
[  0%] Built target rosgraph_msgs_generate_messages_nodejs
[35m[1mScanning dependencies of target std_msgs_generate_messages_lisp[0m
[35m[1mScanning dependencies of target rosgraph_msgs_generate_messages_lisp[0m
[  0%] Built target std_msgs_generate_messages_lisp
[  0%] Built target rosgraph_msgs_generate_messages_lisp
[35m[1mScanning dependencies of target std_msgs_generate_messages_eus[0m
[35m[1mScanning dependencies of target rosgraph_msgs_generate_messages_eus[0m
[  0%] Built target std_msgs_generate_messages_eus
[  0%] Built target rosgraph_msgs_generate_messages_eus
[35m[1mScanning dependencies of target autoware_system_msgs_generate_messages_cpp[0m
[  3%] [34m[1mGenerating C++ code from autoware_system_msgs/DiagnosticStatus.msg[0m
[  7%] [34m[1mGenerating C++ code from autoware_system_msgs/DiagnosticStatusArray.msg[0m
[ 11%] [34m[1mGenerating C++ code from autoware_system_msgs/SystemStatus.msg[0m
[ 14%] [34m[1mGenerating C++ code from autoware_system_msgs/NodeStatus.msg[0m
[ 18%] [34m[1mGenerating C++ code from autoware_system_msgs/HardwareStatus.msg[0m
[ 18%] Built target autoware_system_msgs_generate_messages_cpp
[35m[1mScanning dependencies of target autoware_system_msgs_generate_messages_py[0m
[ 22%] [34m[1mGenerating Python from MSG autoware_system_msgs/DiagnosticStatus[0m
[ 25%] [34m[1mGenerating Python from MSG autoware_system_msgs/DiagnosticStatusArray[0m
[ 29%] [34m[1mGenerating Python from MSG autoware_system_msgs/SystemStatus[0m
[ 33%] [34m[1mGenerating Python from MSG autoware_system_msgs/NodeStatus[0m
[ 37%] [34m[1mGenerating Python from MSG autoware_system_msgs/HardwareStatus[0m
[ 40%] [34m[1mGenerating Python msg __init__.py for autoware_system_msgs[0m
[35m[1mScanning dependencies of target autoware_system_msgs_generate_messages_nodejs[0m
[ 44%] [34m[1mGenerating Javascript code from autoware_system_msgs/DiagnosticStatus.msg[0m
[ 44%] Built target autoware_system_msgs_generate_messages_py
[ 48%] [34m[1mGenerating Javascript code from autoware_system_msgs/DiagnosticStatusArray.msg[0m
[ 51%] [34m[1mGenerating Javascript code from autoware_system_msgs/SystemStatus.msg[0m
[ 55%] [34m[1mGenerating Javascript code from autoware_system_msgs/NodeStatus.msg[0m
[ 59%] [34m[1mGenerating Javascript code from autoware_system_msgs/HardwareStatus.msg[0m
[ 59%] Built target autoware_system_msgs_generate_messages_nodejs
[35m[1mScanning dependencies of target autoware_system_msgs_generate_messages_lisp[0m
[ 62%] [34m[1mGenerating Lisp code from autoware_system_msgs/DiagnosticStatus.msg[0m
[35m[1mScanning dependencies of target autoware_system_msgs_generate_messages_eus[0m
[ 66%] [34m[1mGenerating Lisp code from autoware_system_msgs/DiagnosticStatusArray.msg[0m
[ 70%] [34m[1mGenerating EusLisp code from autoware_system_msgs/DiagnosticStatus.msg[0m
[ 74%] [34m[1mGenerating EusLisp code from autoware_system_msgs/DiagnosticStatusArray.msg[0m
[ 77%] [34m[1mGenerating Lisp code from autoware_system_msgs/SystemStatus.msg[0m
[ 81%] [34m[1mGenerating EusLisp code from autoware_system_msgs/SystemStatus.msg[0m
[ 85%] [34m[1mGenerating EusLisp code from autoware_system_msgs/NodeStatus.msg[0m
[ 88%] [34m[1mGenerating Lisp code from autoware_system_msgs/NodeStatus.msg[0m
[ 92%] [34m[1mGenerating Lisp code from autoware_system_msgs/HardwareStatus.msg[0m
[ 96%] [34m[1mGenerating EusLisp code from autoware_system_msgs/HardwareStatus.msg[0m
[100%] [34m[1mGenerating EusLisp manifest code for autoware_system_msgs[0m
[100%] Built target autoware_system_msgs_generate_messages_lisp
[100%] Built target autoware_system_msgs_generate_messages_eus
[35m[1mScanning dependencies of target autoware_system_msgs_generate_messages[0m
[100%] Built target autoware_system_msgs_generate_messages
