-- The C compiler identification is GNU 7.4.0
-- The CXX compiler identification is GNU 7.4.0
-- Check for working C compiler: /usr/bin/cc
-- Check for working C compiler: /usr/bin/cc -- works
-- Detecting C compiler ABI info
-- Detecting C compiler ABI info - done
-- Detecting C compile features
-- Detecting C compile features - done
-- Check for working CXX compiler: /usr/bin/c++
-- Check for working CXX compiler: /usr/bin/c++ -- works
-- Detecting CXX compiler ABI info
-- Detecting CXX compiler ABI info - done
-- Detecting CXX compile features
-- Detecting CXX compile features - done
-- Found PkgConfig: /usr/bin/pkg-config (found version "0.29.1") 
-- Checking for module 'bullet>=2.82'
--   Found bullet, version 2.87
-- Found Simbody: /usr/include/simbody  
-- Looking for pthread.h
-- Looking for pthread.h - found
-- Looking for pthread_create
-- Looking for pthread_create - not found
-- Looking for pthread_create in pthreads
-- Looking for pthread_create in pthreads - not found
-- Looking for pthread_create in pthread
-- Looking for pthread_create in pthread - found
-- Found Threads: TRUE  
-- Boost version: 1.65.1
-- Found the following Boost libraries:
--   thread
--   signals
--   system
--   filesystem
--   program_options
--   regex
--   iostreams
--   date_time
--   chrono
--   atomic
-- Found Protobuf: /usr/lib/x86_64-linux-gnu/libprotobuf.so;-lpthread (found version "3.0.0") 
-- Boost version: 1.65.1
-- Looking for OGRE...
-- OGRE_PREFIX_WATCH changed.
-- Checking for module 'OGRE'
--   Found OGRE, version 1.9.0
-- Found Ogre Ghadamon (1.9.0)
-- Found OGRE: optimized;/usr/lib/x86_64-linux-gnu/libOgreMain.so;debug;/usr/lib/x86_64-linux-gnu/libOgreMain.so
CMake Warning (dev) at /usr/local/lib/python2.7/dist-packages/cmake/data/share/cmake-3.12/Modules/FindBoost.cmake:963 (if):
  Policy CMP0054 is not set: Only interpret if() arguments as variables or
  keywords when unquoted.  Run "cmake --help-policy CMP0054" for policy
  details.  Use the cmake_policy command to set the policy and suppress this
  warning.

  Quoted variables like "chrono" will no longer be dereferenced when the
  policy is set to NEW.  Since the policy is not set the OLD behavior will be
  used.
Call Stack (most recent call first):
  /usr/local/lib/python2.7/dist-packages/cmake/data/share/cmake-3.12/Modules/FindBoost.cmake:1618 (_Boost_MISSING_DEPENDENCIES)
  /usr/share/OGRE/cmake/modules/FindOGRE.cmake:318 (find_package)
  /usr/lib/x86_64-linux-gnu/cmake/gazebo/gazebo-config.cmake:175 (find_package)
  CMakeLists.txt:27 (find_package)
This warning is for project developers.  Use -Wno-dev to suppress it.

-- Looking for OGRE_Paging...
-- Found OGRE_Paging: optimized;/usr/lib/x86_64-linux-gnu/libOgrePaging.so;debug;/usr/lib/x86_64-linux-gnu/libOgrePaging.so
-- Looking for OGRE_Terrain...
-- Found OGRE_Terrain: optimized;/usr/lib/x86_64-linux-gnu/libOgreTerrain.so;debug;/usr/lib/x86_64-linux-gnu/libOgreTerrain.so
-- Looking for OGRE_Property...
-- Found OGRE_Property: optimized;/usr/lib/x86_64-linux-gnu/libOgreProperty.so;debug;/usr/lib/x86_64-linux-gnu/libOgreProperty.so
-- Looking for OGRE_RTShaderSystem...
-- Found OGRE_RTShaderSystem: optimized;/usr/lib/x86_64-linux-gnu/libOgreRTShaderSystem.so;debug;/usr/lib/x86_64-linux-gnu/libOgreRTShaderSystem.so
-- Looking for OGRE_Volume...
-- Found OGRE_Volume: optimized;/usr/lib/x86_64-linux-gnu/libOgreVolume.so;debug;/usr/lib/x86_64-linux-gnu/libOgreVolume.so
-- Looking for OGRE_Overlay...
-- Found OGRE_Overlay: optimized;/usr/lib/x86_64-linux-gnu/libOgreOverlay.so;debug;/usr/lib/x86_64-linux-gnu/libOgreOverlay.so
-- Found Protobuf: /usr/lib/x86_64-linux-gnu/libprotobuf.so;-lpthread;-lpthread (found suitable version "3.0.0", minimum required is "2.3.0") 
-- Config-file not installed for ZeroMQ -- checking for pkg-config
-- Checking for module 'libzmq >= 4'
--   Found libzmq , version 4.2.5
-- Found ZeroMQ: TRUE (Required is at least version "4") 
-- Checking for module 'uuid'
--   Found uuid, version 2.31.1
-- Found UUID: TRUE  
-- Checking for module 'tinyxml2'
--   Found tinyxml2, version 6.0.0
-- Looking for dlfcn.h - found
-- Looking for libdl - found
-- Found DL: TRUE  
-- FreeImage.pc not found, we will search for FreeImage_INCLUDE_DIRS and FreeImage_LIBRARIES
-- Checking for module 'gts'
--   Found gts, version 0.7.6
-- Found GTS: TRUE  
-- Checking for module 'libswscale'
--   Found libswscale, version 4.8.100
-- Found SWSCALE: TRUE  
-- Checking for module 'libavdevice >= 56.4.100'
--   Found libavdevice , version 57.10.100
-- Found AVDEVICE: TRUE (Required is at least version "56.4.100") 
-- Checking for module 'libavformat'
--   Found libavformat, version 57.83.100
-- Found AVFORMAT: TRUE  
-- Checking for module 'libavcodec'
--   Found libavcodec, version 57.107.100
-- Found AVCODEC: TRUE  
-- Checking for module 'libavutil'
--   Found libavutil, version 55.78.100
-- Found AVUTIL: TRUE  
-- Found CURL: /usr/lib/x86_64-linux-gnu/libcurl.so (found version "7.58.0") 
-- Checking for module 'jsoncpp'
--   Found jsoncpp, version 1.7.4
-- Found JSONCPP: TRUE  
-- Checking for module 'yaml-0.1'
--   Found yaml-0.1, version 0.1.7
-- Found YAML: TRUE  
-- Checking for module 'libzip'
--   Found libzip, version 1.1.2
-- Found ZIP: TRUE  
-- Configuring done
-- Generating done
-- Build files have been written to: /home/muyangren907/autoware/autoware.ai/1.12.0_cuda/build/citysim
[35m[1mScanning dependencies of target LensFlareVisualPlugin_autogen[0m
[35m[1mScanning dependencies of target BloomVisualPlugin_autogen[0m
[35m[1mScanning dependencies of target TrafficLightsGUIPlugin_autogen[0m
[  8%] [34m[1mAutomatic MOC for target TrafficLightsGUIPlugin[0m
[ 16%] [34m[1mAutomatic MOC for target LensFlareVisualPlugin[0m
[ 25%] [34m[1mAutomatic MOC for target BloomVisualPlugin[0m
[ 25%] Built target BloomVisualPlugin_autogen
[ 25%] Built target LensFlareVisualPlugin_autogen
[35m[1mScanning dependencies of target BloomVisualPlugin[0m
[35m[1mScanning dependencies of target LensFlareVisualPlugin[0m
[ 33%] [32mBuilding CXX object plugins/CMakeFiles/BloomVisualPlugin.dir/BloomVisualPlugin.cc.o[0m
[ 41%] [32mBuilding CXX object plugins/CMakeFiles/BloomVisualPlugin.dir/BloomVisualPlugin_autogen/mocs_compilation.cpp.o[0m
[ 50%] [32mBuilding CXX object plugins/CMakeFiles/LensFlareVisualPlugin.dir/LensFlareVisualPlugin_autogen/mocs_compilation.cpp.o[0m
[ 58%] [32mBuilding CXX object plugins/CMakeFiles/LensFlareVisualPlugin.dir/LensFlareVisualPlugin.cc.o[0m
[ 58%] Built target TrafficLightsGUIPlugin_autogen
[35m[1mScanning dependencies of target TrafficLightsGUIPlugin[0m
[ 66%] [32mBuilding CXX object plugins/CMakeFiles/TrafficLightsGUIPlugin.dir/TrafficLightsGUIPlugin.cc.o[0m
[ 75%] [32mBuilding CXX object plugins/CMakeFiles/TrafficLightsGUIPlugin.dir/TrafficLightsGUIPlugin_autogen/mocs_compilation.cpp.o[0m
[ 83%] [32m[1mLinking CXX shared library libLensFlareVisualPlugin.so[0m
[ 83%] Built target LensFlareVisualPlugin
[ 91%] [32m[1mLinking CXX shared library libBloomVisualPlugin.so[0m
[01m[K/home/muyangren907/autoware/autoware.ai/1.12.0_cuda/src/citysim/plugins/TrafficLightsGUIPlugin.cc:[m[K In member function ‘[01m[Kvoid gazebo::TrafficLightsGUIPlugin::OnKeyPress(ConstAnyPtr&)[m[K’:
[01m[K/home/muyangren907/autoware/autoware.ai/1.12.0_cuda/src/citysim/plugins/TrafficLightsGUIPlugin.cc:83:39:[m[K [01;35m[Kwarning: [m[K‘[01m[Kgazebo::common::Color::Color(const gazebo::common::Color&)[m[K’ is deprecated [[01;35m[K-Wdeprecated-declarations[m[K]
   auto black = gazebo::common::Color::[01;35m[KBlack[m[K;
                                       [01;35m[K^~~~~[m[K
In file included from [01m[K/usr/include/gazebo-9/gazebo/msgs/msgs.hh:38:0[m[K,
                 from [01m[K/home/muyangren907/autoware/autoware.ai/1.12.0_cuda/src/citysim/plugins/TrafficLightsGUIPlugin.cc:18[m[K:
[01m[K/usr/include/gazebo-9/gazebo/common/Color.hh:95:15:[m[K [01;36m[Knote: [m[Kdeclared here
       public: [01;36m[KColor[m[K(const Color &_clr) GAZEBO_DEPRECATED(9.0);
               [01;36m[K^~~~~[m[K
[01m[K/home/muyangren907/autoware/autoware.ai/1.12.0_cuda/src/citysim/plugins/TrafficLightsGUIPlugin.cc:83:39:[m[K [01;35m[Kwarning: [m[K‘[01m[Kvirtual gazebo::common::Color::~Color()[m[K’ is deprecated [[01;35m[K-Wdeprecated-declarations[m[K]
   auto black = gazebo::common::Color::[01;35m[KBlack[m[K;
                                       [01;35m[K^~~~~[m[K
In file included from [01m[K/usr/include/gazebo-9/gazebo/msgs/msgs.hh:38:0[m[K,
                 from [01m[K/home/muyangren907/autoware/autoware.ai/1.12.0_cuda/src/citysim/plugins/TrafficLightsGUIPlugin.cc:18[m[K:
[01m[K/usr/include/gazebo-9/gazebo/common/Color.hh:98:23:[m[K [01;36m[Knote: [m[Kdeclared here
       public: virtual [01;36m[K~[m[KColor() GAZEBO_DEPRECATED(9.0);
                       [01;36m[K^[m[K
[01m[K/home/muyangren907/autoware/autoware.ai/1.12.0_cuda/src/citysim/plugins/TrafficLightsGUIPlugin.cc:83:39:[m[K [01;35m[Kwarning: [m[K‘[01m[Kvirtual gazebo::common::Color::~Color()[m[K’ is deprecated [[01;35m[K-Wdeprecated-declarations[m[K]
   auto black = gazebo::common::Color::[01;35m[KBlack[m[K;
                                       [01;35m[K^~~~~[m[K
In file included from [01m[K/usr/include/gazebo-9/gazebo/msgs/msgs.hh:38:0[m[K,
                 from [01m[K/home/muyangren907/autoware/autoware.ai/1.12.0_cuda/src/citysim/plugins/TrafficLightsGUIPlugin.cc:18[m[K:
[01m[K/usr/include/gazebo-9/gazebo/common/Color.hh:98:23:[m[K [01;36m[Knote: [m[Kdeclared here
       public: virtual [01;36m[K~[m[KColor() GAZEBO_DEPRECATED(9.0);
                       [01;36m[K^[m[K
[01m[K/home/muyangren907/autoware/autoware.ai/1.12.0_cuda/src/citysim/plugins/TrafficLightsGUIPlugin.cc:105:66:[m[K [01;35m[Kwarning: [m[K‘[01m[Kvoid gazebo::msgs::Set(gazebo::msgs::Color*, const gazebo::common::Color&)[m[K’ is deprecated [[01;35m[K-Wdeprecated-declarations[m[K]
             gazebo::msgs::Set(matMsg->mutable_emissive(), c.first[01;35m[K)[m[K;
                                                                  [01;35m[K^[m[K
In file included from [01m[K/home/muyangren907/autoware/autoware.ai/1.12.0_cuda/src/citysim/plugins/TrafficLightsGUIPlugin.cc:18:0[m[K:
[01m[K/usr/include/gazebo-9/gazebo/msgs/msgs.hh:328:10:[m[K [01;36m[Knote: [m[Kdeclared here
     void [01;36m[KSet[m[K(msgs::Color *_c, const common::Color &_v) GAZEBO_DEPRECATED(9.0);
          [01;36m[K^~~[m[K
[01m[K/home/muyangren907/autoware/autoware.ai/1.12.0_cuda/src/citysim/plugins/TrafficLightsGUIPlugin.cc:106:65:[m[K [01;35m[Kwarning: [m[K‘[01m[Kvoid gazebo::msgs::Set(gazebo::msgs::Color*, const gazebo::common::Color&)[m[K’ is deprecated [[01;35m[K-Wdeprecated-declarations[m[K]
             gazebo::msgs::Set(matMsg->mutable_ambient(), c.first[01;35m[K)[m[K;
                                                                 [01;35m[K^[m[K
In file included from [01m[K/home/muyangren907/autoware/autoware.ai/1.12.0_cuda/src/citysim/plugins/TrafficLightsGUIPlugin.cc:18:0[m[K:
[01m[K/usr/include/gazebo-9/gazebo/msgs/msgs.hh:328:10:[m[K [01;36m[Knote: [m[Kdeclared here
     void [01;36m[KSet[m[K(msgs::Color *_c, const common::Color &_v) GAZEBO_DEPRECATED(9.0);
          [01;36m[K^~~[m[K
[01m[K/home/muyangren907/autoware/autoware.ai/1.12.0_cuda/src/citysim/plugins/TrafficLightsGUIPlugin.cc:110:64:[m[K [01;35m[Kwarning: [m[K‘[01m[Kvoid gazebo::msgs::Set(gazebo::msgs::Color*, const gazebo::common::Color&)[m[K’ is deprecated [[01;35m[K-Wdeprecated-declarations[m[K]
             gazebo::msgs::Set(matMsg->mutable_emissive(), black[01;35m[K)[m[K;
                                                                [01;35m[K^[m[K
In file included from [01m[K/home/muyangren907/autoware/autoware.ai/1.12.0_cuda/src/citysim/plugins/TrafficLightsGUIPlugin.cc:18:0[m[K:
[01m[K/usr/include/gazebo-9/gazebo/msgs/msgs.hh:328:10:[m[K [01;36m[Knote: [m[Kdeclared here
     void [01;36m[KSet[m[K(msgs::Color *_c, const common::Color &_v) GAZEBO_DEPRECATED(9.0);
          [01;36m[K^~~[m[K
[01m[K/home/muyangren907/autoware/autoware.ai/1.12.0_cuda/src/citysim/plugins/TrafficLightsGUIPlugin.cc:111:63:[m[K [01;35m[Kwarning: [m[K‘[01m[Kvoid gazebo::msgs::Set(gazebo::msgs::Color*, const gazebo::common::Color&)[m[K’ is deprecated [[01;35m[K-Wdeprecated-declarations[m[K]
             gazebo::msgs::Set(matMsg->mutable_ambient(), black[01;35m[K)[m[K;
                                                               [01;35m[K^[m[K
In file included from [01m[K/home/muyangren907/autoware/autoware.ai/1.12.0_cuda/src/citysim/plugins/TrafficLightsGUIPlugin.cc:18:0[m[K:
[01m[K/usr/include/gazebo-9/gazebo/msgs/msgs.hh:328:10:[m[K [01;36m[Knote: [m[Kdeclared here
     void [01;36m[KSet[m[K(msgs::Color *_c, const common::Color &_v) GAZEBO_DEPRECATED(9.0);
          [01;36m[K^~~[m[K
[ 91%] Built target BloomVisualPlugin
[100%] [32m[1mLinking CXX shared library libTrafficLightsGUIPlugin.so[0m
[100%] Built target TrafficLightsGUIPlugin
[  8%] [34m[1mAutomatic MOC for target BloomVisualPlugin[0m
[  8%] Built target BloomVisualPlugin_autogen
[ 16%] [34m[1mAutomatic MOC for target TrafficLightsGUIPlugin[0m
[ 16%] Built target TrafficLightsGUIPlugin_autogen
[ 41%] Built target BloomVisualPlugin
[ 66%] Built target TrafficLightsGUIPlugin
[ 75%] [34m[1mAutomatic MOC for target LensFlareVisualPlugin[0m
[ 75%] Built target LensFlareVisualPlugin_autogen
[100%] Built target LensFlareVisualPlugin
[36mInstall the project...[0m
-- Install configuration: "Release"
-- Installing: /home/muyangren907/autoware/autoware.ai/1.12.0_cuda/install/citysim/share/citysim-0/setup.sh
-- Installing: /home/muyangren907/autoware/autoware.ai/1.12.0_cuda/install/citysim/share/citysim/setup.sh
-- Installing: /home/muyangren907/autoware/autoware.ai/1.12.0_cuda/install/citysim/lib/citysim-0/plugins/libLensFlareVisualPlugin.so
-- Set runtime path of "/home/muyangren907/autoware/autoware.ai/1.12.0_cuda/install/citysim/lib/citysim-0/plugins/libLensFlareVisualPlugin.so" to ""
-- Installing: /home/muyangren907/autoware/autoware.ai/1.12.0_cuda/install/citysim/lib/citysim-0/plugins/libBloomVisualPlugin.so
-- Set runtime path of "/home/muyangren907/autoware/autoware.ai/1.12.0_cuda/install/citysim/lib/citysim-0/plugins/libBloomVisualPlugin.so" to ""
-- Installing: /home/muyangren907/autoware/autoware.ai/1.12.0_cuda/install/citysim/lib/citysim-0/plugins/libTrafficLightsGUIPlugin.so
-- Set runtime path of "/home/muyangren907/autoware/autoware.ai/1.12.0_cuda/install/citysim/lib/citysim-0/plugins/libTrafficLightsGUIPlugin.so" to ""
-- Installing: /home/muyangren907/autoware/autoware.ai/1.12.0_cuda/install/citysim/share/citysim-0/models/actor
-- Installing: /home/muyangren907/autoware/autoware.ai/1.12.0_cuda/install/citysim/share/citysim-0/models/actor/meshes
-- Installing: /home/muyangren907/autoware/autoware.ai/1.12.0_cuda/install/citysim/share/citysim-0/models/actor/meshes/SKIN_man_green_shirt.dae
-- Installing: /home/muyangren907/autoware/autoware.ai/1.12.0_cuda/install/citysim/share/citysim-0/models/actor/meshes/SKIN_man_blue_shirt.dae
-- Installing: /home/muyangren907/autoware/autoware.ai/1.12.0_cuda/install/citysim/share/citysim-0/models/actor/meshes/ANIMATION_talking_b.dae
-- Installing: /home/muyangren907/autoware/autoware.ai/1.12.0_cuda/install/citysim/share/citysim-0/models/actor/meshes/ANIMATION_walking.dae
-- Installing: /home/muyangren907/autoware/autoware.ai/1.12.0_cuda/install/citysim/share/citysim-0/models/actor/meshes/ANIMATION_talking_a.dae
-- Installing: /home/muyangren907/autoware/autoware.ai/1.12.0_cuda/install/citysim/share/citysim-0/models/actor/meshes/ANIMATION_running.dae
-- Installing: /home/muyangren907/autoware/autoware.ai/1.12.0_cuda/install/citysim/share/citysim-0/models/actor/meshes/SKIN_man_red_shirt.dae
-- Installing: /home/muyangren907/autoware/autoware.ai/1.12.0_cuda/install/citysim/share/citysim-0/models/actor/model.config
-- Installing: /home/muyangren907/autoware/autoware.ai/1.12.0_cuda/install/citysim/share/citysim-0/models/actor/model.sdf
-- Installing: /home/muyangren907/autoware/autoware.ai/1.12.0_cuda/install/citysim/share/citysim-0/models/city_terrain
-- Installing: /home/muyangren907/autoware/autoware.ai/1.12.0_cuda/install/citysim/share/citysim-0/models/city_terrain/materials
-- Installing: /home/muyangren907/autoware/autoware.ai/1.12.0_cuda/install/citysim/share/citysim-0/models/city_terrain/materials/textures
-- Installing: /home/muyangren907/autoware/autoware.ai/1.12.0_cuda/install/citysim/share/citysim-0/models/city_terrain/materials/textures/city_terrain (original).jpg
-- Installing: /home/muyangren907/autoware/autoware.ai/1.12.0_cuda/install/citysim/share/citysim-0/models/city_terrain/materials/textures/city_terrain.jpg
-- Installing: /home/muyangren907/autoware/autoware.ai/1.12.0_cuda/install/citysim/share/citysim-0/models/city_terrain/materials/textures/forest.jpg
-- Installing: /home/muyangren907/autoware/autoware.ai/1.12.0_cuda/install/citysim/share/citysim-0/models/city_terrain/model.config
-- Installing: /home/muyangren907/autoware/autoware.ai/1.12.0_cuda/install/citysim/share/citysim-0/models/city_terrain/model.sdf
-- Installing: /home/muyangren907/autoware/autoware.ai/1.12.0_cuda/install/citysim/share/citysim-0/models/ocean
-- Installing: /home/muyangren907/autoware/autoware.ai/1.12.0_cuda/install/citysim/share/citysim-0/models/ocean/mesh-simple.dae
-- Installing: /home/muyangren907/autoware/autoware.ai/1.12.0_cuda/install/citysim/share/citysim-0/models/ocean/mesh.dae
-- Installing: /home/muyangren907/autoware/autoware.ai/1.12.0_cuda/install/citysim/share/citysim-0/models/ocean/materials
-- Installing: /home/muyangren907/autoware/autoware.ai/1.12.0_cuda/install/citysim/share/citysim-0/models/ocean/materials/programs
-- Installing: /home/muyangren907/autoware/autoware.ai/1.12.0_cuda/install/citysim/share/citysim-0/models/ocean/materials/programs/GLSL
-- Installing: /home/muyangren907/autoware/autoware.ai/1.12.0_cuda/install/citysim/share/citysim-0/models/ocean/materials/programs/GLSL/Waves.vert
-- Installing: /home/muyangren907/autoware/autoware.ai/1.12.0_cuda/install/citysim/share/citysim-0/models/ocean/materials/programs/GLSL/Waves.frag
-- Installing: /home/muyangren907/autoware/autoware.ai/1.12.0_cuda/install/citysim/share/citysim-0/models/ocean/materials/textures
-- Installing: /home/muyangren907/autoware/autoware.ai/1.12.0_cuda/install/citysim/share/citysim-0/models/ocean/materials/textures/normals.dds
-- Installing: /home/muyangren907/autoware/autoware.ai/1.12.0_cuda/install/citysim/share/citysim-0/models/ocean/materials/textures/clouds_lf.jpg
-- Installing: /home/muyangren907/autoware/autoware.ai/1.12.0_cuda/install/citysim/share/citysim-0/models/ocean/materials/textures/clouds_dn.jpg
-- Installing: /home/muyangren907/autoware/autoware.ai/1.12.0_cuda/install/citysim/share/citysim-0/models/ocean/materials/textures/clouds_up.jpg
-- Installing: /home/muyangren907/autoware/autoware.ai/1.12.0_cuda/install/citysim/share/citysim-0/models/ocean/materials/textures/clouds_rt.jpg
-- Installing: /home/muyangren907/autoware/autoware.ai/1.12.0_cuda/install/citysim/share/citysim-0/models/ocean/materials/textures/clouds_bk.jpg
-- Installing: /home/muyangren907/autoware/autoware.ai/1.12.0_cuda/install/citysim/share/citysim-0/models/ocean/materials/textures/clouds_fr.jpg
-- Installing: /home/muyangren907/autoware/autoware.ai/1.12.0_cuda/install/citysim/share/citysim-0/models/ocean/materials/textures/License and source soil_sand_0045_01.txt
-- Installing: /home/muyangren907/autoware/autoware.ai/1.12.0_cuda/install/citysim/share/citysim-0/models/ocean/materials/textures/soil_sand_0045_01.jpg
-- Installing: /home/muyangren907/autoware/autoware.ai/1.12.0_cuda/install/citysim/share/citysim-0/models/ocean/materials/textures/clouds.jpg
-- Installing: /home/muyangren907/autoware/autoware.ai/1.12.0_cuda/install/citysim/share/citysim-0/models/ocean/materials/scripts
-- Installing: /home/muyangren907/autoware/autoware.ai/1.12.0_cuda/install/citysim/share/citysim-0/models/ocean/materials/scripts/ocean.material
-- Installing: /home/muyangren907/autoware/autoware.ai/1.12.0_cuda/install/citysim/share/citysim-0/models/ocean/model.config
-- Installing: /home/muyangren907/autoware/autoware.ai/1.12.0_cuda/install/citysim/share/citysim-0/models/ocean/mesh.blend
-- Installing: /home/muyangren907/autoware/autoware.ai/1.12.0_cuda/install/citysim/share/citysim-0/models/ocean/model.sdf
-- Installing: /home/muyangren907/autoware/autoware.ai/1.12.0_cuda/install/citysim/share/citysim-0/models/ocean/mesh_below.dae
-- Installing: /home/muyangren907/autoware/autoware.ai/1.12.0_cuda/install/citysim/share/citysim-0/worlds/citysim_gazebo7.world
-- Installing: /home/muyangren907/autoware/autoware.ai/1.12.0_cuda/install/citysim/share/citysim-0/worlds/citysim_gazebo9.world
-- Installing: /home/muyangren907/autoware/autoware.ai/1.12.0_cuda/install/citysim/share/citysim-0/worlds/rendering.world
-- Installing: /home/muyangren907/autoware/autoware.ai/1.12.0_cuda/install/citysim/share/citysim-0/worlds/simple_city.world
-- Installing: /home/muyangren907/autoware/autoware.ai/1.12.0_cuda/install/citysim/share/citysim-0/media/materials/scripts/Bloom2.compositor
-- Installing: /home/muyangren907/autoware/autoware.ai/1.12.0_cuda/install/citysim/share/citysim-0/media/materials/scripts/Bloom2.material
-- Installing: /home/muyangren907/autoware/autoware.ai/1.12.0_cuda/install/citysim/share/citysim-0/media/materials/scripts/StdQuad_vp.program
-- Installing: /home/muyangren907/autoware/autoware.ai/1.12.0_cuda/install/citysim/share/citysim-0/media/materials/scripts/citysim.material
-- Installing: /home/muyangren907/autoware/autoware.ai/1.12.0_cuda/install/citysim/share/citysim-0/media/materials/programs/Bloom2_ps20.glsl
-- Installing: /home/muyangren907/autoware/autoware.ai/1.12.0_cuda/install/citysim/share/citysim-0/media/materials/programs/BlurH_ps20.glsl
-- Installing: /home/muyangren907/autoware/autoware.ai/1.12.0_cuda/install/citysim/share/citysim-0/media/materials/programs/BlurV_ps20.glsl
-- Installing: /home/muyangren907/autoware/autoware.ai/1.12.0_cuda/install/citysim/share/citysim-0/media/materials/programs/Blur_vs.glsl
-- Installing: /home/muyangren907/autoware/autoware.ai/1.12.0_cuda/install/citysim/share/citysim-0/media/materials/programs/BrightBloom2_ps20.glsl
-- Installing: /home/muyangren907/autoware/autoware.ai/1.12.0_cuda/install/citysim/share/citysim-0/media/materials/programs/StdQuad_Tex2a_vp.glsl
-- Installing: /home/muyangren907/autoware/autoware.ai/1.12.0_cuda/install/citysim/share/citysim-0/media/materials/programs/StdQuad_vp.glsl
