Determining if the pthread_create exist failed with the following output:
Change Dir: /home/muyangren907/autoware/autoware.ai/1.12.0_cuda/build/custom_msgs/CMakeFiles/CMakeTmp

Run Build Command:"/usr/bin/make" "cmTC_1f149/fast"
/usr/bin/make -f CMakeFiles/cmTC_1f149.dir/build.make CMakeFiles/cmTC_1f149.dir/build
make[1]: Entering directory '/home/muyangren907/autoware/autoware.ai/1.12.0_cuda/build/custom_msgs/CMakeFiles/CMakeTmp'
Building C object CMakeFiles/cmTC_1f149.dir/CheckSymbolExists.c.o
/usr/bin/cc    -o CMakeFiles/cmTC_1f149.dir/CheckSymbolExists.c.o   -c /home/muyangren907/autoware/autoware.ai/1.12.0_cuda/build/custom_msgs/CMakeFiles/CMakeTmp/CheckSymbolExists.c
Linking C executable cmTC_1f149
/usr/local/lib/python2.7/dist-packages/cmake/data/bin/cmake -E cmake_link_script CMakeFiles/cmTC_1f149.dir/link.txt --verbose=1
/usr/bin/cc      -rdynamic CMakeFiles/cmTC_1f149.dir/CheckSymbolExists.c.o  -o cmTC_1f149 
CMakeFiles/cmTC_1f149.dir/CheckSymbolExists.c.o: In function `main':
CheckSymbolExists.c:(.text+0x1b): undefined reference to `pthread_create'
collect2: error: ld returned 1 exit status
CMakeFiles/cmTC_1f149.dir/build.make:86: recipe for target 'cmTC_1f149' failed
make[1]: *** [cmTC_1f149] Error 1
make[1]: Leaving directory '/home/muyangren907/autoware/autoware.ai/1.12.0_cuda/build/custom_msgs/CMakeFiles/CMakeTmp'
Makefile:121: recipe for target 'cmTC_1f149/fast' failed
make: *** [cmTC_1f149/fast] Error 2

File /home/muyangren907/autoware/autoware.ai/1.12.0_cuda/build/custom_msgs/CMakeFiles/CMakeTmp/CheckSymbolExists.c:
/* */
#include <pthread.h>

int main(int argc, char** argv)
{
  (void)argv;
#ifndef pthread_create
  return ((int*)(&pthread_create))[argc];
#else
  (void)argc;
  return 0;
#endif
}

Determining if the function pthread_create exists in the pthreads failed with the following output:
Change Dir: /home/muyangren907/autoware/autoware.ai/1.12.0_cuda/build/custom_msgs/CMakeFiles/CMakeTmp

Run Build Command:"/usr/bin/make" "cmTC_5ba6f/fast"
/usr/bin/make -f CMakeFiles/cmTC_5ba6f.dir/build.make CMakeFiles/cmTC_5ba6f.dir/build
make[1]: Entering directory '/home/muyangren907/autoware/autoware.ai/1.12.0_cuda/build/custom_msgs/CMakeFiles/CMakeTmp'
Building C object CMakeFiles/cmTC_5ba6f.dir/CheckFunctionExists.c.o
/usr/bin/cc   -DCHECK_FUNCTION_EXISTS=pthread_create   -o CMakeFiles/cmTC_5ba6f.dir/CheckFunctionExists.c.o   -c /usr/local/lib/python2.7/dist-packages/cmake/data/share/cmake-3.12/Modules/CheckFunctionExists.c
Linking C executable cmTC_5ba6f
/usr/local/lib/python2.7/dist-packages/cmake/data/bin/cmake -E cmake_link_script CMakeFiles/cmTC_5ba6f.dir/link.txt --verbose=1
/usr/bin/cc  -DCHECK_FUNCTION_EXISTS=pthread_create    -rdynamic CMakeFiles/cmTC_5ba6f.dir/CheckFunctionExists.c.o  -o cmTC_5ba6f -lpthreads 
/usr/bin/ld: cannot find -lpthreads
collect2: error: ld returned 1 exit status
CMakeFiles/cmTC_5ba6f.dir/build.make:86: recipe for target 'cmTC_5ba6f' failed
make[1]: *** [cmTC_5ba6f] Error 1
make[1]: Leaving directory '/home/muyangren907/autoware/autoware.ai/1.12.0_cuda/build/custom_msgs/CMakeFiles/CMakeTmp'
Makefile:121: recipe for target 'cmTC_5ba6f/fast' failed
make: *** [cmTC_5ba6f/fast] Error 2


