Determining if the pthread_create exist failed with the following output:
Change Dir: /home/myr907/autoware.ai/build/map_file/CMakeFiles/CMakeTmp

Run Build Command:"/usr/bin/make" "cmTC_df9a8/fast"
/usr/bin/make -f CMakeFiles/cmTC_df9a8.dir/build.make CMakeFiles/cmTC_df9a8.dir/build
make[1]: Entering directory '/home/myr907/autoware.ai/build/map_file/CMakeFiles/CMakeTmp'
Building C object CMakeFiles/cmTC_df9a8.dir/CheckSymbolExists.c.o
/usr/bin/cc    -o CMakeFiles/cmTC_df9a8.dir/CheckSymbolExists.c.o   -c /home/myr907/autoware.ai/build/map_file/CMakeFiles/CMakeTmp/CheckSymbolExists.c
Linking C executable cmTC_df9a8
/usr/local/lib/python2.7/dist-packages/cmake/data/bin/cmake -E cmake_link_script CMakeFiles/cmTC_df9a8.dir/link.txt --verbose=1
/usr/bin/cc      -rdynamic CMakeFiles/cmTC_df9a8.dir/CheckSymbolExists.c.o  -o cmTC_df9a8 
CMakeFiles/cmTC_df9a8.dir/CheckSymbolExists.c.o: In function `main':
CheckSymbolExists.c:(.text+0x1b): undefined reference to `pthread_create'
collect2: error: ld returned 1 exit status
CMakeFiles/cmTC_df9a8.dir/build.make:86: recipe for target 'cmTC_df9a8' failed
make[1]: *** [cmTC_df9a8] Error 1
make[1]: Leaving directory '/home/myr907/autoware.ai/build/map_file/CMakeFiles/CMakeTmp'
Makefile:121: recipe for target 'cmTC_df9a8/fast' failed
make: *** [cmTC_df9a8/fast] Error 2

File /home/myr907/autoware.ai/build/map_file/CMakeFiles/CMakeTmp/CheckSymbolExists.c:
/* */
#include <pthread.h>

int main(int argc, char** argv)
{
  (void)argv;
#ifndef pthread_create
  return ((int*)(&pthread_create))[argc];
#else
  (void)argc;
  return 0;
#endif
}

Determining if the function pthread_create exists in the pthreads failed with the following output:
Change Dir: /home/myr907/autoware.ai/build/map_file/CMakeFiles/CMakeTmp

Run Build Command:"/usr/bin/make" "cmTC_fad30/fast"
/usr/bin/make -f CMakeFiles/cmTC_fad30.dir/build.make CMakeFiles/cmTC_fad30.dir/build
make[1]: Entering directory '/home/myr907/autoware.ai/build/map_file/CMakeFiles/CMakeTmp'
Building C object CMakeFiles/cmTC_fad30.dir/CheckFunctionExists.c.o
/usr/bin/cc   -DCHECK_FUNCTION_EXISTS=pthread_create   -o CMakeFiles/cmTC_fad30.dir/CheckFunctionExists.c.o   -c /usr/local/lib/python2.7/dist-packages/cmake/data/share/cmake-3.12/Modules/CheckFunctionExists.c
Linking C executable cmTC_fad30
/usr/local/lib/python2.7/dist-packages/cmake/data/bin/cmake -E cmake_link_script CMakeFiles/cmTC_fad30.dir/link.txt --verbose=1
/usr/bin/cc  -DCHECK_FUNCTION_EXISTS=pthread_create    -rdynamic CMakeFiles/cmTC_fad30.dir/CheckFunctionExists.c.o  -o cmTC_fad30 -lpthreads 
/usr/bin/ld: cannot find -lpthreads
collect2: error: ld returned 1 exit status
CMakeFiles/cmTC_fad30.dir/build.make:86: recipe for target 'cmTC_fad30' failed
make[1]: *** [cmTC_fad30] Error 1
make[1]: Leaving directory '/home/myr907/autoware.ai/build/map_file/CMakeFiles/CMakeTmp'
Makefile:121: recipe for target 'cmTC_fad30/fast' failed
make: *** [cmTC_fad30/fast] Error 2


