Determining if the pthread_create exist failed with the following output:
Change Dir: /home/muyangren907/autoware/autoware.ai/1.12.0_cuda/build/op_ros_helpers/CMakeFiles/CMakeTmp

Run Build Command:"/usr/bin/make" "cmTC_171c2/fast"
/usr/bin/make -f CMakeFiles/cmTC_171c2.dir/build.make CMakeFiles/cmTC_171c2.dir/build
make[1]: Entering directory '/home/muyangren907/autoware/autoware.ai/1.12.0_cuda/build/op_ros_helpers/CMakeFiles/CMakeTmp'
Building C object CMakeFiles/cmTC_171c2.dir/CheckSymbolExists.c.o
/usr/bin/cc    -o CMakeFiles/cmTC_171c2.dir/CheckSymbolExists.c.o   -c /home/muyangren907/autoware/autoware.ai/1.12.0_cuda/build/op_ros_helpers/CMakeFiles/CMakeTmp/CheckSymbolExists.c
Linking C executable cmTC_171c2
/usr/local/lib/python2.7/dist-packages/cmake/data/bin/cmake -E cmake_link_script CMakeFiles/cmTC_171c2.dir/link.txt --verbose=1
/usr/bin/cc      -rdynamic CMakeFiles/cmTC_171c2.dir/CheckSymbolExists.c.o  -o cmTC_171c2 
CMakeFiles/cmTC_171c2.dir/CheckSymbolExists.c.o: In function `main':
CheckSymbolExists.c:(.text+0x1b): undefined reference to `pthread_create'
collect2: error: ld returned 1 exit status
CMakeFiles/cmTC_171c2.dir/build.make:86: recipe for target 'cmTC_171c2' failed
make[1]: *** [cmTC_171c2] Error 1
make[1]: Leaving directory '/home/muyangren907/autoware/autoware.ai/1.12.0_cuda/build/op_ros_helpers/CMakeFiles/CMakeTmp'
Makefile:121: recipe for target 'cmTC_171c2/fast' failed
make: *** [cmTC_171c2/fast] Error 2

File /home/muyangren907/autoware/autoware.ai/1.12.0_cuda/build/op_ros_helpers/CMakeFiles/CMakeTmp/CheckSymbolExists.c:
/* */
#include <pthread.h>

int main(int argc, char** argv)
{
  (void)argv;
#ifndef pthread_create
  return ((int*)(&pthread_create))[argc];
#else
  (void)argc;
  return 0;
#endif
}

Determining if the function pthread_create exists in the pthreads failed with the following output:
Change Dir: /home/muyangren907/autoware/autoware.ai/1.12.0_cuda/build/op_ros_helpers/CMakeFiles/CMakeTmp

Run Build Command:"/usr/bin/make" "cmTC_51918/fast"
/usr/bin/make -f CMakeFiles/cmTC_51918.dir/build.make CMakeFiles/cmTC_51918.dir/build
make[1]: Entering directory '/home/muyangren907/autoware/autoware.ai/1.12.0_cuda/build/op_ros_helpers/CMakeFiles/CMakeTmp'
Building C object CMakeFiles/cmTC_51918.dir/CheckFunctionExists.c.o
/usr/bin/cc   -DCHECK_FUNCTION_EXISTS=pthread_create   -o CMakeFiles/cmTC_51918.dir/CheckFunctionExists.c.o   -c /usr/local/lib/python2.7/dist-packages/cmake/data/share/cmake-3.12/Modules/CheckFunctionExists.c
Linking C executable cmTC_51918
/usr/local/lib/python2.7/dist-packages/cmake/data/bin/cmake -E cmake_link_script CMakeFiles/cmTC_51918.dir/link.txt --verbose=1
/usr/bin/cc  -DCHECK_FUNCTION_EXISTS=pthread_create    -rdynamic CMakeFiles/cmTC_51918.dir/CheckFunctionExists.c.o  -o cmTC_51918 -lpthreads 
/usr/bin/ld: cannot find -lpthreads
collect2: error: ld returned 1 exit status
CMakeFiles/cmTC_51918.dir/build.make:86: recipe for target 'cmTC_51918' failed
make[1]: *** [cmTC_51918] Error 1
make[1]: Leaving directory '/home/muyangren907/autoware/autoware.ai/1.12.0_cuda/build/op_ros_helpers/CMakeFiles/CMakeTmp'
Makefile:121: recipe for target 'cmTC_51918/fast' failed
make: *** [cmTC_51918/fast] Error 2


