[35m[1mScanning dependencies of target _sick_ldmrs_msgs_generate_messages_check_deps_ObjectArray[0m
[35m[1mScanning dependencies of target geometry_msgs_generate_messages_eus[0m
[  0%] Built target geometry_msgs_generate_messages_eus
[35m[1mScanning dependencies of target _sick_ldmrs_msgs_generate_messages_check_deps_Object[0m
[  0%] Built target _sick_ldmrs_msgs_generate_messages_check_deps_ObjectArray
[35m[1mScanning dependencies of target std_msgs_generate_messages_eus[0m
[  0%] Built target std_msgs_generate_messages_eus
[  0%] Built target _sick_ldmrs_msgs_generate_messages_check_deps_Object
[35m[1mScanning dependencies of target geometry_msgs_generate_messages_py[0m
[35m[1mScanning dependencies of target std_msgs_generate_messages_py[0m
[  0%] Built target geometry_msgs_generate_messages_py
[  0%] Built target std_msgs_generate_messages_py
[35m[1mScanning dependencies of target std_msgs_generate_messages_nodejs[0m
[35m[1mScanning dependencies of target geometry_msgs_generate_messages_nodejs[0m
[  0%] Built target std_msgs_generate_messages_nodejs
[  0%] Built target geometry_msgs_generate_messages_nodejs
[35m[1mScanning dependencies of target geometry_msgs_generate_messages_lisp[0m
[35m[1mScanning dependencies of target std_msgs_generate_messages_lisp[0m
[  0%] Built target geometry_msgs_generate_messages_lisp
[  0%] Built target std_msgs_generate_messages_lisp
[35m[1mScanning dependencies of target geometry_msgs_generate_messages_cpp[0m
[35m[1mScanning dependencies of target std_msgs_generate_messages_cpp[0m
[  0%] Built target geometry_msgs_generate_messages_cpp
[  0%] Built target std_msgs_generate_messages_cpp
[35m[1mScanning dependencies of target sick_ldmrs_msgs_generate_messages_eus[0m
[  8%] [34m[1mGenerating EusLisp code from sick_ldmrs_msgs/Object.msg[0m
[ 16%] [34m[1mGenerating EusLisp code from sick_ldmrs_msgs/ObjectArray.msg[0m
[ 25%] [34m[1mGenerating EusLisp manifest code for sick_ldmrs_msgs[0m
[35m[1mScanning dependencies of target sick_ldmrs_msgs_generate_messages_py[0m
[ 33%] [34m[1mGenerating Python from MSG sick_ldmrs_msgs/Object[0m
[ 41%] [34m[1mGenerating Python from MSG sick_ldmrs_msgs/ObjectArray[0m
[ 50%] [34m[1mGenerating Python msg __init__.py for sick_ldmrs_msgs[0m
[ 50%] Built target sick_ldmrs_msgs_generate_messages_py
[35m[1mScanning dependencies of target sick_ldmrs_msgs_generate_messages_nodejs[0m
[ 58%] [34m[1mGenerating Javascript code from sick_ldmrs_msgs/Object.msg[0m
[ 66%] [34m[1mGenerating Javascript code from sick_ldmrs_msgs/ObjectArray.msg[0m
[ 66%] Built target sick_ldmrs_msgs_generate_messages_nodejs
[35m[1mScanning dependencies of target sick_ldmrs_msgs_generate_messages_lisp[0m
[ 75%] [34m[1mGenerating Lisp code from sick_ldmrs_msgs/Object.msg[0m
[ 83%] [34m[1mGenerating Lisp code from sick_ldmrs_msgs/ObjectArray.msg[0m
[ 83%] Built target sick_ldmrs_msgs_generate_messages_lisp
[35m[1mScanning dependencies of target sick_ldmrs_msgs_generate_messages_cpp[0m
[ 91%] [34m[1mGenerating C++ code from sick_ldmrs_msgs/Object.msg[0m
[100%] [34m[1mGenerating C++ code from sick_ldmrs_msgs/ObjectArray.msg[0m
[100%] Built target sick_ldmrs_msgs_generate_messages_cpp
[100%] Built target sick_ldmrs_msgs_generate_messages_eus
[35m[1mScanning dependencies of target sick_ldmrs_msgs_generate_messages[0m
[100%] Built target sick_ldmrs_msgs_generate_messages
