Symlinking /home/myr907/autoware.ai/devel/share/sick_ldmrs_msgs/cmake/sick_ldmrs_msgs-msg-paths.cmake
Symlinking /home/myr907/autoware.ai/devel/share/sick_ldmrs_msgs/cmake/sick_ldmrs_msgsConfig.cmake
Symlinking /home/myr907/autoware.ai/devel/share/sick_ldmrs_msgs/cmake/sick_ldmrs_msgsConfig-version.cmake
Symlinking /home/myr907/autoware.ai/devel/share/sick_ldmrs_msgs/cmake/sick_ldmrs_msgs-msg-extras.cmake
Symlinking /home/myr907/autoware.ai/devel/share/roseus/ros/sick_ldmrs_msgs/manifest.l
Symlinking /home/myr907/autoware.ai/devel/share/roseus/ros/sick_ldmrs_msgs/msg/ObjectArray.l
Symlinking /home/myr907/autoware.ai/devel/share/roseus/ros/sick_ldmrs_msgs/msg/Object.l
Symlinking /home/myr907/autoware.ai/devel/share/common-lisp/ros/sick_ldmrs_msgs/msg/Object.lisp
Symlinking /home/myr907/autoware.ai/devel/share/common-lisp/ros/sick_ldmrs_msgs/msg/_package_ObjectArray.lisp
Symlinking /home/myr907/autoware.ai/devel/share/common-lisp/ros/sick_ldmrs_msgs/msg/_package_Object.lisp
Symlinking /home/myr907/autoware.ai/devel/share/common-lisp/ros/sick_ldmrs_msgs/msg/sick_ldmrs_msgs-msg.asd
Symlinking /home/myr907/autoware.ai/devel/share/common-lisp/ros/sick_ldmrs_msgs/msg/_package.lisp
Symlinking /home/myr907/autoware.ai/devel/share/common-lisp/ros/sick_ldmrs_msgs/msg/ObjectArray.lisp
Symlinking /home/myr907/autoware.ai/devel/share/gennodejs/ros/sick_ldmrs_msgs/_index.js
Symlinking /home/myr907/autoware.ai/devel/share/gennodejs/ros/sick_ldmrs_msgs/msg/_index.js
Symlinking /home/myr907/autoware.ai/devel/share/gennodejs/ros/sick_ldmrs_msgs/msg/ObjectArray.js
Symlinking /home/myr907/autoware.ai/devel/share/gennodejs/ros/sick_ldmrs_msgs/msg/Object.js
Symlinking /home/myr907/autoware.ai/devel/include/sick_ldmrs_msgs/Object.h
Symlinking /home/myr907/autoware.ai/devel/include/sick_ldmrs_msgs/ObjectArray.h
Symlinking /home/myr907/autoware.ai/devel/lib/pkgconfig/sick_ldmrs_msgs.pc
Symlinking /home/myr907/autoware.ai/devel/lib/python2.7/dist-packages/sick_ldmrs_msgs/__init__.py
Symlinking /home/myr907/autoware.ai/devel/lib/python2.7/dist-packages/sick_ldmrs_msgs/msg/__init__.py
Symlinking /home/myr907/autoware.ai/devel/lib/python2.7/dist-packages/sick_ldmrs_msgs/msg/_ObjectArray.py
Symlinking /home/myr907/autoware.ai/devel/lib/python2.7/dist-packages/sick_ldmrs_msgs/msg/_Object.py
