Determining if the pthread_create exist failed with the following output:
Change Dir: /home/myr907/autoware.ai/build/lidar_naive_l_shape_detect/CMakeFiles/CMakeTmp

Run Build Command:"/usr/bin/make" "cmTC_e6922/fast"
/usr/bin/make -f CMakeFiles/cmTC_e6922.dir/build.make CMakeFiles/cmTC_e6922.dir/build
make[1]: Entering directory '/home/myr907/autoware.ai/build/lidar_naive_l_shape_detect/CMakeFiles/CMakeTmp'
Building C object CMakeFiles/cmTC_e6922.dir/CheckSymbolExists.c.o
/usr/bin/cc    -o CMakeFiles/cmTC_e6922.dir/CheckSymbolExists.c.o   -c /home/myr907/autoware.ai/build/lidar_naive_l_shape_detect/CMakeFiles/CMakeTmp/CheckSymbolExists.c
Linking C executable cmTC_e6922
/usr/local/lib/python2.7/dist-packages/cmake/data/bin/cmake -E cmake_link_script CMakeFiles/cmTC_e6922.dir/link.txt --verbose=1
/usr/bin/cc      -rdynamic CMakeFiles/cmTC_e6922.dir/CheckSymbolExists.c.o  -o cmTC_e6922 
CMakeFiles/cmTC_e6922.dir/CheckSymbolExists.c.o: In function `main':
CheckSymbolExists.c:(.text+0x1b): undefined reference to `pthread_create'
collect2: error: ld returned 1 exit status
CMakeFiles/cmTC_e6922.dir/build.make:86: recipe for target 'cmTC_e6922' failed
make[1]: *** [cmTC_e6922] Error 1
make[1]: Leaving directory '/home/myr907/autoware.ai/build/lidar_naive_l_shape_detect/CMakeFiles/CMakeTmp'
Makefile:121: recipe for target 'cmTC_e6922/fast' failed
make: *** [cmTC_e6922/fast] Error 2

File /home/myr907/autoware.ai/build/lidar_naive_l_shape_detect/CMakeFiles/CMakeTmp/CheckSymbolExists.c:
/* */
#include <pthread.h>

int main(int argc, char** argv)
{
  (void)argv;
#ifndef pthread_create
  return ((int*)(&pthread_create))[argc];
#else
  (void)argc;
  return 0;
#endif
}

Determining if the function pthread_create exists in the pthreads failed with the following output:
Change Dir: /home/myr907/autoware.ai/build/lidar_naive_l_shape_detect/CMakeFiles/CMakeTmp

Run Build Command:"/usr/bin/make" "cmTC_ead8c/fast"
/usr/bin/make -f CMakeFiles/cmTC_ead8c.dir/build.make CMakeFiles/cmTC_ead8c.dir/build
make[1]: Entering directory '/home/myr907/autoware.ai/build/lidar_naive_l_shape_detect/CMakeFiles/CMakeTmp'
Building C object CMakeFiles/cmTC_ead8c.dir/CheckFunctionExists.c.o
/usr/bin/cc   -DCHECK_FUNCTION_EXISTS=pthread_create   -o CMakeFiles/cmTC_ead8c.dir/CheckFunctionExists.c.o   -c /usr/local/lib/python2.7/dist-packages/cmake/data/share/cmake-3.12/Modules/CheckFunctionExists.c
Linking C executable cmTC_ead8c
/usr/local/lib/python2.7/dist-packages/cmake/data/bin/cmake -E cmake_link_script CMakeFiles/cmTC_ead8c.dir/link.txt --verbose=1
/usr/bin/cc  -DCHECK_FUNCTION_EXISTS=pthread_create    -rdynamic CMakeFiles/cmTC_ead8c.dir/CheckFunctionExists.c.o  -o cmTC_ead8c -lpthreads 
/usr/bin/ld: cannot find -lpthreads
collect2: error: ld returned 1 exit status
CMakeFiles/cmTC_ead8c.dir/build.make:86: recipe for target 'cmTC_ead8c' failed
make[1]: *** [cmTC_ead8c] Error 1
make[1]: Leaving directory '/home/myr907/autoware.ai/build/lidar_naive_l_shape_detect/CMakeFiles/CMakeTmp'
Makefile:121: recipe for target 'cmTC_ead8c/fast' failed
make: *** [cmTC_ead8c/fast] Error 2


