Determining if the pthread_create exist failed with the following output:
Change Dir: /home/myr907/autoware.ai/build/vision_beyond_track/CMakeFiles/CMakeTmp

Run Build Command:"/usr/bin/make" "cmTC_40e9b/fast"
/usr/bin/make -f CMakeFiles/cmTC_40e9b.dir/build.make CMakeFiles/cmTC_40e9b.dir/build
make[1]: Entering directory '/home/myr907/autoware.ai/build/vision_beyond_track/CMakeFiles/CMakeTmp'
Building C object CMakeFiles/cmTC_40e9b.dir/CheckSymbolExists.c.o
/usr/bin/cc    -o CMakeFiles/cmTC_40e9b.dir/CheckSymbolExists.c.o   -c /home/myr907/autoware.ai/build/vision_beyond_track/CMakeFiles/CMakeTmp/CheckSymbolExists.c
Linking C executable cmTC_40e9b
/usr/local/lib/python2.7/dist-packages/cmake/data/bin/cmake -E cmake_link_script CMakeFiles/cmTC_40e9b.dir/link.txt --verbose=1
/usr/bin/cc      -rdynamic CMakeFiles/cmTC_40e9b.dir/CheckSymbolExists.c.o  -o cmTC_40e9b 
CMakeFiles/cmTC_40e9b.dir/CheckSymbolExists.c.o: In function `main':
CheckSymbolExists.c:(.text+0x1b): undefined reference to `pthread_create'
collect2: error: ld returned 1 exit status
CMakeFiles/cmTC_40e9b.dir/build.make:86: recipe for target 'cmTC_40e9b' failed
make[1]: *** [cmTC_40e9b] Error 1
make[1]: Leaving directory '/home/myr907/autoware.ai/build/vision_beyond_track/CMakeFiles/CMakeTmp'
Makefile:121: recipe for target 'cmTC_40e9b/fast' failed
make: *** [cmTC_40e9b/fast] Error 2

File /home/myr907/autoware.ai/build/vision_beyond_track/CMakeFiles/CMakeTmp/CheckSymbolExists.c:
/* */
#include <pthread.h>

int main(int argc, char** argv)
{
  (void)argv;
#ifndef pthread_create
  return ((int*)(&pthread_create))[argc];
#else
  (void)argc;
  return 0;
#endif
}

Determining if the function pthread_create exists in the pthreads failed with the following output:
Change Dir: /home/myr907/autoware.ai/build/vision_beyond_track/CMakeFiles/CMakeTmp

Run Build Command:"/usr/bin/make" "cmTC_a18f0/fast"
/usr/bin/make -f CMakeFiles/cmTC_a18f0.dir/build.make CMakeFiles/cmTC_a18f0.dir/build
make[1]: Entering directory '/home/myr907/autoware.ai/build/vision_beyond_track/CMakeFiles/CMakeTmp'
Building C object CMakeFiles/cmTC_a18f0.dir/CheckFunctionExists.c.o
/usr/bin/cc   -DCHECK_FUNCTION_EXISTS=pthread_create   -o CMakeFiles/cmTC_a18f0.dir/CheckFunctionExists.c.o   -c /usr/local/lib/python2.7/dist-packages/cmake/data/share/cmake-3.12/Modules/CheckFunctionExists.c
Linking C executable cmTC_a18f0
/usr/local/lib/python2.7/dist-packages/cmake/data/bin/cmake -E cmake_link_script CMakeFiles/cmTC_a18f0.dir/link.txt --verbose=1
/usr/bin/cc  -DCHECK_FUNCTION_EXISTS=pthread_create    -rdynamic CMakeFiles/cmTC_a18f0.dir/CheckFunctionExists.c.o  -o cmTC_a18f0 -lpthreads 
/usr/bin/ld: cannot find -lpthreads
collect2: error: ld returned 1 exit status
CMakeFiles/cmTC_a18f0.dir/build.make:86: recipe for target 'cmTC_a18f0' failed
make[1]: *** [cmTC_a18f0] Error 1
make[1]: Leaving directory '/home/myr907/autoware.ai/build/vision_beyond_track/CMakeFiles/CMakeTmp'
Makefile:121: recipe for target 'cmTC_a18f0/fast' failed
make: *** [cmTC_a18f0/fast] Error 2


