Determining if the pthread_create exist failed with the following output:
Change Dir: /home/muyangren907/autoware/autoware.ai/1.12.0_cuda/build/lidar_apollo_cnn_seg_detect/CMakeFiles/CMakeTmp

Run Build Command:"/usr/bin/make" "cmTC_17521/fast"
/usr/bin/make -f CMakeFiles/cmTC_17521.dir/build.make CMakeFiles/cmTC_17521.dir/build
make[1]: Entering directory '/home/muyangren907/autoware/autoware.ai/1.12.0_cuda/build/lidar_apollo_cnn_seg_detect/CMakeFiles/CMakeTmp'
Building C object CMakeFiles/cmTC_17521.dir/CheckSymbolExists.c.o
/usr/bin/cc    -o CMakeFiles/cmTC_17521.dir/CheckSymbolExists.c.o   -c /home/muyangren907/autoware/autoware.ai/1.12.0_cuda/build/lidar_apollo_cnn_seg_detect/CMakeFiles/CMakeTmp/CheckSymbolExists.c
Linking C executable cmTC_17521
/usr/local/lib/python2.7/dist-packages/cmake/data/bin/cmake -E cmake_link_script CMakeFiles/cmTC_17521.dir/link.txt --verbose=1
/usr/bin/cc      -rdynamic CMakeFiles/cmTC_17521.dir/CheckSymbolExists.c.o  -o cmTC_17521 
CMakeFiles/cmTC_17521.dir/CheckSymbolExists.c.o: In function `main':
CheckSymbolExists.c:(.text+0x1b): undefined reference to `pthread_create'
collect2: error: ld returned 1 exit status
CMakeFiles/cmTC_17521.dir/build.make:86: recipe for target 'cmTC_17521' failed
make[1]: *** [cmTC_17521] Error 1
make[1]: Leaving directory '/home/muyangren907/autoware/autoware.ai/1.12.0_cuda/build/lidar_apollo_cnn_seg_detect/CMakeFiles/CMakeTmp'
Makefile:121: recipe for target 'cmTC_17521/fast' failed
make: *** [cmTC_17521/fast] Error 2

File /home/muyangren907/autoware/autoware.ai/1.12.0_cuda/build/lidar_apollo_cnn_seg_detect/CMakeFiles/CMakeTmp/CheckSymbolExists.c:
/* */
#include <pthread.h>

int main(int argc, char** argv)
{
  (void)argv;
#ifndef pthread_create
  return ((int*)(&pthread_create))[argc];
#else
  (void)argc;
  return 0;
#endif
}

Determining if the function pthread_create exists in the pthreads failed with the following output:
Change Dir: /home/muyangren907/autoware/autoware.ai/1.12.0_cuda/build/lidar_apollo_cnn_seg_detect/CMakeFiles/CMakeTmp

Run Build Command:"/usr/bin/make" "cmTC_88228/fast"
/usr/bin/make -f CMakeFiles/cmTC_88228.dir/build.make CMakeFiles/cmTC_88228.dir/build
make[1]: Entering directory '/home/muyangren907/autoware/autoware.ai/1.12.0_cuda/build/lidar_apollo_cnn_seg_detect/CMakeFiles/CMakeTmp'
Building C object CMakeFiles/cmTC_88228.dir/CheckFunctionExists.c.o
/usr/bin/cc   -DCHECK_FUNCTION_EXISTS=pthread_create   -o CMakeFiles/cmTC_88228.dir/CheckFunctionExists.c.o   -c /usr/local/lib/python2.7/dist-packages/cmake/data/share/cmake-3.12/Modules/CheckFunctionExists.c
Linking C executable cmTC_88228
/usr/local/lib/python2.7/dist-packages/cmake/data/bin/cmake -E cmake_link_script CMakeFiles/cmTC_88228.dir/link.txt --verbose=1
/usr/bin/cc  -DCHECK_FUNCTION_EXISTS=pthread_create    -rdynamic CMakeFiles/cmTC_88228.dir/CheckFunctionExists.c.o  -o cmTC_88228 -lpthreads 
/usr/bin/ld: cannot find -lpthreads
collect2: error: ld returned 1 exit status
CMakeFiles/cmTC_88228.dir/build.make:86: recipe for target 'cmTC_88228' failed
make[1]: *** [cmTC_88228] Error 1
make[1]: Leaving directory '/home/muyangren907/autoware/autoware.ai/1.12.0_cuda/build/lidar_apollo_cnn_seg_detect/CMakeFiles/CMakeTmp'
Makefile:121: recipe for target 'cmTC_88228/fast' failed
make: *** [cmTC_88228/fast] Error 2


