Symlinking /home/myr907/autoware.ai/devel/share/vector_map_msgs/cmake/vector_map_msgs-msg-extras.cmake
Symlinking /home/myr907/autoware.ai/devel/share/vector_map_msgs/cmake/vector_map_msgs-msg-paths.cmake
Symlinking /home/myr907/autoware.ai/devel/share/vector_map_msgs/cmake/vector_map_msgsConfig-version.cmake
Symlinking /home/myr907/autoware.ai/devel/share/vector_map_msgs/cmake/vector_map_msgsConfig.cmake
Symlinking /home/myr907/autoware.ai/devel/share/roseus/ros/vector_map_msgs/manifest.l
Symlinking /home/myr907/autoware.ai/devel/share/roseus/ros/vector_map_msgs/msg/RailCrossing.l
Symlinking /home/myr907/autoware.ai/devel/share/roseus/ros/vector_map_msgs/msg/DriveOnPortionArray.l
Symlinking /home/myr907/autoware.ai/devel/share/roseus/ros/vector_map_msgs/msg/RailCrossingArray.l
Symlinking /home/myr907/autoware.ai/devel/share/roseus/ros/vector_map_msgs/msg/RoadPoleArray.l
Symlinking /home/myr907/autoware.ai/devel/share/roseus/ros/vector_map_msgs/msg/SideWalk.l
Symlinking /home/myr907/autoware.ai/devel/share/roseus/ros/vector_map_msgs/msg/GuardRailArray.l
Symlinking /home/myr907/autoware.ai/devel/share/roseus/ros/vector_map_msgs/msg/Vector.l
Symlinking /home/myr907/autoware.ai/devel/share/roseus/ros/vector_map_msgs/msg/StopLine.l
Symlinking /home/myr907/autoware.ai/devel/share/roseus/ros/vector_map_msgs/msg/BoxArray.l
Symlinking /home/myr907/autoware.ai/devel/share/roseus/ros/vector_map_msgs/msg/UtilityPole.l
Symlinking /home/myr907/autoware.ai/devel/share/roseus/ros/vector_map_msgs/msg/SideWalkArray.l
Symlinking /home/myr907/autoware.ai/devel/share/roseus/ros/vector_map_msgs/msg/RoadMarkArray.l
Symlinking /home/myr907/autoware.ai/devel/share/roseus/ros/vector_map_msgs/msg/CurveMirror.l
Symlinking /home/myr907/autoware.ai/devel/share/roseus/ros/vector_map_msgs/msg/SideStripArray.l
Symlinking /home/myr907/autoware.ai/devel/share/roseus/ros/vector_map_msgs/msg/RoadSign.l
Symlinking /home/myr907/autoware.ai/devel/share/roseus/ros/vector_map_msgs/msg/Lane.l
Symlinking /home/myr907/autoware.ai/devel/share/roseus/ros/vector_map_msgs/msg/CrossWalk.l
Symlinking /home/myr907/autoware.ai/devel/share/roseus/ros/vector_map_msgs/msg/WhiteLine.l
Symlinking /home/myr907/autoware.ai/devel/share/roseus/ros/vector_map_msgs/msg/DTLane.l
Symlinking /home/myr907/autoware.ai/devel/share/roseus/ros/vector_map_msgs/msg/RoadMark.l
Symlinking /home/myr907/autoware.ai/devel/share/roseus/ros/vector_map_msgs/msg/StreetLightArray.l
Symlinking /home/myr907/autoware.ai/devel/share/roseus/ros/vector_map_msgs/msg/Wall.l
Symlinking /home/myr907/autoware.ai/devel/share/roseus/ros/vector_map_msgs/msg/Area.l
Symlinking /home/myr907/autoware.ai/devel/share/roseus/ros/vector_map_msgs/msg/CrossRoadArray.l
Symlinking /home/myr907/autoware.ai/devel/share/roseus/ros/vector_map_msgs/msg/DriveOnPortion.l
Symlinking /home/myr907/autoware.ai/devel/share/roseus/ros/vector_map_msgs/msg/Line.l
Symlinking /home/myr907/autoware.ai/devel/share/roseus/ros/vector_map_msgs/msg/Box.l
Symlinking /home/myr907/autoware.ai/devel/share/roseus/ros/vector_map_msgs/msg/RoadEdgeArray.l
Symlinking /home/myr907/autoware.ai/devel/share/roseus/ros/vector_map_msgs/msg/StopLineArray.l
Symlinking /home/myr907/autoware.ai/devel/share/roseus/ros/vector_map_msgs/msg/PointArray.l
Symlinking /home/myr907/autoware.ai/devel/share/roseus/ros/vector_map_msgs/msg/CurbArray.l
Symlinking /home/myr907/autoware.ai/devel/share/roseus/ros/vector_map_msgs/msg/VectorArray.l
Symlinking /home/myr907/autoware.ai/devel/share/roseus/ros/vector_map_msgs/msg/GutterArray.l
Symlinking /home/myr907/autoware.ai/devel/share/roseus/ros/vector_map_msgs/msg/LaneArray.l
Symlinking /home/myr907/autoware.ai/devel/share/roseus/ros/vector_map_msgs/msg/WayAreaArray.l
Symlinking /home/myr907/autoware.ai/devel/share/roseus/ros/vector_map_msgs/msg/LineArray.l
Symlinking /home/myr907/autoware.ai/devel/share/roseus/ros/vector_map_msgs/msg/AreaArray.l
Symlinking /home/myr907/autoware.ai/devel/share/roseus/ros/vector_map_msgs/msg/ZebraZoneArray.l
Symlinking /home/myr907/autoware.ai/devel/share/roseus/ros/vector_map_msgs/msg/Fence.l
Symlinking /home/myr907/autoware.ai/devel/share/roseus/ros/vector_map_msgs/msg/ZebraZone.l
Symlinking /home/myr907/autoware.ai/devel/share/roseus/ros/vector_map_msgs/msg/FenceArray.l
Symlinking /home/myr907/autoware.ai/devel/share/roseus/ros/vector_map_msgs/msg/WayArea.l
Symlinking /home/myr907/autoware.ai/devel/share/roseus/ros/vector_map_msgs/msg/RoadSignArray.l
Symlinking /home/myr907/autoware.ai/devel/share/roseus/ros/vector_map_msgs/msg/SideStrip.l
Symlinking /home/myr907/autoware.ai/devel/share/roseus/ros/vector_map_msgs/msg/WhiteLineArray.l
Symlinking /home/myr907/autoware.ai/devel/share/roseus/ros/vector_map_msgs/msg/Point.l
Symlinking /home/myr907/autoware.ai/devel/share/roseus/ros/vector_map_msgs/msg/UtilityPoleArray.l
Symlinking /home/myr907/autoware.ai/devel/share/roseus/ros/vector_map_msgs/msg/Node.l
Symlinking /home/myr907/autoware.ai/devel/share/roseus/ros/vector_map_msgs/msg/Gutter.l
Symlinking /home/myr907/autoware.ai/devel/share/roseus/ros/vector_map_msgs/msg/PoleArray.l
Symlinking /home/myr907/autoware.ai/devel/share/roseus/ros/vector_map_msgs/msg/SignalArray.l
Symlinking /home/myr907/autoware.ai/devel/share/roseus/ros/vector_map_msgs/msg/GuardRail.l
Symlinking /home/myr907/autoware.ai/devel/share/roseus/ros/vector_map_msgs/msg/RoadEdge.l
Symlinking /home/myr907/autoware.ai/devel/share/roseus/ros/vector_map_msgs/msg/CrossRoad.l
Symlinking /home/myr907/autoware.ai/devel/share/roseus/ros/vector_map_msgs/msg/RoadPole.l
Symlinking /home/myr907/autoware.ai/devel/share/roseus/ros/vector_map_msgs/msg/Signal.l
Symlinking /home/myr907/autoware.ai/devel/share/roseus/ros/vector_map_msgs/msg/DTLaneArray.l
Symlinking /home/myr907/autoware.ai/devel/share/roseus/ros/vector_map_msgs/msg/StreetLight.l
Symlinking /home/myr907/autoware.ai/devel/share/roseus/ros/vector_map_msgs/msg/Curb.l
Symlinking /home/myr907/autoware.ai/devel/share/roseus/ros/vector_map_msgs/msg/CurveMirrorArray.l
Symlinking /home/myr907/autoware.ai/devel/share/roseus/ros/vector_map_msgs/msg/CrossWalkArray.l
Symlinking /home/myr907/autoware.ai/devel/share/roseus/ros/vector_map_msgs/msg/Pole.l
Symlinking /home/myr907/autoware.ai/devel/share/roseus/ros/vector_map_msgs/msg/WallArray.l
Symlinking /home/myr907/autoware.ai/devel/share/roseus/ros/vector_map_msgs/msg/NodeArray.l
Symlinking /home/myr907/autoware.ai/devel/share/common-lisp/ros/vector_map_msgs/msg/CrossRoad.lisp
Symlinking /home/myr907/autoware.ai/devel/share/common-lisp/ros/vector_map_msgs/msg/_package_RoadMarkArray.lisp
Symlinking /home/myr907/autoware.ai/devel/share/common-lisp/ros/vector_map_msgs/msg/RoadPoleArray.lisp
Symlinking /home/myr907/autoware.ai/devel/share/common-lisp/ros/vector_map_msgs/msg/_package_VectorArray.lisp
Symlinking /home/myr907/autoware.ai/devel/share/common-lisp/ros/vector_map_msgs/msg/_package_Pole.lisp
Symlinking /home/myr907/autoware.ai/devel/share/common-lisp/ros/vector_map_msgs/msg/_package_SideWalkArray.lisp
Symlinking /home/myr907/autoware.ai/devel/share/common-lisp/ros/vector_map_msgs/msg/_package_RoadPoleArray.lisp
Symlinking /home/myr907/autoware.ai/devel/share/common-lisp/ros/vector_map_msgs/msg/_package_Fence.lisp
Symlinking /home/myr907/autoware.ai/devel/share/common-lisp/ros/vector_map_msgs/msg/_package_CurveMirrorArray.lisp
Symlinking /home/myr907/autoware.ai/devel/share/common-lisp/ros/vector_map_msgs/msg/RoadMark.lisp
Symlinking /home/myr907/autoware.ai/devel/share/common-lisp/ros/vector_map_msgs/msg/RoadSign.lisp
Symlinking /home/myr907/autoware.ai/devel/share/common-lisp/ros/vector_map_msgs/msg/_package_DriveOnPortionArray.lisp
Symlinking /home/myr907/autoware.ai/devel/share/common-lisp/ros/vector_map_msgs/msg/GutterArray.lisp
Symlinking /home/myr907/autoware.ai/devel/share/common-lisp/ros/vector_map_msgs/msg/_package_StreetLightArray.lisp
Symlinking /home/myr907/autoware.ai/devel/share/common-lisp/ros/vector_map_msgs/msg/Signal.lisp
Symlinking /home/myr907/autoware.ai/devel/share/common-lisp/ros/vector_map_msgs/msg/Curb.lisp
Symlinking /home/myr907/autoware.ai/devel/share/common-lisp/ros/vector_map_msgs/msg/ZebraZoneArray.lisp
Symlinking /home/myr907/autoware.ai/devel/share/common-lisp/ros/vector_map_msgs/msg/PointArray.lisp
Symlinking /home/myr907/autoware.ai/devel/share/common-lisp/ros/vector_map_msgs/msg/_package_DTLane.lisp
Symlinking /home/myr907/autoware.ai/devel/share/common-lisp/ros/vector_map_msgs/msg/_package_RailCrossing.lisp
Symlinking /home/myr907/autoware.ai/devel/share/common-lisp/ros/vector_map_msgs/msg/Line.lisp
Symlinking /home/myr907/autoware.ai/devel/share/common-lisp/ros/vector_map_msgs/msg/_package_PointArray.lisp
Symlinking /home/myr907/autoware.ai/devel/share/common-lisp/ros/vector_map_msgs/msg/_package_RoadEdge.lisp
Symlinking /home/myr907/autoware.ai/devel/share/common-lisp/ros/vector_map_msgs/msg/Box.lisp
Symlinking /home/myr907/autoware.ai/devel/share/common-lisp/ros/vector_map_msgs/msg/_package_DriveOnPortion.lisp
Symlinking /home/myr907/autoware.ai/devel/share/common-lisp/ros/vector_map_msgs/msg/Point.lisp
Symlinking /home/myr907/autoware.ai/devel/share/common-lisp/ros/vector_map_msgs/msg/AreaArray.lisp
Symlinking /home/myr907/autoware.ai/devel/share/common-lisp/ros/vector_map_msgs/msg/Lane.lisp
Symlinking /home/myr907/autoware.ai/devel/share/common-lisp/ros/vector_map_msgs/msg/_package_StopLine.lisp
Symlinking /home/myr907/autoware.ai/devel/share/common-lisp/ros/vector_map_msgs/msg/_package_SignalArray.lisp
Symlinking /home/myr907/autoware.ai/devel/share/common-lisp/ros/vector_map_msgs/msg/_package_PoleArray.lisp
Symlinking /home/myr907/autoware.ai/devel/share/common-lisp/ros/vector_map_msgs/msg/StopLineArray.lisp
Symlinking /home/myr907/autoware.ai/devel/share/common-lisp/ros/vector_map_msgs/msg/WayAreaArray.lisp
Symlinking /home/myr907/autoware.ai/devel/share/common-lisp/ros/vector_map_msgs/msg/VectorArray.lisp
Symlinking /home/myr907/autoware.ai/devel/share/common-lisp/ros/vector_map_msgs/msg/_package_SideStrip.lisp
Symlinking /home/myr907/autoware.ai/devel/share/common-lisp/ros/vector_map_msgs/msg/Gutter.lisp
Symlinking /home/myr907/autoware.ai/devel/share/common-lisp/ros/vector_map_msgs/msg/Node.lisp
Symlinking /home/myr907/autoware.ai/devel/share/common-lisp/ros/vector_map_msgs/msg/_package_Node.lisp
Symlinking /home/myr907/autoware.ai/devel/share/common-lisp/ros/vector_map_msgs/msg/Vector.lisp
Symlinking /home/myr907/autoware.ai/devel/share/common-lisp/ros/vector_map_msgs/msg/_package_ZebraZoneArray.lisp
Symlinking /home/myr907/autoware.ai/devel/share/common-lisp/ros/vector_map_msgs/msg/_package_StopLineArray.lisp
Symlinking /home/myr907/autoware.ai/devel/share/common-lisp/ros/vector_map_msgs/msg/SideStrip.lisp
Symlinking /home/myr907/autoware.ai/devel/share/common-lisp/ros/vector_map_msgs/msg/_package_RoadMark.lisp
Symlinking /home/myr907/autoware.ai/devel/share/common-lisp/ros/vector_map_msgs/msg/_package_Box.lisp
Symlinking /home/myr907/autoware.ai/devel/share/common-lisp/ros/vector_map_msgs/msg/UtilityPole.lisp
Symlinking /home/myr907/autoware.ai/devel/share/common-lisp/ros/vector_map_msgs/msg/_package_NodeArray.lisp
Symlinking /home/myr907/autoware.ai/devel/share/common-lisp/ros/vector_map_msgs/msg/_package_RoadPole.lisp
Symlinking /home/myr907/autoware.ai/devel/share/common-lisp/ros/vector_map_msgs/msg/CurbArray.lisp
Symlinking /home/myr907/autoware.ai/devel/share/common-lisp/ros/vector_map_msgs/msg/SignalArray.lisp
Symlinking /home/myr907/autoware.ai/devel/share/common-lisp/ros/vector_map_msgs/msg/_package_RoadSign.lisp
Symlinking /home/myr907/autoware.ai/devel/share/common-lisp/ros/vector_map_msgs/msg/GuardRailArray.lisp
Symlinking /home/myr907/autoware.ai/devel/share/common-lisp/ros/vector_map_msgs/msg/_package_Vector.lisp
Symlinking /home/myr907/autoware.ai/devel/share/common-lisp/ros/vector_map_msgs/msg/UtilityPoleArray.lisp
Symlinking /home/myr907/autoware.ai/devel/share/common-lisp/ros/vector_map_msgs/msg/CurveMirrorArray.lisp
Symlinking /home/myr907/autoware.ai/devel/share/common-lisp/ros/vector_map_msgs/msg/_package_UtilityPole.lisp
Symlinking /home/myr907/autoware.ai/devel/share/common-lisp/ros/vector_map_msgs/msg/_package_Signal.lisp
Symlinking /home/myr907/autoware.ai/devel/share/common-lisp/ros/vector_map_msgs/msg/ZebraZone.lisp
Symlinking /home/myr907/autoware.ai/devel/share/common-lisp/ros/vector_map_msgs/msg/SideWalk.lisp
Symlinking /home/myr907/autoware.ai/devel/share/common-lisp/ros/vector_map_msgs/msg/CrossRoadArray.lisp
Symlinking /home/myr907/autoware.ai/devel/share/common-lisp/ros/vector_map_msgs/msg/RailCrossingArray.lisp
Symlinking /home/myr907/autoware.ai/devel/share/common-lisp/ros/vector_map_msgs/msg/BoxArray.lisp
Symlinking /home/myr907/autoware.ai/devel/share/common-lisp/ros/vector_map_msgs/msg/CurveMirror.lisp
Symlinking /home/myr907/autoware.ai/devel/share/common-lisp/ros/vector_map_msgs/msg/DTLaneArray.lisp
Symlinking /home/myr907/autoware.ai/devel/share/common-lisp/ros/vector_map_msgs/msg/DriveOnPortion.lisp
Symlinking /home/myr907/autoware.ai/devel/share/common-lisp/ros/vector_map_msgs/msg/DTLane.lisp
Symlinking /home/myr907/autoware.ai/devel/share/common-lisp/ros/vector_map_msgs/msg/DriveOnPortionArray.lisp
Symlinking /home/myr907/autoware.ai/devel/share/common-lisp/ros/vector_map_msgs/msg/_package_WayArea.lisp
Symlinking /home/myr907/autoware.ai/devel/share/common-lisp/ros/vector_map_msgs/msg/RoadPole.lisp
Symlinking /home/myr907/autoware.ai/devel/share/common-lisp/ros/vector_map_msgs/msg/WayArea.lisp
Symlinking /home/myr907/autoware.ai/devel/share/common-lisp/ros/vector_map_msgs/msg/_package_Lane.lisp
Symlinking /home/myr907/autoware.ai/devel/share/common-lisp/ros/vector_map_msgs/msg/_package_CrossRoad.lisp
Symlinking /home/myr907/autoware.ai/devel/share/common-lisp/ros/vector_map_msgs/msg/_package_GuardRailArray.lisp
Symlinking /home/myr907/autoware.ai/devel/share/common-lisp/ros/vector_map_msgs/msg/_package_RoadSignArray.lisp
Symlinking /home/myr907/autoware.ai/devel/share/common-lisp/ros/vector_map_msgs/msg/_package_GutterArray.lisp
Symlinking /home/myr907/autoware.ai/devel/share/common-lisp/ros/vector_map_msgs/msg/WhiteLineArray.lisp
Symlinking /home/myr907/autoware.ai/devel/share/common-lisp/ros/vector_map_msgs/msg/Area.lisp
Symlinking /home/myr907/autoware.ai/devel/share/common-lisp/ros/vector_map_msgs/msg/_package_CrossWalk.lisp
Symlinking /home/myr907/autoware.ai/devel/share/common-lisp/ros/vector_map_msgs/msg/SideWalkArray.lisp
Symlinking /home/myr907/autoware.ai/devel/share/common-lisp/ros/vector_map_msgs/msg/_package_LaneArray.lisp
Symlinking /home/myr907/autoware.ai/devel/share/common-lisp/ros/vector_map_msgs/msg/RoadEdge.lisp
Symlinking /home/myr907/autoware.ai/devel/share/common-lisp/ros/vector_map_msgs/msg/_package_RailCrossingArray.lisp
Symlinking /home/myr907/autoware.ai/devel/share/common-lisp/ros/vector_map_msgs/msg/SideStripArray.lisp
Symlinking /home/myr907/autoware.ai/devel/share/common-lisp/ros/vector_map_msgs/msg/Fence.lisp
Symlinking /home/myr907/autoware.ai/devel/share/common-lisp/ros/vector_map_msgs/msg/_package_WhiteLineArray.lisp
Symlinking /home/myr907/autoware.ai/devel/share/common-lisp/ros/vector_map_msgs/msg/_package_UtilityPoleArray.lisp
Symlinking /home/myr907/autoware.ai/devel/share/common-lisp/ros/vector_map_msgs/msg/_package_WhiteLine.lisp
Symlinking /home/myr907/autoware.ai/devel/share/common-lisp/ros/vector_map_msgs/msg/_package_WayAreaArray.lisp
Symlinking /home/myr907/autoware.ai/devel/share/common-lisp/ros/vector_map_msgs/msg/LineArray.lisp
Symlinking /home/myr907/autoware.ai/devel/share/common-lisp/ros/vector_map_msgs/msg/_package_CurveMirror.lisp
Symlinking /home/myr907/autoware.ai/devel/share/common-lisp/ros/vector_map_msgs/msg/_package_AreaArray.lisp
Symlinking /home/myr907/autoware.ai/devel/share/common-lisp/ros/vector_map_msgs/msg/_package_RoadEdgeArray.lisp
Symlinking /home/myr907/autoware.ai/devel/share/common-lisp/ros/vector_map_msgs/msg/_package_Curb.lisp
Symlinking /home/myr907/autoware.ai/devel/share/common-lisp/ros/vector_map_msgs/msg/RoadEdgeArray.lisp
Symlinking /home/myr907/autoware.ai/devel/share/common-lisp/ros/vector_map_msgs/msg/_package_CurbArray.lisp
Symlinking /home/myr907/autoware.ai/devel/share/common-lisp/ros/vector_map_msgs/msg/StreetLight.lisp
Symlinking /home/myr907/autoware.ai/devel/share/common-lisp/ros/vector_map_msgs/msg/_package_Wall.lisp
Symlinking /home/myr907/autoware.ai/devel/share/common-lisp/ros/vector_map_msgs/msg/_package_Point.lisp
Symlinking /home/myr907/autoware.ai/devel/share/common-lisp/ros/vector_map_msgs/msg/RailCrossing.lisp
Symlinking /home/myr907/autoware.ai/devel/share/common-lisp/ros/vector_map_msgs/msg/_package_ZebraZone.lisp
Symlinking /home/myr907/autoware.ai/devel/share/common-lisp/ros/vector_map_msgs/msg/StreetLightArray.lisp
Symlinking /home/myr907/autoware.ai/devel/share/common-lisp/ros/vector_map_msgs/msg/_package_Gutter.lisp
Symlinking /home/myr907/autoware.ai/devel/share/common-lisp/ros/vector_map_msgs/msg/_package_FenceArray.lisp
Symlinking /home/myr907/autoware.ai/devel/share/common-lisp/ros/vector_map_msgs/msg/_package_SideStripArray.lisp
Symlinking /home/myr907/autoware.ai/devel/share/common-lisp/ros/vector_map_msgs/msg/_package_WallArray.lisp
Symlinking /home/myr907/autoware.ai/devel/share/common-lisp/ros/vector_map_msgs/msg/_package_Area.lisp
Symlinking /home/myr907/autoware.ai/devel/share/common-lisp/ros/vector_map_msgs/msg/_package_DTLaneArray.lisp
Symlinking /home/myr907/autoware.ai/devel/share/common-lisp/ros/vector_map_msgs/msg/CrossWalkArray.lisp
Symlinking /home/myr907/autoware.ai/devel/share/common-lisp/ros/vector_map_msgs/msg/_package_SideWalk.lisp
Symlinking /home/myr907/autoware.ai/devel/share/common-lisp/ros/vector_map_msgs/msg/_package_GuardRail.lisp
Symlinking /home/myr907/autoware.ai/devel/share/common-lisp/ros/vector_map_msgs/msg/Pole.lisp
Symlinking /home/myr907/autoware.ai/devel/share/common-lisp/ros/vector_map_msgs/msg/CrossWalk.lisp
Symlinking /home/myr907/autoware.ai/devel/share/common-lisp/ros/vector_map_msgs/msg/vector_map_msgs-msg.asd
Symlinking /home/myr907/autoware.ai/devel/share/common-lisp/ros/vector_map_msgs/msg/FenceArray.lisp
Symlinking /home/myr907/autoware.ai/devel/share/common-lisp/ros/vector_map_msgs/msg/_package_CrossWalkArray.lisp
Symlinking /home/myr907/autoware.ai/devel/share/common-lisp/ros/vector_map_msgs/msg/NodeArray.lisp
Symlinking /home/myr907/autoware.ai/devel/share/common-lisp/ros/vector_map_msgs/msg/WallArray.lisp
Symlinking /home/myr907/autoware.ai/devel/share/common-lisp/ros/vector_map_msgs/msg/RoadSignArray.lisp
Symlinking /home/myr907/autoware.ai/devel/share/common-lisp/ros/vector_map_msgs/msg/WhiteLine.lisp
Symlinking /home/myr907/autoware.ai/devel/share/common-lisp/ros/vector_map_msgs/msg/PoleArray.lisp
Symlinking /home/myr907/autoware.ai/devel/share/common-lisp/ros/vector_map_msgs/msg/_package_CrossRoadArray.lisp
Symlinking /home/myr907/autoware.ai/devel/share/common-lisp/ros/vector_map_msgs/msg/GuardRail.lisp
Symlinking /home/myr907/autoware.ai/devel/share/common-lisp/ros/vector_map_msgs/msg/_package.lisp
Symlinking /home/myr907/autoware.ai/devel/share/common-lisp/ros/vector_map_msgs/msg/_package_Line.lisp
Symlinking /home/myr907/autoware.ai/devel/share/common-lisp/ros/vector_map_msgs/msg/LaneArray.lisp
Symlinking /home/myr907/autoware.ai/devel/share/common-lisp/ros/vector_map_msgs/msg/_package_StreetLight.lisp
Symlinking /home/myr907/autoware.ai/devel/share/common-lisp/ros/vector_map_msgs/msg/RoadMarkArray.lisp
Symlinking /home/myr907/autoware.ai/devel/share/common-lisp/ros/vector_map_msgs/msg/Wall.lisp
Symlinking /home/myr907/autoware.ai/devel/share/common-lisp/ros/vector_map_msgs/msg/_package_BoxArray.lisp
Symlinking /home/myr907/autoware.ai/devel/share/common-lisp/ros/vector_map_msgs/msg/_package_LineArray.lisp
Symlinking /home/myr907/autoware.ai/devel/share/common-lisp/ros/vector_map_msgs/msg/StopLine.lisp
Symlinking /home/myr907/autoware.ai/devel/share/gennodejs/ros/vector_map_msgs/_index.js
Symlinking /home/myr907/autoware.ai/devel/share/gennodejs/ros/vector_map_msgs/msg/Box.js
Symlinking /home/myr907/autoware.ai/devel/share/gennodejs/ros/vector_map_msgs/msg/RoadPoleArray.js
Symlinking /home/myr907/autoware.ai/devel/share/gennodejs/ros/vector_map_msgs/msg/Pole.js
Symlinking /home/myr907/autoware.ai/devel/share/gennodejs/ros/vector_map_msgs/msg/Area.js
Symlinking /home/myr907/autoware.ai/devel/share/gennodejs/ros/vector_map_msgs/msg/RoadMarkArray.js
Symlinking /home/myr907/autoware.ai/devel/share/gennodejs/ros/vector_map_msgs/msg/DriveOnPortion.js
Symlinking /home/myr907/autoware.ai/devel/share/gennodejs/ros/vector_map_msgs/msg/WhiteLine.js
Symlinking /home/myr907/autoware.ai/devel/share/gennodejs/ros/vector_map_msgs/msg/RoadEdge.js
Symlinking /home/myr907/autoware.ai/devel/share/gennodejs/ros/vector_map_msgs/msg/WayArea.js
Symlinking /home/myr907/autoware.ai/devel/share/gennodejs/ros/vector_map_msgs/msg/StreetLight.js
Symlinking /home/myr907/autoware.ai/devel/share/gennodejs/ros/vector_map_msgs/msg/StopLine.js
Symlinking /home/myr907/autoware.ai/devel/share/gennodejs/ros/vector_map_msgs/msg/RailCrossing.js
Symlinking /home/myr907/autoware.ai/devel/share/gennodejs/ros/vector_map_msgs/msg/Lane.js
Symlinking /home/myr907/autoware.ai/devel/share/gennodejs/ros/vector_map_msgs/msg/LineArray.js
Symlinking /home/myr907/autoware.ai/devel/share/gennodejs/ros/vector_map_msgs/msg/AreaArray.js
Symlinking /home/myr907/autoware.ai/devel/share/gennodejs/ros/vector_map_msgs/msg/GutterArray.js
Symlinking /home/myr907/autoware.ai/devel/share/gennodejs/ros/vector_map_msgs/msg/RoadSignArray.js
Symlinking /home/myr907/autoware.ai/devel/share/gennodejs/ros/vector_map_msgs/msg/ZebraZoneArray.js
Symlinking /home/myr907/autoware.ai/devel/share/gennodejs/ros/vector_map_msgs/msg/Curb.js
Symlinking /home/myr907/autoware.ai/devel/share/gennodejs/ros/vector_map_msgs/msg/UtilityPole.js
Symlinking /home/myr907/autoware.ai/devel/share/gennodejs/ros/vector_map_msgs/msg/CurbArray.js
Symlinking /home/myr907/autoware.ai/devel/share/gennodejs/ros/vector_map_msgs/msg/Vector.js
Symlinking /home/myr907/autoware.ai/devel/share/gennodejs/ros/vector_map_msgs/msg/Point.js
Symlinking /home/myr907/autoware.ai/devel/share/gennodejs/ros/vector_map_msgs/msg/Node.js
Symlinking /home/myr907/autoware.ai/devel/share/gennodejs/ros/vector_map_msgs/msg/PointArray.js
Symlinking /home/myr907/autoware.ai/devel/share/gennodejs/ros/vector_map_msgs/msg/Gutter.js
Symlinking /home/myr907/autoware.ai/devel/share/gennodejs/ros/vector_map_msgs/msg/SideStrip.js
Symlinking /home/myr907/autoware.ai/devel/share/gennodejs/ros/vector_map_msgs/msg/CrossRoad.js
Symlinking /home/myr907/autoware.ai/devel/share/gennodejs/ros/vector_map_msgs/msg/_index.js
Symlinking /home/myr907/autoware.ai/devel/share/gennodejs/ros/vector_map_msgs/msg/UtilityPoleArray.js
Symlinking /home/myr907/autoware.ai/devel/share/gennodejs/ros/vector_map_msgs/msg/LaneArray.js
Symlinking /home/myr907/autoware.ai/devel/share/gennodejs/ros/vector_map_msgs/msg/CurveMirror.js
Symlinking /home/myr907/autoware.ai/devel/share/gennodejs/ros/vector_map_msgs/msg/BoxArray.js
Symlinking /home/myr907/autoware.ai/devel/share/gennodejs/ros/vector_map_msgs/msg/CrossWalkArray.js
Symlinking /home/myr907/autoware.ai/devel/share/gennodejs/ros/vector_map_msgs/msg/DTLane.js
Symlinking /home/myr907/autoware.ai/devel/share/gennodejs/ros/vector_map_msgs/msg/ZebraZone.js
Symlinking /home/myr907/autoware.ai/devel/share/gennodejs/ros/vector_map_msgs/msg/StreetLightArray.js
Symlinking /home/myr907/autoware.ai/devel/share/gennodejs/ros/vector_map_msgs/msg/RoadSign.js
Symlinking /home/myr907/autoware.ai/devel/share/gennodejs/ros/vector_map_msgs/msg/PoleArray.js
Symlinking /home/myr907/autoware.ai/devel/share/gennodejs/ros/vector_map_msgs/msg/CrossRoadArray.js
Symlinking /home/myr907/autoware.ai/devel/share/gennodejs/ros/vector_map_msgs/msg/DriveOnPortionArray.js
Symlinking /home/myr907/autoware.ai/devel/share/gennodejs/ros/vector_map_msgs/msg/RoadMark.js
Symlinking /home/myr907/autoware.ai/devel/share/gennodejs/ros/vector_map_msgs/msg/RoadEdgeArray.js
Symlinking /home/myr907/autoware.ai/devel/share/gennodejs/ros/vector_map_msgs/msg/GuardRailArray.js
Symlinking /home/myr907/autoware.ai/devel/share/gennodejs/ros/vector_map_msgs/msg/SideWalkArray.js
Symlinking /home/myr907/autoware.ai/devel/share/gennodejs/ros/vector_map_msgs/msg/SideStripArray.js
Symlinking /home/myr907/autoware.ai/devel/share/gennodejs/ros/vector_map_msgs/msg/Signal.js
Symlinking /home/myr907/autoware.ai/devel/share/gennodejs/ros/vector_map_msgs/msg/SignalArray.js
Symlinking /home/myr907/autoware.ai/devel/share/gennodejs/ros/vector_map_msgs/msg/StopLineArray.js
Symlinking /home/myr907/autoware.ai/devel/share/gennodejs/ros/vector_map_msgs/msg/SideWalk.js
Symlinking /home/myr907/autoware.ai/devel/share/gennodejs/ros/vector_map_msgs/msg/GuardRail.js
Symlinking /home/myr907/autoware.ai/devel/share/gennodejs/ros/vector_map_msgs/msg/WhiteLineArray.js
Symlinking /home/myr907/autoware.ai/devel/share/gennodejs/ros/vector_map_msgs/msg/VectorArray.js
Symlinking /home/myr907/autoware.ai/devel/share/gennodejs/ros/vector_map_msgs/msg/RailCrossingArray.js
Symlinking /home/myr907/autoware.ai/devel/share/gennodejs/ros/vector_map_msgs/msg/DTLaneArray.js
Symlinking /home/myr907/autoware.ai/devel/share/gennodejs/ros/vector_map_msgs/msg/Wall.js
Symlinking /home/myr907/autoware.ai/devel/share/gennodejs/ros/vector_map_msgs/msg/WayAreaArray.js
Symlinking /home/myr907/autoware.ai/devel/share/gennodejs/ros/vector_map_msgs/msg/RoadPole.js
Symlinking /home/myr907/autoware.ai/devel/share/gennodejs/ros/vector_map_msgs/msg/Fence.js
Symlinking /home/myr907/autoware.ai/devel/share/gennodejs/ros/vector_map_msgs/msg/Line.js
Symlinking /home/myr907/autoware.ai/devel/share/gennodejs/ros/vector_map_msgs/msg/FenceArray.js
Symlinking /home/myr907/autoware.ai/devel/share/gennodejs/ros/vector_map_msgs/msg/CrossWalk.js
Symlinking /home/myr907/autoware.ai/devel/share/gennodejs/ros/vector_map_msgs/msg/WallArray.js
Symlinking /home/myr907/autoware.ai/devel/share/gennodejs/ros/vector_map_msgs/msg/CurveMirrorArray.js
Symlinking /home/myr907/autoware.ai/devel/share/gennodejs/ros/vector_map_msgs/msg/NodeArray.js
Symlinking /home/myr907/autoware.ai/devel/include/vector_map_msgs/GutterArray.h
Symlinking /home/myr907/autoware.ai/devel/include/vector_map_msgs/RoadEdge.h
Symlinking /home/myr907/autoware.ai/devel/include/vector_map_msgs/CrossWalkArray.h
Symlinking /home/myr907/autoware.ai/devel/include/vector_map_msgs/Gutter.h
Symlinking /home/myr907/autoware.ai/devel/include/vector_map_msgs/RoadPoleArray.h
Symlinking /home/myr907/autoware.ai/devel/include/vector_map_msgs/GuardRailArray.h
Symlinking /home/myr907/autoware.ai/devel/include/vector_map_msgs/SignalArray.h
Symlinking /home/myr907/autoware.ai/devel/include/vector_map_msgs/SideStripArray.h
Symlinking /home/myr907/autoware.ai/devel/include/vector_map_msgs/Point.h
Symlinking /home/myr907/autoware.ai/devel/include/vector_map_msgs/CrossWalk.h
Symlinking /home/myr907/autoware.ai/devel/include/vector_map_msgs/StopLineArray.h
Symlinking /home/myr907/autoware.ai/devel/include/vector_map_msgs/RoadPole.h
Symlinking /home/myr907/autoware.ai/devel/include/vector_map_msgs/WallArray.h
Symlinking /home/myr907/autoware.ai/devel/include/vector_map_msgs/Fence.h
Symlinking /home/myr907/autoware.ai/devel/include/vector_map_msgs/Area.h
Symlinking /home/myr907/autoware.ai/devel/include/vector_map_msgs/Vector.h
Symlinking /home/myr907/autoware.ai/devel/include/vector_map_msgs/RoadSign.h
Symlinking /home/myr907/autoware.ai/devel/include/vector_map_msgs/GuardRail.h
Symlinking /home/myr907/autoware.ai/devel/include/vector_map_msgs/Wall.h
Symlinking /home/myr907/autoware.ai/devel/include/vector_map_msgs/LaneArray.h
Symlinking /home/myr907/autoware.ai/devel/include/vector_map_msgs/ZebraZoneArray.h
Symlinking /home/myr907/autoware.ai/devel/include/vector_map_msgs/NodeArray.h
Symlinking /home/myr907/autoware.ai/devel/include/vector_map_msgs/SideStrip.h
Symlinking /home/myr907/autoware.ai/devel/include/vector_map_msgs/PointArray.h
Symlinking /home/myr907/autoware.ai/devel/include/vector_map_msgs/SideWalk.h
Symlinking /home/myr907/autoware.ai/devel/include/vector_map_msgs/RoadMark.h
Symlinking /home/myr907/autoware.ai/devel/include/vector_map_msgs/UtilityPole.h
Symlinking /home/myr907/autoware.ai/devel/include/vector_map_msgs/LineArray.h
Symlinking /home/myr907/autoware.ai/devel/include/vector_map_msgs/ZebraZone.h
Symlinking /home/myr907/autoware.ai/devel/include/vector_map_msgs/VectorArray.h
Symlinking /home/myr907/autoware.ai/devel/include/vector_map_msgs/RoadEdgeArray.h
Symlinking /home/myr907/autoware.ai/devel/include/vector_map_msgs/DTLaneArray.h
Symlinking /home/myr907/autoware.ai/devel/include/vector_map_msgs/BoxArray.h
Symlinking /home/myr907/autoware.ai/devel/include/vector_map_msgs/StreetLightArray.h
Symlinking /home/myr907/autoware.ai/devel/include/vector_map_msgs/CurbArray.h
Symlinking /home/myr907/autoware.ai/devel/include/vector_map_msgs/WayArea.h
Symlinking /home/myr907/autoware.ai/devel/include/vector_map_msgs/UtilityPoleArray.h
Symlinking /home/myr907/autoware.ai/devel/include/vector_map_msgs/RoadSignArray.h
Symlinking /home/myr907/autoware.ai/devel/include/vector_map_msgs/WhiteLineArray.h
Symlinking /home/myr907/autoware.ai/devel/include/vector_map_msgs/Signal.h
Symlinking /home/myr907/autoware.ai/devel/include/vector_map_msgs/Box.h
Symlinking /home/myr907/autoware.ai/devel/include/vector_map_msgs/StreetLight.h
Symlinking /home/myr907/autoware.ai/devel/include/vector_map_msgs/Pole.h
Symlinking /home/myr907/autoware.ai/devel/include/vector_map_msgs/CurveMirror.h
Symlinking /home/myr907/autoware.ai/devel/include/vector_map_msgs/CrossRoad.h
Symlinking /home/myr907/autoware.ai/devel/include/vector_map_msgs/CrossRoadArray.h
Symlinking /home/myr907/autoware.ai/devel/include/vector_map_msgs/PoleArray.h
Symlinking /home/myr907/autoware.ai/devel/include/vector_map_msgs/DriveOnPortionArray.h
Symlinking /home/myr907/autoware.ai/devel/include/vector_map_msgs/RailCrossingArray.h
Symlinking /home/myr907/autoware.ai/devel/include/vector_map_msgs/FenceArray.h
Symlinking /home/myr907/autoware.ai/devel/include/vector_map_msgs/SideWalkArray.h
Symlinking /home/myr907/autoware.ai/devel/include/vector_map_msgs/WhiteLine.h
Symlinking /home/myr907/autoware.ai/devel/include/vector_map_msgs/AreaArray.h
Symlinking /home/myr907/autoware.ai/devel/include/vector_map_msgs/RailCrossing.h
Symlinking /home/myr907/autoware.ai/devel/include/vector_map_msgs/CurveMirrorArray.h
Symlinking /home/myr907/autoware.ai/devel/include/vector_map_msgs/Node.h
Symlinking /home/myr907/autoware.ai/devel/include/vector_map_msgs/Line.h
Symlinking /home/myr907/autoware.ai/devel/include/vector_map_msgs/DTLane.h
Symlinking /home/myr907/autoware.ai/devel/include/vector_map_msgs/Curb.h
Symlinking /home/myr907/autoware.ai/devel/include/vector_map_msgs/Lane.h
Symlinking /home/myr907/autoware.ai/devel/include/vector_map_msgs/RoadMarkArray.h
Symlinking /home/myr907/autoware.ai/devel/include/vector_map_msgs/DriveOnPortion.h
Symlinking /home/myr907/autoware.ai/devel/include/vector_map_msgs/WayAreaArray.h
Symlinking /home/myr907/autoware.ai/devel/include/vector_map_msgs/StopLine.h
Symlinking /home/myr907/autoware.ai/devel/lib/pkgconfig/vector_map_msgs.pc
Symlinking /home/myr907/autoware.ai/devel/lib/python2.7/dist-packages/vector_map_msgs/__init__.py
Symlinking /home/myr907/autoware.ai/devel/lib/python2.7/dist-packages/vector_map_msgs/msg/_RoadMarkArray.py
Symlinking /home/myr907/autoware.ai/devel/lib/python2.7/dist-packages/vector_map_msgs/msg/_WallArray.py
Symlinking /home/myr907/autoware.ai/devel/lib/python2.7/dist-packages/vector_map_msgs/msg/_ZebraZone.py
Symlinking /home/myr907/autoware.ai/devel/lib/python2.7/dist-packages/vector_map_msgs/msg/_CrossWalk.py
Symlinking /home/myr907/autoware.ai/devel/lib/python2.7/dist-packages/vector_map_msgs/msg/_Curb.py
Symlinking /home/myr907/autoware.ai/devel/lib/python2.7/dist-packages/vector_map_msgs/msg/_WhiteLineArray.py
Symlinking /home/myr907/autoware.ai/devel/lib/python2.7/dist-packages/vector_map_msgs/msg/_WhiteLine.py
Symlinking /home/myr907/autoware.ai/devel/lib/python2.7/dist-packages/vector_map_msgs/msg/_SideStripArray.py
Symlinking /home/myr907/autoware.ai/devel/lib/python2.7/dist-packages/vector_map_msgs/msg/_DTLaneArray.py
Symlinking /home/myr907/autoware.ai/devel/lib/python2.7/dist-packages/vector_map_msgs/msg/_RoadSign.py
Symlinking /home/myr907/autoware.ai/devel/lib/python2.7/dist-packages/vector_map_msgs/msg/_CurbArray.py
Symlinking /home/myr907/autoware.ai/devel/lib/python2.7/dist-packages/vector_map_msgs/msg/_BoxArray.py
Symlinking /home/myr907/autoware.ai/devel/lib/python2.7/dist-packages/vector_map_msgs/msg/_WayArea.py
Symlinking /home/myr907/autoware.ai/devel/lib/python2.7/dist-packages/vector_map_msgs/msg/_Vector.py
Symlinking /home/myr907/autoware.ai/devel/lib/python2.7/dist-packages/vector_map_msgs/msg/__init__.py
Symlinking /home/myr907/autoware.ai/devel/lib/python2.7/dist-packages/vector_map_msgs/msg/_Gutter.py
Symlinking /home/myr907/autoware.ai/devel/lib/python2.7/dist-packages/vector_map_msgs/msg/_UtilityPoleArray.py
Symlinking /home/myr907/autoware.ai/devel/lib/python2.7/dist-packages/vector_map_msgs/msg/_CrossWalkArray.py
Symlinking /home/myr907/autoware.ai/devel/lib/python2.7/dist-packages/vector_map_msgs/msg/_CurveMirror.py
Symlinking /home/myr907/autoware.ai/devel/lib/python2.7/dist-packages/vector_map_msgs/msg/_LineArray.py
Symlinking /home/myr907/autoware.ai/devel/lib/python2.7/dist-packages/vector_map_msgs/msg/_RailCrossingArray.py
Symlinking /home/myr907/autoware.ai/devel/lib/python2.7/dist-packages/vector_map_msgs/msg/_LaneArray.py
Symlinking /home/myr907/autoware.ai/devel/lib/python2.7/dist-packages/vector_map_msgs/msg/_StreetLight.py
Symlinking /home/myr907/autoware.ai/devel/lib/python2.7/dist-packages/vector_map_msgs/msg/_RoadEdge.py
Symlinking /home/myr907/autoware.ai/devel/lib/python2.7/dist-packages/vector_map_msgs/msg/_Wall.py
Symlinking /home/myr907/autoware.ai/devel/lib/python2.7/dist-packages/vector_map_msgs/msg/_UtilityPole.py
Symlinking /home/myr907/autoware.ai/devel/lib/python2.7/dist-packages/vector_map_msgs/msg/_VectorArray.py
Symlinking /home/myr907/autoware.ai/devel/lib/python2.7/dist-packages/vector_map_msgs/msg/_AreaArray.py
Symlinking /home/myr907/autoware.ai/devel/lib/python2.7/dist-packages/vector_map_msgs/msg/_NodeArray.py
Symlinking /home/myr907/autoware.ai/devel/lib/python2.7/dist-packages/vector_map_msgs/msg/_DriveOnPortion.py
Symlinking /home/myr907/autoware.ai/devel/lib/python2.7/dist-packages/vector_map_msgs/msg/_FenceArray.py
Symlinking /home/myr907/autoware.ai/devel/lib/python2.7/dist-packages/vector_map_msgs/msg/_Point.py
Symlinking /home/myr907/autoware.ai/devel/lib/python2.7/dist-packages/vector_map_msgs/msg/_ZebraZoneArray.py
Symlinking /home/myr907/autoware.ai/devel/lib/python2.7/dist-packages/vector_map_msgs/msg/_CrossRoadArray.py
Symlinking /home/myr907/autoware.ai/devel/lib/python2.7/dist-packages/vector_map_msgs/msg/_DTLane.py
Symlinking /home/myr907/autoware.ai/devel/lib/python2.7/dist-packages/vector_map_msgs/msg/_SideWalkArray.py
Symlinking /home/myr907/autoware.ai/devel/lib/python2.7/dist-packages/vector_map_msgs/msg/_RoadEdgeArray.py
Symlinking /home/myr907/autoware.ai/devel/lib/python2.7/dist-packages/vector_map_msgs/msg/_CurveMirrorArray.py
Symlinking /home/myr907/autoware.ai/devel/lib/python2.7/dist-packages/vector_map_msgs/msg/_SideWalk.py
Symlinking /home/myr907/autoware.ai/devel/lib/python2.7/dist-packages/vector_map_msgs/msg/_SideStrip.py
Symlinking /home/myr907/autoware.ai/devel/lib/python2.7/dist-packages/vector_map_msgs/msg/_CrossRoad.py
Symlinking /home/myr907/autoware.ai/devel/lib/python2.7/dist-packages/vector_map_msgs/msg/_RoadMark.py
Symlinking /home/myr907/autoware.ai/devel/lib/python2.7/dist-packages/vector_map_msgs/msg/_RoadSignArray.py
Symlinking /home/myr907/autoware.ai/devel/lib/python2.7/dist-packages/vector_map_msgs/msg/_Node.py
Symlinking /home/myr907/autoware.ai/devel/lib/python2.7/dist-packages/vector_map_msgs/msg/_StopLineArray.py
Symlinking /home/myr907/autoware.ai/devel/lib/python2.7/dist-packages/vector_map_msgs/msg/_GuardRail.py
Symlinking /home/myr907/autoware.ai/devel/lib/python2.7/dist-packages/vector_map_msgs/msg/_Fence.py
Symlinking /home/myr907/autoware.ai/devel/lib/python2.7/dist-packages/vector_map_msgs/msg/_Line.py
Symlinking /home/myr907/autoware.ai/devel/lib/python2.7/dist-packages/vector_map_msgs/msg/_PointArray.py
Symlinking /home/myr907/autoware.ai/devel/lib/python2.7/dist-packages/vector_map_msgs/msg/_PoleArray.py
Symlinking /home/myr907/autoware.ai/devel/lib/python2.7/dist-packages/vector_map_msgs/msg/_Signal.py
Symlinking /home/myr907/autoware.ai/devel/lib/python2.7/dist-packages/vector_map_msgs/msg/_RailCrossing.py
Symlinking /home/myr907/autoware.ai/devel/lib/python2.7/dist-packages/vector_map_msgs/msg/_StopLine.py
Symlinking /home/myr907/autoware.ai/devel/lib/python2.7/dist-packages/vector_map_msgs/msg/_RoadPole.py
Symlinking /home/myr907/autoware.ai/devel/lib/python2.7/dist-packages/vector_map_msgs/msg/_WayAreaArray.py
Symlinking /home/myr907/autoware.ai/devel/lib/python2.7/dist-packages/vector_map_msgs/msg/_DriveOnPortionArray.py
Symlinking /home/myr907/autoware.ai/devel/lib/python2.7/dist-packages/vector_map_msgs/msg/_GutterArray.py
Symlinking /home/myr907/autoware.ai/devel/lib/python2.7/dist-packages/vector_map_msgs/msg/_Pole.py
Symlinking /home/myr907/autoware.ai/devel/lib/python2.7/dist-packages/vector_map_msgs/msg/_SignalArray.py
Symlinking /home/myr907/autoware.ai/devel/lib/python2.7/dist-packages/vector_map_msgs/msg/_Box.py
Symlinking /home/myr907/autoware.ai/devel/lib/python2.7/dist-packages/vector_map_msgs/msg/_StreetLightArray.py
Symlinking /home/myr907/autoware.ai/devel/lib/python2.7/dist-packages/vector_map_msgs/msg/_GuardRailArray.py
Symlinking /home/myr907/autoware.ai/devel/lib/python2.7/dist-packages/vector_map_msgs/msg/_Area.py
Symlinking /home/myr907/autoware.ai/devel/lib/python2.7/dist-packages/vector_map_msgs/msg/_RoadPoleArray.py
Symlinking /home/myr907/autoware.ai/devel/lib/python2.7/dist-packages/vector_map_msgs/msg/_Lane.py
