Invoking command in '/home/muyangren907/autoware/autoware.ai/1.12.0_cuda/build/vision_darknet_detect': CMAKE_PREFIX_PATH=/home/muyangren907/autoware/autoware.ai/1.12.0_cuda/install/autoware_msgs:/home/muyangren907/autoware/autoware.ai/1.12.0_cuda/install/autoware_config_msgs:/home/muyangren907/autoware/autoware.ai/1.12.0_cuda/install/autoware_build_flags:${CMAKE_PREFIX_PATH} PKG_CONFIG_PATH=/home/muyangren907/autoware/autoware.ai/1.12.0_cuda/install/autoware_msgs/lib/x86_64-linux-gnu/pkgconfig:/home/muyangren907/autoware/autoware.ai/1.12.0_cuda/install/autoware_msgs/lib/pkgconfig:/home/muyangren907/autoware/autoware.ai/1.12.0_cuda/install/autoware_config_msgs/lib/x86_64-linux-gnu/pkgconfig:/home/muyangren907/autoware/autoware.ai/1.12.0_cuda/install/autoware_config_msgs/lib/pkgconfig:/home/muyangren907/autoware/autoware.ai/1.12.0_cuda/install/autoware_build_flags/lib/x86_64-linux-gnu/pkgconfig:/home/muyangren907/autoware/autoware.ai/1.12.0_cuda/install/autoware_build_flags/lib/pkgconfig:${PKG_CONFIG_PATH} PYTHONPATH=/home/muyangren907/autoware/autoware.ai/1.12.0_cuda/install/autoware_msgs/lib/python2.7/dist-packages:/home/muyangren907/autoware/autoware.ai/1.12.0_cuda/install/autoware_config_msgs/lib/python2.7/dist-packages:${PYTHONPATH} ROS_PACKAGE_PATH=/home/muyangren907/autoware/autoware.ai/1.12.0_cuda/install/autoware_msgs/share:/home/muyangren907/autoware/autoware.ai/1.12.0_cuda/install/autoware_config_msgs/share:/home/muyangren907/autoware/autoware.ai/1.12.0_cuda/install/autoware_build_flags/share:${ROS_PACKAGE_PATH} /usr/local/bin/cmake /home/muyangren907/autoware/autoware.ai/1.12.0_cuda/src/autoware/core_perception/vision_darknet_detect -DCMAKE_BUILD_TYPE=Release -DCATKIN_INSTALL_INTO_PREFIX_ROOT=0 -DCMAKE_INSTALL_PREFIX=/home/muyangren907/autoware/autoware.ai/1.12.0_cuda/install/vision_darknet_detect
-- The C compiler identification is GNU 7.4.0
-- The CXX compiler identification is GNU 7.4.0
-- Check for working C compiler: /usr/bin/cc
-- Check for working C compiler: /usr/bin/cc -- works
-- Detecting C compiler ABI info
-- Detecting C compiler ABI info - done
-- Detecting C compile features
-- Detecting C compile features - done
-- Check for working CXX compiler: /usr/bin/c++
-- Check for working CXX compiler: /usr/bin/c++ -- works
-- Detecting CXX compiler ABI info
-- Detecting CXX compiler ABI info - done
-- Detecting CXX compile features
-- Detecting CXX compile features - done
-- CUDA compilation status: 1.
-- Using CATKIN_DEVEL_PREFIX: /home/muyangren907/autoware/autoware.ai/1.12.0_cuda/build/vision_darknet_detect/devel
-- Using CMAKE_PREFIX_PATH: /home/muyangren907/autoware/autoware.ai/1.12.0_cuda/install/autoware_msgs;/home/muyangren907/autoware/autoware.ai/1.12.0_cuda/install/autoware_config_msgs;/home/muyangren907/autoware/autoware.ai/1.12.0_cuda/install/autoware_build_flags;/opt/ros/melodic
-- This workspace overlays: /home/muyangren907/autoware/autoware.ai/1.12.0_cuda/install/autoware_msgs;/home/muyangren907/autoware/autoware.ai/1.12.0_cuda/install/autoware_config_msgs;/home/muyangren907/autoware/autoware.ai/1.12.0_cuda/install/autoware_build_flags;/opt/ros/melodic
-- Found PythonInterp: /usr/bin/python2 (found suitable version "2.7.15", minimum required is "2") 
-- Using PYTHON_EXECUTABLE: /usr/bin/python2
-- Using Debian Python package layout
-- Using empy: /usr/bin/empy
-- Using CATKIN_ENABLE_TESTING: ON
-- Call enable_testing()
-- Using CATKIN_TEST_RESULTS_DIR: /home/muyangren907/autoware/autoware.ai/1.12.0_cuda/build/vision_darknet_detect/test_results
-- Found gtest sources under '/usr/src/googletest': gtests will be built
-- Found gmock sources under '/usr/src/googletest': gmock will be built
-- Found PythonInterp: /usr/bin/python2 (found version "2.7.15") 
-- Looking for pthread.h
-- Looking for pthread.h - found
-- Looking for pthread_create
-- Looking for pthread_create - not found
-- Looking for pthread_create in pthreads
-- Looking for pthread_create in pthreads - not found
-- Looking for pthread_create in pthread
-- Looking for pthread_create in pthread - found
-- Found Threads: TRUE  
-- Using Python nosetests: /usr/local/bin/nosetests-2.7
-- catkin 0.7.19
-- BUILD_SHARED_LIBS is on
-- Using these message generators: gencpp;geneus;genlisp;gennodejs;genpy
-- Found CUDA: /usr/local/cuda-10.0 (found version "10.0") 
-- Found OpenCV: /usr (found version "3.2.0") 
-- Found OpenMP_C: -fopenmp (found version "4.5") 
-- Found OpenMP_CXX: -fopenmp (found version "4.5") 
-- Found OpenMP: TRUE (found version "4.5")  
-- Configuring done
-- Generating done
-- Build files have been written to: /home/muyangren907/autoware/autoware.ai/1.12.0_cuda/build/vision_darknet_detect
Invoked command in '/home/muyangren907/autoware/autoware.ai/1.12.0_cuda/build/vision_darknet_detect' returned '0': CMAKE_PREFIX_PATH=/home/muyangren907/autoware/autoware.ai/1.12.0_cuda/install/autoware_msgs:/home/muyangren907/autoware/autoware.ai/1.12.0_cuda/install/autoware_config_msgs:/home/muyangren907/autoware/autoware.ai/1.12.0_cuda/install/autoware_build_flags:${CMAKE_PREFIX_PATH} PKG_CONFIG_PATH=/home/muyangren907/autoware/autoware.ai/1.12.0_cuda/install/autoware_msgs/lib/x86_64-linux-gnu/pkgconfig:/home/muyangren907/autoware/autoware.ai/1.12.0_cuda/install/autoware_msgs/lib/pkgconfig:/home/muyangren907/autoware/autoware.ai/1.12.0_cuda/install/autoware_config_msgs/lib/x86_64-linux-gnu/pkgconfig:/home/muyangren907/autoware/autoware.ai/1.12.0_cuda/install/autoware_config_msgs/lib/pkgconfig:/home/muyangren907/autoware/autoware.ai/1.12.0_cuda/install/autoware_build_flags/lib/x86_64-linux-gnu/pkgconfig:/home/muyangren907/autoware/autoware.ai/1.12.0_cuda/install/autoware_build_flags/lib/pkgconfig:${PKG_CONFIG_PATH} PYTHONPATH=/home/muyangren907/autoware/autoware.ai/1.12.0_cuda/install/autoware_msgs/lib/python2.7/dist-packages:/home/muyangren907/autoware/autoware.ai/1.12.0_cuda/install/autoware_config_msgs/lib/python2.7/dist-packages:${PYTHONPATH} ROS_PACKAGE_PATH=/home/muyangren907/autoware/autoware.ai/1.12.0_cuda/install/autoware_msgs/share:/home/muyangren907/autoware/autoware.ai/1.12.0_cuda/install/autoware_config_msgs/share:/home/muyangren907/autoware/autoware.ai/1.12.0_cuda/install/autoware_build_flags/share:${ROS_PACKAGE_PATH} /usr/local/bin/cmake /home/muyangren907/autoware/autoware.ai/1.12.0_cuda/src/autoware/core_perception/vision_darknet_detect -DCMAKE_BUILD_TYPE=Release -DCATKIN_INSTALL_INTO_PREFIX_ROOT=0 -DCMAKE_INSTALL_PREFIX=/home/muyangren907/autoware/autoware.ai/1.12.0_cuda/install/vision_darknet_detect
Invoking command in '/home/muyangren907/autoware/autoware.ai/1.12.0_cuda/build/vision_darknet_detect': CMAKE_PREFIX_PATH=/home/muyangren907/autoware/autoware.ai/1.12.0_cuda/install/autoware_msgs:/home/muyangren907/autoware/autoware.ai/1.12.0_cuda/install/autoware_config_msgs:/home/muyangren907/autoware/autoware.ai/1.12.0_cuda/install/autoware_build_flags:${CMAKE_PREFIX_PATH} PKG_CONFIG_PATH=/home/muyangren907/autoware/autoware.ai/1.12.0_cuda/install/autoware_msgs/lib/x86_64-linux-gnu/pkgconfig:/home/muyangren907/autoware/autoware.ai/1.12.0_cuda/install/autoware_msgs/lib/pkgconfig:/home/muyangren907/autoware/autoware.ai/1.12.0_cuda/install/autoware_config_msgs/lib/x86_64-linux-gnu/pkgconfig:/home/muyangren907/autoware/autoware.ai/1.12.0_cuda/install/autoware_config_msgs/lib/pkgconfig:/home/muyangren907/autoware/autoware.ai/1.12.0_cuda/install/autoware_build_flags/lib/x86_64-linux-gnu/pkgconfig:/home/muyangren907/autoware/autoware.ai/1.12.0_cuda/install/autoware_build_flags/lib/pkgconfig:${PKG_CONFIG_PATH} PYTHONPATH=/home/muyangren907/autoware/autoware.ai/1.12.0_cuda/install/autoware_msgs/lib/python2.7/dist-packages:/home/muyangren907/autoware/autoware.ai/1.12.0_cuda/install/autoware_config_msgs/lib/python2.7/dist-packages:${PYTHONPATH} ROS_PACKAGE_PATH=/home/muyangren907/autoware/autoware.ai/1.12.0_cuda/install/autoware_msgs/share:/home/muyangren907/autoware/autoware.ai/1.12.0_cuda/install/autoware_config_msgs/share:/home/muyangren907/autoware/autoware.ai/1.12.0_cuda/install/autoware_build_flags/share:${ROS_PACKAGE_PATH} /usr/local/bin/cmake --build /home/muyangren907/autoware/autoware.ai/1.12.0_cuda/build/vision_darknet_detect -- -j40 -l40
[35m[1mScanning dependencies of target sensor_msgs_generate_messages_lisp[0m
[  0%] Built target sensor_msgs_generate_messages_lisp
[35m[1mScanning dependencies of target jsk_footstep_msgs_generate_messages_cpp[0m
[  0%] Built target jsk_footstep_msgs_generate_messages_cpp
[35m[1mScanning dependencies of target pcl_msgs_generate_messages_nodejs[0m
[  0%] Built target pcl_msgs_generate_messages_nodejs
[35m[1mScanning dependencies of target autoware_msgs_generate_messages_nodejs[0m
[  0%] Built target autoware_msgs_generate_messages_nodejs
[35m[1mScanning dependencies of target jsk_footstep_msgs_generate_messages_eus[0m
[  0%] Built target jsk_footstep_msgs_generate_messages_eus
[35m[1mScanning dependencies of target jsk_footstep_msgs_generate_messages_lisp[0m
[  0%] Built target jsk_footstep_msgs_generate_messages_lisp
[35m[1mScanning dependencies of target jsk_footstep_msgs_generate_messages_nodejs[0m
[  0%] Built target jsk_footstep_msgs_generate_messages_nodejs
[35m[1mScanning dependencies of target actionlib_msgs_generate_messages_nodejs[0m
[  0%] Built target actionlib_msgs_generate_messages_nodejs
[35m[1mScanning dependencies of target sensor_msgs_generate_messages_eus[0m
[  0%] Built target sensor_msgs_generate_messages_eus
[35m[1mScanning dependencies of target jsk_recognition_msgs_generate_messages_eus[0m
[  0%] Built target jsk_recognition_msgs_generate_messages_eus
[35m[1mScanning dependencies of target std_msgs_generate_messages_cpp[0m
[  0%] Built target std_msgs_generate_messages_cpp
[35m[1mScanning dependencies of target actionlib_msgs_generate_messages_cpp[0m
[  0%] Built target actionlib_msgs_generate_messages_cpp
[35m[1mScanning dependencies of target autoware_config_msgs_generate_messages_nodejs[0m
[  0%] Built target autoware_config_msgs_generate_messages_nodejs
[35m[1mScanning dependencies of target jsk_footstep_msgs_generate_messages_py[0m
[  0%] Built target jsk_footstep_msgs_generate_messages_py
[35m[1mScanning dependencies of target actionlib_msgs_generate_messages_eus[0m
[  0%] Built target actionlib_msgs_generate_messages_eus
[35m[1mScanning dependencies of target autoware_msgs_generate_messages_py[0m
[  0%] Built target autoware_msgs_generate_messages_py
[35m[1mScanning dependencies of target actionlib_msgs_generate_messages_lisp[0m
[  0%] Built target actionlib_msgs_generate_messages_lisp
[35m[1mScanning dependencies of target geometry_msgs_generate_messages_lisp[0m
[  0%] Built target geometry_msgs_generate_messages_lisp
[35m[1mScanning dependencies of target pcl_msgs_generate_messages_eus[0m
[  0%] Built target pcl_msgs_generate_messages_eus
[35m[1mScanning dependencies of target autoware_msgs_generate_messages_lisp[0m
[  0%] Built target autoware_msgs_generate_messages_lisp
[35m[1mScanning dependencies of target rosgraph_msgs_generate_messages_cpp[0m
[  0%] Built target rosgraph_msgs_generate_messages_cpp
[35m[1mScanning dependencies of target pcl_msgs_generate_messages_cpp[0m
[  0%] Built target pcl_msgs_generate_messages_cpp
[35m[1mScanning dependencies of target jsk_recognition_msgs_generate_messages_py[0m
[  0%] Built target jsk_recognition_msgs_generate_messages_py
[35m[1mScanning dependencies of target jsk_recognition_msgs_generate_messages_nodejs[0m
[  0%] Built target jsk_recognition_msgs_generate_messages_nodejs
[35m[1mScanning dependencies of target std_msgs_generate_messages_py[0m
[  0%] Built target std_msgs_generate_messages_py
[35m[1mScanning dependencies of target actionlib_msgs_generate_messages_py[0m
[  0%] Built target actionlib_msgs_generate_messages_py
[35m[1mScanning dependencies of target geometry_msgs_generate_messages_eus[0m
[  0%] Built target geometry_msgs_generate_messages_eus
[35m[1mScanning dependencies of target std_msgs_generate_messages_nodejs[0m
[  0%] Built target std_msgs_generate_messages_nodejs
[35m[1mScanning dependencies of target geometry_msgs_generate_messages_py[0m
[  0%] Built target geometry_msgs_generate_messages_py
[35m[1mScanning dependencies of target jsk_recognition_msgs_generate_messages_lisp[0m
[  0%] Built target jsk_recognition_msgs_generate_messages_lisp
[35m[1mScanning dependencies of target std_msgs_generate_messages_eus[0m
[  0%] Built target std_msgs_generate_messages_eus
[35m[1mScanning dependencies of target pcl_msgs_generate_messages_lisp[0m
[  0%] Built target pcl_msgs_generate_messages_lisp
[35m[1mScanning dependencies of target autoware_msgs_generate_messages_eus[0m
[  0%] Built target autoware_msgs_generate_messages_eus
[35m[1mScanning dependencies of target std_msgs_generate_messages_lisp[0m
[  0%] Built target std_msgs_generate_messages_lisp
[35m[1mScanning dependencies of target jsk_recognition_msgs_generate_messages_cpp[0m
[  0%] Built target jsk_recognition_msgs_generate_messages_cpp
[35m[1mScanning dependencies of target geometry_msgs_generate_messages_nodejs[0m
[  0%] Built target geometry_msgs_generate_messages_nodejs
[35m[1mScanning dependencies of target sensor_msgs_generate_messages_cpp[0m
[  0%] Built target sensor_msgs_generate_messages_cpp
[35m[1mScanning dependencies of target geometry_msgs_generate_messages_cpp[0m
[  0%] Built target geometry_msgs_generate_messages_cpp
[35m[1mScanning dependencies of target sensor_msgs_generate_messages_nodejs[0m
[  0%] Built target sensor_msgs_generate_messages_nodejs
[35m[1mScanning dependencies of target pcl_msgs_generate_messages_py[0m
[  0%] Built target pcl_msgs_generate_messages_py
[35m[1mScanning dependencies of target autoware_msgs_generate_messages_cpp[0m
[  0%] Built target autoware_msgs_generate_messages_cpp
[35m[1mScanning dependencies of target sensor_msgs_generate_messages_py[0m
[  0%] Built target sensor_msgs_generate_messages_py
[35m[1mScanning dependencies of target autoware_config_msgs_generate_messages_cpp[0m
[  0%] Built target autoware_config_msgs_generate_messages_cpp
[35m[1mScanning dependencies of target autoware_config_msgs_generate_messages_eus[0m
[  0%] Built target autoware_config_msgs_generate_messages_eus
[35m[1mScanning dependencies of target autoware_config_msgs_generate_messages_lisp[0m
[  0%] Built target autoware_config_msgs_generate_messages_lisp
[35m[1mScanning dependencies of target rosgraph_msgs_generate_messages_eus[0m
[  0%] Built target rosgraph_msgs_generate_messages_eus
[35m[1mScanning dependencies of target autoware_config_msgs_generate_messages_py[0m
[  0%] Built target autoware_config_msgs_generate_messages_py
[35m[1mScanning dependencies of target roscpp_generate_messages_cpp[0m
[  0%] Built target roscpp_generate_messages_cpp
[35m[1mScanning dependencies of target roscpp_generate_messages_eus[0m
[  0%] Built target roscpp_generate_messages_eus
[35m[1mScanning dependencies of target roscpp_generate_messages_lisp[0m
[  0%] Built target roscpp_generate_messages_lisp
[35m[1mScanning dependencies of target roscpp_generate_messages_nodejs[0m
[  0%] Built target roscpp_generate_messages_nodejs
[35m[1mScanning dependencies of target roscpp_generate_messages_py[0m
[  0%] Built target roscpp_generate_messages_py
[35m[1mScanning dependencies of target rosgraph_msgs_generate_messages_lisp[0m
[  0%] Built target rosgraph_msgs_generate_messages_lisp
[35m[1mScanning dependencies of target rosgraph_msgs_generate_messages_nodejs[0m
[  0%] Built target rosgraph_msgs_generate_messages_nodejs
[35m[1mScanning dependencies of target rosgraph_msgs_generate_messages_py[0m
[  0%] Built target rosgraph_msgs_generate_messages_py
[  1%] [34m[1mBuilding NVCC (Device) object CMakeFiles/vision_darknet_detect_lib.dir/darknet/src/vision_darknet_detect_lib_generated_maxpool_layer_kernels.cu.o[0m
[  3%] [34m[1mBuilding NVCC (Device) object CMakeFiles/vision_darknet_detect_lib.dir/darknet/src/vision_darknet_detect_lib_generated_im2col_kernels.cu.o[0m
[  5%] [34m[1mBuilding NVCC (Device) object CMakeFiles/vision_darknet_detect_lib.dir/darknet/src/vision_darknet_detect_lib_generated_dropout_layer_kernels.cu.o[0m
[  7%] [34m[1mBuilding NVCC (Device) object CMakeFiles/vision_darknet_detect_lib.dir/darknet/src/vision_darknet_detect_lib_generated_deconvolutional_kernels.cu.o[0m
[  8%] [34m[1mBuilding NVCC (Device) object CMakeFiles/vision_darknet_detect_lib.dir/darknet/src/vision_darknet_detect_lib_generated_blas_kernels.cu.o[0m
[ 10%] [34m[1mBuilding NVCC (Device) object CMakeFiles/vision_darknet_detect_lib.dir/darknet/src/vision_darknet_detect_lib_generated_col2im_kernels.cu.o[0m
[ 12%] [34m[1mBuilding NVCC (Device) object CMakeFiles/vision_darknet_detect_lib.dir/darknet/src/vision_darknet_detect_lib_generated_crop_layer_kernels.cu.o[0m
[ 14%] [34m[1mBuilding NVCC (Device) object CMakeFiles/vision_darknet_detect_lib.dir/darknet/src/vision_darknet_detect_lib_generated_convolutional_kernels.cu.o[0m
[ 15%] [34m[1mBuilding NVCC (Device) object CMakeFiles/vision_darknet_detect_lib.dir/darknet/src/vision_darknet_detect_lib_generated_avgpool_layer_kernels.cu.o[0m
[ 17%] [34m[1mBuilding NVCC (Device) object CMakeFiles/vision_darknet_detect_lib.dir/darknet/src/vision_darknet_detect_lib_generated_activation_kernels.cu.o[0m
[35m[1mScanning dependencies of target vision_darknet_detect_lib[0m
[ 19%] [32mBuilding C object CMakeFiles/vision_darknet_detect_lib.dir/darknet/src/gemm.c.o[0m
[01m[K/home/muyangren907/autoware/autoware.ai/1.12.0_cuda/src/autoware/core_perception/vision_darknet_detect/darknet/src/gemm.c:[m[K In function ‘[01m[Ktime_gpu[m[K’:
[01m[K/home/muyangren907/autoware/autoware.ai/1.12.0_cuda/src/autoware/core_perception/vision_darknet_detect/darknet/src/gemm.c:232:9:[m[K [01;35m[Kwarning: [m[K‘[01m[KcudaThreadSynchronize[m[K’ is deprecated [[01;35m[K-Wdeprecated-declarations[m[K]
         [01;35m[KcudaThreadSynchronize[m[K();
         [01;35m[K^~~~~~~~~~~~~~~~~~~~~[m[K
In file included from [01m[K/usr/local/cuda-10.0/include/cuda_runtime.h:96:0[m[K,
                 from [01m[K/home/muyangren907/autoware/autoware.ai/1.12.0_cuda/src/autoware/core_perception/vision_darknet_detect/darknet/src/darknet.h:14[m[K,
                 from [01m[K/home/muyangren907/autoware/autoware.ai/1.12.0_cuda/src/autoware/core_perception/vision_darknet_detect/darknet/src/utils.h:5[m[K,
                 from [01m[K/home/muyangren907/autoware/autoware.ai/1.12.0_cuda/src/autoware/core_perception/vision_darknet_detect/darknet/src/gemm.c:2[m[K:
[01m[K/usr/local/cuda-10.0/include/cuda_runtime_api.h:947:57:[m[K [01;36m[Knote: [m[Kdeclared here
 extern __CUDA_DEPRECATED __host__ cudaError_t CUDARTAPI [01;36m[KcudaThreadSynchronize[m[K(void);
                                                         [01;36m[K^~~~~~~~~~~~~~~~~~~~~[m[K
[ 21%] [32mBuilding C object CMakeFiles/vision_darknet_detect_lib.dir/darknet/src/tree.c.o[0m
[ 22%] [32mBuilding C object CMakeFiles/vision_darknet_detect_lib.dir/darknet/src/lstm_layer.c.o[0m
[ 24%] [32mBuilding C object CMakeFiles/vision_darknet_detect_lib.dir/darknet/src/l2norm_layer.c.o[0m
[ 26%] [32mBuilding C object CMakeFiles/vision_darknet_detect_lib.dir/darknet/src/yolo_layer.c.o[0m
[ 28%] [32mBuilding C object CMakeFiles/vision_darknet_detect_lib.dir/darknet/src/reorg_layer.c.o[0m
[ 29%] [32mBuilding C object CMakeFiles/vision_darknet_detect_lib.dir/darknet/src/region_layer.c.o[0m
[ 31%] [32mBuilding C object CMakeFiles/vision_darknet_detect_lib.dir/darknet/src/batchnorm_layer.c.o[0m
[ 33%] [32mBuilding C object CMakeFiles/vision_darknet_detect_lib.dir/darknet/src/crnn_layer.c.o[0m
[ 35%] [32mBuilding C object CMakeFiles/vision_darknet_detect_lib.dir/darknet/src/gru_layer.c.o[0m
[ 36%] [32mBuilding C object CMakeFiles/vision_darknet_detect_lib.dir/darknet/src/rnn_layer.c.o[0m
[ 38%] [32mBuilding C object CMakeFiles/vision_darknet_detect_lib.dir/darknet/src/activation_layer.c.o[0m
[ 40%] [32mBuilding C object CMakeFiles/vision_darknet_detect_lib.dir/darknet/src/logistic_layer.c.o[0m
[ 42%] [32mBuilding C object CMakeFiles/vision_darknet_detect_lib.dir/darknet/src/shortcut_layer.c.o[0m
[ 43%] [32mBuilding C object CMakeFiles/vision_darknet_detect_lib.dir/darknet/src/local_layer.c.o[0m
[ 45%] [32mBuilding C object CMakeFiles/vision_darknet_detect_lib.dir/darknet/src/layer.c.o[0m
[ 47%] [32mBuilding C object CMakeFiles/vision_darknet_detect_lib.dir/darknet/src/avgpool_layer.c.o[0m
[ 49%] [32mBuilding C object CMakeFiles/vision_darknet_detect_lib.dir/darknet/src/normalization_layer.c.o[0m
[ 50%] [32mBuilding C object CMakeFiles/vision_darknet_detect_lib.dir/darknet/src/box.c.o[0m
[ 52%] [32mBuilding C object CMakeFiles/vision_darknet_detect_lib.dir/darknet/src/upsample_layer.c.o[0m
[ 54%] [32mBuilding C object CMakeFiles/vision_darknet_detect_lib.dir/darknet/src/route_layer.c.o[0m
[ 56%] [32mBuilding C object CMakeFiles/vision_darknet_detect_lib.dir/darknet/src/detection_layer.c.o[0m
[ 57%] [32mBuilding C object CMakeFiles/vision_darknet_detect_lib.dir/darknet/src/option_list.c.o[0m
[ 59%] [32mBuilding C object CMakeFiles/vision_darknet_detect_lib.dir/darknet/src/parser.c.o[0m
[ 61%] [32mBuilding C object CMakeFiles/vision_darknet_detect_lib.dir/darknet/src/connected_layer.c.o[0m
[ 63%] [32mBuilding C object CMakeFiles/vision_darknet_detect_lib.dir/darknet/src/cost_layer.c.o[0m
[01m[K/home/muyangren907/autoware/autoware.ai/1.12.0_cuda/src/autoware/core_perception/vision_darknet_detect/darknet/src/parser.c:[m[K In function ‘[01m[Kload_connected_weights[m[K’:
[01m[K/home/muyangren907/autoware/autoware.ai/1.12.0_cuda/src/autoware/core_perception/vision_darknet_detect/darknet/src/parser.c:1085:5:[m[K [01;35m[Kwarning: [m[Kignoring return value of ‘[01m[Kfread[m[K’, declared with attribute warn_unused_result [[01;35m[K-Wunused-result[m[K]
     [01;35m[Kfread(l.biases, sizeof(float), l.outputs, fp)[m[K;
     [01;35m[K^~~~~~~~~~~~~~~~~~~~~~~~~~~~~~~~~~~~~~~~~~~~~[m[K
[01m[K/home/muyangren907/autoware/autoware.ai/1.12.0_cuda/src/autoware/core_perception/vision_darknet_detect/darknet/src/parser.c:1086:5:[m[K [01;35m[Kwarning: [m[Kignoring return value of ‘[01m[Kfread[m[K’, declared with attribute warn_unused_result [[01;35m[K-Wunused-result[m[K]
     [01;35m[Kfread(l.weights, sizeof(float), l.outputs*l.inputs, fp)[m[K;
     [01;35m[K^~~~~~~~~~~~~~~~~~~~~~~~~~~~~~~~~~~~~~~~~~~~~~~~~~~~~~~[m[K
[01m[K/home/muyangren907/autoware/autoware.ai/1.12.0_cuda/src/autoware/core_perception/vision_darknet_detect/darknet/src/parser.c:1093:9:[m[K [01;35m[Kwarning: [m[Kignoring return value of ‘[01m[Kfread[m[K’, declared with attribute warn_unused_result [[01;35m[K-Wunused-result[m[K]
         [01;35m[Kfread(l.scales, sizeof(float), l.outputs, fp)[m[K;
         [01;35m[K^~~~~~~~~~~~~~~~~~~~~~~~~~~~~~~~~~~~~~~~~~~~~[m[K
[01m[K/home/muyangren907/autoware/autoware.ai/1.12.0_cuda/src/autoware/core_perception/vision_darknet_detect/darknet/src/parser.c:1094:9:[m[K [01;35m[Kwarning: [m[Kignoring return value of ‘[01m[Kfread[m[K’, declared with attribute warn_unused_result [[01;35m[K-Wunused-result[m[K]
         [01;35m[Kfread(l.rolling_mean, sizeof(float), l.outputs, fp)[m[K;
         [01;35m[K^~~~~~~~~~~~~~~~~~~~~~~~~~~~~~~~~~~~~~~~~~~~~~~~~~~[m[K
[01m[K/home/muyangren907/autoware/autoware.ai/1.12.0_cuda/src/autoware/core_perception/vision_darknet_detect/darknet/src/parser.c:1095:9:[m[K [01;35m[Kwarning: [m[Kignoring return value of ‘[01m[Kfread[m[K’, declared with attribute warn_unused_result [[01;35m[K-Wunused-result[m[K]
         [01;35m[Kfread(l.rolling_variance, sizeof(float), l.outputs, fp)[m[K;
         [01;35m[K^~~~~~~~~~~~~~~~~~~~~~~~~~~~~~~~~~~~~~~~~~~~~~~~~~~~~~~[m[K
[01m[K/home/muyangren907/autoware/autoware.ai/1.12.0_cuda/src/autoware/core_perception/vision_darknet_detect/darknet/src/parser.c:[m[K In function ‘[01m[Kload_batchnorm_weights[m[K’:
[01m[K/home/muyangren907/autoware/autoware.ai/1.12.0_cuda/src/autoware/core_perception/vision_darknet_detect/darknet/src/parser.c:1109:5:[m[K [01;35m[Kwarning: [m[Kignoring return value of ‘[01m[Kfread[m[K’, declared with attribute warn_unused_result [[01;35m[K-Wunused-result[m[K]
     [01;35m[Kfread(l.scales, sizeof(float), l.c, fp)[m[K;
     [01;35m[K^~~~~~~~~~~~~~~~~~~~~~~~~~~~~~~~~~~~~~~[m[K
[01m[K/home/muyangren907/autoware/autoware.ai/1.12.0_cuda/src/autoware/core_perception/vision_darknet_detect/darknet/src/parser.c:1110:5:[m[K [01;35m[Kwarning: [m[Kignoring return value of ‘[01m[Kfread[m[K’, declared with attribute warn_unused_result [[01;35m[K-Wunused-result[m[K]
     [01;35m[Kfread(l.rolling_mean, sizeof(float), l.c, fp)[m[K;
     [01;35m[K^~~~~~~~~~~~~~~~~~~~~~~~~~~~~~~~~~~~~~~~~~~~~[m[K
[01m[K/home/muyangren907/autoware/autoware.ai/1.12.0_cuda/src/autoware/core_perception/vision_darknet_detect/darknet/src/parser.c:1111:5:[m[K [01;35m[Kwarning: [m[Kignoring return value of ‘[01m[Kfread[m[K’, declared with attribute warn_unused_result [[01;35m[K-Wunused-result[m[K]
     [01;35m[Kfread(l.rolling_variance, sizeof(float), l.c, fp)[m[K;
     [01;35m[K^~~~~~~~~~~~~~~~~~~~~~~~~~~~~~~~~~~~~~~~~~~~~~~~~[m[K
[01m[K/home/muyangren907/autoware/autoware.ai/1.12.0_cuda/src/autoware/core_perception/vision_darknet_detect/darknet/src/parser.c:[m[K In function ‘[01m[Kload_convolutional_weights_binary[m[K’:
[01m[K/home/muyangren907/autoware/autoware.ai/1.12.0_cuda/src/autoware/core_perception/vision_darknet_detect/darknet/src/parser.c:1121:5:[m[K [01;35m[Kwarning: [m[Kignoring return value of ‘[01m[Kfread[m[K’, declared with attribute warn_unused_result [[01;35m[K-Wunused-result[m[K]
     [01;35m[Kfread(l.biases, sizeof(float), l.n, fp)[m[K;
     [01;35m[K^~~~~~~~~~~~~~~~~~~~~~~~~~~~~~~~~~~~~~~[m[K
[01m[K/home/muyangren907/autoware/autoware.ai/1.12.0_cuda/src/autoware/core_perception/vision_darknet_detect/darknet/src/parser.c:1123:9:[m[K [01;35m[Kwarning: [m[Kignoring return value of ‘[01m[Kfread[m[K’, declared with attribute warn_unused_result [[01;35m[K-Wunused-result[m[K]
         [01;35m[Kfread(l.scales, sizeof(float), l.n, fp)[m[K;
         [01;35m[K^~~~~~~~~~~~~~~~~~~~~~~~~~~~~~~~~~~~~~~[m[K
[01m[K/home/muyangren907/autoware/autoware.ai/1.12.0_cuda/src/autoware/core_perception/vision_darknet_detect/darknet/src/parser.c:1124:9:[m[K [01;35m[Kwarning: [m[Kignoring return value of ‘[01m[Kfread[m[K’, declared with attribute warn_unused_result [[01;35m[K-Wunused-result[m[K]
         [01;35m[Kfread(l.rolling_mean, sizeof(float), l.n, fp)[m[K;
         [01;35m[K^~~~~~~~~~~~~~~~~~~~~~~~~~~~~~~~~~~~~~~~~~~~~[m[K
[01m[K/home/muyangren907/autoware/autoware.ai/1.12.0_cuda/src/autoware/core_perception/vision_darknet_detect/darknet/src/parser.c:1125:9:[m[K [01;35m[Kwarning: [m[Kignoring return value of ‘[01m[Kfread[m[K’, declared with attribute warn_unused_result [[01;35m[K-Wunused-result[m[K]
         [01;35m[Kfread(l.rolling_variance, sizeof(float), l.n, fp)[m[K;
         [01;35m[K^~~~~~~~~~~~~~~~~~~~~~~~~~~~~~~~~~~~~~~~~~~~~~~~~[m[K
[01m[K/home/muyangren907/autoware/autoware.ai/1.12.0_cuda/src/autoware/core_perception/vision_darknet_detect/darknet/src/parser.c:1131:9:[m[K [01;35m[Kwarning: [m[Kignoring return value of ‘[01m[Kfread[m[K’, declared with attribute warn_unused_result [[01;35m[K-Wunused-result[m[K]
         [01;35m[Kfread(&mean, sizeof(float), 1, fp)[m[K;
         [01;35m[K^~~~~~~~~~~~~~~~~~~~~~~~~~~~~~~~~~[m[K
[01m[K/home/muyangren907/autoware/autoware.ai/1.12.0_cuda/src/autoware/core_perception/vision_darknet_detect/darknet/src/parser.c:1135:13:[m[K [01;35m[Kwarning: [m[Kignoring return value of ‘[01m[Kfread[m[K’, declared with attribute warn_unused_result [[01;35m[K-Wunused-result[m[K]
             [01;35m[Kfread(&c, sizeof(char), 1, fp)[m[K;
             [01;35m[K^~~~~~~~~~~~~~~~~~~~~~~~~~~~~~[m[K
[01m[K/home/muyangren907/autoware/autoware.ai/1.12.0_cuda/src/autoware/core_perception/vision_darknet_detect/darknet/src/parser.c:[m[K In function ‘[01m[Kload_convolutional_weights[m[K’:
[01m[K/home/muyangren907/autoware/autoware.ai/1.12.0_cuda/src/autoware/core_perception/vision_darknet_detect/darknet/src/parser.c:1156:5:[m[K [01;35m[Kwarning: [m[Kignoring return value of ‘[01m[Kfread[m[K’, declared with attribute warn_unused_result [[01;35m[K-Wunused-result[m[K]
     [01;35m[Kfread(l.biases, sizeof(float), l.n, fp)[m[K;
     [01;35m[K^~~~~~~~~~~~~~~~~~~~~~~~~~~~~~~~~~~~~~~[m[K
[01m[K/home/muyangren907/autoware/autoware.ai/1.12.0_cuda/src/autoware/core_perception/vision_darknet_detect/darknet/src/parser.c:1158:9:[m[K [01;35m[Kwarning: [m[Kignoring return value of ‘[01m[Kfread[m[K’, declared with attribute warn_unused_result [[01;35m[K-Wunused-result[m[K]
         [01;35m[Kfread(l.scales, sizeof(float), l.n, fp)[m[K;
         [01;35m[K^~~~~~~~~~~~~~~~~~~~~~~~~~~~~~~~~~~~~~~[m[K
[01m[K/home/muyangren907/autoware/autoware.ai/1.12.0_cuda/src/autoware/core_perception/vision_darknet_detect/darknet/src/parser.c:1159:9:[m[K [01;35m[Kwarning: [m[Kignoring return value of ‘[01m[Kfread[m[K’, declared with attribute warn_unused_result [[01;35m[K-Wunused-result[m[K]
         [01;35m[Kfread(l.rolling_mean, sizeof(float), l.n, fp)[m[K;
         [01;35m[K^~~~~~~~~~~~~~~~~~~~~~~~~~~~~~~~~~~~~~~~~~~~~[m[K
[01m[K/home/muyangren907/autoware/autoware.ai/1.12.0_cuda/src/autoware/core_perception/vision_darknet_detect/darknet/src/parser.c:1160:9:[m[K [01;35m[Kwarning: [m[Kignoring return value of ‘[01m[Kfread[m[K’, declared with attribute warn_unused_result [[01;35m[K-Wunused-result[m[K]
         [01;35m[Kfread(l.rolling_variance, sizeof(float), l.n, fp)[m[K;
         [01;35m[K^~~~~~~~~~~~~~~~~~~~~~~~~~~~~~~~~~~~~~~~~~~~~~~~~[m[K
[01m[K/home/muyangren907/autoware/autoware.ai/1.12.0_cuda/src/autoware/core_perception/vision_darknet_detect/darknet/src/parser.c:1188:5:[m[K [01;35m[Kwarning: [m[Kignoring return value of ‘[01m[Kfread[m[K’, declared with attribute warn_unused_result [[01;35m[K-Wunused-result[m[K]
     [01;35m[Kfread(l.weights, sizeof(float), num, fp)[m[K;
     [01;35m[K^~~~~~~~~~~~~~~~~~~~~~~~~~~~~~~~~~~~~~~~[m[K
[01m[K/home/muyangren907/autoware/autoware.ai/1.12.0_cuda/src/autoware/core_perception/vision_darknet_detect/darknet/src/parser.c:[m[K In function ‘[01m[Kload_weights_upto[m[K’:
[01m[K/home/muyangren907/autoware/autoware.ai/1.12.0_cuda/src/autoware/core_perception/vision_darknet_detect/darknet/src/parser.c:1217:5:[m[K [01;35m[Kwarning: [m[Kignoring return value of ‘[01m[Kfread[m[K’, declared with attribute warn_unused_result [[01;35m[K-Wunused-result[m[K]
     [01;35m[Kfread(&major, sizeof(int), 1, fp)[m[K;
     [01;35m[K^~~~~~~~~~~~~~~~~~~~~~~~~~~~~~~~~[m[K
[01m[K/home/muyangren907/autoware/autoware.ai/1.12.0_cuda/src/autoware/core_perception/vision_darknet_detect/darknet/src/parser.c:1218:5:[m[K [01;35m[Kwarning: [m[Kignoring return value of ‘[01m[Kfread[m[K’, declared with attribute warn_unused_result [[01;35m[K-Wunused-result[m[K]
     [01;35m[Kfread(&minor, sizeof(int), 1, fp)[m[K;
     [01;35m[K^~~~~~~~~~~~~~~~~~~~~~~~~~~~~~~~~[m[K
[01m[K/home/muyangren907/autoware/autoware.ai/1.12.0_cuda/src/autoware/core_perception/vision_darknet_detect/darknet/src/parser.c:1219:5:[m[K [01;35m[Kwarning: [m[Kignoring return value of ‘[01m[Kfread[m[K’, declared with attribute warn_unused_result [[01;35m[K-Wunused-result[m[K]
     [01;35m[Kfread(&revision, sizeof(int), 1, fp)[m[K;
     [01;35m[K^~~~~~~~~~~~~~~~~~~~~~~~~~~~~~~~~~~~[m[K
[01m[K/home/muyangren907/autoware/autoware.ai/1.12.0_cuda/src/autoware/core_perception/vision_darknet_detect/darknet/src/parser.c:1221:9:[m[K [01;35m[Kwarning: [m[Kignoring return value of ‘[01m[Kfread[m[K’, declared with attribute warn_unused_result [[01;35m[K-Wunused-result[m[K]
         [01;35m[Kfread(net->seen, sizeof(size_t), 1, fp)[m[K;
         [01;35m[K^~~~~~~~~~~~~~~~~~~~~~~~~~~~~~~~~~~~~~~[m[K
[01m[K/home/muyangren907/autoware/autoware.ai/1.12.0_cuda/src/autoware/core_perception/vision_darknet_detect/darknet/src/parser.c:1224:9:[m[K [01;35m[Kwarning: [m[Kignoring return value of ‘[01m[Kfread[m[K’, declared with attribute warn_unused_result [[01;35m[K-Wunused-result[m[K]
         [01;35m[Kfread(&iseen, sizeof(int), 1, fp)[m[K;
         [01;35m[K^~~~~~~~~~~~~~~~~~~~~~~~~~~~~~~~~[m[K
[01m[K/home/muyangren907/autoware/autoware.ai/1.12.0_cuda/src/autoware/core_perception/vision_darknet_detect/darknet/src/parser.c:1279:13:[m[K [01;35m[Kwarning: [m[Kignoring return value of ‘[01m[Kfread[m[K’, declared with attribute warn_unused_result [[01;35m[K-Wunused-result[m[K]
             [01;35m[Kfread(l.biases, sizeof(float), l.outputs, fp)[m[K;
             [01;35m[K^~~~~~~~~~~~~~~~~~~~~~~~~~~~~~~~~~~~~~~~~~~~~[m[K
[01m[K/home/muyangren907/autoware/autoware.ai/1.12.0_cuda/src/autoware/core_perception/vision_darknet_detect/darknet/src/parser.c:1280:13:[m[K [01;35m[Kwarning: [m[Kignoring return value of ‘[01m[Kfread[m[K’, declared with attribute warn_unused_result [[01;35m[K-Wunused-result[m[K]
             [01;35m[Kfread(l.weights, sizeof(float), size, fp)[m[K;
             [01;35m[K^~~~~~~~~~~~~~~~~~~~~~~~~~~~~~~~~~~~~~~~~[m[K
[ 64%] [32mBuilding C object CMakeFiles/vision_darknet_detect_lib.dir/darknet/src/network.c.o[0m
[ 66%] [32mBuilding C object CMakeFiles/vision_darknet_detect_lib.dir/darknet/src/matrix.c.o[0m
[ 68%] [32mBuilding C object CMakeFiles/vision_darknet_detect_lib.dir/darknet/src/data.c.o[0m
[01m[K/home/muyangren907/autoware/autoware.ai/1.12.0_cuda/src/autoware/core_perception/vision_darknet_detect/darknet/src/data.c:[m[K In function ‘[01m[Kload_regression_labels_paths[m[K’:
[01m[K/home/muyangren907/autoware/autoware.ai/1.12.0_cuda/src/autoware/core_perception/vision_darknet_detect/darknet/src/data.c:574:13:[m[K [01;35m[Kwarning: [m[Kignoring return value of ‘[01m[Kfscanf[m[K’, declared with attribute warn_unused_result [[01;35m[K-Wunused-result[m[K]
             [01;35m[Kfscanf(file, "%f", &(y.vals[i][j]))[m[K;
             [01;35m[K^~~~~~~~~~~~~~~~~~~~~~~~~~~~~~~~~~~[m[K
[01m[K/home/muyangren907/autoware/autoware.ai/1.12.0_cuda/src/autoware/core_perception/vision_darknet_detect/darknet/src/data.c:[m[K In function ‘[01m[Kload_cifar10_data[m[K’:
[01m[K/home/muyangren907/autoware/autoware.ai/1.12.0_cuda/src/autoware/core_perception/vision_darknet_detect/darknet/src/data.c:1354:9:[m[K [01;35m[Kwarning: [m[Kignoring return value of ‘[01m[Kfread[m[K’, declared with attribute warn_unused_result [[01;35m[K-Wunused-result[m[K]
         [01;35m[Kfread(bytes, 1, 3073, fp)[m[K;
         [01;35m[K^~~~~~~~~~~~~~~~~~~~~~~~~[m[K
[01m[K/home/muyangren907/autoware/autoware.ai/1.12.0_cuda/src/autoware/core_perception/vision_darknet_detect/darknet/src/data.c:[m[K In function ‘[01m[Kload_all_cifar10[m[K’:
[01m[K/home/muyangren907/autoware/autoware.ai/1.12.0_cuda/src/autoware/core_perception/vision_darknet_detect/darknet/src/data.c:1417:13:[m[K [01;35m[Kwarning: [m[Kignoring return value of ‘[01m[Kfread[m[K’, declared with attribute warn_unused_result [[01;35m[K-Wunused-result[m[K]
             [01;35m[Kfread(bytes, 1, 3073, fp)[m[K;
             [01;35m[K^~~~~~~~~~~~~~~~~~~~~~~~~[m[K
[ 70%] [32mBuilding C object CMakeFiles/vision_darknet_detect_lib.dir/darknet/src/softmax_layer.c.o[0m
[ 71%] [32mBuilding C object CMakeFiles/vision_darknet_detect_lib.dir/darknet/src/dropout_layer.c.o[0m
[ 73%] [32mBuilding C object CMakeFiles/vision_darknet_detect_lib.dir/darknet/src/maxpool_layer.c.o[0m
[ 75%] [32mBuilding C object CMakeFiles/vision_darknet_detect_lib.dir/darknet/src/crop_layer.c.o[0m
[ 77%] [32mBuilding C object CMakeFiles/vision_darknet_detect_lib.dir/darknet/src/blas.c.o[0m
[ 78%] [32mBuilding C object CMakeFiles/vision_darknet_detect_lib.dir/darknet/src/col2im.c.o[0m
[ 80%] [32mBuilding C object CMakeFiles/vision_darknet_detect_lib.dir/darknet/src/im2col.c.o[0m
[ 82%] [32mBuilding C object CMakeFiles/vision_darknet_detect_lib.dir/darknet/src/activations.c.o[0m
[ 84%] [32mBuilding C object CMakeFiles/vision_darknet_detect_lib.dir/darknet/src/image.c.o[0m
[ 89%] [32mBuilding C object CMakeFiles/vision_darknet_detect_lib.dir/darknet/src/deconvolutional_layer.c.o[0m
[ 89%] [32mBuilding C object CMakeFiles/vision_darknet_detect_lib.dir/darknet/src/list.c.o[0m
[ 89%] [32mBuilding C object CMakeFiles/vision_darknet_detect_lib.dir/darknet/src/convolutional_layer.c.o[0m
[ 91%] [32mBuilding C object CMakeFiles/vision_darknet_detect_lib.dir/darknet/src/cuda.c.o[0m
[ 92%] [32mBuilding C object CMakeFiles/vision_darknet_detect_lib.dir/darknet/src/utils.c.o[0m
[01m[K/home/muyangren907/autoware/autoware.ai/1.12.0_cuda/src/autoware/core_perception/vision_darknet_detect/darknet/src/utils.c:[m[K In function ‘[01m[Kread_file[m[K’:
[01m[K/home/muyangren907/autoware/autoware.ai/1.12.0_cuda/src/autoware/core_perception/vision_darknet_detect/darknet/src/utils.c:267:5:[m[K [01;35m[Kwarning: [m[Kignoring return value of ‘[01m[Kfread[m[K’, declared with attribute warn_unused_result [[01;35m[K-Wunused-result[m[K]
     [01;35m[Kfread(text, 1, size, fp)[m[K;
     [01;35m[K^~~~~~~~~~~~~~~~~~~~~~~~[m[K
[01m[K/home/muyangren907/autoware/autoware.ai/1.12.0_cuda/src/autoware/core_perception/vision_darknet_detect/darknet/src/utils.c:[m[K In function ‘[01m[Kfgetl[m[K’:
[01m[K/home/muyangren907/autoware/autoware.ai/1.12.0_cuda/src/autoware/core_perception/vision_darknet_detect/darknet/src/utils.c:355:9:[m[K [01;35m[Kwarning: [m[Kignoring return value of ‘[01m[Kfgets[m[K’, declared with attribute warn_unused_result [[01;35m[K-Wunused-result[m[K]
         [01;35m[Kfgets(&line[curr], readsize, fp)[m[K;
         [01;35m[K^~~~~~~~~~~~~~~~~~~~~~~~~~~~~~~~[m[K
[ 94%] [32m[1mLinking CXX shared library devel/lib/libvision_darknet_detect_lib.so[0m
[ 94%] Built target vision_darknet_detect_lib
[35m[1mScanning dependencies of target vision_darknet_detect[0m
[ 96%] [32mBuilding CXX object CMakeFiles/vision_darknet_detect.dir/src/vision_darknet_detect_node.cpp.o[0m
[ 98%] [32mBuilding CXX object CMakeFiles/vision_darknet_detect.dir/src/vision_darknet_detect.cpp.o[0m
[100%] [32m[1mLinking CXX executable devel/lib/vision_darknet_detect/vision_darknet_detect[0m
[100%] Built target vision_darknet_detect
Invoked command in '/home/muyangren907/autoware/autoware.ai/1.12.0_cuda/build/vision_darknet_detect' returned '0': CMAKE_PREFIX_PATH=/home/muyangren907/autoware/autoware.ai/1.12.0_cuda/install/autoware_msgs:/home/muyangren907/autoware/autoware.ai/1.12.0_cuda/install/autoware_config_msgs:/home/muyangren907/autoware/autoware.ai/1.12.0_cuda/install/autoware_build_flags:${CMAKE_PREFIX_PATH} PKG_CONFIG_PATH=/home/muyangren907/autoware/autoware.ai/1.12.0_cuda/install/autoware_msgs/lib/x86_64-linux-gnu/pkgconfig:/home/muyangren907/autoware/autoware.ai/1.12.0_cuda/install/autoware_msgs/lib/pkgconfig:/home/muyangren907/autoware/autoware.ai/1.12.0_cuda/install/autoware_config_msgs/lib/x86_64-linux-gnu/pkgconfig:/home/muyangren907/autoware/autoware.ai/1.12.0_cuda/install/autoware_config_msgs/lib/pkgconfig:/home/muyangren907/autoware/autoware.ai/1.12.0_cuda/install/autoware_build_flags/lib/x86_64-linux-gnu/pkgconfig:/home/muyangren907/autoware/autoware.ai/1.12.0_cuda/install/autoware_build_flags/lib/pkgconfig:${PKG_CONFIG_PATH} PYTHONPATH=/home/muyangren907/autoware/autoware.ai/1.12.0_cuda/install/autoware_msgs/lib/python2.7/dist-packages:/home/muyangren907/autoware/autoware.ai/1.12.0_cuda/install/autoware_config_msgs/lib/python2.7/dist-packages:${PYTHONPATH} ROS_PACKAGE_PATH=/home/muyangren907/autoware/autoware.ai/1.12.0_cuda/install/autoware_msgs/share:/home/muyangren907/autoware/autoware.ai/1.12.0_cuda/install/autoware_config_msgs/share:/home/muyangren907/autoware/autoware.ai/1.12.0_cuda/install/autoware_build_flags/share:${ROS_PACKAGE_PATH} /usr/local/bin/cmake --build /home/muyangren907/autoware/autoware.ai/1.12.0_cuda/build/vision_darknet_detect -- -j40 -l40
Invoking command in '/home/muyangren907/autoware/autoware.ai/1.12.0_cuda/build/vision_darknet_detect': CMAKE_PREFIX_PATH=/home/muyangren907/autoware/autoware.ai/1.12.0_cuda/install/autoware_msgs:/home/muyangren907/autoware/autoware.ai/1.12.0_cuda/install/autoware_config_msgs:/home/muyangren907/autoware/autoware.ai/1.12.0_cuda/install/autoware_build_flags:${CMAKE_PREFIX_PATH} PKG_CONFIG_PATH=/home/muyangren907/autoware/autoware.ai/1.12.0_cuda/install/autoware_msgs/lib/x86_64-linux-gnu/pkgconfig:/home/muyangren907/autoware/autoware.ai/1.12.0_cuda/install/autoware_msgs/lib/pkgconfig:/home/muyangren907/autoware/autoware.ai/1.12.0_cuda/install/autoware_config_msgs/lib/x86_64-linux-gnu/pkgconfig:/home/muyangren907/autoware/autoware.ai/1.12.0_cuda/install/autoware_config_msgs/lib/pkgconfig:/home/muyangren907/autoware/autoware.ai/1.12.0_cuda/install/autoware_build_flags/lib/x86_64-linux-gnu/pkgconfig:/home/muyangren907/autoware/autoware.ai/1.12.0_cuda/install/autoware_build_flags/lib/pkgconfig:${PKG_CONFIG_PATH} PYTHONPATH=/home/muyangren907/autoware/autoware.ai/1.12.0_cuda/install/autoware_msgs/lib/python2.7/dist-packages:/home/muyangren907/autoware/autoware.ai/1.12.0_cuda/install/autoware_config_msgs/lib/python2.7/dist-packages:${PYTHONPATH} ROS_PACKAGE_PATH=/home/muyangren907/autoware/autoware.ai/1.12.0_cuda/install/autoware_msgs/share:/home/muyangren907/autoware/autoware.ai/1.12.0_cuda/install/autoware_config_msgs/share:/home/muyangren907/autoware/autoware.ai/1.12.0_cuda/install/autoware_build_flags/share:${ROS_PACKAGE_PATH} /usr/local/bin/cmake --build /home/muyangren907/autoware/autoware.ai/1.12.0_cuda/build/vision_darknet_detect --target tests -- -j40 -l40
-- CUDA compilation status: 1.
-- Using CATKIN_DEVEL_PREFIX: /home/muyangren907/autoware/autoware.ai/1.12.0_cuda/build/vision_darknet_detect/devel
-- Using CMAKE_PREFIX_PATH: /home/muyangren907/autoware/autoware.ai/1.12.0_cuda/install/autoware_msgs;/home/muyangren907/autoware/autoware.ai/1.12.0_cuda/install/autoware_config_msgs;/home/muyangren907/autoware/autoware.ai/1.12.0_cuda/install/autoware_build_flags;/opt/ros/melodic
-- This workspace overlays: /home/muyangren907/autoware/autoware.ai/1.12.0_cuda/install/autoware_msgs;/home/muyangren907/autoware/autoware.ai/1.12.0_cuda/install/autoware_config_msgs;/home/muyangren907/autoware/autoware.ai/1.12.0_cuda/install/autoware_build_flags;/opt/ros/melodic
-- Found PythonInterp: /usr/bin/python2 (found suitable version "2.7.15", minimum required is "2") 
-- Using PYTHON_EXECUTABLE: /usr/bin/python2
-- Using Debian Python package layout
-- Using empy: /usr/bin/empy
-- Using CATKIN_ENABLE_TESTING: ON
-- Call enable_testing()
-- Using CATKIN_TEST_RESULTS_DIR: /home/muyangren907/autoware/autoware.ai/1.12.0_cuda/build/vision_darknet_detect/test_results
-- Found gtest sources under '/usr/src/googletest': gtests will be built
-- Found gmock sources under '/usr/src/googletest': gmock will be built
-- Found PythonInterp: /usr/bin/python2 (found version "2.7.15") 
-- Using Python nosetests: /usr/local/bin/nosetests-2.7
-- catkin 0.7.19
-- BUILD_SHARED_LIBS is on
-- Using these message generators: gencpp;geneus;genlisp;gennodejs;genpy
-- Found OpenMP_C: -fopenmp  
-- Found OpenMP_CXX: -fopenmp  
-- Found OpenMP: TRUE   
-- Configuring done
-- Generating done
-- Build files have been written to: /home/muyangren907/autoware/autoware.ai/1.12.0_cuda/build/vision_darknet_detect
[35m[1mScanning dependencies of target tests[0m
Built target tests
Invoked command in '/home/muyangren907/autoware/autoware.ai/1.12.0_cuda/build/vision_darknet_detect' returned '0': CMAKE_PREFIX_PATH=/home/muyangren907/autoware/autoware.ai/1.12.0_cuda/install/autoware_msgs:/home/muyangren907/autoware/autoware.ai/1.12.0_cuda/install/autoware_config_msgs:/home/muyangren907/autoware/autoware.ai/1.12.0_cuda/install/autoware_build_flags:${CMAKE_PREFIX_PATH} PKG_CONFIG_PATH=/home/muyangren907/autoware/autoware.ai/1.12.0_cuda/install/autoware_msgs/lib/x86_64-linux-gnu/pkgconfig:/home/muyangren907/autoware/autoware.ai/1.12.0_cuda/install/autoware_msgs/lib/pkgconfig:/home/muyangren907/autoware/autoware.ai/1.12.0_cuda/install/autoware_config_msgs/lib/x86_64-linux-gnu/pkgconfig:/home/muyangren907/autoware/autoware.ai/1.12.0_cuda/install/autoware_config_msgs/lib/pkgconfig:/home/muyangren907/autoware/autoware.ai/1.12.0_cuda/install/autoware_build_flags/lib/x86_64-linux-gnu/pkgconfig:/home/muyangren907/autoware/autoware.ai/1.12.0_cuda/install/autoware_build_flags/lib/pkgconfig:${PKG_CONFIG_PATH} PYTHONPATH=/home/muyangren907/autoware/autoware.ai/1.12.0_cuda/install/autoware_msgs/lib/python2.7/dist-packages:/home/muyangren907/autoware/autoware.ai/1.12.0_cuda/install/autoware_config_msgs/lib/python2.7/dist-packages:${PYTHONPATH} ROS_PACKAGE_PATH=/home/muyangren907/autoware/autoware.ai/1.12.0_cuda/install/autoware_msgs/share:/home/muyangren907/autoware/autoware.ai/1.12.0_cuda/install/autoware_config_msgs/share:/home/muyangren907/autoware/autoware.ai/1.12.0_cuda/install/autoware_build_flags/share:${ROS_PACKAGE_PATH} /usr/local/bin/cmake --build /home/muyangren907/autoware/autoware.ai/1.12.0_cuda/build/vision_darknet_detect --target tests -- -j40 -l40
Invoking command in '/home/muyangren907/autoware/autoware.ai/1.12.0_cuda/build/vision_darknet_detect': CMAKE_PREFIX_PATH=/home/muyangren907/autoware/autoware.ai/1.12.0_cuda/install/autoware_msgs:/home/muyangren907/autoware/autoware.ai/1.12.0_cuda/install/autoware_config_msgs:/home/muyangren907/autoware/autoware.ai/1.12.0_cuda/install/autoware_build_flags:${CMAKE_PREFIX_PATH} PKG_CONFIG_PATH=/home/muyangren907/autoware/autoware.ai/1.12.0_cuda/install/autoware_msgs/lib/x86_64-linux-gnu/pkgconfig:/home/muyangren907/autoware/autoware.ai/1.12.0_cuda/install/autoware_msgs/lib/pkgconfig:/home/muyangren907/autoware/autoware.ai/1.12.0_cuda/install/autoware_config_msgs/lib/x86_64-linux-gnu/pkgconfig:/home/muyangren907/autoware/autoware.ai/1.12.0_cuda/install/autoware_config_msgs/lib/pkgconfig:/home/muyangren907/autoware/autoware.ai/1.12.0_cuda/install/autoware_build_flags/lib/x86_64-linux-gnu/pkgconfig:/home/muyangren907/autoware/autoware.ai/1.12.0_cuda/install/autoware_build_flags/lib/pkgconfig:${PKG_CONFIG_PATH} PYTHONPATH=/home/muyangren907/autoware/autoware.ai/1.12.0_cuda/install/autoware_msgs/lib/python2.7/dist-packages:/home/muyangren907/autoware/autoware.ai/1.12.0_cuda/install/autoware_config_msgs/lib/python2.7/dist-packages:${PYTHONPATH} ROS_PACKAGE_PATH=/home/muyangren907/autoware/autoware.ai/1.12.0_cuda/install/autoware_msgs/share:/home/muyangren907/autoware/autoware.ai/1.12.0_cuda/install/autoware_config_msgs/share:/home/muyangren907/autoware/autoware.ai/1.12.0_cuda/install/autoware_build_flags/share:${ROS_PACKAGE_PATH} /usr/local/bin/cmake --build /home/muyangren907/autoware/autoware.ai/1.12.0_cuda/build/vision_darknet_detect --target install -- -j40 -l40
[  0%] Built target sensor_msgs_generate_messages_lisp
[  0%] Built target rosgraph_msgs_generate_messages_py
[  0%] Built target rosgraph_msgs_generate_messages_nodejs
[  0%] Built target roscpp_generate_messages_py
[  0%] Built target rosgraph_msgs_generate_messages_lisp
[  0%] Built target roscpp_generate_messages_lisp
[  0%] Built target roscpp_generate_messages_nodejs
[  0%] Built target jsk_footstep_msgs_generate_messages_cpp
[  0%] Built target pcl_msgs_generate_messages_nodejs
[  0%] Built target geometry_msgs_generate_messages_lisp
[  0%] Built target autoware_msgs_generate_messages_lisp
[  0%] Built target pcl_msgs_generate_messages_eus
[  0%] Built target rosgraph_msgs_generate_messages_cpp
[  0%] Built target pcl_msgs_generate_messages_cpp
[  0%] Built target sensor_msgs_generate_messages_eus
[  0%] Built target actionlib_msgs_generate_messages_nodejs
[  0%] Built target jsk_recognition_msgs_generate_messages_eus
[  0%] Built target jsk_footstep_msgs_generate_messages_lisp
[  0%] Built target jsk_footstep_msgs_generate_messages_nodejs
[  0%] Built target jsk_footstep_msgs_generate_messages_eus
[  0%] Built target autoware_msgs_generate_messages_nodejs
[  0%] Built target autoware_msgs_generate_messages_py
[  0%] Built target actionlib_msgs_generate_messages_eus
[  0%] Built target jsk_footstep_msgs_generate_messages_py
[  0%] Built target std_msgs_generate_messages_cpp
[  0%] Built target actionlib_msgs_generate_messages_cpp
[  0%] Built target autoware_config_msgs_generate_messages_nodejs
[  0%] Built target jsk_recognition_msgs_generate_messages_py
[  0%] Built target actionlib_msgs_generate_messages_lisp
[  0%] Built target std_msgs_generate_messages_py
[  0%] Built target geometry_msgs_generate_messages_eus
[  0%] Built target jsk_recognition_msgs_generate_messages_nodejs
[  0%] Built target std_msgs_generate_messages_nodejs
[  0%] Built target geometry_msgs_generate_messages_py
[  0%] Built target actionlib_msgs_generate_messages_py
[  0%] Built target jsk_recognition_msgs_generate_messages_lisp
[  0%] Built target std_msgs_generate_messages_eus
[  0%] Built target pcl_msgs_generate_messages_lisp
[  0%] Built target jsk_recognition_msgs_generate_messages_cpp
[  0%] Built target std_msgs_generate_messages_lisp
[  0%] Built target geometry_msgs_generate_messages_nodejs
[  0%] Built target autoware_msgs_generate_messages_eus
[  0%] Built target sensor_msgs_generate_messages_cpp
[  0%] Built target geometry_msgs_generate_messages_cpp
[  0%] Built target pcl_msgs_generate_messages_py
[  0%] Built target sensor_msgs_generate_messages_nodejs
[  0%] Built target autoware_msgs_generate_messages_cpp
[  0%] Built target sensor_msgs_generate_messages_py
[  0%] Built target autoware_config_msgs_generate_messages_cpp
[  0%] Built target autoware_config_msgs_generate_messages_eus
[  0%] Built target rosgraph_msgs_generate_messages_eus
[  0%] Built target autoware_config_msgs_generate_messages_py
[  0%] Built target autoware_config_msgs_generate_messages_lisp
[  0%] Built target roscpp_generate_messages_cpp
[  0%] Built target roscpp_generate_messages_eus
[  1%] [32m[1mLinking CXX shared library devel/lib/libvision_darknet_detect_lib.so[0m
[ 94%] Built target vision_darknet_detect_lib
[ 96%] [32m[1mLinking CXX executable devel/lib/vision_darknet_detect/vision_darknet_detect[0m
[100%] Built target vision_darknet_detect
[36mInstall the project...[0m
-- Install configuration: "Release"
-- Installing: /home/muyangren907/autoware/autoware.ai/1.12.0_cuda/install/vision_darknet_detect/lib/pkgconfig/vision_darknet_detect.pc
-- Installing: /home/muyangren907/autoware/autoware.ai/1.12.0_cuda/install/vision_darknet_detect/share/vision_darknet_detect/cmake/vision_darknet_detectConfig.cmake
-- Installing: /home/muyangren907/autoware/autoware.ai/1.12.0_cuda/install/vision_darknet_detect/share/vision_darknet_detect/cmake/vision_darknet_detectConfig-version.cmake
-- Installing: /home/muyangren907/autoware/autoware.ai/1.12.0_cuda/install/vision_darknet_detect/share/vision_darknet_detect/package.xml
-- Installing: /home/muyangren907/autoware/autoware.ai/1.12.0_cuda/install/vision_darknet_detect/lib/libvision_darknet_detect_lib.so
-- Set runtime path of "/home/muyangren907/autoware/autoware.ai/1.12.0_cuda/install/vision_darknet_detect/lib/libvision_darknet_detect_lib.so" to ""
-- Installing: /home/muyangren907/autoware/autoware.ai/1.12.0_cuda/install/vision_darknet_detect/lib/vision_darknet_detect/vision_darknet_detect
-- Set runtime path of "/home/muyangren907/autoware/autoware.ai/1.12.0_cuda/install/vision_darknet_detect/lib/vision_darknet_detect/vision_darknet_detect" to ""
-- Installing: /home/muyangren907/autoware/autoware.ai/1.12.0_cuda/install/vision_darknet_detect/share/vision_darknet_detect/launch
-- Installing: /home/muyangren907/autoware/autoware.ai/1.12.0_cuda/install/vision_darknet_detect/share/vision_darknet_detect/launch/vision_yolo2_detect.launch
-- Installing: /home/muyangren907/autoware/autoware.ai/1.12.0_cuda/install/vision_darknet_detect/share/vision_darknet_detect/launch/vision_yolo3_detect.launch
-- Installing: /home/muyangren907/autoware/autoware.ai/1.12.0_cuda/install/vision_darknet_detect/share/vision_darknet_detect/darknet/cfg/
-- Installing: /home/muyangren907/autoware/autoware.ai/1.12.0_cuda/install/vision_darknet_detect/share/vision_darknet_detect/darknet/cfg//yolov2.cfg
-- Installing: /home/muyangren907/autoware/autoware.ai/1.12.0_cuda/install/vision_darknet_detect/share/vision_darknet_detect/darknet/cfg//voc.names
-- Installing: /home/muyangren907/autoware/autoware.ai/1.12.0_cuda/install/vision_darknet_detect/share/vision_darknet_detect/darknet/cfg//yolov3-voc.cfg
-- Installing: /home/muyangren907/autoware/autoware.ai/1.12.0_cuda/install/vision_darknet_detect/share/vision_darknet_detect/darknet/cfg//yolov3.cfg
-- Installing: /home/muyangren907/autoware/autoware.ai/1.12.0_cuda/install/vision_darknet_detect/share/vision_darknet_detect/darknet/cfg//yolov3-tiny.cfg
-- Installing: /home/muyangren907/autoware/autoware.ai/1.12.0_cuda/install/vision_darknet_detect/share/vision_darknet_detect/darknet/cfg//coco.names
-- Installing: /home/muyangren907/autoware/autoware.ai/1.12.0_cuda/install/vision_darknet_detect/share/vision_darknet_detect/darknet/cfg//yolov2-tiny.cfg
Invoked command in '/home/muyangren907/autoware/autoware.ai/1.12.0_cuda/build/vision_darknet_detect' returned '0': CMAKE_PREFIX_PATH=/home/muyangren907/autoware/autoware.ai/1.12.0_cuda/install/autoware_msgs:/home/muyangren907/autoware/autoware.ai/1.12.0_cuda/install/autoware_config_msgs:/home/muyangren907/autoware/autoware.ai/1.12.0_cuda/install/autoware_build_flags:${CMAKE_PREFIX_PATH} PKG_CONFIG_PATH=/home/muyangren907/autoware/autoware.ai/1.12.0_cuda/install/autoware_msgs/lib/x86_64-linux-gnu/pkgconfig:/home/muyangren907/autoware/autoware.ai/1.12.0_cuda/install/autoware_msgs/lib/pkgconfig:/home/muyangren907/autoware/autoware.ai/1.12.0_cuda/install/autoware_config_msgs/lib/x86_64-linux-gnu/pkgconfig:/home/muyangren907/autoware/autoware.ai/1.12.0_cuda/install/autoware_config_msgs/lib/pkgconfig:/home/muyangren907/autoware/autoware.ai/1.12.0_cuda/install/autoware_build_flags/lib/x86_64-linux-gnu/pkgconfig:/home/muyangren907/autoware/autoware.ai/1.12.0_cuda/install/autoware_build_flags/lib/pkgconfig:${PKG_CONFIG_PATH} PYTHONPATH=/home/muyangren907/autoware/autoware.ai/1.12.0_cuda/install/autoware_msgs/lib/python2.7/dist-packages:/home/muyangren907/autoware/autoware.ai/1.12.0_cuda/install/autoware_config_msgs/lib/python2.7/dist-packages:${PYTHONPATH} ROS_PACKAGE_PATH=/home/muyangren907/autoware/autoware.ai/1.12.0_cuda/install/autoware_msgs/share:/home/muyangren907/autoware/autoware.ai/1.12.0_cuda/install/autoware_config_msgs/share:/home/muyangren907/autoware/autoware.ai/1.12.0_cuda/install/autoware_build_flags/share:${ROS_PACKAGE_PATH} /usr/local/bin/cmake --build /home/muyangren907/autoware/autoware.ai/1.12.0_cuda/build/vision_darknet_detect --target install -- -j40 -l40
