Determining if the pthread_create exist failed with the following output:
Change Dir: /home/muyangren907/autoware/autoware.ai/1.12.0_cuda/build/autoware_driveworks_gmsl_interface/CMakeFiles/CMakeTmp

Run Build Command:"/usr/bin/make" "cmTC_b4a94/fast"
/usr/bin/make -f CMakeFiles/cmTC_b4a94.dir/build.make CMakeFiles/cmTC_b4a94.dir/build
make[1]: Entering directory '/home/muyangren907/autoware/autoware.ai/1.12.0_cuda/build/autoware_driveworks_gmsl_interface/CMakeFiles/CMakeTmp'
Building C object CMakeFiles/cmTC_b4a94.dir/CheckSymbolExists.c.o
/usr/bin/cc   -fPIC    -o CMakeFiles/cmTC_b4a94.dir/CheckSymbolExists.c.o   -c /home/muyangren907/autoware/autoware.ai/1.12.0_cuda/build/autoware_driveworks_gmsl_interface/CMakeFiles/CMakeTmp/CheckSymbolExists.c
Linking C executable cmTC_b4a94
/usr/local/lib/python2.7/dist-packages/cmake/data/bin/cmake -E cmake_link_script CMakeFiles/cmTC_b4a94.dir/link.txt --verbose=1
/usr/bin/cc -fPIC     -rdynamic CMakeFiles/cmTC_b4a94.dir/CheckSymbolExists.c.o  -o cmTC_b4a94 
CMakeFiles/cmTC_b4a94.dir/CheckSymbolExists.c.o: In function `main':
CheckSymbolExists.c:(.text+0x1b): undefined reference to `pthread_create'
collect2: error: ld returned 1 exit status
CMakeFiles/cmTC_b4a94.dir/build.make:86: recipe for target 'cmTC_b4a94' failed
make[1]: *** [cmTC_b4a94] Error 1
make[1]: Leaving directory '/home/muyangren907/autoware/autoware.ai/1.12.0_cuda/build/autoware_driveworks_gmsl_interface/CMakeFiles/CMakeTmp'
Makefile:121: recipe for target 'cmTC_b4a94/fast' failed
make: *** [cmTC_b4a94/fast] Error 2

File /home/muyangren907/autoware/autoware.ai/1.12.0_cuda/build/autoware_driveworks_gmsl_interface/CMakeFiles/CMakeTmp/CheckSymbolExists.c:
/* */
#include <pthread.h>

int main(int argc, char** argv)
{
  (void)argv;
#ifndef pthread_create
  return ((int*)(&pthread_create))[argc];
#else
  (void)argc;
  return 0;
#endif
}

Determining if the function pthread_create exists in the pthreads failed with the following output:
Change Dir: /home/muyangren907/autoware/autoware.ai/1.12.0_cuda/build/autoware_driveworks_gmsl_interface/CMakeFiles/CMakeTmp

Run Build Command:"/usr/bin/make" "cmTC_6a222/fast"
/usr/bin/make -f CMakeFiles/cmTC_6a222.dir/build.make CMakeFiles/cmTC_6a222.dir/build
make[1]: Entering directory '/home/muyangren907/autoware/autoware.ai/1.12.0_cuda/build/autoware_driveworks_gmsl_interface/CMakeFiles/CMakeTmp'
Building C object CMakeFiles/cmTC_6a222.dir/CheckFunctionExists.c.o
/usr/bin/cc   -fPIC -DCHECK_FUNCTION_EXISTS=pthread_create   -o CMakeFiles/cmTC_6a222.dir/CheckFunctionExists.c.o   -c /usr/local/lib/python2.7/dist-packages/cmake/data/share/cmake-3.12/Modules/CheckFunctionExists.c
Linking C executable cmTC_6a222
/usr/local/lib/python2.7/dist-packages/cmake/data/bin/cmake -E cmake_link_script CMakeFiles/cmTC_6a222.dir/link.txt --verbose=1
/usr/bin/cc -fPIC -DCHECK_FUNCTION_EXISTS=pthread_create    -rdynamic CMakeFiles/cmTC_6a222.dir/CheckFunctionExists.c.o  -o cmTC_6a222 -lpthreads 
/usr/bin/ld: cannot find -lpthreads
collect2: error: ld returned 1 exit status
CMakeFiles/cmTC_6a222.dir/build.make:86: recipe for target 'cmTC_6a222' failed
make[1]: *** [cmTC_6a222] Error 1
make[1]: Leaving directory '/home/muyangren907/autoware/autoware.ai/1.12.0_cuda/build/autoware_driveworks_gmsl_interface/CMakeFiles/CMakeTmp'
Makefile:121: recipe for target 'cmTC_6a222/fast' failed
make: *** [cmTC_6a222/fast] Error 2


