[35m[1mScanning dependencies of target _autoware_can_msgs_generate_messages_check_deps_CANPacket[0m
[35m[1mScanning dependencies of target std_msgs_generate_messages_nodejs[0m
[  0%] Built target std_msgs_generate_messages_nodejs
[35m[1mScanning dependencies of target _autoware_can_msgs_generate_messages_check_deps_CANData[0m
[  0%] Built target _autoware_can_msgs_generate_messages_check_deps_CANPacket
[35m[1mScanning dependencies of target _autoware_can_msgs_generate_messages_check_deps_CANInfo[0m
[  0%] Built target _autoware_can_msgs_generate_messages_check_deps_CANData
[35m[1mScanning dependencies of target std_msgs_generate_messages_py[0m
[  0%] Built target std_msgs_generate_messages_py
[35m[1mScanning dependencies of target std_msgs_generate_messages_cpp[0m
[  0%] Built target std_msgs_generate_messages_cpp
[  0%] Built target _autoware_can_msgs_generate_messages_check_deps_CANInfo
[35m[1mScanning dependencies of target std_msgs_generate_messages_lisp[0m
[35m[1mScanning dependencies of target std_msgs_generate_messages_eus[0m
[  0%] Built target std_msgs_generate_messages_lisp
[  0%] Built target std_msgs_generate_messages_eus
[35m[1mScanning dependencies of target autoware_can_msgs_generate_messages_nodejs[0m
[35m[1mScanning dependencies of target autoware_can_msgs_generate_messages_py[0m
[35m[1mScanning dependencies of target autoware_can_msgs_generate_messages_cpp[0m
[  5%] [34m[1mGenerating Javascript code from autoware_can_msgs/CANData.msg[0m
[ 11%] [34m[1mGenerating Javascript code from autoware_can_msgs/CANInfo.msg[0m
[ 23%] [34m[1mGenerating Python from MSG autoware_can_msgs/CANData[0m
[ 23%] [34m[1mGenerating C++ code from autoware_can_msgs/CANData.msg[0m
[ 29%] [34m[1mGenerating Javascript code from autoware_can_msgs/CANPacket.msg[0m
[ 35%] [34m[1mGenerating Python from MSG autoware_can_msgs/CANInfo[0m
[ 41%] [34m[1mGenerating Python from MSG autoware_can_msgs/CANPacket[0m
[ 47%] [34m[1mGenerating C++ code from autoware_can_msgs/CANInfo.msg[0m
[ 52%] [34m[1mGenerating C++ code from autoware_can_msgs/CANPacket.msg[0m
[ 52%] Built target autoware_can_msgs_generate_messages_nodejs
[35m[1mScanning dependencies of target autoware_can_msgs_generate_messages_lisp[0m
[ 58%] [34m[1mGenerating Lisp code from autoware_can_msgs/CANData.msg[0m
[ 64%] [34m[1mGenerating Python msg __init__.py for autoware_can_msgs[0m
[ 70%] [34m[1mGenerating Lisp code from autoware_can_msgs/CANInfo.msg[0m
[ 70%] Built target autoware_can_msgs_generate_messages_cpp
[ 70%] Built target autoware_can_msgs_generate_messages_py
[35m[1mScanning dependencies of target autoware_can_msgs_generate_messages_eus[0m
[ 76%] [34m[1mGenerating EusLisp code from autoware_can_msgs/CANData.msg[0m
[ 82%] [34m[1mGenerating EusLisp code from autoware_can_msgs/CANInfo.msg[0m
[ 88%] [34m[1mGenerating Lisp code from autoware_can_msgs/CANPacket.msg[0m
[ 94%] [34m[1mGenerating EusLisp code from autoware_can_msgs/CANPacket.msg[0m
[ 94%] Built target autoware_can_msgs_generate_messages_lisp
[100%] [34m[1mGenerating EusLisp manifest code for autoware_can_msgs[0m
[100%] Built target autoware_can_msgs_generate_messages_eus
[35m[1mScanning dependencies of target autoware_can_msgs_generate_messages[0m
[100%] Built target autoware_can_msgs_generate_messages
