Symlinking /home/myr907/autoware.ai/devel/share/roseus/ros/autoware_can_msgs/manifest.l
Symlinking /home/myr907/autoware.ai/devel/share/roseus/ros/autoware_can_msgs/msg/CANInfo.l
Symlinking /home/myr907/autoware.ai/devel/share/roseus/ros/autoware_can_msgs/msg/CANPacket.l
Symlinking /home/myr907/autoware.ai/devel/share/roseus/ros/autoware_can_msgs/msg/CANData.l
Symlinking /home/myr907/autoware.ai/devel/share/common-lisp/ros/autoware_can_msgs/msg/autoware_can_msgs-msg.asd
Symlinking /home/myr907/autoware.ai/devel/share/common-lisp/ros/autoware_can_msgs/msg/CANInfo.lisp
Symlinking /home/myr907/autoware.ai/devel/share/common-lisp/ros/autoware_can_msgs/msg/CANPacket.lisp
Symlinking /home/myr907/autoware.ai/devel/share/common-lisp/ros/autoware_can_msgs/msg/_package_CANPacket.lisp
Symlinking /home/myr907/autoware.ai/devel/share/common-lisp/ros/autoware_can_msgs/msg/_package_CANInfo.lisp
Symlinking /home/myr907/autoware.ai/devel/share/common-lisp/ros/autoware_can_msgs/msg/_package_CANData.lisp
Symlinking /home/myr907/autoware.ai/devel/share/common-lisp/ros/autoware_can_msgs/msg/CANData.lisp
Symlinking /home/myr907/autoware.ai/devel/share/common-lisp/ros/autoware_can_msgs/msg/_package.lisp
Symlinking /home/myr907/autoware.ai/devel/share/gennodejs/ros/autoware_can_msgs/_index.js
Symlinking /home/myr907/autoware.ai/devel/share/gennodejs/ros/autoware_can_msgs/msg/_index.js
Symlinking /home/myr907/autoware.ai/devel/share/gennodejs/ros/autoware_can_msgs/msg/CANPacket.js
Symlinking /home/myr907/autoware.ai/devel/share/gennodejs/ros/autoware_can_msgs/msg/CANData.js
Symlinking /home/myr907/autoware.ai/devel/share/gennodejs/ros/autoware_can_msgs/msg/CANInfo.js
Symlinking /home/myr907/autoware.ai/devel/share/autoware_can_msgs/cmake/autoware_can_msgsConfig-version.cmake
Symlinking /home/myr907/autoware.ai/devel/share/autoware_can_msgs/cmake/autoware_can_msgs-msg-extras.cmake
Symlinking /home/myr907/autoware.ai/devel/share/autoware_can_msgs/cmake/autoware_can_msgs-msg-paths.cmake
Symlinking /home/myr907/autoware.ai/devel/share/autoware_can_msgs/cmake/autoware_can_msgsConfig.cmake
Symlinking /home/myr907/autoware.ai/devel/include/autoware_can_msgs/CANData.h
Symlinking /home/myr907/autoware.ai/devel/include/autoware_can_msgs/CANPacket.h
Symlinking /home/myr907/autoware.ai/devel/include/autoware_can_msgs/CANInfo.h
Symlinking /home/myr907/autoware.ai/devel/lib/pkgconfig/autoware_can_msgs.pc
Symlinking /home/myr907/autoware.ai/devel/lib/python2.7/dist-packages/autoware_can_msgs/__init__.py
Symlinking /home/myr907/autoware.ai/devel/lib/python2.7/dist-packages/autoware_can_msgs/msg/__init__.py
Symlinking /home/myr907/autoware.ai/devel/lib/python2.7/dist-packages/autoware_can_msgs/msg/_CANInfo.py
Symlinking /home/myr907/autoware.ai/devel/lib/python2.7/dist-packages/autoware_can_msgs/msg/_CANData.py
Symlinking /home/myr907/autoware.ai/devel/lib/python2.7/dist-packages/autoware_can_msgs/msg/_CANPacket.py
