Determining if the pthread_create exist failed with the following output:
Change Dir: /home/muyangren907/autoware/autoware.ai/1.12.0_cuda/build/map_tools/CMakeFiles/CMakeTmp

Run Build Command:"/usr/bin/make" "cmTC_f7959/fast"
/usr/bin/make -f CMakeFiles/cmTC_f7959.dir/build.make CMakeFiles/cmTC_f7959.dir/build
make[1]: Entering directory '/home/muyangren907/autoware/autoware.ai/1.12.0_cuda/build/map_tools/CMakeFiles/CMakeTmp'
Building C object CMakeFiles/cmTC_f7959.dir/CheckSymbolExists.c.o
/usr/bin/cc    -o CMakeFiles/cmTC_f7959.dir/CheckSymbolExists.c.o   -c /home/muyangren907/autoware/autoware.ai/1.12.0_cuda/build/map_tools/CMakeFiles/CMakeTmp/CheckSymbolExists.c
Linking C executable cmTC_f7959
/usr/local/lib/python2.7/dist-packages/cmake/data/bin/cmake -E cmake_link_script CMakeFiles/cmTC_f7959.dir/link.txt --verbose=1
/usr/bin/cc      -rdynamic CMakeFiles/cmTC_f7959.dir/CheckSymbolExists.c.o  -o cmTC_f7959 
CMakeFiles/cmTC_f7959.dir/CheckSymbolExists.c.o: In function `main':
CheckSymbolExists.c:(.text+0x1b): undefined reference to `pthread_create'
collect2: error: ld returned 1 exit status
CMakeFiles/cmTC_f7959.dir/build.make:86: recipe for target 'cmTC_f7959' failed
make[1]: *** [cmTC_f7959] Error 1
make[1]: Leaving directory '/home/muyangren907/autoware/autoware.ai/1.12.0_cuda/build/map_tools/CMakeFiles/CMakeTmp'
Makefile:121: recipe for target 'cmTC_f7959/fast' failed
make: *** [cmTC_f7959/fast] Error 2

File /home/muyangren907/autoware/autoware.ai/1.12.0_cuda/build/map_tools/CMakeFiles/CMakeTmp/CheckSymbolExists.c:
/* */
#include <pthread.h>

int main(int argc, char** argv)
{
  (void)argv;
#ifndef pthread_create
  return ((int*)(&pthread_create))[argc];
#else
  (void)argc;
  return 0;
#endif
}

Determining if the function pthread_create exists in the pthreads failed with the following output:
Change Dir: /home/muyangren907/autoware/autoware.ai/1.12.0_cuda/build/map_tools/CMakeFiles/CMakeTmp

Run Build Command:"/usr/bin/make" "cmTC_19417/fast"
/usr/bin/make -f CMakeFiles/cmTC_19417.dir/build.make CMakeFiles/cmTC_19417.dir/build
make[1]: Entering directory '/home/muyangren907/autoware/autoware.ai/1.12.0_cuda/build/map_tools/CMakeFiles/CMakeTmp'
Building C object CMakeFiles/cmTC_19417.dir/CheckFunctionExists.c.o
/usr/bin/cc   -DCHECK_FUNCTION_EXISTS=pthread_create   -o CMakeFiles/cmTC_19417.dir/CheckFunctionExists.c.o   -c /usr/local/lib/python2.7/dist-packages/cmake/data/share/cmake-3.12/Modules/CheckFunctionExists.c
Linking C executable cmTC_19417
/usr/local/lib/python2.7/dist-packages/cmake/data/bin/cmake -E cmake_link_script CMakeFiles/cmTC_19417.dir/link.txt --verbose=1
/usr/bin/cc  -DCHECK_FUNCTION_EXISTS=pthread_create    -rdynamic CMakeFiles/cmTC_19417.dir/CheckFunctionExists.c.o  -o cmTC_19417 -lpthreads 
/usr/bin/ld: cannot find -lpthreads
collect2: error: ld returned 1 exit status
CMakeFiles/cmTC_19417.dir/build.make:86: recipe for target 'cmTC_19417' failed
make[1]: *** [cmTC_19417] Error 1
make[1]: Leaving directory '/home/muyangren907/autoware/autoware.ai/1.12.0_cuda/build/map_tools/CMakeFiles/CMakeTmp'
Makefile:121: recipe for target 'cmTC_19417/fast' failed
make: *** [cmTC_19417/fast] Error 2


