Determining if the pthread_create exist failed with the following output:
Change Dir: /home/myr907/autoware.ai/build/autoware_can_msgs/CMakeFiles/CMakeTmp

Run Build Command:"/usr/bin/make" "cmTC_f8fd8/fast"
/usr/bin/make -f CMakeFiles/cmTC_f8fd8.dir/build.make CMakeFiles/cmTC_f8fd8.dir/build
make[1]: Entering directory '/home/myr907/autoware.ai/build/autoware_can_msgs/CMakeFiles/CMakeTmp'
Building C object CMakeFiles/cmTC_f8fd8.dir/CheckSymbolExists.c.o
/usr/bin/cc    -o CMakeFiles/cmTC_f8fd8.dir/CheckSymbolExists.c.o   -c /home/myr907/autoware.ai/build/autoware_can_msgs/CMakeFiles/CMakeTmp/CheckSymbolExists.c
Linking C executable cmTC_f8fd8
/usr/local/lib/python2.7/dist-packages/cmake/data/bin/cmake -E cmake_link_script CMakeFiles/cmTC_f8fd8.dir/link.txt --verbose=1
/usr/bin/cc      -rdynamic CMakeFiles/cmTC_f8fd8.dir/CheckSymbolExists.c.o  -o cmTC_f8fd8 
CMakeFiles/cmTC_f8fd8.dir/CheckSymbolExists.c.o: In function `main':
CheckSymbolExists.c:(.text+0x1b): undefined reference to `pthread_create'
collect2: error: ld returned 1 exit status
CMakeFiles/cmTC_f8fd8.dir/build.make:86: recipe for target 'cmTC_f8fd8' failed
make[1]: *** [cmTC_f8fd8] Error 1
make[1]: Leaving directory '/home/myr907/autoware.ai/build/autoware_can_msgs/CMakeFiles/CMakeTmp'
Makefile:121: recipe for target 'cmTC_f8fd8/fast' failed
make: *** [cmTC_f8fd8/fast] Error 2

File /home/myr907/autoware.ai/build/autoware_can_msgs/CMakeFiles/CMakeTmp/CheckSymbolExists.c:
/* */
#include <pthread.h>

int main(int argc, char** argv)
{
  (void)argv;
#ifndef pthread_create
  return ((int*)(&pthread_create))[argc];
#else
  (void)argc;
  return 0;
#endif
}

Determining if the function pthread_create exists in the pthreads failed with the following output:
Change Dir: /home/myr907/autoware.ai/build/autoware_can_msgs/CMakeFiles/CMakeTmp

Run Build Command:"/usr/bin/make" "cmTC_9fdae/fast"
/usr/bin/make -f CMakeFiles/cmTC_9fdae.dir/build.make CMakeFiles/cmTC_9fdae.dir/build
make[1]: Entering directory '/home/myr907/autoware.ai/build/autoware_can_msgs/CMakeFiles/CMakeTmp'
Building C object CMakeFiles/cmTC_9fdae.dir/CheckFunctionExists.c.o
/usr/bin/cc   -DCHECK_FUNCTION_EXISTS=pthread_create   -o CMakeFiles/cmTC_9fdae.dir/CheckFunctionExists.c.o   -c /usr/local/lib/python2.7/dist-packages/cmake/data/share/cmake-3.12/Modules/CheckFunctionExists.c
Linking C executable cmTC_9fdae
/usr/local/lib/python2.7/dist-packages/cmake/data/bin/cmake -E cmake_link_script CMakeFiles/cmTC_9fdae.dir/link.txt --verbose=1
/usr/bin/cc  -DCHECK_FUNCTION_EXISTS=pthread_create    -rdynamic CMakeFiles/cmTC_9fdae.dir/CheckFunctionExists.c.o  -o cmTC_9fdae -lpthreads 
/usr/bin/ld: cannot find -lpthreads
collect2: error: ld returned 1 exit status
CMakeFiles/cmTC_9fdae.dir/build.make:86: recipe for target 'cmTC_9fdae' failed
make[1]: *** [cmTC_9fdae] Error 1
make[1]: Leaving directory '/home/myr907/autoware.ai/build/autoware_can_msgs/CMakeFiles/CMakeTmp'
Makefile:121: recipe for target 'cmTC_9fdae/fast' failed
make: *** [cmTC_9fdae/fast] Error 2


