Determining if the pthread_create exist failed with the following output:
Change Dir: /home/muyangren907/autoware/autoware.ai/1.12.0_cuda/build/pc2_downsampler/CMakeFiles/CMakeTmp

Run Build Command:"/usr/bin/make" "cmTC_6d500/fast"
/usr/bin/make -f CMakeFiles/cmTC_6d500.dir/build.make CMakeFiles/cmTC_6d500.dir/build
make[1]: Entering directory '/home/muyangren907/autoware/autoware.ai/1.12.0_cuda/build/pc2_downsampler/CMakeFiles/CMakeTmp'
Building C object CMakeFiles/cmTC_6d500.dir/CheckSymbolExists.c.o
/usr/bin/cc    -o CMakeFiles/cmTC_6d500.dir/CheckSymbolExists.c.o   -c /home/muyangren907/autoware/autoware.ai/1.12.0_cuda/build/pc2_downsampler/CMakeFiles/CMakeTmp/CheckSymbolExists.c
Linking C executable cmTC_6d500
/usr/local/lib/python2.7/dist-packages/cmake/data/bin/cmake -E cmake_link_script CMakeFiles/cmTC_6d500.dir/link.txt --verbose=1
/usr/bin/cc      -rdynamic CMakeFiles/cmTC_6d500.dir/CheckSymbolExists.c.o  -o cmTC_6d500 
CMakeFiles/cmTC_6d500.dir/CheckSymbolExists.c.o: In function `main':
CheckSymbolExists.c:(.text+0x1b): undefined reference to `pthread_create'
collect2: error: ld returned 1 exit status
CMakeFiles/cmTC_6d500.dir/build.make:86: recipe for target 'cmTC_6d500' failed
make[1]: *** [cmTC_6d500] Error 1
make[1]: Leaving directory '/home/muyangren907/autoware/autoware.ai/1.12.0_cuda/build/pc2_downsampler/CMakeFiles/CMakeTmp'
Makefile:121: recipe for target 'cmTC_6d500/fast' failed
make: *** [cmTC_6d500/fast] Error 2

File /home/muyangren907/autoware/autoware.ai/1.12.0_cuda/build/pc2_downsampler/CMakeFiles/CMakeTmp/CheckSymbolExists.c:
/* */
#include <pthread.h>

int main(int argc, char** argv)
{
  (void)argv;
#ifndef pthread_create
  return ((int*)(&pthread_create))[argc];
#else
  (void)argc;
  return 0;
#endif
}

Determining if the function pthread_create exists in the pthreads failed with the following output:
Change Dir: /home/muyangren907/autoware/autoware.ai/1.12.0_cuda/build/pc2_downsampler/CMakeFiles/CMakeTmp

Run Build Command:"/usr/bin/make" "cmTC_dd4ca/fast"
/usr/bin/make -f CMakeFiles/cmTC_dd4ca.dir/build.make CMakeFiles/cmTC_dd4ca.dir/build
make[1]: Entering directory '/home/muyangren907/autoware/autoware.ai/1.12.0_cuda/build/pc2_downsampler/CMakeFiles/CMakeTmp'
Building C object CMakeFiles/cmTC_dd4ca.dir/CheckFunctionExists.c.o
/usr/bin/cc   -DCHECK_FUNCTION_EXISTS=pthread_create   -o CMakeFiles/cmTC_dd4ca.dir/CheckFunctionExists.c.o   -c /usr/local/lib/python2.7/dist-packages/cmake/data/share/cmake-3.12/Modules/CheckFunctionExists.c
Linking C executable cmTC_dd4ca
/usr/local/lib/python2.7/dist-packages/cmake/data/bin/cmake -E cmake_link_script CMakeFiles/cmTC_dd4ca.dir/link.txt --verbose=1
/usr/bin/cc  -DCHECK_FUNCTION_EXISTS=pthread_create    -rdynamic CMakeFiles/cmTC_dd4ca.dir/CheckFunctionExists.c.o  -o cmTC_dd4ca -lpthreads 
/usr/bin/ld: cannot find -lpthreads
collect2: error: ld returned 1 exit status
CMakeFiles/cmTC_dd4ca.dir/build.make:86: recipe for target 'cmTC_dd4ca' failed
make[1]: *** [cmTC_dd4ca] Error 1
make[1]: Leaving directory '/home/muyangren907/autoware/autoware.ai/1.12.0_cuda/build/pc2_downsampler/CMakeFiles/CMakeTmp'
Makefile:121: recipe for target 'cmTC_dd4ca/fast' failed
make: *** [cmTC_dd4ca/fast] Error 2


