Determining if the pthread_create exist failed with the following output:
Change Dir: /home/myr907/autoware.ai/build/lattice_planner/CMakeFiles/CMakeTmp

Run Build Command:"/usr/bin/make" "cmTC_cdf77/fast"
/usr/bin/make -f CMakeFiles/cmTC_cdf77.dir/build.make CMakeFiles/cmTC_cdf77.dir/build
make[1]: Entering directory '/home/myr907/autoware.ai/build/lattice_planner/CMakeFiles/CMakeTmp'
Building C object CMakeFiles/cmTC_cdf77.dir/CheckSymbolExists.c.o
/usr/bin/cc    -o CMakeFiles/cmTC_cdf77.dir/CheckSymbolExists.c.o   -c /home/myr907/autoware.ai/build/lattice_planner/CMakeFiles/CMakeTmp/CheckSymbolExists.c
Linking C executable cmTC_cdf77
/usr/local/lib/python2.7/dist-packages/cmake/data/bin/cmake -E cmake_link_script CMakeFiles/cmTC_cdf77.dir/link.txt --verbose=1
/usr/bin/cc      -rdynamic CMakeFiles/cmTC_cdf77.dir/CheckSymbolExists.c.o  -o cmTC_cdf77 
CMakeFiles/cmTC_cdf77.dir/CheckSymbolExists.c.o: In function `main':
CheckSymbolExists.c:(.text+0x1b): undefined reference to `pthread_create'
collect2: error: ld returned 1 exit status
CMakeFiles/cmTC_cdf77.dir/build.make:86: recipe for target 'cmTC_cdf77' failed
make[1]: *** [cmTC_cdf77] Error 1
make[1]: Leaving directory '/home/myr907/autoware.ai/build/lattice_planner/CMakeFiles/CMakeTmp'
Makefile:121: recipe for target 'cmTC_cdf77/fast' failed
make: *** [cmTC_cdf77/fast] Error 2

File /home/myr907/autoware.ai/build/lattice_planner/CMakeFiles/CMakeTmp/CheckSymbolExists.c:
/* */
#include <pthread.h>

int main(int argc, char** argv)
{
  (void)argv;
#ifndef pthread_create
  return ((int*)(&pthread_create))[argc];
#else
  (void)argc;
  return 0;
#endif
}

Determining if the function pthread_create exists in the pthreads failed with the following output:
Change Dir: /home/myr907/autoware.ai/build/lattice_planner/CMakeFiles/CMakeTmp

Run Build Command:"/usr/bin/make" "cmTC_0cede/fast"
/usr/bin/make -f CMakeFiles/cmTC_0cede.dir/build.make CMakeFiles/cmTC_0cede.dir/build
make[1]: Entering directory '/home/myr907/autoware.ai/build/lattice_planner/CMakeFiles/CMakeTmp'
Building C object CMakeFiles/cmTC_0cede.dir/CheckFunctionExists.c.o
/usr/bin/cc   -DCHECK_FUNCTION_EXISTS=pthread_create   -o CMakeFiles/cmTC_0cede.dir/CheckFunctionExists.c.o   -c /usr/local/lib/python2.7/dist-packages/cmake/data/share/cmake-3.12/Modules/CheckFunctionExists.c
Linking C executable cmTC_0cede
/usr/local/lib/python2.7/dist-packages/cmake/data/bin/cmake -E cmake_link_script CMakeFiles/cmTC_0cede.dir/link.txt --verbose=1
/usr/bin/cc  -DCHECK_FUNCTION_EXISTS=pthread_create    -rdynamic CMakeFiles/cmTC_0cede.dir/CheckFunctionExists.c.o  -o cmTC_0cede -lpthreads 
/usr/bin/ld: cannot find -lpthreads
collect2: error: ld returned 1 exit status
CMakeFiles/cmTC_0cede.dir/build.make:86: recipe for target 'cmTC_0cede' failed
make[1]: *** [cmTC_0cede] Error 1
make[1]: Leaving directory '/home/myr907/autoware.ai/build/lattice_planner/CMakeFiles/CMakeTmp'
Makefile:121: recipe for target 'cmTC_0cede/fast' failed
make: *** [cmTC_0cede/fast] Error 2


