Symlinking /home/myr907/autoware.ai/devel/share/autoware_map_msgs/cmake/autoware_map_msgsConfig-version.cmake
Symlinking /home/myr907/autoware.ai/devel/share/autoware_map_msgs/cmake/autoware_map_msgs-msg-paths.cmake
Symlinking /home/myr907/autoware.ai/devel/share/autoware_map_msgs/cmake/autoware_map_msgs-msg-extras.cmake
Symlinking /home/myr907/autoware.ai/devel/share/autoware_map_msgs/cmake/autoware_map_msgsConfig.cmake
Symlinking /home/myr907/autoware.ai/devel/share/roseus/ros/autoware_map_msgs/manifest.l
Symlinking /home/myr907/autoware.ai/devel/share/roseus/ros/autoware_map_msgs/msg/WaypointSignalRelationArray.l
Symlinking /home/myr907/autoware.ai/devel/share/roseus/ros/autoware_map_msgs/msg/LaneSignalLightRelation.l
Symlinking /home/myr907/autoware.ai/devel/share/roseus/ros/autoware_map_msgs/msg/LaneChangeRelationArray.l
Symlinking /home/myr907/autoware.ai/devel/share/roseus/ros/autoware_map_msgs/msg/OppositeLaneRelationArray.l
Symlinking /home/myr907/autoware.ai/devel/share/roseus/ros/autoware_map_msgs/msg/WaypointLaneRelation.l
Symlinking /home/myr907/autoware.ai/devel/share/roseus/ros/autoware_map_msgs/msg/Lane.l
Symlinking /home/myr907/autoware.ai/devel/share/roseus/ros/autoware_map_msgs/msg/WaypointArray.l
Symlinking /home/myr907/autoware.ai/devel/share/roseus/ros/autoware_map_msgs/msg/Area.l
Symlinking /home/myr907/autoware.ai/devel/share/roseus/ros/autoware_map_msgs/msg/LaneRelationArray.l
Symlinking /home/myr907/autoware.ai/devel/share/roseus/ros/autoware_map_msgs/msg/LaneAttributeRelationArray.l
Symlinking /home/myr907/autoware.ai/devel/share/roseus/ros/autoware_map_msgs/msg/PointArray.l
Symlinking /home/myr907/autoware.ai/devel/share/roseus/ros/autoware_map_msgs/msg/WaypointRelation.l
Symlinking /home/myr907/autoware.ai/devel/share/roseus/ros/autoware_map_msgs/msg/LaneArray.l
Symlinking /home/myr907/autoware.ai/devel/share/roseus/ros/autoware_map_msgs/msg/AreaArray.l
Symlinking /home/myr907/autoware.ai/devel/share/roseus/ros/autoware_map_msgs/msg/Waypoint.l
Symlinking /home/myr907/autoware.ai/devel/share/roseus/ros/autoware_map_msgs/msg/LaneRelation.l
Symlinking /home/myr907/autoware.ai/devel/share/roseus/ros/autoware_map_msgs/msg/WaypointLaneRelationArray.l
Symlinking /home/myr907/autoware.ai/devel/share/roseus/ros/autoware_map_msgs/msg/LaneSignalLightRelationArray.l
Symlinking /home/myr907/autoware.ai/devel/share/roseus/ros/autoware_map_msgs/msg/SignalLightArray.l
Symlinking /home/myr907/autoware.ai/devel/share/roseus/ros/autoware_map_msgs/msg/Point.l
Symlinking /home/myr907/autoware.ai/devel/share/roseus/ros/autoware_map_msgs/msg/WaypointRelationArray.l
Symlinking /home/myr907/autoware.ai/devel/share/roseus/ros/autoware_map_msgs/msg/WaypointSignalRelation.l
Symlinking /home/myr907/autoware.ai/devel/share/roseus/ros/autoware_map_msgs/msg/Wayarea.l
Symlinking /home/myr907/autoware.ai/devel/share/roseus/ros/autoware_map_msgs/msg/WayareaArray.l
Symlinking /home/myr907/autoware.ai/devel/share/roseus/ros/autoware_map_msgs/msg/OppositeLaneRelation.l
Symlinking /home/myr907/autoware.ai/devel/share/roseus/ros/autoware_map_msgs/msg/SignalArray.l
Symlinking /home/myr907/autoware.ai/devel/share/roseus/ros/autoware_map_msgs/msg/SignalLight.l
Symlinking /home/myr907/autoware.ai/devel/share/roseus/ros/autoware_map_msgs/msg/LaneAttributeRelation.l
Symlinking /home/myr907/autoware.ai/devel/share/roseus/ros/autoware_map_msgs/msg/Signal.l
Symlinking /home/myr907/autoware.ai/devel/share/roseus/ros/autoware_map_msgs/msg/LaneChangeRelation.l
Symlinking /home/myr907/autoware.ai/devel/share/common-lisp/ros/autoware_map_msgs/msg/WayareaArray.lisp
Symlinking /home/myr907/autoware.ai/devel/share/common-lisp/ros/autoware_map_msgs/msg/autoware_map_msgs-msg.asd
Symlinking /home/myr907/autoware.ai/devel/share/common-lisp/ros/autoware_map_msgs/msg/_package_LaneSignalLightRelation.lisp
Symlinking /home/myr907/autoware.ai/devel/share/common-lisp/ros/autoware_map_msgs/msg/LaneAttributeRelation.lisp
Symlinking /home/myr907/autoware.ai/devel/share/common-lisp/ros/autoware_map_msgs/msg/_package_WaypointArray.lisp
Symlinking /home/myr907/autoware.ai/devel/share/common-lisp/ros/autoware_map_msgs/msg/_package_Waypoint.lisp
Symlinking /home/myr907/autoware.ai/devel/share/common-lisp/ros/autoware_map_msgs/msg/Signal.lisp
Symlinking /home/myr907/autoware.ai/devel/share/common-lisp/ros/autoware_map_msgs/msg/PointArray.lisp
Symlinking /home/myr907/autoware.ai/devel/share/common-lisp/ros/autoware_map_msgs/msg/_package_LaneAttributeRelation.lisp
Symlinking /home/myr907/autoware.ai/devel/share/common-lisp/ros/autoware_map_msgs/msg/_package_LaneSignalLightRelationArray.lisp
Symlinking /home/myr907/autoware.ai/devel/share/common-lisp/ros/autoware_map_msgs/msg/_package_PointArray.lisp
Symlinking /home/myr907/autoware.ai/devel/share/common-lisp/ros/autoware_map_msgs/msg/Point.lisp
Symlinking /home/myr907/autoware.ai/devel/share/common-lisp/ros/autoware_map_msgs/msg/AreaArray.lisp
Symlinking /home/myr907/autoware.ai/devel/share/common-lisp/ros/autoware_map_msgs/msg/OppositeLaneRelation.lisp
Symlinking /home/myr907/autoware.ai/devel/share/common-lisp/ros/autoware_map_msgs/msg/Lane.lisp
Symlinking /home/myr907/autoware.ai/devel/share/common-lisp/ros/autoware_map_msgs/msg/_package_LaneAttributeRelationArray.lisp
Symlinking /home/myr907/autoware.ai/devel/share/common-lisp/ros/autoware_map_msgs/msg/_package_SignalArray.lisp
Symlinking /home/myr907/autoware.ai/devel/share/common-lisp/ros/autoware_map_msgs/msg/_package_WaypointRelation.lisp
Symlinking /home/myr907/autoware.ai/devel/share/common-lisp/ros/autoware_map_msgs/msg/_package_WaypointSignalRelation.lisp
Symlinking /home/myr907/autoware.ai/devel/share/common-lisp/ros/autoware_map_msgs/msg/SignalLightArray.lisp
Symlinking /home/myr907/autoware.ai/devel/share/common-lisp/ros/autoware_map_msgs/msg/_package_WaypointLaneRelationArray.lisp
Symlinking /home/myr907/autoware.ai/devel/share/common-lisp/ros/autoware_map_msgs/msg/_package_LaneChangeRelation.lisp
Symlinking /home/myr907/autoware.ai/devel/share/common-lisp/ros/autoware_map_msgs/msg/SignalArray.lisp
Symlinking /home/myr907/autoware.ai/devel/share/common-lisp/ros/autoware_map_msgs/msg/LaneRelationArray.lisp
Symlinking /home/myr907/autoware.ai/devel/share/common-lisp/ros/autoware_map_msgs/msg/_package_Signal.lisp
Symlinking /home/myr907/autoware.ai/devel/share/common-lisp/ros/autoware_map_msgs/msg/_package_LaneRelation.lisp
Symlinking /home/myr907/autoware.ai/devel/share/common-lisp/ros/autoware_map_msgs/msg/_package_WaypointSignalRelationArray.lisp
Symlinking /home/myr907/autoware.ai/devel/share/common-lisp/ros/autoware_map_msgs/msg/_package_LaneRelationArray.lisp
Symlinking /home/myr907/autoware.ai/devel/share/common-lisp/ros/autoware_map_msgs/msg/Waypoint.lisp
Symlinking /home/myr907/autoware.ai/devel/share/common-lisp/ros/autoware_map_msgs/msg/LaneChangeRelation.lisp
Symlinking /home/myr907/autoware.ai/devel/share/common-lisp/ros/autoware_map_msgs/msg/_package_Lane.lisp
Symlinking /home/myr907/autoware.ai/devel/share/common-lisp/ros/autoware_map_msgs/msg/_package_SignalLight.lisp
Symlinking /home/myr907/autoware.ai/devel/share/common-lisp/ros/autoware_map_msgs/msg/_package_SignalLightArray.lisp
Symlinking /home/myr907/autoware.ai/devel/share/common-lisp/ros/autoware_map_msgs/msg/LaneChangeRelationArray.lisp
Symlinking /home/myr907/autoware.ai/devel/share/common-lisp/ros/autoware_map_msgs/msg/Area.lisp
Symlinking /home/myr907/autoware.ai/devel/share/common-lisp/ros/autoware_map_msgs/msg/_package_LaneArray.lisp
Symlinking /home/myr907/autoware.ai/devel/share/common-lisp/ros/autoware_map_msgs/msg/LaneRelation.lisp
Symlinking /home/myr907/autoware.ai/devel/share/common-lisp/ros/autoware_map_msgs/msg/_package_OppositeLaneRelation.lisp
Symlinking /home/myr907/autoware.ai/devel/share/common-lisp/ros/autoware_map_msgs/msg/WaypointRelationArray.lisp
Symlinking /home/myr907/autoware.ai/devel/share/common-lisp/ros/autoware_map_msgs/msg/_package_OppositeLaneRelationArray.lisp
Symlinking /home/myr907/autoware.ai/devel/share/common-lisp/ros/autoware_map_msgs/msg/WaypointArray.lisp
Symlinking /home/myr907/autoware.ai/devel/share/common-lisp/ros/autoware_map_msgs/msg/SignalLight.lisp
Symlinking /home/myr907/autoware.ai/devel/share/common-lisp/ros/autoware_map_msgs/msg/WaypointSignalRelation.lisp
Symlinking /home/myr907/autoware.ai/devel/share/common-lisp/ros/autoware_map_msgs/msg/_package_AreaArray.lisp
Symlinking /home/myr907/autoware.ai/devel/share/common-lisp/ros/autoware_map_msgs/msg/LaneSignalLightRelation.lisp
Symlinking /home/myr907/autoware.ai/devel/share/common-lisp/ros/autoware_map_msgs/msg/_package_Point.lisp
Symlinking /home/myr907/autoware.ai/devel/share/common-lisp/ros/autoware_map_msgs/msg/_package_WaypointRelationArray.lisp
Symlinking /home/myr907/autoware.ai/devel/share/common-lisp/ros/autoware_map_msgs/msg/_package_Wayarea.lisp
Symlinking /home/myr907/autoware.ai/devel/share/common-lisp/ros/autoware_map_msgs/msg/WaypointLaneRelationArray.lisp
Symlinking /home/myr907/autoware.ai/devel/share/common-lisp/ros/autoware_map_msgs/msg/_package_WaypointLaneRelation.lisp
Symlinking /home/myr907/autoware.ai/devel/share/common-lisp/ros/autoware_map_msgs/msg/WaypointLaneRelation.lisp
Symlinking /home/myr907/autoware.ai/devel/share/common-lisp/ros/autoware_map_msgs/msg/_package_Area.lisp
Symlinking /home/myr907/autoware.ai/devel/share/common-lisp/ros/autoware_map_msgs/msg/LaneAttributeRelationArray.lisp
Symlinking /home/myr907/autoware.ai/devel/share/common-lisp/ros/autoware_map_msgs/msg/Wayarea.lisp
Symlinking /home/myr907/autoware.ai/devel/share/common-lisp/ros/autoware_map_msgs/msg/LaneSignalLightRelationArray.lisp
Symlinking /home/myr907/autoware.ai/devel/share/common-lisp/ros/autoware_map_msgs/msg/_package.lisp
Symlinking /home/myr907/autoware.ai/devel/share/common-lisp/ros/autoware_map_msgs/msg/LaneArray.lisp
Symlinking /home/myr907/autoware.ai/devel/share/common-lisp/ros/autoware_map_msgs/msg/WaypointSignalRelationArray.lisp
Symlinking /home/myr907/autoware.ai/devel/share/common-lisp/ros/autoware_map_msgs/msg/_package_WayareaArray.lisp
Symlinking /home/myr907/autoware.ai/devel/share/common-lisp/ros/autoware_map_msgs/msg/_package_LaneChangeRelationArray.lisp
Symlinking /home/myr907/autoware.ai/devel/share/common-lisp/ros/autoware_map_msgs/msg/WaypointRelation.lisp
Symlinking /home/myr907/autoware.ai/devel/share/common-lisp/ros/autoware_map_msgs/msg/OppositeLaneRelationArray.lisp
Symlinking /home/myr907/autoware.ai/devel/share/gennodejs/ros/autoware_map_msgs/_index.js
Symlinking /home/myr907/autoware.ai/devel/share/gennodejs/ros/autoware_map_msgs/msg/LaneRelationArray.js
Symlinking /home/myr907/autoware.ai/devel/share/gennodejs/ros/autoware_map_msgs/msg/Area.js
Symlinking /home/myr907/autoware.ai/devel/share/gennodejs/ros/autoware_map_msgs/msg/WaypointLaneRelationArray.js
Symlinking /home/myr907/autoware.ai/devel/share/gennodejs/ros/autoware_map_msgs/msg/LaneRelation.js
Symlinking /home/myr907/autoware.ai/devel/share/gennodejs/ros/autoware_map_msgs/msg/Waypoint.js
Symlinking /home/myr907/autoware.ai/devel/share/gennodejs/ros/autoware_map_msgs/msg/WaypointRelation.js
Symlinking /home/myr907/autoware.ai/devel/share/gennodejs/ros/autoware_map_msgs/msg/SignalLightArray.js
Symlinking /home/myr907/autoware.ai/devel/share/gennodejs/ros/autoware_map_msgs/msg/Lane.js
Symlinking /home/myr907/autoware.ai/devel/share/gennodejs/ros/autoware_map_msgs/msg/AreaArray.js
Symlinking /home/myr907/autoware.ai/devel/share/gennodejs/ros/autoware_map_msgs/msg/WaypointSignalRelation.js
Symlinking /home/myr907/autoware.ai/devel/share/gennodejs/ros/autoware_map_msgs/msg/WaypointLaneRelation.js
Symlinking /home/myr907/autoware.ai/devel/share/gennodejs/ros/autoware_map_msgs/msg/WaypointSignalRelationArray.js
Symlinking /home/myr907/autoware.ai/devel/share/gennodejs/ros/autoware_map_msgs/msg/Point.js
Symlinking /home/myr907/autoware.ai/devel/share/gennodejs/ros/autoware_map_msgs/msg/PointArray.js
Symlinking /home/myr907/autoware.ai/devel/share/gennodejs/ros/autoware_map_msgs/msg/_index.js
Symlinking /home/myr907/autoware.ai/devel/share/gennodejs/ros/autoware_map_msgs/msg/SignalLight.js
Symlinking /home/myr907/autoware.ai/devel/share/gennodejs/ros/autoware_map_msgs/msg/LaneArray.js
Symlinking /home/myr907/autoware.ai/devel/share/gennodejs/ros/autoware_map_msgs/msg/LaneAttributeRelation.js
Symlinking /home/myr907/autoware.ai/devel/share/gennodejs/ros/autoware_map_msgs/msg/OppositeLaneRelationArray.js
Symlinking /home/myr907/autoware.ai/devel/share/gennodejs/ros/autoware_map_msgs/msg/WaypointArray.js
Symlinking /home/myr907/autoware.ai/devel/share/gennodejs/ros/autoware_map_msgs/msg/LaneAttributeRelationArray.js
Symlinking /home/myr907/autoware.ai/devel/share/gennodejs/ros/autoware_map_msgs/msg/Wayarea.js
Symlinking /home/myr907/autoware.ai/devel/share/gennodejs/ros/autoware_map_msgs/msg/Signal.js
Symlinking /home/myr907/autoware.ai/devel/share/gennodejs/ros/autoware_map_msgs/msg/SignalArray.js
Symlinking /home/myr907/autoware.ai/devel/share/gennodejs/ros/autoware_map_msgs/msg/LaneChangeRelationArray.js
Symlinking /home/myr907/autoware.ai/devel/share/gennodejs/ros/autoware_map_msgs/msg/WayareaArray.js
Symlinking /home/myr907/autoware.ai/devel/share/gennodejs/ros/autoware_map_msgs/msg/LaneChangeRelation.js
Symlinking /home/myr907/autoware.ai/devel/share/gennodejs/ros/autoware_map_msgs/msg/OppositeLaneRelation.js
Symlinking /home/myr907/autoware.ai/devel/share/gennodejs/ros/autoware_map_msgs/msg/LaneSignalLightRelation.js
Symlinking /home/myr907/autoware.ai/devel/share/gennodejs/ros/autoware_map_msgs/msg/LaneSignalLightRelationArray.js
Symlinking /home/myr907/autoware.ai/devel/share/gennodejs/ros/autoware_map_msgs/msg/WaypointRelationArray.js
Symlinking /home/myr907/autoware.ai/devel/include/autoware_map_msgs/SignalArray.h
Symlinking /home/myr907/autoware.ai/devel/include/autoware_map_msgs/Point.h
Symlinking /home/myr907/autoware.ai/devel/include/autoware_map_msgs/LaneAttributeRelation.h
Symlinking /home/myr907/autoware.ai/devel/include/autoware_map_msgs/Area.h
Symlinking /home/myr907/autoware.ai/devel/include/autoware_map_msgs/OppositeLaneRelationArray.h
Symlinking /home/myr907/autoware.ai/devel/include/autoware_map_msgs/WayareaArray.h
Symlinking /home/myr907/autoware.ai/devel/include/autoware_map_msgs/SignalLight.h
Symlinking /home/myr907/autoware.ai/devel/include/autoware_map_msgs/LaneArray.h
Symlinking /home/myr907/autoware.ai/devel/include/autoware_map_msgs/WaypointSignalRelation.h
Symlinking /home/myr907/autoware.ai/devel/include/autoware_map_msgs/Waypoint.h
Symlinking /home/myr907/autoware.ai/devel/include/autoware_map_msgs/PointArray.h
Symlinking /home/myr907/autoware.ai/devel/include/autoware_map_msgs/LaneSignalLightRelationArray.h
Symlinking /home/myr907/autoware.ai/devel/include/autoware_map_msgs/WaypointRelationArray.h
Symlinking /home/myr907/autoware.ai/devel/include/autoware_map_msgs/LaneRelationArray.h
Symlinking /home/myr907/autoware.ai/devel/include/autoware_map_msgs/LaneAttributeRelationArray.h
Symlinking /home/myr907/autoware.ai/devel/include/autoware_map_msgs/LaneChangeRelation.h
Symlinking /home/myr907/autoware.ai/devel/include/autoware_map_msgs/WaypointArray.h
Symlinking /home/myr907/autoware.ai/devel/include/autoware_map_msgs/WaypointLaneRelation.h
Symlinking /home/myr907/autoware.ai/devel/include/autoware_map_msgs/Signal.h
Symlinking /home/myr907/autoware.ai/devel/include/autoware_map_msgs/WaypointSignalRelationArray.h
Symlinking /home/myr907/autoware.ai/devel/include/autoware_map_msgs/Wayarea.h
Symlinking /home/myr907/autoware.ai/devel/include/autoware_map_msgs/OppositeLaneRelation.h
Symlinking /home/myr907/autoware.ai/devel/include/autoware_map_msgs/WaypointLaneRelationArray.h
Symlinking /home/myr907/autoware.ai/devel/include/autoware_map_msgs/AreaArray.h
Symlinking /home/myr907/autoware.ai/devel/include/autoware_map_msgs/WaypointRelation.h
Symlinking /home/myr907/autoware.ai/devel/include/autoware_map_msgs/LaneSignalLightRelation.h
Symlinking /home/myr907/autoware.ai/devel/include/autoware_map_msgs/SignalLightArray.h
Symlinking /home/myr907/autoware.ai/devel/include/autoware_map_msgs/Lane.h
Symlinking /home/myr907/autoware.ai/devel/include/autoware_map_msgs/LaneChangeRelationArray.h
Symlinking /home/myr907/autoware.ai/devel/include/autoware_map_msgs/LaneRelation.h
Symlinking /home/myr907/autoware.ai/devel/lib/pkgconfig/autoware_map_msgs.pc
Symlinking /home/myr907/autoware.ai/devel/lib/python2.7/dist-packages/autoware_map_msgs/__init__.py
Symlinking /home/myr907/autoware.ai/devel/lib/python2.7/dist-packages/autoware_map_msgs/msg/_LaneAttributeRelation.py
Symlinking /home/myr907/autoware.ai/devel/lib/python2.7/dist-packages/autoware_map_msgs/msg/_Waypoint.py
Symlinking /home/myr907/autoware.ai/devel/lib/python2.7/dist-packages/autoware_map_msgs/msg/_LaneSignalLightRelationArray.py
Symlinking /home/myr907/autoware.ai/devel/lib/python2.7/dist-packages/autoware_map_msgs/msg/_Wayarea.py
Symlinking /home/myr907/autoware.ai/devel/lib/python2.7/dist-packages/autoware_map_msgs/msg/_LaneChangeRelation.py
Symlinking /home/myr907/autoware.ai/devel/lib/python2.7/dist-packages/autoware_map_msgs/msg/_LaneAttributeRelationArray.py
Symlinking /home/myr907/autoware.ai/devel/lib/python2.7/dist-packages/autoware_map_msgs/msg/__init__.py
Symlinking /home/myr907/autoware.ai/devel/lib/python2.7/dist-packages/autoware_map_msgs/msg/_LaneSignalLightRelation.py
Symlinking /home/myr907/autoware.ai/devel/lib/python2.7/dist-packages/autoware_map_msgs/msg/_WaypointArray.py
Symlinking /home/myr907/autoware.ai/devel/lib/python2.7/dist-packages/autoware_map_msgs/msg/_LaneArray.py
Symlinking /home/myr907/autoware.ai/devel/lib/python2.7/dist-packages/autoware_map_msgs/msg/_WaypointLaneRelation.py
Symlinking /home/myr907/autoware.ai/devel/lib/python2.7/dist-packages/autoware_map_msgs/msg/_WayareaArray.py
Symlinking /home/myr907/autoware.ai/devel/lib/python2.7/dist-packages/autoware_map_msgs/msg/_AreaArray.py
Symlinking /home/myr907/autoware.ai/devel/lib/python2.7/dist-packages/autoware_map_msgs/msg/_OppositeLaneRelationArray.py
Symlinking /home/myr907/autoware.ai/devel/lib/python2.7/dist-packages/autoware_map_msgs/msg/_Point.py
Symlinking /home/myr907/autoware.ai/devel/lib/python2.7/dist-packages/autoware_map_msgs/msg/_LaneRelation.py
Symlinking /home/myr907/autoware.ai/devel/lib/python2.7/dist-packages/autoware_map_msgs/msg/_WaypointSignalRelation.py
Symlinking /home/myr907/autoware.ai/devel/lib/python2.7/dist-packages/autoware_map_msgs/msg/_WaypointLaneRelationArray.py
Symlinking /home/myr907/autoware.ai/devel/lib/python2.7/dist-packages/autoware_map_msgs/msg/_PointArray.py
Symlinking /home/myr907/autoware.ai/devel/lib/python2.7/dist-packages/autoware_map_msgs/msg/_Signal.py
Symlinking /home/myr907/autoware.ai/devel/lib/python2.7/dist-packages/autoware_map_msgs/msg/_WaypointSignalRelationArray.py
Symlinking /home/myr907/autoware.ai/devel/lib/python2.7/dist-packages/autoware_map_msgs/msg/_SignalLightArray.py
Symlinking /home/myr907/autoware.ai/devel/lib/python2.7/dist-packages/autoware_map_msgs/msg/_WaypointRelation.py
Symlinking /home/myr907/autoware.ai/devel/lib/python2.7/dist-packages/autoware_map_msgs/msg/_SignalArray.py
Symlinking /home/myr907/autoware.ai/devel/lib/python2.7/dist-packages/autoware_map_msgs/msg/_WaypointRelationArray.py
Symlinking /home/myr907/autoware.ai/devel/lib/python2.7/dist-packages/autoware_map_msgs/msg/_OppositeLaneRelation.py
Symlinking /home/myr907/autoware.ai/devel/lib/python2.7/dist-packages/autoware_map_msgs/msg/_LaneRelationArray.py
Symlinking /home/myr907/autoware.ai/devel/lib/python2.7/dist-packages/autoware_map_msgs/msg/_Area.py
Symlinking /home/myr907/autoware.ai/devel/lib/python2.7/dist-packages/autoware_map_msgs/msg/_LaneChangeRelationArray.py
Symlinking /home/myr907/autoware.ai/devel/lib/python2.7/dist-packages/autoware_map_msgs/msg/_Lane.py
Symlinking /home/myr907/autoware.ai/devel/lib/python2.7/dist-packages/autoware_map_msgs/msg/_SignalLight.py
