[35m[1mScanning dependencies of target _autoware_map_msgs_generate_messages_check_deps_LaneRelationArray[0m
[  0%] Built target _autoware_map_msgs_generate_messages_check_deps_LaneRelationArray
[35m[1mScanning dependencies of target _autoware_map_msgs_generate_messages_check_deps_Area[0m
[  0%] Built target _autoware_map_msgs_generate_messages_check_deps_Area
[35m[1mScanning dependencies of target _autoware_map_msgs_generate_messages_check_deps_LaneAttributeRelation[0m
[  0%] Built target _autoware_map_msgs_generate_messages_check_deps_LaneAttributeRelation
[35m[1mScanning dependencies of target _autoware_map_msgs_generate_messages_check_deps_WayareaArray[0m
[  0%] Built target _autoware_map_msgs_generate_messages_check_deps_WayareaArray
[35m[1mScanning dependencies of target _autoware_map_msgs_generate_messages_check_deps_SignalArray[0m
[35m[1mScanning dependencies of target _autoware_map_msgs_generate_messages_check_deps_WaypointLaneRelationArray[0m
[  0%] Built target _autoware_map_msgs_generate_messages_check_deps_SignalArray
[35m[1mScanning dependencies of target _autoware_map_msgs_generate_messages_check_deps_LaneChangeRelation[0m
[  0%] Built target _autoware_map_msgs_generate_messages_check_deps_WaypointLaneRelationArray
[  0%] Built target _autoware_map_msgs_generate_messages_check_deps_LaneChangeRelation
[35m[1mScanning dependencies of target _autoware_map_msgs_generate_messages_check_deps_Lane[0m
[  0%] Built target _autoware_map_msgs_generate_messages_check_deps_Lane
[35m[1mScanning dependencies of target _autoware_map_msgs_generate_messages_check_deps_SignalLight[0m
[  0%] Built target _autoware_map_msgs_generate_messages_check_deps_SignalLight
[35m[1mScanning dependencies of target _autoware_map_msgs_generate_messages_check_deps_Waypoint[0m
[  0%] Built target _autoware_map_msgs_generate_messages_check_deps_Waypoint
[35m[1mScanning dependencies of target _autoware_map_msgs_generate_messages_check_deps_WaypointRelation[0m
[35m[1mScanning dependencies of target _autoware_map_msgs_generate_messages_check_deps_Wayarea[0m
[  0%] Built target _autoware_map_msgs_generate_messages_check_deps_WaypointRelation
[35m[1mScanning dependencies of target _autoware_map_msgs_generate_messages_check_deps_WaypointSignalRelationArray[0m
[  0%] Built target _autoware_map_msgs_generate_messages_check_deps_Wayarea
[  0%] Built target _autoware_map_msgs_generate_messages_check_deps_WaypointSignalRelationArray
[35m[1mScanning dependencies of target _autoware_map_msgs_generate_messages_check_deps_LaneArray[0m
[  0%] Built target _autoware_map_msgs_generate_messages_check_deps_LaneArray
[35m[1mScanning dependencies of target _autoware_map_msgs_generate_messages_check_deps_AreaArray[0m
[  0%] Built target _autoware_map_msgs_generate_messages_check_deps_AreaArray
[35m[1mScanning dependencies of target _autoware_map_msgs_generate_messages_check_deps_Signal[0m
[35m[1mScanning dependencies of target _autoware_map_msgs_generate_messages_check_deps_OppositeLaneRelation[0m
[  0%] Built target _autoware_map_msgs_generate_messages_check_deps_Signal
[35m[1mScanning dependencies of target _autoware_map_msgs_generate_messages_check_deps_SignalLightArray[0m
[  0%] Built target _autoware_map_msgs_generate_messages_check_deps_OppositeLaneRelation
[  0%] Built target _autoware_map_msgs_generate_messages_check_deps_SignalLightArray
[35m[1mScanning dependencies of target _autoware_map_msgs_generate_messages_check_deps_OppositeLaneRelationArray[0m
[  0%] Built target _autoware_map_msgs_generate_messages_check_deps_OppositeLaneRelationArray
[35m[1mScanning dependencies of target std_msgs_generate_messages_cpp[0m
[  0%] Built target std_msgs_generate_messages_cpp
[35m[1mScanning dependencies of target _autoware_map_msgs_generate_messages_check_deps_WaypointSignalRelation[0m
[35m[1mScanning dependencies of target _autoware_map_msgs_generate_messages_check_deps_PointArray[0m
[  0%] Built target _autoware_map_msgs_generate_messages_check_deps_WaypointSignalRelation
[35m[1mScanning dependencies of target _autoware_map_msgs_generate_messages_check_deps_LaneChangeRelationArray[0m
[  0%] Built target _autoware_map_msgs_generate_messages_check_deps_PointArray
[35m[1mScanning dependencies of target _autoware_map_msgs_generate_messages_check_deps_LaneRelation[0m
[  0%] Built target _autoware_map_msgs_generate_messages_check_deps_LaneChangeRelationArray
[35m[1mScanning dependencies of target _autoware_map_msgs_generate_messages_check_deps_LaneSignalLightRelationArray[0m
[  0%] Built target _autoware_map_msgs_generate_messages_check_deps_LaneRelation
[35m[1mScanning dependencies of target _autoware_map_msgs_generate_messages_check_deps_LaneSignalLightRelation[0m
[  0%] Built target _autoware_map_msgs_generate_messages_check_deps_LaneSignalLightRelationArray
[  0%] Built target _autoware_map_msgs_generate_messages_check_deps_LaneSignalLightRelation
[35m[1mScanning dependencies of target _autoware_map_msgs_generate_messages_check_deps_WaypointRelationArray[0m
[  0%] Built target _autoware_map_msgs_generate_messages_check_deps_WaypointRelationArray
[35m[1mScanning dependencies of target _autoware_map_msgs_generate_messages_check_deps_WaypointArray[0m
[35m[1mScanning dependencies of target _autoware_map_msgs_generate_messages_check_deps_Point[0m
[  0%] Built target _autoware_map_msgs_generate_messages_check_deps_WaypointArray
[  0%] Built target _autoware_map_msgs_generate_messages_check_deps_Point
[35m[1mScanning dependencies of target _autoware_map_msgs_generate_messages_check_deps_WaypointLaneRelation[0m
[  0%] Built target _autoware_map_msgs_generate_messages_check_deps_WaypointLaneRelation
[35m[1mScanning dependencies of target _autoware_map_msgs_generate_messages_check_deps_LaneAttributeRelationArray[0m
[35m[1mScanning dependencies of target std_msgs_generate_messages_py[0m
[  0%] Built target std_msgs_generate_messages_py
[35m[1mScanning dependencies of target std_msgs_generate_messages_nodejs[0m
[35m[1mScanning dependencies of target std_msgs_generate_messages_eus[0m
[  0%] Built target std_msgs_generate_messages_nodejs
[  0%] Built target std_msgs_generate_messages_eus
[35m[1mScanning dependencies of target std_msgs_generate_messages_lisp[0m
[  0%] Built target std_msgs_generate_messages_lisp
[  0%] Built target _autoware_map_msgs_generate_messages_check_deps_LaneAttributeRelationArray
[35m[1mScanning dependencies of target autoware_map_msgs_generate_messages_py[0m
[35m[1mScanning dependencies of target autoware_map_msgs_generate_messages_cpp[0m
[  0%] [34m[1mGenerating Python from MSG autoware_map_msgs/Waypoint[0m
[  0%] [34m[1mGenerating C++ code from autoware_map_msgs/Waypoint.msg[0m
[35m[1mScanning dependencies of target autoware_map_msgs_generate_messages_nodejs[0m
[  1%] [34m[1mGenerating Javascript code from autoware_map_msgs/Waypoint.msg[0m
[35m[1mScanning dependencies of target autoware_map_msgs_generate_messages_eus[0m
[  2%] [34m[1mGenerating EusLisp code from autoware_map_msgs/Waypoint.msg[0m
[  3%] [34m[1mGenerating Javascript code from autoware_map_msgs/Lane.msg[0m
[  4%] [34m[1mGenerating Python from MSG autoware_map_msgs/Lane[0m
[  5%] [34m[1mGenerating C++ code from autoware_map_msgs/Lane.msg[0m
[  5%] [34m[1mGenerating EusLisp code from autoware_map_msgs/Lane.msg[0m
[  5%] [34m[1mGenerating Javascript code from autoware_map_msgs/OppositeLaneRelationArray.msg[0m
[  6%] [34m[1mGenerating Javascript code from autoware_map_msgs/WaypointArray.msg[0m
[  6%] [34m[1mGenerating C++ code from autoware_map_msgs/OppositeLaneRelationArray.msg[0m
[  7%] [34m[1mGenerating Python from MSG autoware_map_msgs/OppositeLaneRelationArray[0m
[  7%] [34m[1mGenerating Python from MSG autoware_map_msgs/WaypointArray[0m
[  8%] [34m[1mGenerating C++ code from autoware_map_msgs/WaypointArray.msg[0m
[  9%] [34m[1mGenerating EusLisp code from autoware_map_msgs/OppositeLaneRelationArray.msg[0m
[  9%] [34m[1mGenerating Javascript code from autoware_map_msgs/SignalArray.msg[0m
[ 10%] [34m[1mGenerating Javascript code from autoware_map_msgs/Wayarea.msg[0m
[ 11%] [34m[1mGenerating Javascript code from autoware_map_msgs/LaneAttributeRelation.msg[0m
[ 11%] [34m[1mGenerating EusLisp code from autoware_map_msgs/WaypointArray.msg[0m
[ 12%] [34m[1mGenerating Python from MSG autoware_map_msgs/SignalArray[0m
[ 13%] [34m[1mGenerating C++ code from autoware_map_msgs/SignalArray.msg[0m
[ 13%] [34m[1mGenerating C++ code from autoware_map_msgs/Wayarea.msg[0m
[ 15%] [34m[1mGenerating Javascript code from autoware_map_msgs/LaneArray.msg[0m
[ 15%] [34m[1mGenerating Javascript code from autoware_map_msgs/WayareaArray.msg[0m
[ 15%] [34m[1mGenerating Javascript code from autoware_map_msgs/Area.msg[0m
[ 16%] [34m[1mGenerating EusLisp code from autoware_map_msgs/SignalArray.msg[0m
[ 16%] [34m[1mGenerating Python from MSG autoware_map_msgs/Wayarea[0m
[ 17%] [34m[1mGenerating C++ code from autoware_map_msgs/LaneAttributeRelation.msg[0m
[ 18%] [34m[1mGenerating EusLisp code from autoware_map_msgs/Wayarea.msg[0m
[ 18%] [34m[1mGenerating C++ code from autoware_map_msgs/WayareaArray.msg[0m
[ 19%] [34m[1mGenerating Javascript code from autoware_map_msgs/PointArray.msg[0m
[ 20%] [34m[1mGenerating Javascript code from autoware_map_msgs/LaneChangeRelation.msg[0m
[ 21%] [34m[1mGenerating Python from MSG autoware_map_msgs/LaneAttributeRelation[0m
[ 21%] [34m[1mGenerating EusLisp code from autoware_map_msgs/LaneAttributeRelation.msg[0m
[ 21%] [34m[1mGenerating Javascript code from autoware_map_msgs/LaneRelation.msg[0m
[ 22%] [34m[1mGenerating EusLisp code from autoware_map_msgs/WayareaArray.msg[0m
[ 23%] [34m[1mGenerating Javascript code from autoware_map_msgs/LaneSignalLightRelationArray.msg[0m
[ 23%] [34m[1mGenerating EusLisp code from autoware_map_msgs/LaneArray.msg[0m
[ 24%] [34m[1mGenerating Javascript code from autoware_map_msgs/WaypointLaneRelationArray.msg[0m
[ 25%] [34m[1mGenerating C++ code from autoware_map_msgs/LaneArray.msg[0m
[ 26%] [34m[1mGenerating Python from MSG autoware_map_msgs/WayareaArray[0m
[ 26%] [34m[1mGenerating Javascript code from autoware_map_msgs/LaneChangeRelationArray.msg[0m
[ 27%] [34m[1mGenerating Javascript code from autoware_map_msgs/LaneSignalLightRelation.msg[0m
[ 27%] [34m[1mGenerating Javascript code from autoware_map_msgs/WaypointLaneRelation.msg[0m
[ 29%] [34m[1mGenerating EusLisp code from autoware_map_msgs/Area.msg[0m
[ 30%] [34m[1mGenerating C++ code from autoware_map_msgs/Area.msg[0m
[ 31%] [34m[1mGenerating EusLisp code from autoware_map_msgs/LaneChangeRelation.msg[0m
[ 31%] [34m[1mGenerating EusLisp code from autoware_map_msgs/PointArray.msg[0m
[ 32%] [34m[1mGenerating EusLisp code from autoware_map_msgs/LaneRelation.msg[0m
[ 33%] [34m[1mGenerating Javascript code from autoware_map_msgs/WaypointSignalRelationArray.msg[0m
[ 33%] [34m[1mGenerating Python from MSG autoware_map_msgs/LaneArray[0m
[ 34%] [34m[1mGenerating Javascript code from autoware_map_msgs/WaypointRelationArray.msg[0m
[ 34%] [34m[1mGenerating EusLisp code from autoware_map_msgs/LaneSignalLightRelationArray.msg[0m
[ 34%] [34m[1mGenerating C++ code from autoware_map_msgs/LaneChangeRelation.msg[0m
[ 35%] [34m[1mGenerating EusLisp code from autoware_map_msgs/WaypointLaneRelationArray.msg[0m
[ 35%] [34m[1mGenerating Javascript code from autoware_map_msgs/Point.msg[0m
[ 36%] [34m[1mGenerating Javascript code from autoware_map_msgs/WaypointRelation.msg[0m
[ 37%] [34m[1mGenerating Python from MSG autoware_map_msgs/Area[0m
[ 37%] [34m[1mGenerating Javascript code from autoware_map_msgs/SignalLight.msg[0m
[ 38%] [34m[1mGenerating EusLisp code from autoware_map_msgs/LaneChangeRelationArray.msg[0m
[ 38%] [34m[1mGenerating EusLisp code from autoware_map_msgs/LaneSignalLightRelation.msg[0m
[ 39%] [34m[1mGenerating C++ code from autoware_map_msgs/PointArray.msg[0m
[ 40%] [34m[1mGenerating Javascript code from autoware_map_msgs/Signal.msg[0m
[ 40%] [34m[1mGenerating Python from MSG autoware_map_msgs/LaneChangeRelation[0m
[ 41%] [34m[1mGenerating EusLisp code from autoware_map_msgs/WaypointLaneRelation.msg[0m
[ 43%] [34m[1mGenerating Javascript code from autoware_map_msgs/SignalLightArray.msg[0m
[ 43%] [34m[1mGenerating Javascript code from autoware_map_msgs/OppositeLaneRelation.msg[0m
[ 43%] [34m[1mGenerating C++ code from autoware_map_msgs/LaneRelation.msg[0m
[ 44%] [34m[1mGenerating EusLisp code from autoware_map_msgs/WaypointSignalRelationArray.msg[0m
[ 45%] [34m[1mGenerating C++ code from autoware_map_msgs/LaneSignalLightRelationArray.msg[0m
[ 45%] [34m[1mGenerating EusLisp code from autoware_map_msgs/WaypointRelationArray.msg[0m
[ 46%] [34m[1mGenerating C++ code from autoware_map_msgs/WaypointLaneRelationArray.msg[0m
[ 47%] [34m[1mGenerating EusLisp code from autoware_map_msgs/Point.msg[0m
[ 48%] [34m[1mGenerating Python from MSG autoware_map_msgs/PointArray[0m
[ 49%] [34m[1mGenerating Javascript code from autoware_map_msgs/AreaArray.msg[0m
[ 50%] [34m[1mGenerating Javascript code from autoware_map_msgs/LaneRelationArray.msg[0m
[ 50%] [34m[1mGenerating EusLisp code from autoware_map_msgs/WaypointRelation.msg[0m
[ 51%] [34m[1mGenerating EusLisp code from autoware_map_msgs/SignalLight.msg[0m
[ 52%] [34m[1mGenerating EusLisp code from autoware_map_msgs/Signal.msg[0m
[ 52%] [34m[1mGenerating Javascript code from autoware_map_msgs/LaneAttributeRelationArray.msg[0m
[ 53%] [34m[1mGenerating Python from MSG autoware_map_msgs/LaneRelation[0m
[ 53%] [34m[1mGenerating Python from MSG autoware_map_msgs/LaneSignalLightRelationArray[0m
[ 53%] [34m[1mGenerating C++ code from autoware_map_msgs/LaneChangeRelationArray.msg[0m
[ 54%] [34m[1mGenerating C++ code from autoware_map_msgs/LaneSignalLightRelation.msg[0m
[ 55%] [34m[1mGenerating Javascript code from autoware_map_msgs/WaypointSignalRelation.msg[0m
[ 55%] [34m[1mGenerating EusLisp code from autoware_map_msgs/SignalLightArray.msg[0m
[ 56%] [34m[1mGenerating C++ code from autoware_map_msgs/WaypointLaneRelation.msg[0m
[ 56%] [34m[1mGenerating C++ code from autoware_map_msgs/WaypointSignalRelationArray.msg[0m
[ 58%] [34m[1mGenerating EusLisp code from autoware_map_msgs/OppositeLaneRelation.msg[0m
[ 59%] [34m[1mGenerating C++ code from autoware_map_msgs/WaypointRelationArray.msg[0m
[ 60%] [34m[1mGenerating Python from MSG autoware_map_msgs/WaypointLaneRelationArray[0m
[ 61%] [34m[1mGenerating Python from MSG autoware_map_msgs/LaneChangeRelationArray[0m
[ 61%] Built target autoware_map_msgs_generate_messages_nodejs
[35m[1mScanning dependencies of target autoware_map_msgs_generate_messages_lisp[0m
[ 61%] [34m[1mGenerating EusLisp code from autoware_map_msgs/AreaArray.msg[0m
[ 61%] [34m[1mGenerating C++ code from autoware_map_msgs/Point.msg[0m
[ 61%] [34m[1mGenerating Lisp code from autoware_map_msgs/Lane.msg[0m
[ 62%] [34m[1mGenerating Lisp code from autoware_map_msgs/Waypoint.msg[0m
[ 63%] [34m[1mGenerating Lisp code from autoware_map_msgs/WaypointArray.msg[0m
[ 63%] [34m[1mGenerating Lisp code from autoware_map_msgs/OppositeLaneRelationArray.msg[0m
[ 64%] [34m[1mGenerating EusLisp code from autoware_map_msgs/LaneRelationArray.msg[0m
[ 65%] [34m[1mGenerating C++ code from autoware_map_msgs/WaypointRelation.msg[0m
[ 66%] [34m[1mGenerating EusLisp code from autoware_map_msgs/LaneAttributeRelationArray.msg[0m
[ 66%] [34m[1mGenerating Python from MSG autoware_map_msgs/LaneSignalLightRelation[0m
[ 67%] [34m[1mGenerating Python from MSG autoware_map_msgs/WaypointLaneRelation[0m
[ 68%] [34m[1mGenerating Lisp code from autoware_map_msgs/Wayarea.msg[0m
[ 69%] [34m[1mGenerating Lisp code from autoware_map_msgs/SignalArray.msg[0m
[ 70%] [34m[1mGenerating Lisp code from autoware_map_msgs/WayareaArray.msg[0m
[ 70%] [34m[1mGenerating Lisp code from autoware_map_msgs/LaneAttributeRelation.msg[0m
[ 70%] [34m[1mGenerating Lisp code from autoware_map_msgs/LaneArray.msg[0m
[ 70%] [34m[1mGenerating EusLisp code from autoware_map_msgs/WaypointSignalRelation.msg[0m
[ 72%] [34m[1mGenerating EusLisp manifest code for autoware_map_msgs[0m
[ 73%] [34m[1mGenerating C++ code from autoware_map_msgs/SignalLight.msg[0m
[ 73%] [34m[1mGenerating Python from MSG autoware_map_msgs/WaypointSignalRelationArray[0m
[ 74%] [34m[1mGenerating Lisp code from autoware_map_msgs/LaneChangeRelation.msg[0m
[ 75%] [34m[1mGenerating Lisp code from autoware_map_msgs/Area.msg[0m
[ 75%] [34m[1mGenerating Lisp code from autoware_map_msgs/PointArray.msg[0m
[ 76%] [34m[1mGenerating Lisp code from autoware_map_msgs/LaneRelation.msg[0m
[ 77%] [34m[1mGenerating Python from MSG autoware_map_msgs/WaypointRelationArray[0m
[ 78%] [34m[1mGenerating Lisp code from autoware_map_msgs/LaneSignalLightRelationArray.msg[0m
[ 78%] [34m[1mGenerating Lisp code from autoware_map_msgs/WaypointLaneRelationArray.msg[0m
[ 78%] [34m[1mGenerating C++ code from autoware_map_msgs/Signal.msg[0m
[ 79%] [34m[1mGenerating Lisp code from autoware_map_msgs/LaneChangeRelationArray.msg[0m
[ 79%] [34m[1mGenerating Lisp code from autoware_map_msgs/LaneSignalLightRelation.msg[0m
[ 80%] [34m[1mGenerating Lisp code from autoware_map_msgs/WaypointSignalRelationArray.msg[0m
[ 81%] [34m[1mGenerating Lisp code from autoware_map_msgs/WaypointLaneRelation.msg[0m
[ 81%] [34m[1mGenerating Lisp code from autoware_map_msgs/WaypointRelationArray.msg[0m
[ 82%] [34m[1mGenerating Lisp code from autoware_map_msgs/Point.msg[0m
[ 83%] [34m[1mGenerating Python from MSG autoware_map_msgs/Point[0m
[ 83%] [34m[1mGenerating Lisp code from autoware_map_msgs/WaypointRelation.msg[0m
[ 83%] [34m[1mGenerating Python from MSG autoware_map_msgs/WaypointRelation[0m
[ 84%] [34m[1mGenerating Python from MSG autoware_map_msgs/SignalLight[0m
[ 86%] [34m[1mGenerating Lisp code from autoware_map_msgs/SignalLight.msg[0m
[ 87%] [34m[1mGenerating Lisp code from autoware_map_msgs/Signal.msg[0m
[ 87%] [34m[1mGenerating Lisp code from autoware_map_msgs/SignalLightArray.msg[0m
[ 88%] [34m[1mGenerating Lisp code from autoware_map_msgs/OppositeLaneRelation.msg[0m
[ 88%] [34m[1mGenerating Lisp code from autoware_map_msgs/AreaArray.msg[0m
[ 89%] [34m[1mGenerating C++ code from autoware_map_msgs/SignalLightArray.msg[0m
[ 90%] [34m[1mGenerating Lisp code from autoware_map_msgs/LaneRelationArray.msg[0m
[ 90%] [34m[1mGenerating Python from MSG autoware_map_msgs/Signal[0m
[ 91%] [34m[1mGenerating Python from MSG autoware_map_msgs/SignalLightArray[0m
[ 92%] [34m[1mGenerating Python from MSG autoware_map_msgs/OppositeLaneRelation[0m
[ 93%] [34m[1mGenerating Lisp code from autoware_map_msgs/LaneAttributeRelationArray.msg[0m
[ 93%] [34m[1mGenerating Lisp code from autoware_map_msgs/WaypointSignalRelation.msg[0m
[ 93%] [34m[1mGenerating Python from MSG autoware_map_msgs/AreaArray[0m
[ 93%] [34m[1mGenerating C++ code from autoware_map_msgs/OppositeLaneRelation.msg[0m
[ 94%] [34m[1mGenerating Python from MSG autoware_map_msgs/LaneRelationArray[0m
[ 95%] [34m[1mGenerating Python from MSG autoware_map_msgs/LaneAttributeRelationArray[0m
[ 95%] Built target autoware_map_msgs_generate_messages_lisp
[ 95%] [34m[1mGenerating Python from MSG autoware_map_msgs/WaypointSignalRelation[0m
[ 96%] [34m[1mGenerating C++ code from autoware_map_msgs/AreaArray.msg[0m
[ 97%] [34m[1mGenerating C++ code from autoware_map_msgs/LaneRelationArray.msg[0m
[ 98%] [34m[1mGenerating Python msg __init__.py for autoware_map_msgs[0m
[ 98%] [34m[1mGenerating C++ code from autoware_map_msgs/LaneAttributeRelationArray.msg[0m
[100%] [34m[1mGenerating C++ code from autoware_map_msgs/WaypointSignalRelation.msg[0m
[100%] Built target autoware_map_msgs_generate_messages_py
[100%] Built target autoware_map_msgs_generate_messages_cpp
[100%] Built target autoware_map_msgs_generate_messages_eus
[35m[1mScanning dependencies of target autoware_map_msgs_generate_messages[0m
[100%] Built target autoware_map_msgs_generate_messages
