Invoking command in '/home/muyangren907/autoware/autoware.ai/1.12.0_cuda/build/data_preprocessor': CMAKE_PREFIX_PATH=/home/muyangren907/autoware/autoware.ai/1.12.0_cuda/install/autoware_build_flags:${CMAKE_PREFIX_PATH} PKG_CONFIG_PATH=/home/muyangren907/autoware/autoware.ai/1.12.0_cuda/install/autoware_build_flags/lib/x86_64-linux-gnu/pkgconfig:/home/muyangren907/autoware/autoware.ai/1.12.0_cuda/install/autoware_build_flags/lib/pkgconfig:${PKG_CONFIG_PATH} ROS_PACKAGE_PATH=/home/muyangren907/autoware/autoware.ai/1.12.0_cuda/install/autoware_build_flags/share:${ROS_PACKAGE_PATH} /usr/local/bin/cmake /home/muyangren907/autoware/autoware.ai/1.12.0_cuda/src/autoware/utilities/data_preprocessor -DCMAKE_BUILD_TYPE=Release -DCATKIN_INSTALL_INTO_PREFIX_ROOT=0 -DCMAKE_INSTALL_PREFIX=/home/muyangren907/autoware/autoware.ai/1.12.0_cuda/install/data_preprocessor
-- The C compiler identification is GNU 7.4.0
-- The CXX compiler identification is GNU 7.4.0
-- Check for working C compiler: /usr/bin/cc
-- Check for working C compiler: /usr/bin/cc -- works
-- Detecting C compiler ABI info
-- Detecting C compiler ABI info - done
-- Detecting C compile features
-- Detecting C compile features - done
-- Check for working CXX compiler: /usr/bin/c++
-- Check for working CXX compiler: /usr/bin/c++ -- works
-- Detecting CXX compiler ABI info
-- Detecting CXX compiler ABI info - done
-- Detecting CXX compile features
-- Detecting CXX compile features - done
-- CUDA compilation status: 1.
-- Using CATKIN_DEVEL_PREFIX: /home/muyangren907/autoware/autoware.ai/1.12.0_cuda/build/data_preprocessor/devel
-- Using CMAKE_PREFIX_PATH: /home/muyangren907/autoware/autoware.ai/1.12.0_cuda/install/autoware_build_flags;/opt/ros/melodic
-- This workspace overlays: /home/muyangren907/autoware/autoware.ai/1.12.0_cuda/install/autoware_build_flags;/opt/ros/melodic
-- Found PythonInterp: /usr/bin/python2 (found suitable version "2.7.15", minimum required is "2") 
-- Using PYTHON_EXECUTABLE: /usr/bin/python2
-- Using Debian Python package layout
-- Using empy: /usr/bin/empy
-- Using CATKIN_ENABLE_TESTING: ON
-- Call enable_testing()
-- Using CATKIN_TEST_RESULTS_DIR: /home/muyangren907/autoware/autoware.ai/1.12.0_cuda/build/data_preprocessor/test_results
-- Found gtest sources under '/usr/src/googletest': gtests will be built
-- Found gmock sources under '/usr/src/googletest': gmock will be built
-- Found PythonInterp: /usr/bin/python2 (found version "2.7.15") 
-- Looking for pthread.h
-- Looking for pthread.h - found
-- Looking for pthread_create
-- Looking for pthread_create - not found
-- Looking for pthread_create in pthreads
-- Looking for pthread_create in pthreads - not found
-- Looking for pthread_create in pthread
-- Looking for pthread_create in pthread - found
-- Found Threads: TRUE  
-- Using Python nosetests: /usr/local/bin/nosetests-2.7
-- catkin 0.7.19
-- BUILD_SHARED_LIBS is on
-- Using these message generators: gencpp;geneus;genlisp;gennodejs;genpy
-- Found OpenCV: /usr (found version "3.2.0") 
-- Configuring done
-- Generating done
-- Build files have been written to: /home/muyangren907/autoware/autoware.ai/1.12.0_cuda/build/data_preprocessor
Invoked command in '/home/muyangren907/autoware/autoware.ai/1.12.0_cuda/build/data_preprocessor' returned '0': CMAKE_PREFIX_PATH=/home/muyangren907/autoware/autoware.ai/1.12.0_cuda/install/autoware_build_flags:${CMAKE_PREFIX_PATH} PKG_CONFIG_PATH=/home/muyangren907/autoware/autoware.ai/1.12.0_cuda/install/autoware_build_flags/lib/x86_64-linux-gnu/pkgconfig:/home/muyangren907/autoware/autoware.ai/1.12.0_cuda/install/autoware_build_flags/lib/pkgconfig:${PKG_CONFIG_PATH} ROS_PACKAGE_PATH=/home/muyangren907/autoware/autoware.ai/1.12.0_cuda/install/autoware_build_flags/share:${ROS_PACKAGE_PATH} /usr/local/bin/cmake /home/muyangren907/autoware/autoware.ai/1.12.0_cuda/src/autoware/utilities/data_preprocessor -DCMAKE_BUILD_TYPE=Release -DCATKIN_INSTALL_INTO_PREFIX_ROOT=0 -DCMAKE_INSTALL_PREFIX=/home/muyangren907/autoware/autoware.ai/1.12.0_cuda/install/data_preprocessor
Invoking command in '/home/muyangren907/autoware/autoware.ai/1.12.0_cuda/build/data_preprocessor': CMAKE_PREFIX_PATH=/home/muyangren907/autoware/autoware.ai/1.12.0_cuda/install/autoware_build_flags:${CMAKE_PREFIX_PATH} PKG_CONFIG_PATH=/home/muyangren907/autoware/autoware.ai/1.12.0_cuda/install/autoware_build_flags/lib/x86_64-linux-gnu/pkgconfig:/home/muyangren907/autoware/autoware.ai/1.12.0_cuda/install/autoware_build_flags/lib/pkgconfig:${PKG_CONFIG_PATH} ROS_PACKAGE_PATH=/home/muyangren907/autoware/autoware.ai/1.12.0_cuda/install/autoware_build_flags/share:${ROS_PACKAGE_PATH} /usr/local/bin/cmake --build /home/muyangren907/autoware/autoware.ai/1.12.0_cuda/build/data_preprocessor -- -j40 -l40
[35m[1mScanning dependencies of target get_PCD[0m
[35m[1mScanning dependencies of target get_Image[0m
[35m[1mScanning dependencies of target get_Depth[0m
[ 16%] [32mBuilding CXX object CMakeFiles/get_Image.dir/nodes/get_Image/get_Image.cpp.o[0m
[ 33%] [32mBuilding CXX object CMakeFiles/get_Depth.dir/nodes/get_Depth/get_Depth.cpp.o[0m
[ 50%] [32mBuilding CXX object CMakeFiles/get_PCD.dir/nodes/get_PCD/get_PCD.cpp.o[0m
[ 66%] [32m[1mLinking CXX executable devel/lib/data_preprocessor/get_Image[0m
[ 66%] Built target get_Image
[01m[K/home/muyangren907/autoware/autoware.ai/1.12.0_cuda/src/autoware/utilities/data_preprocessor/nodes/get_Depth/get_Depth.cpp:[m[K In member function ‘[01m[Kvoid SaveDepth::create_depth()[m[K’:
[01m[K/home/muyangren907/autoware/autoware.ai/1.12.0_cuda/src/autoware/utilities/data_preprocessor/nodes/get_Depth/get_Depth.cpp:169:12:[m[K [01;35m[Kwarning: [m[K‘[01m[Kw[m[K’ may be used uninitialized in this function [[01;35m[K-Wmaybe-uninitialized[m[K]
   for (int [01;35m[Kw[m[K; w<width; w++){
            [01;35m[K^[m[K
[01m[K/home/muyangren907/autoware/autoware.ai/1.12.0_cuda/src/autoware/utilities/data_preprocessor/nodes/get_Depth/get_Depth.cpp:170:14:[m[K [01;35m[Kwarning: [m[K‘[01m[Kh[m[K’ may be used uninitialized in this function [[01;35m[K-Wmaybe-uninitialized[m[K]
     for (int [01;35m[Kh[m[K; h<height; h++){
              [01;35m[K^[m[K
[ 83%] [32m[1mLinking CXX executable devel/lib/data_preprocessor/get_PCD[0m
[100%] [32m[1mLinking CXX executable devel/lib/data_preprocessor/get_Depth[0m
[100%] Built target get_PCD
[100%] Built target get_Depth
Invoked command in '/home/muyangren907/autoware/autoware.ai/1.12.0_cuda/build/data_preprocessor' returned '0': CMAKE_PREFIX_PATH=/home/muyangren907/autoware/autoware.ai/1.12.0_cuda/install/autoware_build_flags:${CMAKE_PREFIX_PATH} PKG_CONFIG_PATH=/home/muyangren907/autoware/autoware.ai/1.12.0_cuda/install/autoware_build_flags/lib/x86_64-linux-gnu/pkgconfig:/home/muyangren907/autoware/autoware.ai/1.12.0_cuda/install/autoware_build_flags/lib/pkgconfig:${PKG_CONFIG_PATH} ROS_PACKAGE_PATH=/home/muyangren907/autoware/autoware.ai/1.12.0_cuda/install/autoware_build_flags/share:${ROS_PACKAGE_PATH} /usr/local/bin/cmake --build /home/muyangren907/autoware/autoware.ai/1.12.0_cuda/build/data_preprocessor -- -j40 -l40
Invoking command in '/home/muyangren907/autoware/autoware.ai/1.12.0_cuda/build/data_preprocessor': CMAKE_PREFIX_PATH=/home/muyangren907/autoware/autoware.ai/1.12.0_cuda/install/autoware_build_flags:${CMAKE_PREFIX_PATH} PKG_CONFIG_PATH=/home/muyangren907/autoware/autoware.ai/1.12.0_cuda/install/autoware_build_flags/lib/x86_64-linux-gnu/pkgconfig:/home/muyangren907/autoware/autoware.ai/1.12.0_cuda/install/autoware_build_flags/lib/pkgconfig:${PKG_CONFIG_PATH} ROS_PACKAGE_PATH=/home/muyangren907/autoware/autoware.ai/1.12.0_cuda/install/autoware_build_flags/share:${ROS_PACKAGE_PATH} /usr/local/bin/cmake --build /home/muyangren907/autoware/autoware.ai/1.12.0_cuda/build/data_preprocessor --target tests -- -j40 -l40
[35m[1mScanning dependencies of target tests[0m
Built target tests
Invoked command in '/home/muyangren907/autoware/autoware.ai/1.12.0_cuda/build/data_preprocessor' returned '0': CMAKE_PREFIX_PATH=/home/muyangren907/autoware/autoware.ai/1.12.0_cuda/install/autoware_build_flags:${CMAKE_PREFIX_PATH} PKG_CONFIG_PATH=/home/muyangren907/autoware/autoware.ai/1.12.0_cuda/install/autoware_build_flags/lib/x86_64-linux-gnu/pkgconfig:/home/muyangren907/autoware/autoware.ai/1.12.0_cuda/install/autoware_build_flags/lib/pkgconfig:${PKG_CONFIG_PATH} ROS_PACKAGE_PATH=/home/muyangren907/autoware/autoware.ai/1.12.0_cuda/install/autoware_build_flags/share:${ROS_PACKAGE_PATH} /usr/local/bin/cmake --build /home/muyangren907/autoware/autoware.ai/1.12.0_cuda/build/data_preprocessor --target tests -- -j40 -l40
Invoking command in '/home/muyangren907/autoware/autoware.ai/1.12.0_cuda/build/data_preprocessor': CMAKE_PREFIX_PATH=/home/muyangren907/autoware/autoware.ai/1.12.0_cuda/install/autoware_build_flags:${CMAKE_PREFIX_PATH} PKG_CONFIG_PATH=/home/muyangren907/autoware/autoware.ai/1.12.0_cuda/install/autoware_build_flags/lib/x86_64-linux-gnu/pkgconfig:/home/muyangren907/autoware/autoware.ai/1.12.0_cuda/install/autoware_build_flags/lib/pkgconfig:${PKG_CONFIG_PATH} ROS_PACKAGE_PATH=/home/muyangren907/autoware/autoware.ai/1.12.0_cuda/install/autoware_build_flags/share:${ROS_PACKAGE_PATH} /usr/local/bin/cmake --build /home/muyangren907/autoware/autoware.ai/1.12.0_cuda/build/data_preprocessor --target install -- -j40 -l40
[ 33%] Built target get_PCD
[ 66%] Built target get_Depth
[100%] Built target get_Image
[36mInstall the project...[0m
-- Install configuration: "Release"
-- Installing: /home/muyangren907/autoware/autoware.ai/1.12.0_cuda/install/data_preprocessor/lib/pkgconfig/data_preprocessor.pc
-- Installing: /home/muyangren907/autoware/autoware.ai/1.12.0_cuda/install/data_preprocessor/share/data_preprocessor/cmake/data_preprocessorConfig.cmake
-- Installing: /home/muyangren907/autoware/autoware.ai/1.12.0_cuda/install/data_preprocessor/share/data_preprocessor/cmake/data_preprocessorConfig-version.cmake
-- Installing: /home/muyangren907/autoware/autoware.ai/1.12.0_cuda/install/data_preprocessor/share/data_preprocessor/package.xml
-- Installing: /home/muyangren907/autoware/autoware.ai/1.12.0_cuda/install/data_preprocessor/lib/data_preprocessor/get_Image
-- Set runtime path of "/home/muyangren907/autoware/autoware.ai/1.12.0_cuda/install/data_preprocessor/lib/data_preprocessor/get_Image" to ""
-- Installing: /home/muyangren907/autoware/autoware.ai/1.12.0_cuda/install/data_preprocessor/lib/data_preprocessor/get_PCD
-- Set runtime path of "/home/muyangren907/autoware/autoware.ai/1.12.0_cuda/install/data_preprocessor/lib/data_preprocessor/get_PCD" to ""
-- Installing: /home/muyangren907/autoware/autoware.ai/1.12.0_cuda/install/data_preprocessor/lib/data_preprocessor/get_Depth
-- Set runtime path of "/home/muyangren907/autoware/autoware.ai/1.12.0_cuda/install/data_preprocessor/lib/data_preprocessor/get_Depth" to ""
Invoked command in '/home/muyangren907/autoware/autoware.ai/1.12.0_cuda/build/data_preprocessor' returned '0': CMAKE_PREFIX_PATH=/home/muyangren907/autoware/autoware.ai/1.12.0_cuda/install/autoware_build_flags:${CMAKE_PREFIX_PATH} PKG_CONFIG_PATH=/home/muyangren907/autoware/autoware.ai/1.12.0_cuda/install/autoware_build_flags/lib/x86_64-linux-gnu/pkgconfig:/home/muyangren907/autoware/autoware.ai/1.12.0_cuda/install/autoware_build_flags/lib/pkgconfig:${PKG_CONFIG_PATH} ROS_PACKAGE_PATH=/home/muyangren907/autoware/autoware.ai/1.12.0_cuda/install/autoware_build_flags/share:${ROS_PACKAGE_PATH} /usr/local/bin/cmake --build /home/muyangren907/autoware/autoware.ai/1.12.0_cuda/build/data_preprocessor --target install -- -j40 -l40
