Symlinking /home/myr907/autoware.ai/devel/share/roseus/ros/custom_msgs/manifest.l
Symlinking /home/myr907/autoware.ai/devel/share/roseus/ros/custom_msgs/msg/BaroSensorSample.l
Symlinking /home/myr907/autoware.ai/devel/share/roseus/ros/custom_msgs/msg/GnssSensorSample.l
Symlinking /home/myr907/autoware.ai/devel/share/roseus/ros/custom_msgs/msg/baroSample.l
Symlinking /home/myr907/autoware.ai/devel/share/roseus/ros/custom_msgs/msg/sensorSample.l
Symlinking /home/myr907/autoware.ai/devel/share/roseus/ros/custom_msgs/msg/orientationEstimate.l
Symlinking /home/myr907/autoware.ai/devel/share/roseus/ros/custom_msgs/msg/gnssSample.l
Symlinking /home/myr907/autoware.ai/devel/share/roseus/ros/custom_msgs/msg/positionEstimate.l
Symlinking /home/myr907/autoware.ai/devel/share/roseus/ros/custom_msgs/msg/velocityEstimate.l
Symlinking /home/myr907/autoware.ai/devel/share/roseus/ros/custom_msgs/msg/ImuSensorSample.l
Symlinking /home/myr907/autoware.ai/devel/share/roseus/ros/custom_msgs/msg/XsensQuaternion.l
Symlinking /home/myr907/autoware.ai/devel/share/roseus/ros/custom_msgs/msg/Internal.l
Symlinking /home/myr907/autoware.ai/devel/share/common-lisp/ros/custom_msgs/msg/sensorSample.lisp
Symlinking /home/myr907/autoware.ai/devel/share/common-lisp/ros/custom_msgs/msg/custom_msgs-msg.asd
Symlinking /home/myr907/autoware.ai/devel/share/common-lisp/ros/custom_msgs/msg/XsensQuaternion.lisp
Symlinking /home/myr907/autoware.ai/devel/share/common-lisp/ros/custom_msgs/msg/velocityEstimate.lisp
Symlinking /home/myr907/autoware.ai/devel/share/common-lisp/ros/custom_msgs/msg/baroSample.lisp
Symlinking /home/myr907/autoware.ai/devel/share/common-lisp/ros/custom_msgs/msg/_package_sensorSample.lisp
Symlinking /home/myr907/autoware.ai/devel/share/common-lisp/ros/custom_msgs/msg/_package_Internal.lisp
Symlinking /home/myr907/autoware.ai/devel/share/common-lisp/ros/custom_msgs/msg/_package_positionEstimate.lisp
Symlinking /home/myr907/autoware.ai/devel/share/common-lisp/ros/custom_msgs/msg/BaroSensorSample.lisp
Symlinking /home/myr907/autoware.ai/devel/share/common-lisp/ros/custom_msgs/msg/ImuSensorSample.lisp
Symlinking /home/myr907/autoware.ai/devel/share/common-lisp/ros/custom_msgs/msg/_package_orientationEstimate.lisp
Symlinking /home/myr907/autoware.ai/devel/share/common-lisp/ros/custom_msgs/msg/orientationEstimate.lisp
Symlinking /home/myr907/autoware.ai/devel/share/common-lisp/ros/custom_msgs/msg/_package_BaroSensorSample.lisp
Symlinking /home/myr907/autoware.ai/devel/share/common-lisp/ros/custom_msgs/msg/positionEstimate.lisp
Symlinking /home/myr907/autoware.ai/devel/share/common-lisp/ros/custom_msgs/msg/Internal.lisp
Symlinking /home/myr907/autoware.ai/devel/share/common-lisp/ros/custom_msgs/msg/_package_baroSample.lisp
Symlinking /home/myr907/autoware.ai/devel/share/common-lisp/ros/custom_msgs/msg/gnssSample.lisp
Symlinking /home/myr907/autoware.ai/devel/share/common-lisp/ros/custom_msgs/msg/_package_velocityEstimate.lisp
Symlinking /home/myr907/autoware.ai/devel/share/common-lisp/ros/custom_msgs/msg/_package_XsensQuaternion.lisp
Symlinking /home/myr907/autoware.ai/devel/share/common-lisp/ros/custom_msgs/msg/GnssSensorSample.lisp
Symlinking /home/myr907/autoware.ai/devel/share/common-lisp/ros/custom_msgs/msg/_package_ImuSensorSample.lisp
Symlinking /home/myr907/autoware.ai/devel/share/common-lisp/ros/custom_msgs/msg/_package.lisp
Symlinking /home/myr907/autoware.ai/devel/share/common-lisp/ros/custom_msgs/msg/_package_gnssSample.lisp
Symlinking /home/myr907/autoware.ai/devel/share/common-lisp/ros/custom_msgs/msg/_package_GnssSensorSample.lisp
Symlinking /home/myr907/autoware.ai/devel/share/gennodejs/ros/custom_msgs/_index.js
Symlinking /home/myr907/autoware.ai/devel/share/gennodejs/ros/custom_msgs/msg/Internal.js
Symlinking /home/myr907/autoware.ai/devel/share/gennodejs/ros/custom_msgs/msg/XsensQuaternion.js
Symlinking /home/myr907/autoware.ai/devel/share/gennodejs/ros/custom_msgs/msg/ImuSensorSample.js
Symlinking /home/myr907/autoware.ai/devel/share/gennodejs/ros/custom_msgs/msg/sensorSample.js
Symlinking /home/myr907/autoware.ai/devel/share/gennodejs/ros/custom_msgs/msg/positionEstimate.js
Symlinking /home/myr907/autoware.ai/devel/share/gennodejs/ros/custom_msgs/msg/orientationEstimate.js
Symlinking /home/myr907/autoware.ai/devel/share/gennodejs/ros/custom_msgs/msg/_index.js
Symlinking /home/myr907/autoware.ai/devel/share/gennodejs/ros/custom_msgs/msg/GnssSensorSample.js
Symlinking /home/myr907/autoware.ai/devel/share/gennodejs/ros/custom_msgs/msg/BaroSensorSample.js
Symlinking /home/myr907/autoware.ai/devel/share/gennodejs/ros/custom_msgs/msg/velocityEstimate.js
Symlinking /home/myr907/autoware.ai/devel/share/gennodejs/ros/custom_msgs/msg/gnssSample.js
Symlinking /home/myr907/autoware.ai/devel/share/gennodejs/ros/custom_msgs/msg/baroSample.js
Symlinking /home/myr907/autoware.ai/devel/share/custom_msgs/cmake/custom_msgs-msg-paths.cmake
Symlinking /home/myr907/autoware.ai/devel/share/custom_msgs/cmake/custom_msgs-msg-extras.cmake
Symlinking /home/myr907/autoware.ai/devel/share/custom_msgs/cmake/custom_msgsConfig-version.cmake
Symlinking /home/myr907/autoware.ai/devel/share/custom_msgs/cmake/custom_msgsConfig.cmake
Symlinking /home/myr907/autoware.ai/devel/include/custom_msgs/XsensQuaternion.h
Symlinking /home/myr907/autoware.ai/devel/include/custom_msgs/GnssSensorSample.h
Symlinking /home/myr907/autoware.ai/devel/include/custom_msgs/gnssSample.h
Symlinking /home/myr907/autoware.ai/devel/include/custom_msgs/BaroSensorSample.h
Symlinking /home/myr907/autoware.ai/devel/include/custom_msgs/velocityEstimate.h
Symlinking /home/myr907/autoware.ai/devel/include/custom_msgs/Internal.h
Symlinking /home/myr907/autoware.ai/devel/include/custom_msgs/baroSample.h
Symlinking /home/myr907/autoware.ai/devel/include/custom_msgs/sensorSample.h
Symlinking /home/myr907/autoware.ai/devel/include/custom_msgs/orientationEstimate.h
Symlinking /home/myr907/autoware.ai/devel/include/custom_msgs/positionEstimate.h
Symlinking /home/myr907/autoware.ai/devel/include/custom_msgs/ImuSensorSample.h
Symlinking /home/myr907/autoware.ai/devel/lib/pkgconfig/custom_msgs.pc
Symlinking /home/myr907/autoware.ai/devel/lib/python2.7/dist-packages/custom_msgs/__init__.py
Symlinking /home/myr907/autoware.ai/devel/lib/python2.7/dist-packages/custom_msgs/msg/_baroSample.py
Symlinking /home/myr907/autoware.ai/devel/lib/python2.7/dist-packages/custom_msgs/msg/__init__.py
Symlinking /home/myr907/autoware.ai/devel/lib/python2.7/dist-packages/custom_msgs/msg/_BaroSensorSample.py
Symlinking /home/myr907/autoware.ai/devel/lib/python2.7/dist-packages/custom_msgs/msg/_velocityEstimate.py
Symlinking /home/myr907/autoware.ai/devel/lib/python2.7/dist-packages/custom_msgs/msg/_Internal.py
Symlinking /home/myr907/autoware.ai/devel/lib/python2.7/dist-packages/custom_msgs/msg/_ImuSensorSample.py
Symlinking /home/myr907/autoware.ai/devel/lib/python2.7/dist-packages/custom_msgs/msg/_gnssSample.py
Symlinking /home/myr907/autoware.ai/devel/lib/python2.7/dist-packages/custom_msgs/msg/_XsensQuaternion.py
Symlinking /home/myr907/autoware.ai/devel/lib/python2.7/dist-packages/custom_msgs/msg/_positionEstimate.py
Symlinking /home/myr907/autoware.ai/devel/lib/python2.7/dist-packages/custom_msgs/msg/_sensorSample.py
Symlinking /home/myr907/autoware.ai/devel/lib/python2.7/dist-packages/custom_msgs/msg/_orientationEstimate.py
Symlinking /home/myr907/autoware.ai/devel/lib/python2.7/dist-packages/custom_msgs/msg/_GnssSensorSample.py
