[35m[1mScanning dependencies of target std_msgs_generate_messages_lisp[0m
[35m[1mScanning dependencies of target _catkin_empty_exported_target[0m
[35m[1mScanning dependencies of target vector_map_msgs_generate_messages_nodejs[0m
[35m[1mScanning dependencies of target vector_map_msgs_generate_messages_cpp[0m
[35m[1mScanning dependencies of target vector_map_msgs_generate_messages_eus[0m
[35m[1mScanning dependencies of target vector_map_msgs_generate_messages_lisp[0m
[35m[1mScanning dependencies of target std_msgs_generate_messages_py[0m
[35m[1mScanning dependencies of target vector_map_msgs_generate_messages_py[0m
[35m[1mScanning dependencies of target std_msgs_generate_messages_nodejs[0m
[35m[1mScanning dependencies of target std_msgs_generate_messages_cpp[0m
[35m[1mScanning dependencies of target std_msgs_generate_messages_eus[0m
[  0%] Built target _catkin_empty_exported_target
[  0%] Built target vector_map_msgs_generate_messages_cpp
[  0%] Built target vector_map_msgs_generate_messages_eus
[  0%] Built target std_msgs_generate_messages_lisp
[  0%] Built target vector_map_msgs_generate_messages_nodejs
[  0%] Built target std_msgs_generate_messages_nodejs
[  0%] Built target std_msgs_generate_messages_py
[  0%] Built target vector_map_msgs_generate_messages_lisp
[  0%] Built target std_msgs_generate_messages_eus
[  0%] Built target vector_map_msgs_generate_messages_py
[  0%] Built target std_msgs_generate_messages_cpp
[35m[1mScanning dependencies of target libvectormap[0m
[ 50%] [32mBuilding CXX object CMakeFiles/libvectormap.dir/src/vector_map.cpp.o[0m
[100%] [32m[1mLinking CXX static library /home/myr907/autoware.ai/devel/.private/libvectormap/lib/liblibvectormap.a[0m
[100%] Built target libvectormap
