[35m[1mScanning dependencies of target _autoware_msgs_generate_messages_check_deps_ImageRect[0m
[  0%] Built target _autoware_msgs_generate_messages_check_deps_ImageRect
[35m[1mScanning dependencies of target _autoware_msgs_generate_messages_check_deps_LampCmd[0m
[  0%] Built target _autoware_msgs_generate_messages_check_deps_LampCmd
[35m[1mScanning dependencies of target jsk_recognition_msgs_generate_messages_eus[0m
[35m[1mScanning dependencies of target sensor_msgs_generate_messages_eus[0m
[  0%] Built target sensor_msgs_generate_messages_eus
[  0%] Built target jsk_recognition_msgs_generate_messages_eus
[35m[1mScanning dependencies of target _autoware_msgs_generate_messages_check_deps_AdjustXY[0m
[35m[1mScanning dependencies of target _autoware_msgs_generate_messages_check_deps_DetectedObjectArray[0m
[  0%] Built target _autoware_msgs_generate_messages_check_deps_DetectedObjectArray
[  0%] Built target _autoware_msgs_generate_messages_check_deps_AdjustXY
[35m[1mScanning dependencies of target _autoware_msgs_generate_messages_check_deps_CloudCluster[0m
[35m[1mScanning dependencies of target _autoware_msgs_generate_messages_check_deps_GeometricRectangle[0m
[  0%] Built target _autoware_msgs_generate_messages_check_deps_CloudCluster
[35m[1mScanning dependencies of target _autoware_msgs_generate_messages_check_deps_NDTStat[0m
[  0%] Built target _autoware_msgs_generate_messages_check_deps_GeometricRectangle
[35m[1mScanning dependencies of target geometry_msgs_generate_messages_eus[0m
[  0%] Built target geometry_msgs_generate_messages_eus
[35m[1mScanning dependencies of target _autoware_msgs_generate_messages_check_deps_DetectedObject[0m
[  0%] Built target _autoware_msgs_generate_messages_check_deps_NDTStat
[35m[1mScanning dependencies of target _autoware_msgs_generate_messages_check_deps_RemoteCmd[0m
[  0%] Built target _autoware_msgs_generate_messages_check_deps_DetectedObject
[35m[1mScanning dependencies of target _autoware_msgs_generate_messages_check_deps_TrafficLight[0m
[  0%] Built target _autoware_msgs_generate_messages_check_deps_RemoteCmd
[35m[1mScanning dependencies of target _autoware_msgs_generate_messages_check_deps_VscanTracked[0m
[  0%] Built target _autoware_msgs_generate_messages_check_deps_TrafficLight
[35m[1mScanning dependencies of target _autoware_msgs_generate_messages_check_deps_StateCmd[0m
[  0%] Built target _autoware_msgs_generate_messages_check_deps_VscanTracked
[  0%] Built target _autoware_msgs_generate_messages_check_deps_StateCmd
[35m[1mScanning dependencies of target _autoware_msgs_generate_messages_check_deps_BrakeCmd[0m
[  0%] Built target _autoware_msgs_generate_messages_check_deps_BrakeCmd
[35m[1mScanning dependencies of target _autoware_msgs_generate_messages_check_deps_IndicatorCmd[0m
[  0%] Built target _autoware_msgs_generate_messages_check_deps_IndicatorCmd
[35m[1mScanning dependencies of target _autoware_msgs_generate_messages_check_deps_VehicleCmd[0m
[35m[1mScanning dependencies of target _autoware_msgs_generate_messages_check_deps_PointsImage[0m
[  0%] Built target _autoware_msgs_generate_messages_check_deps_PointsImage
[  0%] Built target _autoware_msgs_generate_messages_check_deps_VehicleCmd
[35m[1mScanning dependencies of target _autoware_msgs_generate_messages_check_deps_ValueSet[0m
[35m[1mScanning dependencies of target _autoware_msgs_generate_messages_check_deps_TrafficLightResultArray[0m
[  0%] Built target _autoware_msgs_generate_messages_check_deps_ValueSet
[35m[1mScanning dependencies of target _autoware_msgs_generate_messages_check_deps_State[0m
[35m[1mScanning dependencies of target _autoware_msgs_generate_messages_check_deps_SyncTimeMonitor[0m
[  0%] Built target _autoware_msgs_generate_messages_check_deps_TrafficLightResultArray
[  0%] Built target _autoware_msgs_generate_messages_check_deps_SyncTimeMonitor
[  0%] Built target _autoware_msgs_generate_messages_check_deps_State
[35m[1mScanning dependencies of target _autoware_msgs_generate_messages_check_deps_Waypoint[0m
[35m[1mScanning dependencies of target _autoware_msgs_generate_messages_check_deps_ProjectionMatrix[0m
[35m[1mScanning dependencies of target _autoware_msgs_generate_messages_check_deps_ObjLabel[0m
[  0%] Built target _autoware_msgs_generate_messages_check_deps_Waypoint
[  0%] Built target _autoware_msgs_generate_messages_check_deps_ProjectionMatrix
[  0%] Built target _autoware_msgs_generate_messages_check_deps_ObjLabel
[35m[1mScanning dependencies of target _autoware_msgs_generate_messages_check_deps_Centroids[0m
[35m[1mScanning dependencies of target std_msgs_generate_messages_eus[0m
[35m[1mScanning dependencies of target _autoware_msgs_generate_messages_check_deps_ImageRectRanged[0m
[  0%] Built target std_msgs_generate_messages_eus
[35m[1mScanning dependencies of target _autoware_msgs_generate_messages_check_deps_WaypointState[0m
[  0%] Built target _autoware_msgs_generate_messages_check_deps_Centroids
[35m[1mScanning dependencies of target _autoware_msgs_generate_messages_check_deps_VehicleStatus[0m
[  0%] Built target _autoware_msgs_generate_messages_check_deps_ImageRectRanged
[35m[1mScanning dependencies of target _autoware_msgs_generate_messages_check_deps_LaneArray[0m
[  0%] Built target _autoware_msgs_generate_messages_check_deps_WaypointState
[35m[1mScanning dependencies of target _autoware_msgs_generate_messages_check_deps_ColorSet[0m
[  0%] Built target _autoware_msgs_generate_messages_check_deps_VehicleStatus
[35m[1mScanning dependencies of target _autoware_msgs_generate_messages_check_deps_ImageObjRanged[0m
[35m[1mScanning dependencies of target _autoware_msgs_generate_messages_check_deps_VehicleLocation[0m
[  0%] Built target _autoware_msgs_generate_messages_check_deps_LaneArray
[35m[1mScanning dependencies of target _autoware_msgs_generate_messages_check_deps_ImageObj[0m
[  0%] Built target _autoware_msgs_generate_messages_check_deps_ColorSet
[35m[1mScanning dependencies of target _autoware_msgs_generate_messages_check_deps_CloudClusterArray[0m
[  0%] Built target _autoware_msgs_generate_messages_check_deps_ImageObjRanged
[  0%] Built target _autoware_msgs_generate_messages_check_deps_VehicleLocation
[35m[1mScanning dependencies of target _autoware_msgs_generate_messages_check_deps_ImageLaneObjects[0m
[  0%] Built target _autoware_msgs_generate_messages_check_deps_ImageObj
[35m[1mScanning dependencies of target _autoware_msgs_generate_messages_check_deps_DTLane[0m
[  0%] Built target _autoware_msgs_generate_messages_check_deps_CloudClusterArray
[35m[1mScanning dependencies of target _autoware_msgs_generate_messages_check_deps_ControlCommandStamped[0m
[  0%] Built target _autoware_msgs_generate_messages_check_deps_ImageLaneObjects
[  0%] Built target _autoware_msgs_generate_messages_check_deps_DTLane
[35m[1mScanning dependencies of target _autoware_msgs_generate_messages_check_deps_ICPStat[0m
[35m[1mScanning dependencies of target _autoware_msgs_generate_messages_check_deps_SteerCmd[0m
[  0%] Built target _autoware_msgs_generate_messages_check_deps_ControlCommandStamped
[  0%] Built target _autoware_msgs_generate_messages_check_deps_ICPStat
[  0%] Built target _autoware_msgs_generate_messages_check_deps_SteerCmd
[35m[1mScanning dependencies of target _autoware_msgs_generate_messages_check_deps_ImageObjTracked[0m
[  0%] Built target _autoware_msgs_generate_messages_check_deps_ImageObjTracked
[35m[1mScanning dependencies of target _autoware_msgs_generate_messages_check_deps_ObjPose[0m
[  0%] Built target _autoware_msgs_generate_messages_check_deps_ObjPose
[35m[1mScanning dependencies of target _autoware_msgs_generate_messages_check_deps_SyncTimeDiff[0m
[35m[1mScanning dependencies of target _autoware_msgs_generate_messages_check_deps_VscanTrackedArray[0m
[  0%] Built target _autoware_msgs_generate_messages_check_deps_SyncTimeDiff
[  0%] Built target _autoware_msgs_generate_messages_check_deps_VscanTrackedArray
[35m[1mScanning dependencies of target _autoware_msgs_generate_messages_check_deps_Lane[0m
[  0%] Built target _autoware_msgs_generate_messages_check_deps_Lane
[35m[1mScanning dependencies of target _autoware_msgs_generate_messages_check_deps_ExtractedPosition[0m
[  0%] Built target _autoware_msgs_generate_messages_check_deps_ExtractedPosition
[35m[1mScanning dependencies of target _autoware_msgs_generate_messages_check_deps_TrafficLightResult[0m
[35m[1mScanning dependencies of target _autoware_msgs_generate_messages_check_deps_Signals[0m
[  0%] Built target _autoware_msgs_generate_messages_check_deps_TrafficLightResult
[35m[1mScanning dependencies of target _autoware_msgs_generate_messages_check_deps_ScanImage[0m
[  0%] Built target _autoware_msgs_generate_messages_check_deps_Signals
[  0%] Built target _autoware_msgs_generate_messages_check_deps_ScanImage
[35m[1mScanning dependencies of target _autoware_msgs_generate_messages_check_deps_AccelCmd[0m
[  0%] Built target _autoware_msgs_generate_messages_check_deps_AccelCmd
[35m[1mScanning dependencies of target _autoware_msgs_generate_messages_check_deps_ControlCommand[0m
[  0%] Built target _autoware_msgs_generate_messages_check_deps_ControlCommand
[35m[1mScanning dependencies of target _autoware_msgs_generate_messages_check_deps_TunedResult[0m
[  0%] Built target _autoware_msgs_generate_messages_check_deps_TunedResult
[35m[1mScanning dependencies of target _autoware_msgs_generate_messages_check_deps_ImageObjects[0m
[35m[1mScanning dependencies of target std_msgs_generate_messages_nodejs[0m
[  0%] Built target std_msgs_generate_messages_nodejs
[35m[1mScanning dependencies of target geometry_msgs_generate_messages_nodejs[0m
[  0%] Built target geometry_msgs_generate_messages_nodejs
[35m[1mScanning dependencies of target sensor_msgs_generate_messages_nodejs[0m
[  0%] Built target _autoware_msgs_generate_messages_check_deps_ImageObjects
[  0%] Built target sensor_msgs_generate_messages_nodejs
[35m[1mScanning dependencies of target jsk_recognition_msgs_generate_messages_nodejs[0m
[35m[1mScanning dependencies of target geometry_msgs_generate_messages_py[0m
[  0%] Built target jsk_recognition_msgs_generate_messages_nodejs
[  0%] Built target geometry_msgs_generate_messages_py
[35m[1mScanning dependencies of target sensor_msgs_generate_messages_py[0m
[35m[1mScanning dependencies of target std_msgs_generate_messages_py[0m
[  0%] Built target sensor_msgs_generate_messages_py
[  0%] Built target std_msgs_generate_messages_py
[35m[1mScanning dependencies of target jsk_recognition_msgs_generate_messages_py[0m
[35m[1mScanning dependencies of target std_msgs_generate_messages_lisp[0m
[  0%] Built target jsk_recognition_msgs_generate_messages_py
[35m[1mScanning dependencies of target sensor_msgs_generate_messages_lisp[0m
[  0%] Built target std_msgs_generate_messages_lisp
[35m[1mScanning dependencies of target geometry_msgs_generate_messages_lisp[0m
[  0%] Built target sensor_msgs_generate_messages_lisp
[35m[1mScanning dependencies of target jsk_recognition_msgs_generate_messages_lisp[0m
[  0%] Built target geometry_msgs_generate_messages_lisp
[35m[1mScanning dependencies of target sensor_msgs_generate_messages_cpp[0m
[  0%] Built target jsk_recognition_msgs_generate_messages_lisp
[35m[1mScanning dependencies of target geometry_msgs_generate_messages_cpp[0m
[  0%] Built target sensor_msgs_generate_messages_cpp
[  0%] Built target geometry_msgs_generate_messages_cpp
[35m[1mScanning dependencies of target std_msgs_generate_messages_cpp[0m
[35m[1mScanning dependencies of target jsk_recognition_msgs_generate_messages_cpp[0m
[  0%] Built target std_msgs_generate_messages_cpp
[  0%] Built target jsk_recognition_msgs_generate_messages_cpp
[35m[1mScanning dependencies of target autoware_msgs_generate_messages_eus[0m
[35m[1mScanning dependencies of target autoware_msgs_generate_messages_nodejs[0m
[  0%] [34m[1mGenerating Javascript code from autoware_msgs/Centroids.msg[0m
[  0%] [34m[1mGenerating EusLisp code from autoware_msgs/Centroids.msg[0m
[  1%] [34m[1mGenerating Javascript code from autoware_msgs/LampCmd.msg[0m
[  1%] [34m[1mGenerating Javascript code from autoware_msgs/AdjustXY.msg[0m
[  1%] [34m[1mGenerating Javascript code from autoware_msgs/ImageRectRanged.msg[0m
[  2%] [34m[1mGenerating Javascript code from autoware_msgs/BrakeCmd.msg[0m
[  2%] [34m[1mGenerating EusLisp code from autoware_msgs/LampCmd.msg[0m
[  2%] [34m[1mGenerating Javascript code from autoware_msgs/TrafficLight.msg[0m
[  2%] [34m[1mGenerating Javascript code from autoware_msgs/VehicleCmd.msg[0m
[  3%] [34m[1mGenerating Javascript code from autoware_msgs/VscanTracked.msg[0m
[  3%] [34m[1mGenerating Javascript code from autoware_msgs/GeometricRectangle.msg[0m
[  4%] [34m[1mGenerating Javascript code from autoware_msgs/PointsImage.msg[0m
[  4%] [34m[1mGenerating Javascript code from autoware_msgs/ValueSet.msg[0m
[  5%] [34m[1mGenerating EusLisp code from autoware_msgs/AdjustXY.msg[0m
[  5%] [34m[1mGenerating Javascript code from autoware_msgs/DetectedObjectArray.msg[0m
[  6%] [34m[1mGenerating Javascript code from autoware_msgs/Waypoint.msg[0m
[  6%] [34m[1mGenerating Javascript code from autoware_msgs/SyncTimeMonitor.msg[0m
[  7%] [34m[1mGenerating Javascript code from autoware_msgs/TrafficLightResultArray.msg[0m
[  7%] [34m[1mGenerating EusLisp code from autoware_msgs/ImageRectRanged.msg[0m
[  7%] [34m[1mGenerating Javascript code from autoware_msgs/StateCmd.msg[0m
[  7%] [34m[1mGenerating Javascript code from autoware_msgs/WaypointState.msg[0m
[  8%] [34m[1mGenerating Javascript code from autoware_msgs/CloudCluster.msg[0m
[  8%] [34m[1mGenerating Javascript code from autoware_msgs/VehicleStatus.msg[0m
[  8%] [34m[1mGenerating Javascript code from autoware_msgs/TrafficLightResult.msg[0m
[  9%] [34m[1mGenerating Javascript code from autoware_msgs/Signals.msg[0m
[  9%] [34m[1mGenerating EusLisp code from autoware_msgs/BrakeCmd.msg[0m
[  9%] [34m[1mGenerating Javascript code from autoware_msgs/VehicleLocation.msg[0m
[ 10%] [34m[1mGenerating Javascript code from autoware_msgs/CloudClusterArray.msg[0m
[ 10%] [34m[1mGenerating Javascript code from autoware_msgs/ImageObj.msg[0m
[ 10%] [34m[1mGenerating Javascript code from autoware_msgs/ObjPose.msg[0m
[ 11%] [34m[1mGenerating Javascript code from autoware_msgs/ControlCommandStamped.msg[0m
[ 12%] [34m[1mGenerating EusLisp code from autoware_msgs/TrafficLight.msg[0m
[ 12%] [34m[1mGenerating Javascript code from autoware_msgs/DTLane.msg[0m
[ 12%] [34m[1mGenerating Javascript code from autoware_msgs/ImageRect.msg[0m
[ 13%] [34m[1mGenerating Javascript code from autoware_msgs/ICPStat.msg[0m
[ 13%] [34m[1mGenerating Javascript code from autoware_msgs/ImageObjTracked.msg[0m
[ 13%] [34m[1mGenerating Javascript code from autoware_msgs/RemoteCmd.msg[0m
[ 14%] [34m[1mGenerating Javascript code from autoware_msgs/LaneArray.msg[0m
[ 14%] [34m[1mGenerating Javascript code from autoware_msgs/SyncTimeDiff.msg[0m
[ 14%] [34m[1mGenerating EusLisp code from autoware_msgs/VscanTracked.msg[0m
[ 15%] [34m[1mGenerating Javascript code from autoware_msgs/DetectedObject.msg[0m
[ 15%] [34m[1mGenerating Javascript code from autoware_msgs/Lane.msg[0m
[ 16%] [34m[1mGenerating Javascript code from autoware_msgs/State.msg[0m
[ 16%] [34m[1mGenerating Javascript code from autoware_msgs/VscanTrackedArray.msg[0m
[ 17%] [34m[1mGenerating EusLisp code from autoware_msgs/VehicleCmd.msg[0m
[ 17%] [34m[1mGenerating Javascript code from autoware_msgs/NDTStat.msg[0m
[ 17%] [34m[1mGenerating Javascript code from autoware_msgs/AccelCmd.msg[0m
[ 17%] [34m[1mGenerating EusLisp code from autoware_msgs/GeometricRectangle.msg[0m
[ 18%] [34m[1mGenerating Javascript code from autoware_msgs/ExtractedPosition.msg[0m
[ 18%] [34m[1mGenerating Javascript code from autoware_msgs/ProjectionMatrix.msg[0m
[ 20%] [34m[1mGenerating Javascript code from autoware_msgs/ImageLaneObjects.msg[0m
[ 20%] [34m[1mGenerating Javascript code from autoware_msgs/ScanImage.msg[0m
[ 20%] [34m[1mGenerating EusLisp code from autoware_msgs/PointsImage.msg[0m
[ 20%] [34m[1mGenerating Javascript code from autoware_msgs/ColorSet.msg[0m
[ 21%] [34m[1mGenerating Javascript code from autoware_msgs/TunedResult.msg[0m
[ 21%] [34m[1mGenerating Javascript code from autoware_msgs/IndicatorCmd.msg[0m
[ 22%] [34m[1mGenerating EusLisp code from autoware_msgs/ValueSet.msg[0m
[ 23%] [34m[1mGenerating Javascript code from autoware_msgs/ControlCommand.msg[0m
[ 23%] [34m[1mGenerating Javascript code from autoware_msgs/SteerCmd.msg[0m
[ 23%] [34m[1mGenerating Javascript code from autoware_msgs/ImageObjRanged.msg[0m
[ 24%] [34m[1mGenerating Javascript code from autoware_msgs/ObjLabel.msg[0m
[ 24%] [34m[1mGenerating Javascript code from autoware_msgs/ImageObjects.msg[0m
[ 24%] [34m[1mGenerating EusLisp code from autoware_msgs/DetectedObjectArray.msg[0m
[35m[1mScanning dependencies of target autoware_msgs_generate_messages_py[0m
[ 24%] Built target autoware_msgs_generate_messages_nodejs
[ 24%] [34m[1mGenerating Python from MSG autoware_msgs/Centroids[0m
[ 25%] [34m[1mGenerating Python from MSG autoware_msgs/LampCmd[0m
[ 25%] [34m[1mGenerating Python from MSG autoware_msgs/AdjustXY[0m
[ 25%] [34m[1mGenerating EusLisp code from autoware_msgs/Waypoint.msg[0m
[ 25%] [34m[1mGenerating Python from MSG autoware_msgs/ImageRectRanged[0m
[ 26%] [34m[1mGenerating Python from MSG autoware_msgs/BrakeCmd[0m
[ 26%] [34m[1mGenerating Python from MSG autoware_msgs/TrafficLight[0m
[ 27%] [34m[1mGenerating Python from MSG autoware_msgs/VscanTracked[0m
[ 27%] [34m[1mGenerating Python from MSG autoware_msgs/VehicleCmd[0m
[ 28%] [34m[1mGenerating EusLisp code from autoware_msgs/SyncTimeMonitor.msg[0m
[ 28%] [34m[1mGenerating Python from MSG autoware_msgs/GeometricRectangle[0m
[ 28%] [34m[1mGenerating EusLisp code from autoware_msgs/TrafficLightResultArray.msg[0m
[ 29%] [34m[1mGenerating Python from MSG autoware_msgs/PointsImage[0m
[ 29%] [34m[1mGenerating Python from MSG autoware_msgs/ValueSet[0m
[ 29%] [34m[1mGenerating Python from MSG autoware_msgs/DetectedObjectArray[0m
[ 30%] [34m[1mGenerating EusLisp code from autoware_msgs/StateCmd.msg[0m
[ 30%] [34m[1mGenerating EusLisp code from autoware_msgs/WaypointState.msg[0m
[ 30%] [34m[1mGenerating EusLisp code from autoware_msgs/CloudCluster.msg[0m
[ 31%] [34m[1mGenerating Python from MSG autoware_msgs/Waypoint[0m
[ 31%] [34m[1mGenerating Python from MSG autoware_msgs/SyncTimeMonitor[0m
[ 32%] [34m[1mGenerating Python from MSG autoware_msgs/TrafficLightResultArray[0m
[ 33%] [34m[1mGenerating EusLisp code from autoware_msgs/VehicleStatus.msg[0m
[ 33%] [34m[1mGenerating EusLisp code from autoware_msgs/TrafficLightResult.msg[0m
[ 33%] [34m[1mGenerating Python from MSG autoware_msgs/StateCmd[0m
[ 33%] [34m[1mGenerating EusLisp code from autoware_msgs/Signals.msg[0m
[ 33%] [34m[1mGenerating Python from MSG autoware_msgs/WaypointState[0m
[ 34%] [34m[1mGenerating Python from MSG autoware_msgs/CloudCluster[0m
[ 35%] [34m[1mGenerating EusLisp code from autoware_msgs/VehicleLocation.msg[0m
[ 35%] [34m[1mGenerating EusLisp code from autoware_msgs/CloudClusterArray.msg[0m
[ 35%] [34m[1mGenerating Python from MSG autoware_msgs/VehicleStatus[0m
[ 35%] [34m[1mGenerating EusLisp code from autoware_msgs/ImageObj.msg[0m
[ 35%] [34m[1mGenerating Python from MSG autoware_msgs/TrafficLightResult[0m
[ 36%] [34m[1mGenerating Python from MSG autoware_msgs/Signals[0m
[ 37%] [34m[1mGenerating EusLisp code from autoware_msgs/ObjPose.msg[0m
[ 37%] [34m[1mGenerating EusLisp code from autoware_msgs/ControlCommandStamped.msg[0m
[ 37%] [34m[1mGenerating Python from MSG autoware_msgs/VehicleLocation[0m
[ 38%] [34m[1mGenerating Python from MSG autoware_msgs/CloudClusterArray[0m
[ 40%] [34m[1mGenerating EusLisp code from autoware_msgs/DTLane.msg[0m
[ 40%] [34m[1mGenerating Python from MSG autoware_msgs/ImageObj[0m
[ 40%] [34m[1mGenerating EusLisp code from autoware_msgs/ImageRect.msg[0m
[ 40%] [34m[1mGenerating EusLisp code from autoware_msgs/ICPStat.msg[0m
[ 40%] [34m[1mGenerating Python from MSG autoware_msgs/ObjPose[0m
[ 41%] [34m[1mGenerating Python from MSG autoware_msgs/ControlCommandStamped[0m
[ 41%] [34m[1mGenerating Python from MSG autoware_msgs/DTLane[0m
[ 41%] [34m[1mGenerating Python from MSG autoware_msgs/ImageRect[0m
[ 42%] [34m[1mGenerating EusLisp code from autoware_msgs/ImageObjTracked.msg[0m
[ 42%] [34m[1mGenerating EusLisp code from autoware_msgs/LaneArray.msg[0m
[ 42%] [34m[1mGenerating EusLisp code from autoware_msgs/RemoteCmd.msg[0m
[ 43%] [34m[1mGenerating Python from MSG autoware_msgs/ICPStat[0m
[ 43%] [34m[1mGenerating Python from MSG autoware_msgs/ImageObjTracked[0m
[ 44%] [34m[1mGenerating Python from MSG autoware_msgs/LaneArray[0m
[ 44%] [34m[1mGenerating Python from MSG autoware_msgs/RemoteCmd[0m
[ 44%] [34m[1mGenerating Python from MSG autoware_msgs/SyncTimeDiff[0m
[ 45%] [34m[1mGenerating EusLisp code from autoware_msgs/SyncTimeDiff.msg[0m
[35m[1mScanning dependencies of target autoware_msgs_generate_messages_lisp[0m
[ 46%] [34m[1mGenerating Python from MSG autoware_msgs/DetectedObject[0m
[ 46%] [34m[1mGenerating Python from MSG autoware_msgs/Lane[0m
[ 47%] [34m[1mGenerating EusLisp code from autoware_msgs/Lane.msg[0m
[ 47%] [34m[1mGenerating EusLisp code from autoware_msgs/DetectedObject.msg[0m
[ 47%] [34m[1mGenerating Lisp code from autoware_msgs/Centroids.msg[0m
[35m[1mScanning dependencies of target autoware_msgs_generate_messages_cpp[0m
[ 47%] [34m[1mGenerating C++ code from autoware_msgs/Centroids.msg[0m
[ 47%] [34m[1mGenerating Python from MSG autoware_msgs/VscanTrackedArray[0m
[ 47%] [34m[1mGenerating EusLisp code from autoware_msgs/State.msg[0m
[ 48%] [34m[1mGenerating EusLisp code from autoware_msgs/VscanTrackedArray.msg[0m
[ 48%] [34m[1mGenerating Python from MSG autoware_msgs/State[0m
[ 49%] [34m[1mGenerating EusLisp code from autoware_msgs/NDTStat.msg[0m
[ 49%] [34m[1mGenerating Python from MSG autoware_msgs/NDTStat[0m
[ 50%] [34m[1mGenerating Python from MSG autoware_msgs/ExtractedPosition[0m
[ 50%] [34m[1mGenerating Python from MSG autoware_msgs/AccelCmd[0m
[ 50%] [34m[1mGenerating EusLisp code from autoware_msgs/ExtractedPosition.msg[0m
[ 51%] [34m[1mGenerating Lisp code from autoware_msgs/LampCmd.msg[0m
[ 51%] [34m[1mGenerating Python from MSG autoware_msgs/ProjectionMatrix[0m
[ 52%] [34m[1mGenerating Python from MSG autoware_msgs/ImageLaneObjects[0m
[ 52%] [34m[1mGenerating Python from MSG autoware_msgs/ScanImage[0m
[ 52%] [34m[1mGenerating Python from MSG autoware_msgs/ColorSet[0m
[ 53%] [34m[1mGenerating Python from MSG autoware_msgs/TunedResult[0m
[ 53%] [34m[1mGenerating EusLisp code from autoware_msgs/AccelCmd.msg[0m
[ 53%] [34m[1mGenerating Python from MSG autoware_msgs/IndicatorCmd[0m
[ 54%] [34m[1mGenerating Python from MSG autoware_msgs/ControlCommand[0m
[ 55%] [34m[1mGenerating EusLisp code from autoware_msgs/ProjectionMatrix.msg[0m
[ 55%] [34m[1mGenerating EusLisp code from autoware_msgs/ImageLaneObjects.msg[0m
[ 55%] [34m[1mGenerating C++ code from autoware_msgs/LampCmd.msg[0m
[ 55%] [34m[1mGenerating Lisp code from autoware_msgs/AdjustXY.msg[0m
[ 56%] [34m[1mGenerating EusLisp code from autoware_msgs/ScanImage.msg[0m
[ 57%] [34m[1mGenerating C++ code from autoware_msgs/AdjustXY.msg[0m
[ 57%] [34m[1mGenerating EusLisp code from autoware_msgs/ColorSet.msg[0m
[ 57%] [34m[1mGenerating EusLisp code from autoware_msgs/TunedResult.msg[0m
[ 57%] [34m[1mGenerating Python from MSG autoware_msgs/SteerCmd[0m
[ 58%] [34m[1mGenerating EusLisp code from autoware_msgs/IndicatorCmd.msg[0m
[ 58%] [34m[1mGenerating EusLisp code from autoware_msgs/SteerCmd.msg[0m
[ 58%] [34m[1mGenerating EusLisp code from autoware_msgs/ControlCommand.msg[0m
[ 58%] [34m[1mGenerating Python from MSG autoware_msgs/ImageObjRanged[0m
[ 60%] [34m[1mGenerating Python from MSG autoware_msgs/ObjLabel[0m
[ 60%] [34m[1mGenerating Lisp code from autoware_msgs/ImageRectRanged.msg[0m
[ 60%] [34m[1mGenerating Python from MSG autoware_msgs/ImageObjects[0m
[ 60%] [34m[1mGenerating C++ code from autoware_msgs/ImageRectRanged.msg[0m
[ 61%] [34m[1mGenerating Lisp code from autoware_msgs/BrakeCmd.msg[0m
[ 61%] [34m[1mGenerating Lisp code from autoware_msgs/TrafficLight.msg[0m
[ 62%] [34m[1mGenerating EusLisp code from autoware_msgs/ImageObjRanged.msg[0m
[ 62%] [34m[1mGenerating C++ code from autoware_msgs/BrakeCmd.msg[0m
[ 63%] [34m[1mGenerating Lisp code from autoware_msgs/VscanTracked.msg[0m
[ 63%] [34m[1mGenerating Lisp code from autoware_msgs/VehicleCmd.msg[0m
[ 63%] [34m[1mGenerating EusLisp code from autoware_msgs/ObjLabel.msg[0m
[ 64%] [34m[1mGenerating EusLisp code from autoware_msgs/ImageObjects.msg[0m
[ 65%] [34m[1mGenerating C++ code from autoware_msgs/TrafficLight.msg[0m
[ 65%] [34m[1mGenerating EusLisp manifest code for autoware_msgs[0m
[ 65%] [34m[1mGenerating C++ code from autoware_msgs/VscanTracked.msg[0m
[ 66%] [34m[1mGenerating C++ code from autoware_msgs/GeometricRectangle.msg[0m
[ 66%] [34m[1mGenerating C++ code from autoware_msgs/VehicleCmd.msg[0m
[ 66%] [34m[1mGenerating C++ code from autoware_msgs/PointsImage.msg[0m
[ 66%] [34m[1mGenerating Lisp code from autoware_msgs/GeometricRectangle.msg[0m
[ 67%] [34m[1mGenerating Lisp code from autoware_msgs/PointsImage.msg[0m
[ 67%] [34m[1mGenerating Lisp code from autoware_msgs/ValueSet.msg[0m
[ 67%] [34m[1mGenerating Python msg __init__.py for autoware_msgs[0m
[ 67%] [34m[1mGenerating Lisp code from autoware_msgs/DetectedObjectArray.msg[0m
[ 68%] [34m[1mGenerating Lisp code from autoware_msgs/Waypoint.msg[0m
[ 69%] [34m[1mGenerating C++ code from autoware_msgs/ValueSet.msg[0m
[ 69%] [34m[1mGenerating C++ code from autoware_msgs/DetectedObjectArray.msg[0m
[ 69%] [34m[1mGenerating Lisp code from autoware_msgs/SyncTimeMonitor.msg[0m
[ 70%] [34m[1mGenerating Lisp code from autoware_msgs/TrafficLightResultArray.msg[0m
[ 70%] [34m[1mGenerating Lisp code from autoware_msgs/StateCmd.msg[0m
[ 70%] [34m[1mGenerating Lisp code from autoware_msgs/WaypointState.msg[0m
[ 70%] [34m[1mGenerating C++ code from autoware_msgs/Waypoint.msg[0m
[ 71%] [34m[1mGenerating Lisp code from autoware_msgs/CloudCluster.msg[0m
[ 71%] [34m[1mGenerating Lisp code from autoware_msgs/VehicleStatus.msg[0m
[ 71%] [34m[1mGenerating Lisp code from autoware_msgs/TrafficLightResult.msg[0m
[ 72%] [34m[1mGenerating Lisp code from autoware_msgs/Signals.msg[0m
[ 72%] [34m[1mGenerating Lisp code from autoware_msgs/VehicleLocation.msg[0m
[ 73%] [34m[1mGenerating C++ code from autoware_msgs/SyncTimeMonitor.msg[0m
[ 74%] [34m[1mGenerating Lisp code from autoware_msgs/CloudClusterArray.msg[0m
[ 74%] Built target autoware_msgs_generate_messages_py
[ 74%] [34m[1mGenerating C++ code from autoware_msgs/TrafficLightResultArray.msg[0m
[ 74%] [34m[1mGenerating C++ code from autoware_msgs/StateCmd.msg[0m
[ 75%] [34m[1mGenerating C++ code from autoware_msgs/WaypointState.msg[0m
[ 75%] [34m[1mGenerating Lisp code from autoware_msgs/ImageObj.msg[0m
[ 75%] [34m[1mGenerating C++ code from autoware_msgs/CloudCluster.msg[0m
[ 75%] [34m[1mGenerating Lisp code from autoware_msgs/ObjPose.msg[0m
[ 76%] [34m[1mGenerating Lisp code from autoware_msgs/ControlCommandStamped.msg[0m
[ 76%] [34m[1mGenerating Lisp code from autoware_msgs/DTLane.msg[0m
[ 77%] [34m[1mGenerating C++ code from autoware_msgs/VehicleStatus.msg[0m
[ 77%] [34m[1mGenerating C++ code from autoware_msgs/TrafficLightResult.msg[0m
[ 77%] [34m[1mGenerating Lisp code from autoware_msgs/ImageRect.msg[0m
[ 78%] [34m[1mGenerating Lisp code from autoware_msgs/ICPStat.msg[0m
[ 78%] [34m[1mGenerating Lisp code from autoware_msgs/ImageObjTracked.msg[0m
[ 78%] [34m[1mGenerating C++ code from autoware_msgs/Signals.msg[0m
[ 80%] [34m[1mGenerating Lisp code from autoware_msgs/LaneArray.msg[0m
[ 80%] [34m[1mGenerating Lisp code from autoware_msgs/RemoteCmd.msg[0m
[ 80%] [34m[1mGenerating Lisp code from autoware_msgs/SyncTimeDiff.msg[0m
[ 81%] [34m[1mGenerating Lisp code from autoware_msgs/DetectedObject.msg[0m
[ 82%] [34m[1mGenerating C++ code from autoware_msgs/VehicleLocation.msg[0m
[ 82%] [34m[1mGenerating Lisp code from autoware_msgs/Lane.msg[0m
[ 82%] [34m[1mGenerating Lisp code from autoware_msgs/VscanTrackedArray.msg[0m
[ 83%] [34m[1mGenerating Lisp code from autoware_msgs/State.msg[0m
[ 83%] [34m[1mGenerating C++ code from autoware_msgs/CloudClusterArray.msg[0m
[ 83%] [34m[1mGenerating C++ code from autoware_msgs/ImageObj.msg[0m
[ 84%] [34m[1mGenerating C++ code from autoware_msgs/ObjPose.msg[0m
[ 84%] [34m[1mGenerating C++ code from autoware_msgs/ControlCommandStamped.msg[0m
[ 84%] [34m[1mGenerating Lisp code from autoware_msgs/NDTStat.msg[0m
[ 85%] [34m[1mGenerating C++ code from autoware_msgs/DTLane.msg[0m
[ 85%] [34m[1mGenerating Lisp code from autoware_msgs/ExtractedPosition.msg[0m
[ 86%] [34m[1mGenerating Lisp code from autoware_msgs/AccelCmd.msg[0m
[ 86%] [34m[1mGenerating Lisp code from autoware_msgs/ProjectionMatrix.msg[0m
[ 87%] [34m[1mGenerating Lisp code from autoware_msgs/ImageLaneObjects.msg[0m
[ 87%] [34m[1mGenerating Lisp code from autoware_msgs/ScanImage.msg[0m
[ 87%] [34m[1mGenerating C++ code from autoware_msgs/ImageRect.msg[0m
[ 87%] [34m[1mGenerating Lisp code from autoware_msgs/ColorSet.msg[0m
[ 87%] [34m[1mGenerating C++ code from autoware_msgs/ICPStat.msg[0m
[ 88%] [34m[1mGenerating Lisp code from autoware_msgs/TunedResult.msg[0m
[ 88%] [34m[1mGenerating Lisp code from autoware_msgs/IndicatorCmd.msg[0m
[ 89%] [34m[1mGenerating C++ code from autoware_msgs/ImageObjTracked.msg[0m
[ 89%] [34m[1mGenerating Lisp code from autoware_msgs/ControlCommand.msg[0m
[ 90%] [34m[1mGenerating Lisp code from autoware_msgs/SteerCmd.msg[0m
[ 90%] [34m[1mGenerating C++ code from autoware_msgs/LaneArray.msg[0m
[ 90%] [34m[1mGenerating Lisp code from autoware_msgs/ImageObjRanged.msg[0m
[ 91%] [34m[1mGenerating Lisp code from autoware_msgs/ObjLabel.msg[0m
[ 91%] [34m[1mGenerating Lisp code from autoware_msgs/ImageObjects.msg[0m
[ 92%] [34m[1mGenerating C++ code from autoware_msgs/SyncTimeDiff.msg[0m
[ 92%] [34m[1mGenerating C++ code from autoware_msgs/RemoteCmd.msg[0m
[ 92%] [34m[1mGenerating C++ code from autoware_msgs/DetectedObject.msg[0m
[ 93%] [34m[1mGenerating C++ code from autoware_msgs/Lane.msg[0m
[ 93%] [34m[1mGenerating C++ code from autoware_msgs/VscanTrackedArray.msg[0m
[ 94%] [34m[1mGenerating C++ code from autoware_msgs/NDTStat.msg[0m
[ 94%] [34m[1mGenerating C++ code from autoware_msgs/ExtractedPosition.msg[0m
[ 94%] [34m[1mGenerating C++ code from autoware_msgs/State.msg[0m
[ 94%] [34m[1mGenerating C++ code from autoware_msgs/AccelCmd.msg[0m
[ 95%] [34m[1mGenerating C++ code from autoware_msgs/ProjectionMatrix.msg[0m
[ 96%] [34m[1mGenerating C++ code from autoware_msgs/ScanImage.msg[0m
[ 96%] [34m[1mGenerating C++ code from autoware_msgs/ImageLaneObjects.msg[0m
[ 96%] [34m[1mGenerating C++ code from autoware_msgs/ColorSet.msg[0m
[ 96%] [34m[1mGenerating C++ code from autoware_msgs/TunedResult.msg[0m
[ 97%] [34m[1mGenerating C++ code from autoware_msgs/IndicatorCmd.msg[0m
[ 97%] [34m[1mGenerating C++ code from autoware_msgs/ControlCommand.msg[0m
[ 97%] [34m[1mGenerating C++ code from autoware_msgs/SteerCmd.msg[0m
[ 98%] [34m[1mGenerating C++ code from autoware_msgs/ImageObjRanged.msg[0m
[ 98%] [34m[1mGenerating C++ code from autoware_msgs/ObjLabel.msg[0m
[100%] [34m[1mGenerating C++ code from autoware_msgs/ImageObjects.msg[0m
[100%] Built target autoware_msgs_generate_messages_lisp
[100%] Built target autoware_msgs_generate_messages_cpp
[100%] Built target autoware_msgs_generate_messages_eus
[35m[1mScanning dependencies of target autoware_msgs_generate_messages[0m
[100%] Built target autoware_msgs_generate_messages
