-- The C compiler identification is GNU 7.4.0
-- The CXX compiler identification is GNU 7.4.0
-- Check for working C compiler: /usr/bin/cc
-- Check for working C compiler: /usr/bin/cc -- works
-- Detecting C compiler ABI info
-- Detecting C compiler ABI info - done
-- Detecting C compile features
-- Detecting C compile features - done
-- Check for working CXX compiler: /usr/bin/c++
-- Check for working CXX compiler: /usr/bin/c++ -- works
-- Detecting CXX compiler ABI info
-- Detecting CXX compiler ABI info - done
-- Detecting CXX compile features
-- Detecting CXX compile features - done
-- CUDA compilation status: 1.
-- Using CATKIN_DEVEL_PREFIX: /home/muyangren907/autoware/autoware.ai/1.12.0_cuda/build/op_simu/devel
-- Using CMAKE_PREFIX_PATH: /home/muyangren907/autoware/autoware.ai/1.12.0_cuda/install/op_planner;/home/muyangren907/autoware/autoware.ai/1.12.0_cuda/install/op_utility;/home/muyangren907/autoware/autoware.ai/1.12.0_cuda/install/vector_map_server;/home/muyangren907/autoware/autoware.ai/1.12.0_cuda/install/vector_map;/home/muyangren907/autoware/autoware.ai/1.12.0_cuda/install/vector_map_msgs;/home/muyangren907/autoware/autoware.ai/1.12.0_cuda/install/autoware_msgs;/home/muyangren907/autoware/autoware.ai/1.12.0_cuda/install/autoware_build_flags;/opt/ros/melodic
-- This workspace overlays: /home/muyangren907/autoware/autoware.ai/1.12.0_cuda/install/op_planner;/home/muyangren907/autoware/autoware.ai/1.12.0_cuda/install/op_utility;/home/muyangren907/autoware/autoware.ai/1.12.0_cuda/install/vector_map_server;/home/muyangren907/autoware/autoware.ai/1.12.0_cuda/install/vector_map;/home/muyangren907/autoware/autoware.ai/1.12.0_cuda/install/vector_map_msgs;/home/muyangren907/autoware/autoware.ai/1.12.0_cuda/install/autoware_msgs;/home/muyangren907/autoware/autoware.ai/1.12.0_cuda/install/autoware_build_flags;/opt/ros/melodic
-- Found PythonInterp: /usr/bin/python2 (found suitable version "2.7.15", minimum required is "2") 
-- Using PYTHON_EXECUTABLE: /usr/bin/python2
-- Using Debian Python package layout
-- Using empy: /usr/bin/empy
-- Using CATKIN_ENABLE_TESTING: ON
-- Call enable_testing()
-- Using CATKIN_TEST_RESULTS_DIR: /home/muyangren907/autoware/autoware.ai/1.12.0_cuda/build/op_simu/test_results
-- Found gtest sources under '/usr/src/googletest': gtests will be built
-- Found gmock sources under '/usr/src/googletest': gmock will be built
-- Found PythonInterp: /usr/bin/python2 (found version "2.7.15") 
-- Looking for pthread.h
-- Looking for pthread.h - found
-- Looking for pthread_create
-- Looking for pthread_create - not found
-- Looking for pthread_create in pthreads
-- Looking for pthread_create in pthreads - not found
-- Looking for pthread_create in pthread
-- Looking for pthread_create in pthread - found
-- Found Threads: TRUE  
-- Using Python nosetests: /usr/local/bin/nosetests-2.7
-- catkin 0.7.19
-- BUILD_SHARED_LIBS is on
-- Using these message generators: gencpp;geneus;genlisp;gennodejs;genpy
-- Found OpenCV: /usr (found version "3.2.0") 
-- Found OpenGL: /usr/lib/x86_64-linux-gnu/libOpenGL.so   
-- Found GLEW: /usr/include  
-- Found GLUT: /usr/lib/x86_64-linux-gnu/libglut.so  
-- Looking for XOpenDisplay in /usr/lib/x86_64-linux-gnu/libX11.so;/usr/lib/x86_64-linux-gnu/libXext.so
-- Looking for XOpenDisplay in /usr/lib/x86_64-linux-gnu/libX11.so;/usr/lib/x86_64-linux-gnu/libXext.so - found
-- Looking for gethostbyname
-- Looking for gethostbyname - found
-- Looking for connect
-- Looking for connect - found
-- Looking for remove
-- Looking for remove - found
-- Looking for shmat
-- Looking for shmat - found
-- Looking for IceConnectionNumber in ICE
-- Looking for IceConnectionNumber in ICE - found
-- Found X11: /usr/lib/x86_64-linux-gnu/libX11.so
-- Configuring done
-- Generating done
-- Build files have been written to: /home/muyangren907/autoware/autoware.ai/1.12.0_cuda/build/op_simu
[35m[1mScanning dependencies of target Simu[0m
[35m[1mScanning dependencies of target op_simu[0m
[ 11%] [32mBuilding CXX object CMakeFiles/Simu.dir/src/SimpleTracker.cpp.o[0m
[ 33%] [32mBuilding CXX object CMakeFiles/Simu.dir/src/SimulatedTrajectoryFollower.cpp.o[0m
[ 33%] [32mBuilding CXX object CMakeFiles/Simu.dir/src/TrajectoryFollower.cpp.o[0m
[ 44%] [32mBuilding CXX object CMakeFiles/Simu.dir/main.cpp.o[0m
[ 66%] [32mBuilding CXX object CMakeFiles/op_simu.dir/src/SimpleTracker.cpp.o[0m
[ 66%] [32mBuilding CXX object CMakeFiles/op_simu.dir/src/SimulatedTrajectoryFollower.cpp.o[0m
[ 77%] [32mBuilding CXX object CMakeFiles/op_simu.dir/src/TrajectoryFollower.cpp.o[0m
[ 88%] [32m[1mLinking CXX executable devel/lib/op_simu/Simu[0m
[ 88%] Built target Simu
[100%] [32m[1mLinking CXX shared library devel/lib/libop_simu.so[0m
[100%] Built target op_simu
[35m[1mScanning dependencies of target tests[0m
Built target tests
[100%] Built target op_simu
[100%] Built target Simu
[36mInstall the project...[0m
-- Install configuration: "Release"
-- Installing: /home/muyangren907/autoware/autoware.ai/1.12.0_cuda/install/op_simu/lib/pkgconfig/op_simu.pc
-- Installing: /home/muyangren907/autoware/autoware.ai/1.12.0_cuda/install/op_simu/share/op_simu/cmake/op_simuConfig.cmake
-- Installing: /home/muyangren907/autoware/autoware.ai/1.12.0_cuda/install/op_simu/share/op_simu/cmake/op_simuConfig-version.cmake
-- Installing: /home/muyangren907/autoware/autoware.ai/1.12.0_cuda/install/op_simu/share/op_simu/package.xml
-- Installing: /home/muyangren907/autoware/autoware.ai/1.12.0_cuda/install/op_simu/include/op_simu
-- Installing: /home/muyangren907/autoware/autoware.ai/1.12.0_cuda/install/op_simu/include/op_simu/SimulatedTrajectoryFollower.h
-- Installing: /home/muyangren907/autoware/autoware.ai/1.12.0_cuda/install/op_simu/include/op_simu/SimpleTracker.h
-- Installing: /home/muyangren907/autoware/autoware.ai/1.12.0_cuda/install/op_simu/include/op_simu/TrajectoryFollower.h
-- Installing: /home/muyangren907/autoware/autoware.ai/1.12.0_cuda/install/op_simu/lib/libop_simu.so
-- Set runtime path of "/home/muyangren907/autoware/autoware.ai/1.12.0_cuda/install/op_simu/lib/libop_simu.so" to ""
-- Installing: /home/muyangren907/autoware/autoware.ai/1.12.0_cuda/install/op_simu/lib/op_simu/Simu
-- Set runtime path of "/home/muyangren907/autoware/autoware.ai/1.12.0_cuda/install/op_simu/lib/op_simu/Simu" to ""
