Determining if the pthread_create exist failed with the following output:
Change Dir: /home/myr907/autoware.ai/build/vector_map_msgs/CMakeFiles/CMakeTmp

Run Build Command:"/usr/bin/make" "cmTC_3e3a2/fast"
/usr/bin/make -f CMakeFiles/cmTC_3e3a2.dir/build.make CMakeFiles/cmTC_3e3a2.dir/build
make[1]: Entering directory '/home/myr907/autoware.ai/build/vector_map_msgs/CMakeFiles/CMakeTmp'
Building C object CMakeFiles/cmTC_3e3a2.dir/CheckSymbolExists.c.o
/usr/bin/cc    -o CMakeFiles/cmTC_3e3a2.dir/CheckSymbolExists.c.o   -c /home/myr907/autoware.ai/build/vector_map_msgs/CMakeFiles/CMakeTmp/CheckSymbolExists.c
Linking C executable cmTC_3e3a2
/usr/local/lib/python2.7/dist-packages/cmake/data/bin/cmake -E cmake_link_script CMakeFiles/cmTC_3e3a2.dir/link.txt --verbose=1
/usr/bin/cc      -rdynamic CMakeFiles/cmTC_3e3a2.dir/CheckSymbolExists.c.o  -o cmTC_3e3a2 
CMakeFiles/cmTC_3e3a2.dir/CheckSymbolExists.c.o: In function `main':
CheckSymbolExists.c:(.text+0x1b): undefined reference to `pthread_create'
collect2: error: ld returned 1 exit status
CMakeFiles/cmTC_3e3a2.dir/build.make:86: recipe for target 'cmTC_3e3a2' failed
make[1]: *** [cmTC_3e3a2] Error 1
make[1]: Leaving directory '/home/myr907/autoware.ai/build/vector_map_msgs/CMakeFiles/CMakeTmp'
Makefile:121: recipe for target 'cmTC_3e3a2/fast' failed
make: *** [cmTC_3e3a2/fast] Error 2

File /home/myr907/autoware.ai/build/vector_map_msgs/CMakeFiles/CMakeTmp/CheckSymbolExists.c:
/* */
#include <pthread.h>

int main(int argc, char** argv)
{
  (void)argv;
#ifndef pthread_create
  return ((int*)(&pthread_create))[argc];
#else
  (void)argc;
  return 0;
#endif
}

Determining if the function pthread_create exists in the pthreads failed with the following output:
Change Dir: /home/myr907/autoware.ai/build/vector_map_msgs/CMakeFiles/CMakeTmp

Run Build Command:"/usr/bin/make" "cmTC_4f469/fast"
/usr/bin/make -f CMakeFiles/cmTC_4f469.dir/build.make CMakeFiles/cmTC_4f469.dir/build
make[1]: Entering directory '/home/myr907/autoware.ai/build/vector_map_msgs/CMakeFiles/CMakeTmp'
Building C object CMakeFiles/cmTC_4f469.dir/CheckFunctionExists.c.o
/usr/bin/cc   -DCHECK_FUNCTION_EXISTS=pthread_create   -o CMakeFiles/cmTC_4f469.dir/CheckFunctionExists.c.o   -c /usr/local/lib/python2.7/dist-packages/cmake/data/share/cmake-3.12/Modules/CheckFunctionExists.c
Linking C executable cmTC_4f469
/usr/local/lib/python2.7/dist-packages/cmake/data/bin/cmake -E cmake_link_script CMakeFiles/cmTC_4f469.dir/link.txt --verbose=1
/usr/bin/cc  -DCHECK_FUNCTION_EXISTS=pthread_create    -rdynamic CMakeFiles/cmTC_4f469.dir/CheckFunctionExists.c.o  -o cmTC_4f469 -lpthreads 
/usr/bin/ld: cannot find -lpthreads
collect2: error: ld returned 1 exit status
CMakeFiles/cmTC_4f469.dir/build.make:86: recipe for target 'cmTC_4f469' failed
make[1]: *** [cmTC_4f469] Error 1
make[1]: Leaving directory '/home/myr907/autoware.ai/build/vector_map_msgs/CMakeFiles/CMakeTmp'
Makefile:121: recipe for target 'cmTC_4f469/fast' failed
make: *** [cmTC_4f469/fast] Error 2


