Determining if the pthread_create exist failed with the following output:
Change Dir: /home/myr907/autoware.ai/build/gnss/CMakeFiles/CMakeTmp

Run Build Command:"/usr/bin/make" "cmTC_ea98b/fast"
/usr/bin/make -f CMakeFiles/cmTC_ea98b.dir/build.make CMakeFiles/cmTC_ea98b.dir/build
make[1]: Entering directory '/home/myr907/autoware.ai/build/gnss/CMakeFiles/CMakeTmp'
Building C object CMakeFiles/cmTC_ea98b.dir/CheckSymbolExists.c.o
/usr/bin/cc    -o CMakeFiles/cmTC_ea98b.dir/CheckSymbolExists.c.o   -c /home/myr907/autoware.ai/build/gnss/CMakeFiles/CMakeTmp/CheckSymbolExists.c
Linking C executable cmTC_ea98b
/usr/local/lib/python2.7/dist-packages/cmake/data/bin/cmake -E cmake_link_script CMakeFiles/cmTC_ea98b.dir/link.txt --verbose=1
/usr/bin/cc      -rdynamic CMakeFiles/cmTC_ea98b.dir/CheckSymbolExists.c.o  -o cmTC_ea98b 
CMakeFiles/cmTC_ea98b.dir/CheckSymbolExists.c.o: In function `main':
CheckSymbolExists.c:(.text+0x1b): undefined reference to `pthread_create'
collect2: error: ld returned 1 exit status
CMakeFiles/cmTC_ea98b.dir/build.make:86: recipe for target 'cmTC_ea98b' failed
make[1]: *** [cmTC_ea98b] Error 1
make[1]: Leaving directory '/home/myr907/autoware.ai/build/gnss/CMakeFiles/CMakeTmp'
Makefile:121: recipe for target 'cmTC_ea98b/fast' failed
make: *** [cmTC_ea98b/fast] Error 2

File /home/myr907/autoware.ai/build/gnss/CMakeFiles/CMakeTmp/CheckSymbolExists.c:
/* */
#include <pthread.h>

int main(int argc, char** argv)
{
  (void)argv;
#ifndef pthread_create
  return ((int*)(&pthread_create))[argc];
#else
  (void)argc;
  return 0;
#endif
}

Determining if the function pthread_create exists in the pthreads failed with the following output:
Change Dir: /home/myr907/autoware.ai/build/gnss/CMakeFiles/CMakeTmp

Run Build Command:"/usr/bin/make" "cmTC_7a2a1/fast"
/usr/bin/make -f CMakeFiles/cmTC_7a2a1.dir/build.make CMakeFiles/cmTC_7a2a1.dir/build
make[1]: Entering directory '/home/myr907/autoware.ai/build/gnss/CMakeFiles/CMakeTmp'
Building C object CMakeFiles/cmTC_7a2a1.dir/CheckFunctionExists.c.o
/usr/bin/cc   -DCHECK_FUNCTION_EXISTS=pthread_create   -o CMakeFiles/cmTC_7a2a1.dir/CheckFunctionExists.c.o   -c /usr/local/lib/python2.7/dist-packages/cmake/data/share/cmake-3.12/Modules/CheckFunctionExists.c
Linking C executable cmTC_7a2a1
/usr/local/lib/python2.7/dist-packages/cmake/data/bin/cmake -E cmake_link_script CMakeFiles/cmTC_7a2a1.dir/link.txt --verbose=1
/usr/bin/cc  -DCHECK_FUNCTION_EXISTS=pthread_create    -rdynamic CMakeFiles/cmTC_7a2a1.dir/CheckFunctionExists.c.o  -o cmTC_7a2a1 -lpthreads 
/usr/bin/ld: cannot find -lpthreads
collect2: error: ld returned 1 exit status
CMakeFiles/cmTC_7a2a1.dir/build.make:86: recipe for target 'cmTC_7a2a1' failed
make[1]: *** [cmTC_7a2a1] Error 1
make[1]: Leaving directory '/home/myr907/autoware.ai/build/gnss/CMakeFiles/CMakeTmp'
Makefile:121: recipe for target 'cmTC_7a2a1/fast' failed
make: *** [cmTC_7a2a1/fast] Error 2


