Determining if the pthread_create exist failed with the following output:
Change Dir: /home/myr907/autoware.ai/build/nmea_navsat/CMakeFiles/CMakeTmp

Run Build Command:"/usr/bin/make" "cmTC_234be/fast"
/usr/bin/make -f CMakeFiles/cmTC_234be.dir/build.make CMakeFiles/cmTC_234be.dir/build
make[1]: Entering directory '/home/myr907/autoware.ai/build/nmea_navsat/CMakeFiles/CMakeTmp'
Building C object CMakeFiles/cmTC_234be.dir/CheckSymbolExists.c.o
/usr/bin/cc    -o CMakeFiles/cmTC_234be.dir/CheckSymbolExists.c.o   -c /home/myr907/autoware.ai/build/nmea_navsat/CMakeFiles/CMakeTmp/CheckSymbolExists.c
Linking C executable cmTC_234be
/usr/local/lib/python2.7/dist-packages/cmake/data/bin/cmake -E cmake_link_script CMakeFiles/cmTC_234be.dir/link.txt --verbose=1
/usr/bin/cc      -rdynamic CMakeFiles/cmTC_234be.dir/CheckSymbolExists.c.o  -o cmTC_234be 
CMakeFiles/cmTC_234be.dir/CheckSymbolExists.c.o: In function `main':
CheckSymbolExists.c:(.text+0x1b): undefined reference to `pthread_create'
collect2: error: ld returned 1 exit status
CMakeFiles/cmTC_234be.dir/build.make:86: recipe for target 'cmTC_234be' failed
make[1]: *** [cmTC_234be] Error 1
make[1]: Leaving directory '/home/myr907/autoware.ai/build/nmea_navsat/CMakeFiles/CMakeTmp'
Makefile:121: recipe for target 'cmTC_234be/fast' failed
make: *** [cmTC_234be/fast] Error 2

File /home/myr907/autoware.ai/build/nmea_navsat/CMakeFiles/CMakeTmp/CheckSymbolExists.c:
/* */
#include <pthread.h>

int main(int argc, char** argv)
{
  (void)argv;
#ifndef pthread_create
  return ((int*)(&pthread_create))[argc];
#else
  (void)argc;
  return 0;
#endif
}

Determining if the function pthread_create exists in the pthreads failed with the following output:
Change Dir: /home/myr907/autoware.ai/build/nmea_navsat/CMakeFiles/CMakeTmp

Run Build Command:"/usr/bin/make" "cmTC_84dcc/fast"
/usr/bin/make -f CMakeFiles/cmTC_84dcc.dir/build.make CMakeFiles/cmTC_84dcc.dir/build
make[1]: Entering directory '/home/myr907/autoware.ai/build/nmea_navsat/CMakeFiles/CMakeTmp'
Building C object CMakeFiles/cmTC_84dcc.dir/CheckFunctionExists.c.o
/usr/bin/cc   -DCHECK_FUNCTION_EXISTS=pthread_create   -o CMakeFiles/cmTC_84dcc.dir/CheckFunctionExists.c.o   -c /usr/local/lib/python2.7/dist-packages/cmake/data/share/cmake-3.12/Modules/CheckFunctionExists.c
Linking C executable cmTC_84dcc
/usr/local/lib/python2.7/dist-packages/cmake/data/bin/cmake -E cmake_link_script CMakeFiles/cmTC_84dcc.dir/link.txt --verbose=1
/usr/bin/cc  -DCHECK_FUNCTION_EXISTS=pthread_create    -rdynamic CMakeFiles/cmTC_84dcc.dir/CheckFunctionExists.c.o  -o cmTC_84dcc -lpthreads 
/usr/bin/ld: cannot find -lpthreads
collect2: error: ld returned 1 exit status
CMakeFiles/cmTC_84dcc.dir/build.make:86: recipe for target 'cmTC_84dcc' failed
make[1]: *** [cmTC_84dcc] Error 1
make[1]: Leaving directory '/home/myr907/autoware.ai/build/nmea_navsat/CMakeFiles/CMakeTmp'
Makefile:121: recipe for target 'cmTC_84dcc/fast' failed
make: *** [cmTC_84dcc/fast] Error 2


