Symlinking /home/myr907/autoware.ai/devel/share/roseus/ros/tablet_socket_msgs/manifest.l
Symlinking /home/myr907/autoware.ai/devel/share/roseus/ros/tablet_socket_msgs/msg/route_cmd.l
Symlinking /home/myr907/autoware.ai/devel/share/roseus/ros/tablet_socket_msgs/msg/mode_info.l
Symlinking /home/myr907/autoware.ai/devel/share/roseus/ros/tablet_socket_msgs/msg/error_info.l
Symlinking /home/myr907/autoware.ai/devel/share/roseus/ros/tablet_socket_msgs/msg/Waypoint.l
Symlinking /home/myr907/autoware.ai/devel/share/roseus/ros/tablet_socket_msgs/msg/gear_cmd.l
Symlinking /home/myr907/autoware.ai/devel/share/roseus/ros/tablet_socket_msgs/msg/mode_cmd.l
Symlinking /home/myr907/autoware.ai/devel/share/common-lisp/ros/tablet_socket_msgs/msg/_package_route_cmd.lisp
Symlinking /home/myr907/autoware.ai/devel/share/common-lisp/ros/tablet_socket_msgs/msg/_package_Waypoint.lisp
Symlinking /home/myr907/autoware.ai/devel/share/common-lisp/ros/tablet_socket_msgs/msg/mode_info.lisp
Symlinking /home/myr907/autoware.ai/devel/share/common-lisp/ros/tablet_socket_msgs/msg/gear_cmd.lisp
Symlinking /home/myr907/autoware.ai/devel/share/common-lisp/ros/tablet_socket_msgs/msg/_package_error_info.lisp
Symlinking /home/myr907/autoware.ai/devel/share/common-lisp/ros/tablet_socket_msgs/msg/mode_cmd.lisp
Symlinking /home/myr907/autoware.ai/devel/share/common-lisp/ros/tablet_socket_msgs/msg/_package_mode_cmd.lisp
Symlinking /home/myr907/autoware.ai/devel/share/common-lisp/ros/tablet_socket_msgs/msg/tablet_socket_msgs-msg.asd
Symlinking /home/myr907/autoware.ai/devel/share/common-lisp/ros/tablet_socket_msgs/msg/Waypoint.lisp
Symlinking /home/myr907/autoware.ai/devel/share/common-lisp/ros/tablet_socket_msgs/msg/_package_mode_info.lisp
Symlinking /home/myr907/autoware.ai/devel/share/common-lisp/ros/tablet_socket_msgs/msg/route_cmd.lisp
Symlinking /home/myr907/autoware.ai/devel/share/common-lisp/ros/tablet_socket_msgs/msg/error_info.lisp
Symlinking /home/myr907/autoware.ai/devel/share/common-lisp/ros/tablet_socket_msgs/msg/_package_gear_cmd.lisp
Symlinking /home/myr907/autoware.ai/devel/share/common-lisp/ros/tablet_socket_msgs/msg/_package.lisp
Symlinking /home/myr907/autoware.ai/devel/share/tablet_socket_msgs/cmake/tablet_socket_msgs-msg-extras.cmake
Symlinking /home/myr907/autoware.ai/devel/share/tablet_socket_msgs/cmake/tablet_socket_msgs-msg-paths.cmake
Symlinking /home/myr907/autoware.ai/devel/share/tablet_socket_msgs/cmake/tablet_socket_msgsConfig-version.cmake
Symlinking /home/myr907/autoware.ai/devel/share/tablet_socket_msgs/cmake/tablet_socket_msgsConfig.cmake
Symlinking /home/myr907/autoware.ai/devel/share/gennodejs/ros/tablet_socket_msgs/_index.js
Symlinking /home/myr907/autoware.ai/devel/share/gennodejs/ros/tablet_socket_msgs/msg/Waypoint.js
Symlinking /home/myr907/autoware.ai/devel/share/gennodejs/ros/tablet_socket_msgs/msg/error_info.js
Symlinking /home/myr907/autoware.ai/devel/share/gennodejs/ros/tablet_socket_msgs/msg/_index.js
Symlinking /home/myr907/autoware.ai/devel/share/gennodejs/ros/tablet_socket_msgs/msg/gear_cmd.js
Symlinking /home/myr907/autoware.ai/devel/share/gennodejs/ros/tablet_socket_msgs/msg/mode_cmd.js
Symlinking /home/myr907/autoware.ai/devel/share/gennodejs/ros/tablet_socket_msgs/msg/route_cmd.js
Symlinking /home/myr907/autoware.ai/devel/share/gennodejs/ros/tablet_socket_msgs/msg/mode_info.js
Symlinking /home/myr907/autoware.ai/devel/include/tablet_socket_msgs/mode_info.h
Symlinking /home/myr907/autoware.ai/devel/include/tablet_socket_msgs/Waypoint.h
Symlinking /home/myr907/autoware.ai/devel/include/tablet_socket_msgs/mode_cmd.h
Symlinking /home/myr907/autoware.ai/devel/include/tablet_socket_msgs/error_info.h
Symlinking /home/myr907/autoware.ai/devel/include/tablet_socket_msgs/route_cmd.h
Symlinking /home/myr907/autoware.ai/devel/include/tablet_socket_msgs/gear_cmd.h
Symlinking /home/myr907/autoware.ai/devel/lib/pkgconfig/tablet_socket_msgs.pc
Symlinking /home/myr907/autoware.ai/devel/lib/python2.7/dist-packages/tablet_socket_msgs/__init__.py
Symlinking /home/myr907/autoware.ai/devel/lib/python2.7/dist-packages/tablet_socket_msgs/msg/_Waypoint.py
Symlinking /home/myr907/autoware.ai/devel/lib/python2.7/dist-packages/tablet_socket_msgs/msg/_gear_cmd.py
Symlinking /home/myr907/autoware.ai/devel/lib/python2.7/dist-packages/tablet_socket_msgs/msg/_mode_cmd.py
Symlinking /home/myr907/autoware.ai/devel/lib/python2.7/dist-packages/tablet_socket_msgs/msg/__init__.py
Symlinking /home/myr907/autoware.ai/devel/lib/python2.7/dist-packages/tablet_socket_msgs/msg/_error_info.py
Symlinking /home/myr907/autoware.ai/devel/lib/python2.7/dist-packages/tablet_socket_msgs/msg/_route_cmd.py
Symlinking /home/myr907/autoware.ai/devel/lib/python2.7/dist-packages/tablet_socket_msgs/msg/_mode_info.py
