[35m[1mScanning dependencies of target _tablet_socket_msgs_generate_messages_check_deps_route_cmd[0m
[  0%] Built target _tablet_socket_msgs_generate_messages_check_deps_route_cmd
[35m[1mScanning dependencies of target _tablet_socket_msgs_generate_messages_check_deps_gear_cmd[0m
[35m[1mScanning dependencies of target std_msgs_generate_messages_cpp[0m
[  0%] Built target std_msgs_generate_messages_cpp
[  0%] Built target _tablet_socket_msgs_generate_messages_check_deps_gear_cmd
[35m[1mScanning dependencies of target _tablet_socket_msgs_generate_messages_check_deps_Waypoint[0m
[  0%] Built target _tablet_socket_msgs_generate_messages_check_deps_Waypoint
[35m[1mScanning dependencies of target _tablet_socket_msgs_generate_messages_check_deps_mode_info[0m
[35m[1mScanning dependencies of target _tablet_socket_msgs_generate_messages_check_deps_error_info[0m
[  0%] Built target _tablet_socket_msgs_generate_messages_check_deps_mode_info
[  0%] Built target _tablet_socket_msgs_generate_messages_check_deps_error_info
[35m[1mScanning dependencies of target _tablet_socket_msgs_generate_messages_check_deps_mode_cmd[0m
[35m[1mScanning dependencies of target std_msgs_generate_messages_eus[0m
[  0%] Built target std_msgs_generate_messages_eus
[35m[1mScanning dependencies of target std_msgs_generate_messages_nodejs[0m
[  0%] Built target std_msgs_generate_messages_nodejs
[  0%] Built target _tablet_socket_msgs_generate_messages_check_deps_mode_cmd
[35m[1mScanning dependencies of target std_msgs_generate_messages_lisp[0m
[  0%] Built target std_msgs_generate_messages_lisp
[35m[1mScanning dependencies of target std_msgs_generate_messages_py[0m
[  0%] Built target std_msgs_generate_messages_py
[35m[1mScanning dependencies of target tablet_socket_msgs_generate_messages_cpp[0m
[  3%] [34m[1mGenerating C++ code from tablet_socket_msgs/error_info.msg[0m
[  6%] [34m[1mGenerating C++ code from tablet_socket_msgs/mode_cmd.msg[0m
[  9%] [34m[1mGenerating C++ code from tablet_socket_msgs/mode_info.msg[0m
[ 12%] [34m[1mGenerating C++ code from tablet_socket_msgs/Waypoint.msg[0m
[ 15%] [34m[1mGenerating C++ code from tablet_socket_msgs/gear_cmd.msg[0m
[ 18%] [34m[1mGenerating C++ code from tablet_socket_msgs/route_cmd.msg[0m
[35m[1mScanning dependencies of target tablet_socket_msgs_generate_messages_eus[0m
[ 18%] Built target tablet_socket_msgs_generate_messages_cpp
[35m[1mScanning dependencies of target tablet_socket_msgs_generate_messages_nodejs[0m
[ 21%] [34m[1mGenerating EusLisp code from tablet_socket_msgs/error_info.msg[0m
[ 25%] [34m[1mGenerating Javascript code from tablet_socket_msgs/error_info.msg[0m
[ 28%] [34m[1mGenerating EusLisp code from tablet_socket_msgs/mode_cmd.msg[0m
[ 31%] [34m[1mGenerating Javascript code from tablet_socket_msgs/mode_cmd.msg[0m
[ 34%] [34m[1mGenerating EusLisp code from tablet_socket_msgs/mode_info.msg[0m
[ 37%] [34m[1mGenerating EusLisp code from tablet_socket_msgs/Waypoint.msg[0m
[ 40%] [34m[1mGenerating Javascript code from tablet_socket_msgs/mode_info.msg[0m
[ 43%] [34m[1mGenerating Javascript code from tablet_socket_msgs/Waypoint.msg[0m
[ 46%] [34m[1mGenerating Javascript code from tablet_socket_msgs/gear_cmd.msg[0m
[ 50%] [34m[1mGenerating Javascript code from tablet_socket_msgs/route_cmd.msg[0m
[ 53%] [34m[1mGenerating EusLisp code from tablet_socket_msgs/gear_cmd.msg[0m
[ 56%] [34m[1mGenerating EusLisp code from tablet_socket_msgs/route_cmd.msg[0m
[ 56%] Built target tablet_socket_msgs_generate_messages_nodejs
[ 59%] [34m[1mGenerating EusLisp manifest code for tablet_socket_msgs[0m
[35m[1mScanning dependencies of target tablet_socket_msgs_generate_messages_lisp[0m
[ 62%] [34m[1mGenerating Lisp code from tablet_socket_msgs/error_info.msg[0m
[ 65%] [34m[1mGenerating Lisp code from tablet_socket_msgs/mode_cmd.msg[0m
[ 68%] [34m[1mGenerating Lisp code from tablet_socket_msgs/mode_info.msg[0m
[ 71%] [34m[1mGenerating Lisp code from tablet_socket_msgs/Waypoint.msg[0m
[ 75%] [34m[1mGenerating Lisp code from tablet_socket_msgs/gear_cmd.msg[0m
[ 78%] [34m[1mGenerating Lisp code from tablet_socket_msgs/route_cmd.msg[0m
[ 78%] Built target tablet_socket_msgs_generate_messages_lisp
[35m[1mScanning dependencies of target tablet_socket_msgs_generate_messages_py[0m
[ 81%] [34m[1mGenerating Python from MSG tablet_socket_msgs/error_info[0m
[ 84%] [34m[1mGenerating Python from MSG tablet_socket_msgs/mode_cmd[0m
[ 87%] [34m[1mGenerating Python from MSG tablet_socket_msgs/mode_info[0m
[ 90%] [34m[1mGenerating Python from MSG tablet_socket_msgs/gear_cmd[0m
[ 93%] [34m[1mGenerating Python from MSG tablet_socket_msgs/Waypoint[0m
[ 96%] [34m[1mGenerating Python from MSG tablet_socket_msgs/route_cmd[0m
[100%] [34m[1mGenerating Python msg __init__.py for tablet_socket_msgs[0m
[100%] Built target tablet_socket_msgs_generate_messages_py
[100%] Built target tablet_socket_msgs_generate_messages_eus
[35m[1mScanning dependencies of target tablet_socket_msgs_generate_messages[0m
[100%] Built target tablet_socket_msgs_generate_messages
