Determining if the pthread_create exist failed with the following output:
Change Dir: /home/myr907/autoware.ai/build/ff_waypoint_follower/CMakeFiles/CMakeTmp

Run Build Command:"/usr/bin/make" "cmTC_2a173/fast"
/usr/bin/make -f CMakeFiles/cmTC_2a173.dir/build.make CMakeFiles/cmTC_2a173.dir/build
make[1]: Entering directory '/home/myr907/autoware.ai/build/ff_waypoint_follower/CMakeFiles/CMakeTmp'
Building C object CMakeFiles/cmTC_2a173.dir/CheckSymbolExists.c.o
/usr/bin/cc    -o CMakeFiles/cmTC_2a173.dir/CheckSymbolExists.c.o   -c /home/myr907/autoware.ai/build/ff_waypoint_follower/CMakeFiles/CMakeTmp/CheckSymbolExists.c
Linking C executable cmTC_2a173
/usr/local/lib/python2.7/dist-packages/cmake/data/bin/cmake -E cmake_link_script CMakeFiles/cmTC_2a173.dir/link.txt --verbose=1
/usr/bin/cc      -rdynamic CMakeFiles/cmTC_2a173.dir/CheckSymbolExists.c.o  -o cmTC_2a173 
CMakeFiles/cmTC_2a173.dir/CheckSymbolExists.c.o: In function `main':
CheckSymbolExists.c:(.text+0x1b): undefined reference to `pthread_create'
collect2: error: ld returned 1 exit status
CMakeFiles/cmTC_2a173.dir/build.make:86: recipe for target 'cmTC_2a173' failed
make[1]: *** [cmTC_2a173] Error 1
make[1]: Leaving directory '/home/myr907/autoware.ai/build/ff_waypoint_follower/CMakeFiles/CMakeTmp'
Makefile:121: recipe for target 'cmTC_2a173/fast' failed
make: *** [cmTC_2a173/fast] Error 2

File /home/myr907/autoware.ai/build/ff_waypoint_follower/CMakeFiles/CMakeTmp/CheckSymbolExists.c:
/* */
#include <pthread.h>

int main(int argc, char** argv)
{
  (void)argv;
#ifndef pthread_create
  return ((int*)(&pthread_create))[argc];
#else
  (void)argc;
  return 0;
#endif
}

Determining if the function pthread_create exists in the pthreads failed with the following output:
Change Dir: /home/myr907/autoware.ai/build/ff_waypoint_follower/CMakeFiles/CMakeTmp

Run Build Command:"/usr/bin/make" "cmTC_5b4ec/fast"
/usr/bin/make -f CMakeFiles/cmTC_5b4ec.dir/build.make CMakeFiles/cmTC_5b4ec.dir/build
make[1]: Entering directory '/home/myr907/autoware.ai/build/ff_waypoint_follower/CMakeFiles/CMakeTmp'
Building C object CMakeFiles/cmTC_5b4ec.dir/CheckFunctionExists.c.o
/usr/bin/cc   -DCHECK_FUNCTION_EXISTS=pthread_create   -o CMakeFiles/cmTC_5b4ec.dir/CheckFunctionExists.c.o   -c /usr/local/lib/python2.7/dist-packages/cmake/data/share/cmake-3.12/Modules/CheckFunctionExists.c
Linking C executable cmTC_5b4ec
/usr/local/lib/python2.7/dist-packages/cmake/data/bin/cmake -E cmake_link_script CMakeFiles/cmTC_5b4ec.dir/link.txt --verbose=1
/usr/bin/cc  -DCHECK_FUNCTION_EXISTS=pthread_create    -rdynamic CMakeFiles/cmTC_5b4ec.dir/CheckFunctionExists.c.o  -o cmTC_5b4ec -lpthreads 
/usr/bin/ld: cannot find -lpthreads
collect2: error: ld returned 1 exit status
CMakeFiles/cmTC_5b4ec.dir/build.make:86: recipe for target 'cmTC_5b4ec' failed
make[1]: *** [cmTC_5b4ec] Error 1
make[1]: Leaving directory '/home/myr907/autoware.ai/build/ff_waypoint_follower/CMakeFiles/CMakeTmp'
Makefile:121: recipe for target 'cmTC_5b4ec/fast' failed
make: *** [cmTC_5b4ec/fast] Error 2


