Determining if the pthread_create exist failed with the following output:
Change Dir: /home/myr907/autoware.ai/build/obj_db/CMakeFiles/CMakeTmp

Run Build Command:"/usr/bin/make" "cmTC_80430/fast"
/usr/bin/make -f CMakeFiles/cmTC_80430.dir/build.make CMakeFiles/cmTC_80430.dir/build
make[1]: Entering directory '/home/myr907/autoware.ai/build/obj_db/CMakeFiles/CMakeTmp'
Building C object CMakeFiles/cmTC_80430.dir/CheckSymbolExists.c.o
/usr/bin/cc    -o CMakeFiles/cmTC_80430.dir/CheckSymbolExists.c.o   -c /home/myr907/autoware.ai/build/obj_db/CMakeFiles/CMakeTmp/CheckSymbolExists.c
Linking C executable cmTC_80430
/usr/local/lib/python2.7/dist-packages/cmake/data/bin/cmake -E cmake_link_script CMakeFiles/cmTC_80430.dir/link.txt --verbose=1
/usr/bin/cc      -rdynamic CMakeFiles/cmTC_80430.dir/CheckSymbolExists.c.o  -o cmTC_80430 
CMakeFiles/cmTC_80430.dir/CheckSymbolExists.c.o: In function `main':
CheckSymbolExists.c:(.text+0x1b): undefined reference to `pthread_create'
collect2: error: ld returned 1 exit status
CMakeFiles/cmTC_80430.dir/build.make:86: recipe for target 'cmTC_80430' failed
make[1]: *** [cmTC_80430] Error 1
make[1]: Leaving directory '/home/myr907/autoware.ai/build/obj_db/CMakeFiles/CMakeTmp'
Makefile:121: recipe for target 'cmTC_80430/fast' failed
make: *** [cmTC_80430/fast] Error 2

File /home/myr907/autoware.ai/build/obj_db/CMakeFiles/CMakeTmp/CheckSymbolExists.c:
/* */
#include <pthread.h>

int main(int argc, char** argv)
{
  (void)argv;
#ifndef pthread_create
  return ((int*)(&pthread_create))[argc];
#else
  (void)argc;
  return 0;
#endif
}

Determining if the function pthread_create exists in the pthreads failed with the following output:
Change Dir: /home/myr907/autoware.ai/build/obj_db/CMakeFiles/CMakeTmp

Run Build Command:"/usr/bin/make" "cmTC_9525e/fast"
/usr/bin/make -f CMakeFiles/cmTC_9525e.dir/build.make CMakeFiles/cmTC_9525e.dir/build
make[1]: Entering directory '/home/myr907/autoware.ai/build/obj_db/CMakeFiles/CMakeTmp'
Building C object CMakeFiles/cmTC_9525e.dir/CheckFunctionExists.c.o
/usr/bin/cc   -DCHECK_FUNCTION_EXISTS=pthread_create   -o CMakeFiles/cmTC_9525e.dir/CheckFunctionExists.c.o   -c /usr/local/lib/python2.7/dist-packages/cmake/data/share/cmake-3.12/Modules/CheckFunctionExists.c
Linking C executable cmTC_9525e
/usr/local/lib/python2.7/dist-packages/cmake/data/bin/cmake -E cmake_link_script CMakeFiles/cmTC_9525e.dir/link.txt --verbose=1
/usr/bin/cc  -DCHECK_FUNCTION_EXISTS=pthread_create    -rdynamic CMakeFiles/cmTC_9525e.dir/CheckFunctionExists.c.o  -o cmTC_9525e -lpthreads 
/usr/bin/ld: cannot find -lpthreads
collect2: error: ld returned 1 exit status
CMakeFiles/cmTC_9525e.dir/build.make:86: recipe for target 'cmTC_9525e' failed
make[1]: *** [cmTC_9525e] Error 1
make[1]: Leaving directory '/home/myr907/autoware.ai/build/obj_db/CMakeFiles/CMakeTmp'
Makefile:121: recipe for target 'cmTC_9525e/fast' failed
make: *** [cmTC_9525e/fast] Error 2


