Determining if the pthread_create exist failed with the following output:
Change Dir: /home/myr907/autoware.ai/build/vehicle_model/CMakeFiles/CMakeTmp

Run Build Command:"/usr/bin/make" "cmTC_6baa5/fast"
/usr/bin/make -f CMakeFiles/cmTC_6baa5.dir/build.make CMakeFiles/cmTC_6baa5.dir/build
make[1]: Entering directory '/home/myr907/autoware.ai/build/vehicle_model/CMakeFiles/CMakeTmp'
Building C object CMakeFiles/cmTC_6baa5.dir/CheckSymbolExists.c.o
/usr/bin/cc    -o CMakeFiles/cmTC_6baa5.dir/CheckSymbolExists.c.o   -c /home/myr907/autoware.ai/build/vehicle_model/CMakeFiles/CMakeTmp/CheckSymbolExists.c
Linking C executable cmTC_6baa5
/usr/local/lib/python2.7/dist-packages/cmake/data/bin/cmake -E cmake_link_script CMakeFiles/cmTC_6baa5.dir/link.txt --verbose=1
/usr/bin/cc      -rdynamic CMakeFiles/cmTC_6baa5.dir/CheckSymbolExists.c.o  -o cmTC_6baa5 
CMakeFiles/cmTC_6baa5.dir/CheckSymbolExists.c.o: In function `main':
CheckSymbolExists.c:(.text+0x1b): undefined reference to `pthread_create'
collect2: error: ld returned 1 exit status
CMakeFiles/cmTC_6baa5.dir/build.make:86: recipe for target 'cmTC_6baa5' failed
make[1]: *** [cmTC_6baa5] Error 1
make[1]: Leaving directory '/home/myr907/autoware.ai/build/vehicle_model/CMakeFiles/CMakeTmp'
Makefile:121: recipe for target 'cmTC_6baa5/fast' failed
make: *** [cmTC_6baa5/fast] Error 2

File /home/myr907/autoware.ai/build/vehicle_model/CMakeFiles/CMakeTmp/CheckSymbolExists.c:
/* */
#include <pthread.h>

int main(int argc, char** argv)
{
  (void)argv;
#ifndef pthread_create
  return ((int*)(&pthread_create))[argc];
#else
  (void)argc;
  return 0;
#endif
}

Determining if the function pthread_create exists in the pthreads failed with the following output:
Change Dir: /home/myr907/autoware.ai/build/vehicle_model/CMakeFiles/CMakeTmp

Run Build Command:"/usr/bin/make" "cmTC_415bb/fast"
/usr/bin/make -f CMakeFiles/cmTC_415bb.dir/build.make CMakeFiles/cmTC_415bb.dir/build
make[1]: Entering directory '/home/myr907/autoware.ai/build/vehicle_model/CMakeFiles/CMakeTmp'
Building C object CMakeFiles/cmTC_415bb.dir/CheckFunctionExists.c.o
/usr/bin/cc   -DCHECK_FUNCTION_EXISTS=pthread_create   -o CMakeFiles/cmTC_415bb.dir/CheckFunctionExists.c.o   -c /usr/local/lib/python2.7/dist-packages/cmake/data/share/cmake-3.12/Modules/CheckFunctionExists.c
Linking C executable cmTC_415bb
/usr/local/lib/python2.7/dist-packages/cmake/data/bin/cmake -E cmake_link_script CMakeFiles/cmTC_415bb.dir/link.txt --verbose=1
/usr/bin/cc  -DCHECK_FUNCTION_EXISTS=pthread_create    -rdynamic CMakeFiles/cmTC_415bb.dir/CheckFunctionExists.c.o  -o cmTC_415bb -lpthreads 
/usr/bin/ld: cannot find -lpthreads
collect2: error: ld returned 1 exit status
CMakeFiles/cmTC_415bb.dir/build.make:86: recipe for target 'cmTC_415bb' failed
make[1]: *** [cmTC_415bb] Error 1
make[1]: Leaving directory '/home/myr907/autoware.ai/build/vehicle_model/CMakeFiles/CMakeTmp'
Makefile:121: recipe for target 'cmTC_415bb/fast' failed
make: *** [cmTC_415bb/fast] Error 2


