Determining if the pthread_create exist failed with the following output:
Change Dir: /home/muyangren907/autoware/autoware.ai/1.12.0_cuda/build/gazebo_camera_description/CMakeFiles/CMakeTmp

Run Build Command:"/usr/bin/make" "cmTC_5c4bb/fast"
/usr/bin/make -f CMakeFiles/cmTC_5c4bb.dir/build.make CMakeFiles/cmTC_5c4bb.dir/build
make[1]: Entering directory '/home/muyangren907/autoware/autoware.ai/1.12.0_cuda/build/gazebo_camera_description/CMakeFiles/CMakeTmp'
Building C object CMakeFiles/cmTC_5c4bb.dir/CheckSymbolExists.c.o
/usr/bin/cc    -o CMakeFiles/cmTC_5c4bb.dir/CheckSymbolExists.c.o   -c /home/muyangren907/autoware/autoware.ai/1.12.0_cuda/build/gazebo_camera_description/CMakeFiles/CMakeTmp/CheckSymbolExists.c
Linking C executable cmTC_5c4bb
/usr/local/lib/python2.7/dist-packages/cmake/data/bin/cmake -E cmake_link_script CMakeFiles/cmTC_5c4bb.dir/link.txt --verbose=1
/usr/bin/cc      -rdynamic CMakeFiles/cmTC_5c4bb.dir/CheckSymbolExists.c.o  -o cmTC_5c4bb 
CMakeFiles/cmTC_5c4bb.dir/CheckSymbolExists.c.o: In function `main':
CheckSymbolExists.c:(.text+0x1b): undefined reference to `pthread_create'
collect2: error: ld returned 1 exit status
CMakeFiles/cmTC_5c4bb.dir/build.make:86: recipe for target 'cmTC_5c4bb' failed
make[1]: *** [cmTC_5c4bb] Error 1
make[1]: Leaving directory '/home/muyangren907/autoware/autoware.ai/1.12.0_cuda/build/gazebo_camera_description/CMakeFiles/CMakeTmp'
Makefile:121: recipe for target 'cmTC_5c4bb/fast' failed
make: *** [cmTC_5c4bb/fast] Error 2

File /home/muyangren907/autoware/autoware.ai/1.12.0_cuda/build/gazebo_camera_description/CMakeFiles/CMakeTmp/CheckSymbolExists.c:
/* */
#include <pthread.h>

int main(int argc, char** argv)
{
  (void)argv;
#ifndef pthread_create
  return ((int*)(&pthread_create))[argc];
#else
  (void)argc;
  return 0;
#endif
}

Determining if the function pthread_create exists in the pthreads failed with the following output:
Change Dir: /home/muyangren907/autoware/autoware.ai/1.12.0_cuda/build/gazebo_camera_description/CMakeFiles/CMakeTmp

Run Build Command:"/usr/bin/make" "cmTC_0973a/fast"
/usr/bin/make -f CMakeFiles/cmTC_0973a.dir/build.make CMakeFiles/cmTC_0973a.dir/build
make[1]: Entering directory '/home/muyangren907/autoware/autoware.ai/1.12.0_cuda/build/gazebo_camera_description/CMakeFiles/CMakeTmp'
Building C object CMakeFiles/cmTC_0973a.dir/CheckFunctionExists.c.o
/usr/bin/cc   -DCHECK_FUNCTION_EXISTS=pthread_create   -o CMakeFiles/cmTC_0973a.dir/CheckFunctionExists.c.o   -c /usr/local/lib/python2.7/dist-packages/cmake/data/share/cmake-3.12/Modules/CheckFunctionExists.c
Linking C executable cmTC_0973a
/usr/local/lib/python2.7/dist-packages/cmake/data/bin/cmake -E cmake_link_script CMakeFiles/cmTC_0973a.dir/link.txt --verbose=1
/usr/bin/cc  -DCHECK_FUNCTION_EXISTS=pthread_create    -rdynamic CMakeFiles/cmTC_0973a.dir/CheckFunctionExists.c.o  -o cmTC_0973a -lpthreads 
/usr/bin/ld: cannot find -lpthreads
collect2: error: ld returned 1 exit status
CMakeFiles/cmTC_0973a.dir/build.make:86: recipe for target 'cmTC_0973a' failed
make[1]: *** [cmTC_0973a] Error 1
make[1]: Leaving directory '/home/muyangren907/autoware/autoware.ai/1.12.0_cuda/build/gazebo_camera_description/CMakeFiles/CMakeTmp'
Makefile:121: recipe for target 'cmTC_0973a/fast' failed
make: *** [cmTC_0973a/fast] Error 2


